3 0x0000000000010040 (0x00000517) x10 0x0000000000010040
3 0x0000000000010044 (0xfc050513) x10 0x0000000000010000
3 0x0000000000010048 (0x30551073)
3 0x000000000001004c (0x301022f3) x 5 0x800000000014112d
3 0x0000000000010050 (0x4122d293) x 5 0xffffe00000000005
3 0x0000000000010054 (0x0012f293) x 5 0x0000000000000001
3 0x0000000000010058 (0x00028463)
3 0x000000000001005c (0x30301073)
3 0x0000000000010060 (0x00800513) x10 0x0000000000000008
3 0x0000000000010064 (0x30451073)
3 0x0000000000010068 (0x30052073)
3 0x000000000001006c (0x10500073)
3 0x0000000000010070 (0xffdff06f)
3 0x000000000001006c (0x10500073)
3 0x0000000000010070 (0xffdff06f)
3 0x0000000000010000 (0x020005b7) x11 0x0000000002000000
3 0x0000000000010004 (0xf1402573) x10 0x0000000000000000
3 0x0000000000010008 (0x00050463)
3 0x0000000000010010 (0x00458613) x12 0x0000000002000004
3 0x0000000000010014 (0x00100693) x13 0x0000000000000001
3 0x0000000000010018 (0x00d62023)
3 0x000000000001001c (0x00460613) x12 0x0000000002000008
3 0x0000000000010020 (0xffc62683) x13 0x0000000000000000
3 0x0000000000010024 (0xfe069ae3)
3 0x0000000000010028 (0x06c0006f)
3 0x0000000000010094 (0x0005a023)
3 0x0000000000010098 (0x00004537) x10 0x0000000000004000
3 0x000000000001009c (0x00053503) x10 0x0000000080000000
3 0x00000000000100a0 (0x34151073)
3 0x00000000000100a4 (0xf1402573) x10 0x0000000000000000
3 0x00000000000100a8 (0x00000597) x11 0x00000000000100a8
3 0x00000000000100ac (0x01858593) x11 0x00000000000100c0
3 0x00000000000100b0 (0x08000613) x12 0x0000000000000080
3 0x00000000000100b4 (0x30063073)
3 0x00000000000100b8 (0x30200073)
3 0x0000000080000000 (0x00010f97) x31 0x0000000080010000
3 0x0000000080000004 (0x000f8f93) x31 0x0000000080010000
3 0x0000000080000008 (0x000fb083) x 1 0x19f2a117092f0a1e
3 0x000000008000000c (0x008fb103) x 2 0xcef3b25694fbfa79
3 0x0000000080000010 (0x010fb183) x 3 0xf5868e8ae6a02fb2
3 0x0000000080000014 (0x018fb203) x 4 0x67ce667e71a79332
3 0x0000000080000018 (0x020fb283) x 5 0xd3319d6bc96275ac
3 0x000000008000001c (0x028fb303) x 6 0xe52d88396908b13c
3 0x0000000080000020 (0x030fb383) x 7 0xef34a64ddfb05c7d
3 0x0000000080000024 (0x038fb403) x 8 0x7779290fbaea6f51
3 0x0000000080000028 (0x040fb483) x 9 0x51a733330c283d12
3 0x000000008000002c (0x048fb503) x10 0x9542acc70b57529d
3 0x0000000080000030 (0x050fb583) x11 0xbe9491a179a824f0
3 0x0000000080000034 (0x058fb603) x12 0x8e217501a0134eb6
3 0x0000000080000038 (0x060fb683) x13 0x3ddf77078b71f1c5
3 0x000000008000003c (0x068fb703) x14 0x24c5406cbc022386
3 0x0000000080000040 (0x070fb783) x15 0xebd1b6b0abd08a06
3 0x0000000080000044 (0x078fb803) x16 0x7d09351b6f2d8bbf
3 0x0000000080000048 (0x080fb883) x17 0x5d0f2ed38f7b6c42
3 0x000000008000004c (0x088fb903) x18 0x8174c2e83685c245
3 0x0000000080000050 (0x090fb983) x19 0xdc96b44c79e0593f
3 0x0000000080000054 (0x098fba03) x20 0xcab53a0d55d7ae9e
3 0x0000000080000058 (0x0a0fba83) x21 0x1a2439466786a03c
3 0x000000008000005c (0x0a8fbb03) x22 0x6627db4d6ca4477b
3 0x0000000080000060 (0x0b0fbb83) x23 0x46605734ddb765ef
3 0x0000000080000064 (0x0b8fbc03) x24 0xeab1d8825548d16e
3 0x0000000080000068 (0x0c0fbc83) x25 0xdfe22b256ab0077f
3 0x000000008000006c (0x0c8fbd03) x26 0xa067e272f4af898f
3 0x0000000080000070 (0x0d0fbd83) x27 0x2fb744ee03cc6c77
3 0x0000000080000074 (0x0d8fbe03) x28 0xa079d70e9b228f8b
3 0x0000000080000078 (0x0e0fbe83) x29 0xa4d99fb1538c94eb
3 0x000000008000007c (0x0e8fbf03) x30 0x27cc44682a50930a
3 0x0000000080000080 (0x0f0fbf83) x31 0xa822009d5a29521d
3 0x0000000080000084 (0x2d80006f)
3 0x000000008000035c (0x30005073)
3 0x0000000080000360 (0xf1402573) x10 0x0000000000000000
3 0x0000000080000364 (0x00051063)
3 0x0000000080000368 (0x00000297) x 5 0x0000000080000368
3 0x000000008000036c (0x01828293) x 5 0x0000000080000380
3 0x0000000080000370 (0x30529073)
3 0x0000000080000374 (0x30205073)
3 0x0000000080000378 (0x30305073)
3 0x000000008000037c (0x30405073)
3 0x0000000080000380 (0x00000297) x 5 0x0000000080000380
3 0x0000000080000384 (0x01028293) x 5 0x0000000080000390
3 0x0000000080000388 (0x30529073)
3 0x000000008000038c (0x18005073)
3 0x0000000080000390 (0x00000297) x 5 0x0000000080000390
3 0x0000000080000394 (0x02428293) x 5 0x00000000800003b4
3 0x0000000080000398 (0x30529073)
3 0x000000008000039c (0x0010029b) x 5 0x0000000000000001
3 0x00000000800003a0 (0x03529293) x 5 0x0020000000000000
3 0x00000000800003a4 (0xfff28293) x 5 0x001fffffffffffff
3 0x00000000800003a8 (0x3b029073)
3 0x00000000800003ac (0x01f00293) x 5 0x000000000000001f
3 0x00000000800003b0 (0x3a029073)
3 0x00000000800003b4 (0x00000297) x 5 0x00000000800003b4
3 0x00000000800003b8 (0xd6428293) x 5 0x0000000080000118
3 0x00000000800003bc (0x30529073)
3 0x00000000800003c0 (0x00000193) x 3 0x0000000000000000
3 0x00000000800003c4 (0x00100513) x10 0x0000000000000001
3 0x00000000800003c8 (0x01f51513) x10 0x0000000080000000
3 0x00000000800003cc (0x00055c63)
3 0x00000000800003e4 (0x00000297) x 5 0x00000000800003e4
3 0x00000000800003e8 (0xd3028293) x 5 0x0000000080000114
3 0x00000000800003ec (0x10529073)
3 0x00000000800003f0 (0x0000b2b7) x 5 0x000000000000b000
3 0x00000000800003f4 (0x1092829b) x 5 0x000000000000b109
3 0x00000000800003f8 (0x3022a073)
3 0x00000000800003fc (0x00008537) x10 0x0000000000008000
3 0x0000000080000400 (0x8005051b) x10 0x0000000000007800
3 0x0000000080000404 (0x30052073)
3 0x0000000080000408 (0x00305073)
3 0x000000008000040c (0xc7dff0ef) x 1 0x0000000080000410
3 0x0000000080000088 (0x00020f97) x31 0x0000000080020088
3 0x000000008000008c (0xf78f8f93) x31 0x0000000080020000
3 0x0000000080000090 (0x000fa007) f 0 0xffffffffcd3a2436
3 0x0000000080000094 (0x008fa087) f 1 0xfffffffffda00813
3 0x0000000080000098 (0x010fa107) f 2 0xffffffffa8cc6437
3 0x000000008000009c (0x018fb187) f 3 0x71a80d2527f924cf
3 0x00000000800000a0 (0x020fb207) f 4 0x818d92f4d467781c
3 0x00000000800000a4 (0x028fb287) f 5 0x45406f841680353c
3 0x00000000800000a8 (0x030fb307) f 6 0x3a354167992a5dd0
3 0x00000000800000ac (0x038fa387) f 7 0xffffffff623704c0
3 0x00000000800000b0 (0x040fb407) f 8 0xcd07aa73b693f0f3
3 0x00000000800000b4 (0x048fb487) f 9 0x210093303ba346eb
3 0x00000000800000b8 (0x050fa507) f10 0xffffffff96417784
3 0x00000000800000bc (0x058fb587) f11 0x448fd5eec2715fe2
3 0x00000000800000c0 (0x060fb607) f12 0xf073cbc4c9f30aff
3 0x00000000800000c4 (0x068fb687) f13 0x65f3c7ad1677d3f6
3 0x00000000800000c8 (0x070fa707) f14 0xffffffff518c4e40
3 0x00000000800000cc (0x078fb787) f15 0xc3d90df2333ab9a2
3 0x00000000800000d0 (0x080fb807) f16 0x2ee1f26219886182
3 0x00000000800000d4 (0x088fa887) f17 0xffffffffff832d4f
3 0x00000000800000d8 (0x090fa907) f18 0xffffffff30f00cb1
3 0x00000000800000dc (0x098fa987) f19 0xffffffff88c0d89c
3 0x00000000800000e0 (0x0a0fba07) f20 0xb9cc42f8ec63592f
3 0x00000000800000e4 (0x0a8faa87) f21 0xffffffff23d3ce3e
3 0x00000000800000e8 (0x0b0fbb07) f22 0x45097e8e8de442de
3 0x00000000800000ec (0x0b8fbb87) f23 0x77f57fca78d89ffe
3 0x00000000800000f0 (0x0c0fbc07) f24 0xcf54b75a2b63af38
3 0x00000000800000f4 (0x0c8fbc87) f25 0x5645d76d6f2d8c43
3 0x00000000800000f8 (0x0d0fbd07) f26 0x25ca61afef6aa842
3 0x00000000800000fc (0x0d8fbd87) f27 0x6a32573b3f0777d5
3 0x0000000080000100 (0x0e0fbe07) f28 0xa823a764f0e44740
3 0x0000000080000104 (0x0e8fae87) f29 0xffffffff42fe956a
3 0x0000000080000108 (0x0f0faf07) f30 0xffffffff9165bd1d
3 0x000000008000010c (0x0f8faf87) f31 0xffffffff7180a7a6
3 0x0000000080000110 (0x00008067)
3 0x0000000080000410 (0xb0201073)
3 0x0000000080000414 (0xf1402573) x10 0x0000000000000000
3 0x0000000080000418 (0x00a54533) x10 0x0000000000000000
3 0x000000008000041c (0x00300713) x14 0x0000000000000003
3 0x0000000080000420 (0x00b71713) x14 0x0000000000001800
3 0x0000000080000424 (0x00e50533) x10 0x0000000000001800
3 0x0000000080000428 (0x34451573) x10 0x0000000000000000
3 0x000000008000042c (0x3b4fd573) x10 0x0000000000000000
3 0x0000000080000430 (0x00b5c5b3) x11 0x0000000000000000
3 0x0000000080000434 (0x00300513) x10 0x0000000000000003
3 0x0000000080000438 (0x00251513) x10 0x000000000000000c
3 0x000000008000043c (0x00a585b3) x11 0x000000000000000c
3 0x0000000080000440 (0x00100693) x13 0x0000000000000001
3 0x0000000080000444 (0x00069693) x13 0x0000000000000001
3 0x0000000080000448 (0x00d585b3) x11 0x000000000000000d
3 0x000000008000044c (0x00159673) x12 0x0000000000000000
3 0x0000000080000450 (0x00000297) x 5 0x0000000080000450
3 0x0000000080000454 (0x03028293) x 5 0x0000000080000480
3 0x0000000080000458 (0x34129073)
3 0x000000008000045c (0x00000293) x 5 0x0000000000000000
3 0x0000000080000460 (0x30200073)
3 0x0000000080000480 (0x29ff9fd3) f31 0xffffffff7180a7a6
3 0x0000000080000484 (0x00020f17) x30 0x0000000080020484
3 0x0000000080000488 (0xbdcf0f13) x30 0x0000000080020060
3 0x000000008000048c (0xff0f0f13) x30 0x0000000080020050
3 0x0000000080000490 (0x81cf3f2f) x30 0x0b397d5296417784
3 0x0000000080000494 (0x02b191b3) x 3 0x0000000000000000
3 0x0000000080000498 (0x00010397) x 7 0x0000000080010498
3 0x000000008000049c (0xd1838393) x 7 0x00000000800101b0
3 0x00000000800004a0 (0xfe73ae23)
3 0x00000000800004a4 (0x03ef523b) x 4 0x0000000000000001
3 0x00000000800004a8 (0xa144c6c3) f13 0xffffffff7fc00000
3 0x00000000800004ac (0x00030317) x 6 0x00000000800304ac
3 0x00000000800004b0 (0xba430313) x 6 0x0000000080030050
3 0x00000000800004b4 (0xfe830313) x 6 0x0000000080030038
3 0x00000000800004b8 (0xc06337af) x15 0xbb69437150d3eb1f
3 0x00000000800004bc (0x00020597) x11 0x00000000800204bc
3 0x00000000800004c0 (0xbf458593) x11 0x00000000800200b0
3 0x00000000800004c4 (0x4015d593) x11 0x0000000040010058
3 0x00000000800004c8 (0x3b15b3f3) x 7 0x0000000000000000
3 0x00000000800004cc (0xc0061e53) x28 0x000000007fffffff
3 0x00000000800004d0 (0x00030d17) x26 0x00000000800304d0
3 0x00000000800004d4 (0xc20d0d13) x26 0x00000000800300f0
3 0x00000000800004d8 (0x000d0d13) x26 0x00000000800300f0
3 0x00000000800004dc (0xa0ed212f) x 2 0xffffffffb418514f
3 0x00000000800004e0 (0x00020297) x 5 0x00000000800204e0
3 0x00000000800004e4 (0xca028293) x 5 0x0000000080020180
3 0x00000000800004e8 (0x00028293) x 5 0x0000000080020180
3 0x00000000800004ec (0xa0e2a7af) x15 0xffffffff94f76867
3 0x00000000800004f0 (0x00020997) x19 0x00000000800204f0
3 0x00000000800004f4 (0xc6098993) x19 0x0000000080020150
3 0x00000000800004f8 (0xff09e583) x11 0x00000000865da1c3
3 0x00000000800004fc (0x024f5c33) x24 0x0b397d5296417784
3 0x0000000080000500 (0x00020397) x 7 0x0000000080020500
3 0x0000000080000504 (0xca038393) x 7 0x00000000800201a0
3 0x0000000080000508 (0x0043a627)
3 0x000000008000050c (0x020739b3) x19 0x0000000000000000
3 0x0000000080000510 (0x4932b9cb) f19 0xffffffff7fc00000
3 0x0000000080000514 (0x00050697) x13 0x0000000080050514
3 0x0000000080000518 (0xc2c68693) x13 0x0000000080050140
3 0x000000008000051c (0x00068693) x13 0x0000000080050140
3 0x0000000080000520 (0x8136b3af) x 7 0x4c25407b957b3b20
3 0x0000000080000524 (0x03be5633) x12 0x0000000000000000
3 0x0000000080000528 (0x62a6f393) x 7 0x0000000000000000
3 0x000000008000052c (0x02140333) x 6 0x39ac078fd8643910
3 0x0000000080000530 (0x00030a97) x21 0x0000000080030530
3 0x0000000080000534 (0xc30a8a93) x21 0x0000000080030160
3 0x0000000080000538 (0x015a89a3)
3 0x000000008000053c (0x00010617) x12 0x000000008001053c
3 0x0000000080000540 (0xb0460613) x12 0x0000000080010040
3 0x0000000080000544 (0x01261723)
3 0x0000000080000548 (0x00020497) x 9 0x0000000080020548
3 0x000000008000054c (0xc0848493) x 9 0x0000000080020150
3 0x0000000080000550 (0xfec48523)
3 0x0000000080000554 (0x00040d17) x26 0x0000000080040554
3 0x0000000080000558 (0xc0cd0d13) x26 0x0000000080040160
3 0x000000008000055c (0x000d0d13) x26 0x0000000080040160
3 0x0000000080000560 (0x417d32af) x 5 0x9584bbae4867fad7
3 0x0000000080000564 (0x000c7693) x13 0x0000000000000000
3 0x0000000080000568 (0x00020b17) x22 0x0000000080020568
3 0x000000008000056c (0xbf8b0b13) x22 0x0000000080020160
3 0x0000000080000570 (0xff0b0b13) x22 0x0000000080020150
3 0x0000000080000574 (0x100b39af) x19 0x8b5a42a4d9e2f5ff
3 0x0000000080000578 (0x8cd0e013)
3 0x000000008000057c (0x020e843b) x 8 0x0000000000000000
3 0x0000000080000580 (0x0149911b) x 2 0x000000005ff00000
3 0x0000000080000584 (0xa1922c53) x24 0x0000000000000000
3 0x0000000080000588 (0x1131d663)
3 0x0000000080000694 (0x29e20c53) f24 0xffffffff9165bd1d
3 0x0000000080000698 (0x00040217) x 4 0x0000000080040698
3 0x000000008000069c (0xa8820213) x 4 0x0000000080040120
3 0x00000000800006a0 (0x00025703) x14 0x0000000000002e21
3 0x00000000800006a4 (0x00000697) x13 0x00000000800006a4
3 0x00000000800006a8 (0x0b068693) x13 0x0000000080000754
3 0x0000000080000118 (0x00002097) x 1 0x0000000080002118
3 0x000000008000011c (0x0e808093) x 1 0x0000000080002200
3 0x0000000080000120 (0x10002173) x 2 0x8000000200006000
3 0x0000000080000124 (0x0420bc23)
3 0x0000000080000128 (0x10402173) x 2 0x0000000000000000
3 0x000000008000012c (0x0620b823)
3 0x0000000080000130 (0x10502173) x 2 0x0000000080000114
3 0x0000000080000134 (0x0620bc23)
3 0x0000000080000138 (0x10602173) x 2 0x0000000000000000
3 0x000000008000013c (0x0820b023)
3 0x0000000080000140 (0x14002173) x 2 0x0000000000000000
3 0x0000000080000144 (0x0820b423)
3 0x0000000080000148 (0x14102173) x 2 0x0000000000000000
3 0x000000008000014c (0x0820b823)
3 0x0000000080000150 (0x14202173) x 2 0x0000000000000000
3 0x0000000080000154 (0x0820bc23)
3 0x0000000080000158 (0x14302173) x 2 0x0000000000000000
3 0x000000008000015c (0x0a20b023)
3 0x0000000080000160 (0x14402173) x 2 0x0000000000000000
3 0x0000000080000164 (0xf7f17113) x 2 0x0000000000000000
3 0x0000000080000168 (0x0a20b423)
3 0x000000008000016c (0x18002173) x 2 0x0000000000000000
3 0x0000000080000170 (0x0a20b823)
3 0x0000000080000174 (0xf1402173) x 2 0x0000000000000000
3 0x0000000080000178 (0x0a20bc23)
3 0x000000008000017c (0x30002173) x 2 0x8000000a00007800
3 0x0000000080000180 (0x0c20b023)
3 0x0000000080000184 (0x30202173) x 2 0x000000000000b109
3 0x0000000080000188 (0x0c20b423)
3 0x000000008000018c (0x30302173) x 2 0x0000000000000000
3 0x0000000080000190 (0x0c20b823)
3 0x0000000080000194 (0x30402173) x 2 0x0000000000000000
3 0x0000000080000198 (0x0c20bc23)
3 0x000000008000019c (0x30502173) x 2 0x0000000080000118
3 0x00000000800001a0 (0x0e20b023)
3 0x00000000800001a4 (0x30602173) x 2 0x0000000000000000
3 0x00000000800001a8 (0x0e20b423)
3 0x00000000800001ac (0x34002173) x 2 0x0000000000000000
3 0x00000000800001b0 (0x0e20b823)
3 0x00000000800001b4 (0x34102173) x 2 0x00000000800006ac
3 0x00000000800001b8 (0x0e20bc23)
3 0x00000000800001bc (0x34202173) x 2 0x0000000000000002
3 0x00000000800001c0 (0x1020b023)
3 0x00000000800001c4 (0x34302173) x 2 0x0000000004169073
3 0x00000000800001c8 (0x1020b423)
3 0x00000000800001cc (0x34402173) x 2 0x0000000000000000
3 0x00000000800001d0 (0xf7f17113) x 2 0x0000000000000000
3 0x00000000800001d4 (0x1020b823)
3 0x00000000800001d8 (0x3a002173) x 2 0x000000000000001f
3 0x00000000800001dc (0x1020bc23)
3 0x00000000800001e0 (0x3b002173) x 2 0x001fffffffffffff
3 0x00000000800001e4 (0x1220bc23)
3 0x00000000800001e8 (0x3b102173) x 2 0x0000000000000000
3 0x00000000800001ec (0x1420b023)
3 0x00000000800001f0 (0x3b202173) x 2 0x0000000000000000
3 0x00000000800001f4 (0x1420b423)
3 0x00000000800001f8 (0x3b302173) x 2 0x0000000000000000
3 0x00000000800001fc (0x1420b823)
3 0x0000000080000200 (0x3b402173) x 2 0x0000000000000000
3 0x0000000080000204 (0x1420bc23)
3 0x0000000080000208 (0x3b502173) x 2 0x0000000000000000
3 0x000000008000020c (0x1620b023)
3 0x0000000080000210 (0x3b602173) x 2 0x0000000000000000
3 0x0000000080000214 (0x1620b423)
3 0x0000000080000218 (0x3b702173) x 2 0x0000000000000000
3 0x000000008000021c (0x1620b823)
3 0x0000000080000220 (0x00006537) x10 0x0000000000006000
3 0x0000000080000224 (0x30052073)
3 0x0000000080000228 (0x00102173) x 2 0x000000000000001d
3 0x000000008000022c (0x0420b023)
3 0x0000000080000230 (0x00202173) x 2 0x0000000000000000
3 0x0000000080000234 (0x0420b423)
3 0x0000000080000238 (0x00302173) x 2 0x000000000000001d
3 0x000000008000023c (0x0420b823)
3 0x0000000080000240 (0x00002097) x 1 0x0000000080002240
3 0x0000000080000244 (0xdc008093) x 1 0x0000000080002000
3 0x0000000080000248 (0x0000b023)
3 0x000000008000024c (0x0020b823)
3 0x0000000080000250 (0x0030bc23)
3 0x0000000080000254 (0x0240b023)
3 0x0000000080000258 (0x0250b423)
3 0x000000008000025c (0x0260b823)
3 0x0000000080000260 (0x0270bc23)
3 0x0000000080000264 (0x0480b023)
3 0x0000000080000268 (0x0490b423)
3 0x000000008000026c (0x04a0b823)
3 0x0000000080000270 (0x04b0bc23)
3 0x0000000080000274 (0x06c0b023)
3 0x0000000080000278 (0x06d0b423)
3 0x000000008000027c (0x06e0b823)
3 0x0000000080000280 (0x06f0bc23)
3 0x0000000080000284 (0x0900b023)
3 0x0000000080000288 (0x0910b423)
3 0x000000008000028c (0x0920b823)
3 0x0000000080000290 (0x0930bc23)
3 0x0000000080000294 (0x0b40b023)
3 0x0000000080000298 (0x0b50b423)
3 0x000000008000029c (0x0b60b823)
3 0x00000000800002a0 (0x0b70bc23)
3 0x00000000800002a4 (0x0d80b023)
3 0x00000000800002a8 (0x0d90b423)
3 0x00000000800002ac (0x0db0bc23)
3 0x00000000800002b0 (0x0fc0b023)
3 0x00000000800002b4 (0x0fd0b423)
3 0x00000000800002b8 (0x0fe0b823)
3 0x00000000800002bc (0x00002097) x 1 0x00000000800022bc
3 0x00000000800002c0 (0xe4408093) x 1 0x0000000080002100
3 0x00000000800002c4 (0x0010a427)
3 0x00000000800002c8 (0x0020a827)
3 0x00000000800002cc (0x0270ac27)
3 0x00000000800002d0 (0x0490a427)
3 0x00000000800002d4 (0x04a0a827)
3 0x00000000800002d8 (0x06c0a027)
3 0x00000000800002dc (0x06d0a427)
3 0x00000000800002e0 (0x0b50a427)
3 0x00000000800002e4 (0x0b60a827)
3 0x00000000800002e8 (0x0d90a427)
3 0x00000000800002ec (0x0da0a827)
3 0x00000000800002f0 (0x0fc0a027)
3 0x00000000800002f4 (0x0fd0a427)
3 0x00000000800002f8 (0x0fe0a827)
3 0x00000000800002fc (0x0ff0ac27)
3 0x0000000080000300 (0x00002097) x 1 0x0000000080002300
3 0x0000000080000304 (0xe0008093) x 1 0x0000000080002100
3 0x0000000080000308 (0x0000b027)
3 0x000000008000030c (0x0030bc27)
3 0x0000000080000310 (0x0240b027)
3 0x0000000080000314 (0x0250b427)
3 0x0000000080000318 (0x0260b827)
3 0x000000008000031c (0x0480b027)
3 0x0000000080000320 (0x04b0bc27)
3 0x0000000080000324 (0x06e0b827)
3 0x0000000080000328 (0x06f0bc27)
3 0x000000008000032c (0x0900b027)
3 0x0000000080000330 (0x0910b427)
3 0x0000000080000334 (0x0920b827)
3 0x0000000080000338 (0x0930bc27)
3 0x000000008000033c (0x0b40b027)
3 0x0000000080000340 (0x0b70bc27)
3 0x0000000080000344 (0x0d80b027)
3 0x0000000080000348 (0x0db0bc27)
3 0x000000008000034c (0x00100193) x 3 0x0000000000000001
3 0x0000000080000350 (0x00001f17) x30 0x0000000080001350
3 0x0000000080000354 (0xca3f2823)
3 0x0000000080000358 (0x0000006f)
3 0x0000000080000358 (0x0000006f)
3 0x0000000080000358 (0x0000006f)
3 0x0000000080000358 (0x0000006f)
3 0x0000000080000358 (0x0000006f)
3 0x0000000080000358 (0x0000006f)
3 0x0000000080000358 (0x0000006f)
3 0x0000000080000358 (0x0000006f)
3 0x0000000080000358 (0x0000006f)
3 0x0000000080000358 (0x0000006f)
3 0x0000000080000358 (0x0000006f)
3 0x0000000080000358 (0x0000006f)
3 0x0000000080000358 (0x0000006f)
3 0x0000000080000358 (0x0000006f)
3 0x0000000080000358 (0x0000006f)
3 0x0000000080000358 (0x0000006f)
3 0x0000000080000358 (0x0000006f)
3 0x0000000080000358 (0x0000006f)
3 0x0000000080000358 (0x0000006f)
3 0x0000000080000358 (0x0000006f)
3 0x0000000080000358 (0x0000006f)
3 0x0000000080000358 (0x0000006f)
3 0x0000000080000358 (0x0000006f)
3 0x0000000080000358 (0x0000006f)
3 0x0000000080000358 (0x0000006f)
3 0x0000000080000358 (0x0000006f)
3 0x0000000080000358 (0x0000006f)
3 0x0000000080000358 (0x0000006f)
3 0x0000000080000358 (0x0000006f)
3 0x0000000080000358 (0x0000006f)
3 0x0000000080000358 (0x0000006f)
3 0x0000000080000358 (0x0000006f)
3 0x0000000080000358 (0x0000006f)
3 0x0000000080000358 (0x0000006f)
3 0x0000000080000358 (0x0000006f)
3 0x0000000080000358 (0x0000006f)
3 0x0000000080000358 (0x0000006f)
3 0x0000000080000358 (0x0000006f)
3 0x0000000080000358 (0x0000006f)
3 0x0000000080000358 (0x0000006f)
3 0x0000000080000358 (0x0000006f)
3 0x0000000080000358 (0x0000006f)
3 0x0000000080000358 (0x0000006f)
3 0x0000000080000358 (0x0000006f)
3 0x0000000080000358 (0x0000006f)
3 0x0000000080000358 (0x0000006f)
3 0x0000000080000358 (0x0000006f)
3 0x0000000080000358 (0x0000006f)
3 0x0000000080000358 (0x0000006f)
3 0x0000000080000358 (0x0000006f)
3 0x0000000080000358 (0x0000006f)
3 0x0000000080000358 (0x0000006f)
3 0x0000000080000358 (0x0000006f)
3 0x0000000080000358 (0x0000006f)
3 0x0000000080000358 (0x0000006f)
3 0x0000000080000358 (0x0000006f)
3 0x0000000080000358 (0x0000006f)
3 0x0000000080000358 (0x0000006f)
3 0x0000000080000358 (0x0000006f)
3 0x0000000080000358 (0x0000006f)
3 0x0000000080000358 (0x0000006f)
3 0x0000000080000358 (0x0000006f)
3 0x0000000080000358 (0x0000006f)
3 0x0000000080000358 (0x0000006f)
3 0x0000000080000358 (0x0000006f)
3 0x0000000080000358 (0x0000006f)
3 0x0000000080000358 (0x0000006f)
3 0x0000000080000358 (0x0000006f)
3 0x0000000080000358 (0x0000006f)
3 0x0000000080000358 (0x0000006f)
3 0x0000000080000358 (0x0000006f)
3 0x0000000080000358 (0x0000006f)
3 0x0000000080000358 (0x0000006f)
3 0x0000000080000358 (0x0000006f)
3 0x0000000080000358 (0x0000006f)
3 0x0000000080000358 (0x0000006f)
3 0x0000000080000358 (0x0000006f)
3 0x0000000080000358 (0x0000006f)
3 0x0000000080000358 (0x0000006f)
3 0x0000000080000358 (0x0000006f)
3 0x0000000080000358 (0x0000006f)
3 0x0000000080000358 (0x0000006f)
3 0x0000000080000358 (0x0000006f)
3 0x0000000080000358 (0x0000006f)
3 0x0000000080000358 (0x0000006f)
3 0x0000000080000358 (0x0000006f)
3 0x0000000080000358 (0x0000006f)
3 0x0000000080000358 (0x0000006f)
3 0x0000000080000358 (0x0000006f)
3 0x0000000080000358 (0x0000006f)
3 0x0000000080000358 (0x0000006f)
3 0x0000000080000358 (0x0000006f)
3 0x0000000080000358 (0x0000006f)
3 0x0000000080000358 (0x0000006f)
3 0x0000000080000358 (0x0000006f)
3 0x0000000080000358 (0x0000006f)
3 0x0000000080000358 (0x0000006f)
3 0x0000000080000358 (0x0000006f)
3 0x0000000080000358 (0x0000006f)
3 0x0000000080000358 (0x0000006f)
3 0x0000000080000358 (0x0000006f)
3 0x0000000080000358 (0x0000006f)
3 0x0000000080000358 (0x0000006f)
3 0x0000000080000358 (0x0000006f)
3 0x0000000080000358 (0x0000006f)
3 0x0000000080000358 (0x0000006f)
3 0x0000000080000358 (0x0000006f)
3 0x0000000080000358 (0x0000006f)
3 0x0000000080000358 (0x0000006f)
3 0x0000000080000358 (0x0000006f)
3 0x0000000080000358 (0x0000006f)
3 0x0000000080000358 (0x0000006f)
3 0x0000000080000358 (0x0000006f)
3 0x0000000080000358 (0x0000006f)
3 0x0000000080000358 (0x0000006f)
3 0x0000000080000358 (0x0000006f)
3 0x0000000080000358 (0x0000006f)
3 0x0000000080000358 (0x0000006f)
3 0x0000000080000358 (0x0000006f)
3 0x0000000080000358 (0x0000006f)
3 0x0000000080000358 (0x0000006f)
3 0x0000000080000358 (0x0000006f)
3 0x0000000080000358 (0x0000006f)
3 0x0000000080000358 (0x0000006f)
3 0x0000000080000358 (0x0000006f)
3 0x0000000080000358 (0x0000006f)
3 0x0000000080000358 (0x0000006f)
3 0x0000000080000358 (0x0000006f)
3 0x0000000080000358 (0x0000006f)
3 0x0000000080000358 (0x0000006f)
3 0x0000000080000358 (0x0000006f)
3 0x0000000080000358 (0x0000006f)
3 0x0000000080000358 (0x0000006f)
3 0x0000000080000358 (0x0000006f)
3 0x0000000080000358 (0x0000006f)
3 0x0000000080000358 (0x0000006f)
3 0x0000000080000358 (0x0000006f)
3 0x0000000080000358 (0x0000006f)
3 0x0000000080000358 (0x0000006f)
3 0x0000000080000358 (0x0000006f)
3 0x0000000080000358 (0x0000006f)
3 0x0000000080000358 (0x0000006f)
3 0x0000000080000358 (0x0000006f)
3 0x0000000080000358 (0x0000006f)
3 0x0000000080000358 (0x0000006f)
3 0x0000000080000358 (0x0000006f)
3 0x0000000080000358 (0x0000006f)
3 0x0000000080000358 (0x0000006f)
3 0x0000000080000358 (0x0000006f)
3 0x0000000080000358 (0x0000006f)
3 0x0000000080000358 (0x0000006f)
3 0x0000000080000358 (0x0000006f)
3 0x0000000080000358 (0x0000006f)
3 0x0000000080000358 (0x0000006f)
3 0x0000000080000358 (0x0000006f)
3 0x0000000080000358 (0x0000006f)
3 0x0000000080000358 (0x0000006f)
3 0x0000000080000358 (0x0000006f)
3 0x0000000080000358 (0x0000006f)
3 0x0000000080000358 (0x0000006f)
3 0x0000000080000358 (0x0000006f)
3 0x0000000080000358 (0x0000006f)
3 0x0000000080000358 (0x0000006f)
3 0x0000000080000358 (0x0000006f)
3 0x0000000080000358 (0x0000006f)
3 0x0000000080000358 (0x0000006f)
3 0x0000000080000358 (0x0000006f)
3 0x0000000080000358 (0x0000006f)
3 0x0000000080000358 (0x0000006f)
3 0x0000000080000358 (0x0000006f)
3 0x0000000080000358 (0x0000006f)
3 0x0000000080000358 (0x0000006f)
3 0x0000000080000358 (0x0000006f)
3 0x0000000080000358 (0x0000006f)
3 0x0000000080000358 (0x0000006f)
