3 0x0000000000010040 (0x00000517) x10 0x0000000000010040
3 0x0000000000010044 (0xfc050513) x10 0x0000000000010000
3 0x0000000000010048 (0x30551073)
3 0x000000000001004c (0x301022f3) x 5 0x800000000014112d
3 0x0000000000010050 (0x4122d293) x 5 0xffffe00000000005
3 0x0000000000010054 (0x0012f293) x 5 0x0000000000000001
3 0x0000000000010058 (0x00028463)
3 0x000000000001005c (0x30301073)
3 0x0000000000010060 (0x00800513) x10 0x0000000000000008
3 0x0000000000010064 (0x30451073)
3 0x0000000000010068 (0x30052073)
3 0x000000000001006c (0x10500073)
3 0x0000000000010070 (0xffdff06f)
3 0x000000000001006c (0x10500073)
3 0x0000000000010070 (0xffdff06f)
3 0x0000000000010000 (0x020005b7) x11 0x0000000002000000
3 0x0000000000010004 (0xf1402573) x10 0x0000000000000000
3 0x0000000000010008 (0x00050463)
3 0x0000000000010010 (0x00458613) x12 0x0000000002000004
3 0x0000000000010014 (0x00100693) x13 0x0000000000000001
3 0x0000000000010018 (0x00d62023)
3 0x000000000001001c (0x00460613) x12 0x0000000002000008
3 0x0000000000010020 (0xffc62683) x13 0x0000000000000000
3 0x0000000000010024 (0xfe069ae3)
3 0x0000000000010028 (0x06c0006f)
3 0x0000000000010094 (0x0005a023)
3 0x0000000000010098 (0x00004537) x10 0x0000000000004000
3 0x000000000001009c (0x00053503) x10 0x0000000080000000
3 0x00000000000100a0 (0x34151073)
3 0x00000000000100a4 (0xf1402573) x10 0x0000000000000000
3 0x00000000000100a8 (0x00000597) x11 0x00000000000100a8
3 0x00000000000100ac (0x01858593) x11 0x00000000000100c0
3 0x00000000000100b0 (0x08000613) x12 0x0000000000000080
3 0x00000000000100b4 (0x30063073)
3 0x00000000000100b8 (0x30200073)
3 0x0000000080000000 (0x00010f97) x31 0x0000000080010000
3 0x0000000080000004 (0x000f8f93) x31 0x0000000080010000
3 0x0000000080000008 (0x000fb083) x 1 0xf50446c0ab305fc4
3 0x000000008000000c (0x008fb103) x 2 0x76c4b43ac2d62b3c
3 0x0000000080000010 (0x010fb183) x 3 0x2693c64fcd52a033
3 0x0000000080000014 (0x018fb203) x 4 0x6c8273633bf9fb9b
3 0x0000000080000018 (0x020fb283) x 5 0x577978c6fd9fdab6
3 0x000000008000001c (0x028fb303) x 6 0x2b340ad24f1ab619
3 0x0000000080000020 (0x030fb383) x 7 0x60d702882c6fca22
3 0x0000000080000024 (0x038fb403) x 8 0x511561c21168c033
3 0x0000000080000028 (0x040fb483) x 9 0x2aa97d69f0164813
3 0x000000008000002c (0x048fb503) x10 0xfd21d4621a72df4b
3 0x0000000080000030 (0x050fb583) x11 0xf09079b6c9d23c44
3 0x0000000080000034 (0x058fb603) x12 0xd083bf33416d6c42
3 0x0000000080000038 (0x060fb683) x13 0xa8903b84830b09ca
3 0x000000008000003c (0x068fb703) x14 0x57a3473bf36e5a65
3 0x0000000080000040 (0x070fb783) x15 0x8678861a4bb6173a
3 0x0000000080000044 (0x078fb803) x16 0x6a5c1e3a5574cb5a
3 0x0000000080000048 (0x080fb883) x17 0xf6c2042268d1b4cd
3 0x000000008000004c (0x088fb903) x18 0x42048144c1b190fa
3 0x0000000080000050 (0x090fb983) x19 0xdb1d89a5ecb57a3f
3 0x0000000080000054 (0x098fba03) x20 0x0b89e24f698c69ba
3 0x0000000080000058 (0x0a0fba83) x21 0xc22db29feb1f5bf4
3 0x000000008000005c (0x0a8fbb03) x22 0x802eddcac183679a
3 0x0000000080000060 (0x0b0fbb83) x23 0xba53a787660d5dd9
3 0x0000000080000064 (0x0b8fbc03) x24 0xcad75ad22fb82565
3 0x0000000080000068 (0x0c0fbc83) x25 0xc3e4410701694726
3 0x000000008000006c (0x0c8fbd03) x26 0x81b58f41b63c08ad
3 0x0000000080000070 (0x0d0fbd83) x27 0x7f2fbd9e050607c3
3 0x0000000080000074 (0x0d8fbe03) x28 0xc4536659ea4463dd
3 0x0000000080000078 (0x0e0fbe83) x29 0x3d7ebab2bef82a11
3 0x000000008000007c (0x0e8fbf03) x30 0x0c463ec3c707ed79
3 0x0000000080000080 (0x0f0fbf83) x31 0x06db24ba40125cd1
3 0x0000000080000084 (0x2d80006f)
3 0x000000008000035c (0x30005073)
3 0x0000000080000360 (0xf1402573) x10 0x0000000000000000
3 0x0000000080000364 (0x00051063)
3 0x0000000080000368 (0x00000297) x 5 0x0000000080000368
3 0x000000008000036c (0x01828293) x 5 0x0000000080000380
3 0x0000000080000370 (0x30529073)
3 0x0000000080000374 (0x30205073)
3 0x0000000080000378 (0x30305073)
3 0x000000008000037c (0x30405073)
3 0x0000000080000380 (0x00000297) x 5 0x0000000080000380
3 0x0000000080000384 (0x01028293) x 5 0x0000000080000390
3 0x0000000080000388 (0x30529073)
3 0x000000008000038c (0x18005073)
3 0x0000000080000390 (0x00000297) x 5 0x0000000080000390
3 0x0000000080000394 (0x02428293) x 5 0x00000000800003b4
3 0x0000000080000398 (0x30529073)
3 0x000000008000039c (0x0010029b) x 5 0x0000000000000001
3 0x00000000800003a0 (0x03529293) x 5 0x0020000000000000
3 0x00000000800003a4 (0xfff28293) x 5 0x001fffffffffffff
3 0x00000000800003a8 (0x3b029073)
3 0x00000000800003ac (0x01f00293) x 5 0x000000000000001f
3 0x00000000800003b0 (0x3a029073)
3 0x00000000800003b4 (0x00000297) x 5 0x00000000800003b4
3 0x00000000800003b8 (0xd6428293) x 5 0x0000000080000118
3 0x00000000800003bc (0x30529073)
3 0x00000000800003c0 (0x00000193) x 3 0x0000000000000000
3 0x00000000800003c4 (0x00100513) x10 0x0000000000000001
3 0x00000000800003c8 (0x01f51513) x10 0x0000000080000000
3 0x00000000800003cc (0x00055c63)
3 0x00000000800003e4 (0x00000297) x 5 0x00000000800003e4
3 0x00000000800003e8 (0xd3028293) x 5 0x0000000080000114
3 0x00000000800003ec (0x10529073)
3 0x00000000800003f0 (0x0000b2b7) x 5 0x000000000000b000
3 0x00000000800003f4 (0x1092829b) x 5 0x000000000000b109
3 0x00000000800003f8 (0x3022a073)
3 0x00000000800003fc (0x00008537) x10 0x0000000000008000
3 0x0000000080000400 (0x8005051b) x10 0x0000000000007800
3 0x0000000080000404 (0x30052073)
3 0x0000000080000408 (0x00305073)
3 0x000000008000040c (0xc7dff0ef) x 1 0x0000000080000410
3 0x0000000080000088 (0x00020f97) x31 0x0000000080020088
3 0x000000008000008c (0xf78f8f93) x31 0x0000000080020000
3 0x0000000080000090 (0x000fa007) f 0 0xffffffff532eeec8
3 0x0000000080000094 (0x008fa087) f 1 0xfffffffff860a63f
3 0x0000000080000098 (0x010fa107) f 2 0xffffffff28202cca
3 0x000000008000009c (0x018fb187) f 3 0x7c1fd690beadb61d
3 0x00000000800000a0 (0x020fb207) f 4 0xef58f674b169ea6e
3 0x00000000800000a4 (0x028fb287) f 5 0x5fa7bc7c18de37fb
3 0x00000000800000a8 (0x030fb307) f 6 0x489ee99474a0a354
3 0x00000000800000ac (0x038fa387) f 7 0xffffffff95c5a328
3 0x00000000800000b0 (0x040fb407) f 8 0xfa4b05d91164a361
3 0x00000000800000b4 (0x048fb487) f 9 0x6bc23646071a84b9
3 0x00000000800000b8 (0x050fa507) f10 0xffffffffe082f380
3 0x00000000800000bc (0x058fb587) f11 0xab5106989fb42e50
3 0x00000000800000c0 (0x060fb607) f12 0x66658fa5d74c7667
3 0x00000000800000c4 (0x068fb687) f13 0x8fa0dfa6bdd099ed
3 0x00000000800000c8 (0x070fa707) f14 0xfffffffffd64384f
3 0x00000000800000cc (0x078fb787) f15 0xb9296764c56c74b6
3 0x00000000800000d0 (0x080fb807) f16 0x8b2dc252c19e3543
3 0x00000000800000d4 (0x088fa887) f17 0xffffffff8148811e
3 0x00000000800000d8 (0x090fa907) f18 0xffffffff1e33b8bf
3 0x00000000800000dc (0x098fa987) f19 0xffffffff801184c2
3 0x00000000800000e0 (0x0a0fba07) f20 0xdb23470a5a316be3
3 0x00000000800000e4 (0x0a8faa87) f21 0xffffffff194059c2
3 0x00000000800000e8 (0x0b0fbb07) f22 0x11609020dd2140f8
3 0x00000000800000ec (0x0b8fbb87) f23 0xb906366cc2df0b30
3 0x00000000800000f0 (0x0c0fbc07) f24 0x5b35e0b9373ceec7
3 0x00000000800000f4 (0x0c8fbc87) f25 0x2b7395f2bd6c3301
3 0x00000000800000f8 (0x0d0fbd07) f26 0xea06c284157d62ed
3 0x00000000800000fc (0x0d8fbd87) f27 0x12f4d53eaa93b6d1
3 0x0000000080000100 (0x0e0fbe07) f28 0x04ef73a6e8011385
3 0x0000000080000104 (0x0e8fae87) f29 0xffffffff2e8e7d81
3 0x0000000080000108 (0x0f0faf07) f30 0xffffffff95a4c071
3 0x000000008000010c (0x0f8faf87) f31 0xffffffff6e4336ac
3 0x0000000080000110 (0x00008067)
3 0x0000000080000410 (0xb0201073)
3 0x0000000080000414 (0xf1402573) x10 0x0000000000000000
3 0x0000000080000418 (0x00d6c6b3) x13 0x0000000000000000
3 0x000000008000041c (0x00100513) x10 0x0000000000000001
3 0x0000000080000420 (0x00451513) x10 0x0000000000000010
3 0x0000000080000424 (0x00a686b3) x13 0x0000000000000010
3 0x0000000080000428 (0x00100513) x10 0x0000000000000001
3 0x000000008000042c (0x01a51513) x10 0x0000000004000000
3 0x0000000080000430 (0x00a686b3) x13 0x0000000004000010
3 0x0000000080000434 (0x34469673) x12 0x0000000000000000
3 0x0000000080000438 (0x003be573) x10 0x0000000000000000
3 0x000000008000043c (0x300f65f3) x11 0x8000000a00007800
3 0x0000000080000440 (0x00000297) x 5 0x0000000080000440
3 0x0000000080000444 (0x04028293) x 5 0x0000000080000480
3 0x0000000080000448 (0x34129073)
3 0x000000008000044c (0x00000293) x 5 0x0000000000000000
3 0x0000000080000450 (0x30200073)
3 0x0000000080000480 (0x14307573) x10 0x0000000000000000
3 0x0000000080000484 (0x00000f17) x30 0x0000000080000484
3 0x0000000080000488 (0x0bcf0f13) x30 0x0000000080000540
3 0x000000008000048c (0x008f2b83) x23 0x00000000018f0f13
3 0x0000000080000490 (0xa08c8753) x14 0x0000000000000000
3 0x0000000080000494 (0xe0040a53) x20 0x000000001164a361
3 0x0000000080000498 (0xe00419d3) x19 0x0000000000000200
3 0x000000008000049c (0x00100093) x 1 0x0000000000000001
3 0x00000000800004a0 (0x00002f17) x30 0x00000000800024a0
3 0x00000000800004a4 (0xf40f0f13) x30 0x00000000800023e0
3 0x00000000800004a8 (0x000f0f13) x30 0x00000000800023e0
3 0x00000000800004ac (0x13e08073)
3 0x00000000800004b0 (0x02360933) x18 0x0000000000000000
3 0x00000000800004b4 (0x00020197) x 3 0x00000000800204b4
3 0x00000000800004b8 (0xbfc18193) x 3 0x00000000800200b0
3 0x00000000800004bc (0xff018193) x 3 0x00000000800200a0
3 0x00000000800004c0 (0x0171af2f) x30 0x000000005a316be3
3 0x00000000800004c4 (0x0108bad3) f21 0xffffffff7fc00000
3 0x00000000800004c8 (0x00050197) x 3 0x00000000800504c8
3 0x00000000800004cc (0xb8818193) x 3 0x0000000080050050
3 0x00000000800004d0 (0x01018193) x 3 0x0000000080050060
3 0x00000000800004d4 (0x4011b72f) x14 0x8c2e731ebeb9fa4d
3 0x00000000800004d8 (0x28000753) f14 0xffffffff532eeec8
3 0x00000000800004dc (0xd0062953) f18 0xffffffff00000000
3 0x00000000800004e0 (0x100a8a53) f20 0xffffffff7fc00000
3 0x00000000800004e4 (0x801bf693) x13 0x00000000018f0801
3 0x00000000800004e8 (0x01b9d13b) x 2 0x0000000000000040
3 0x00000000800004ec (0xc010f453) x 8 0x0000000000000000
3 0x00000000800004f0 (0xa15e1f53) x30 0x0000000000000000
3 0x00000000800004f4 (0x00020917) x18 0x00000000800204f4
3 0x00000000800004f8 (0xb8c90913) x18 0x0000000080020080
3 0x00000000800004fc (0x00090913) x18 0x0000000080020080
3 0x0000000080000500 (0x01293eaf) x29 0x8b2dc252c19e3543
3 0x0000000080000504 (0x71d82dc7) f27 0xffffffff7fc00000
3 0x0000000080000508 (0xe00f8453) x 8 0x000000006e4336ac
3 0x000000008000050c (0x00641493) x 9 0x0000001b90cdab00
3 0x0000000080000510 (0x00020297) x 5 0x0000000080020510
3 0x0000000080000514 (0xbb028293) x 5 0x00000000800200c0
3 0x0000000080000518 (0xfe92a627)
3 0x000000008000051c (0x00020617) x12 0x000000008002051c
3 0x0000000080000520 (0xc9460613) x12 0x00000000800201b0
3 0x0000000080000524 (0xff060613) x12 0x00000000800201a0
3 0x0000000080000528 (0x403620af) x 1 0xfffffffff6eab137
3 0x000000008000052c (0x15800d6f) x26 0x0000000080000530
3 0x0000000080000684 (0x00050197) x 3 0x0000000080050684
3 0x0000000080000688 (0xafc18193) x 3 0x0000000080050180
3 0x000000008000068c (0x00818193) x 3 0x0000000080050188
3 0x0000000080000690 (0x8021b8af) x17 0xe10e366beb6d79ac
3 0x0000000080000694 (0x290896d3) f13 0xffffffff8148811e
3 0x0000000080000698 (0x7ff67593) x11 0x00000000000001a0
3 0x000000008000069c (0x0000100f)
3 0x00000000800006a0 (0x00030097) x 1 0x00000000800306a0
3 0x00000000800006a4 (0xae008093) x 1 0x0000000080030180
3 0x00000000800006a8 (0x01008093) x 1 0x0000000080030190
3 0x00000000800006ac (0xe060a9af) x19 0xffffffffe155da10
3 0x00000000800006b0 (0x02890133) x 2 0x372278138ef35600
3 0x00000000800006b4 (0x00040997) x19 0x00000000800406b4
3 0x00000000800006b8 (0xaec98993) x19 0x00000000800401a0
3 0x00000000800006bc (0xffc99d83) x27 0x0000000000004194
3 0x00000000800006c0 (0x00030d17) x26 0x00000000800306c0
3 0x00000000800006c4 (0x9e0d0d13) x26 0x00000000800300a0
3 0x00000000800006c8 (0x000d0d13) x26 0x00000000800300a0
3 0x00000000800006cc (0xffe008b7) x17 0xffffffffffe00000
3 0x00000000800006d0 (0x011d4d33) x26 0xffffffff7fe300a0
3 0x00000000800006d4 (0xe11d30af) x 1 0x0000000000000000
3 0x00000000800006d8 (0x00000f17) x30 0x00000000800006d8
3 0x00000000800006dc (0xdc0f0f13) x30 0x0000000080000498
3 0x00000000800006e0 (0xfe1f0783) x15 0x0000000000000000
3 0x00000000800006e4 (0x00240a93) x21 0x000000006e4336ae
3 0x00000000800006e8 (0x00050b97) x23 0x00000000800506e8
3 0x00000000800006ec (0x9e8b8b93) x23 0x00000000800500d0
3 0x00000000800006f0 (0x000b8b93) x23 0x00000000800500d0
3 0x00000000800006f4 (0xc0cbbc2f) x24 0xa966a6ad712b759d
3 0x00000000800006f8 (0x580d2653) f12 0xffffffff2a7eb09b
3 0x00000000800006fc (0x00040697) x13 0x00000000800406fc
3 0x0000000080000700 (0xa2468693) x13 0x0000000080040120
3 0x0000000080000704 (0x01068693) x13 0x0000000080040130
3 0x0000000080000708 (0x19a6a4af) x 9 0x0000000000000001
3 0x000000008000070c (0x00020817) x16 0x000000008002070c
3 0x0000000080000710 (0x92480813) x16 0x0000000080020030
3 0x0000000080000714 (0x40185813) x16 0x0000000040010018
3 0x0000000080000718 (0x3b481673) x12 0x0000000000000000
3 0x000000008000071c (0x08800f6f) x30 0x0000000080000720
3 0x00000000800007a4 (0x01fe179b) x15 0xffffffff80000000
3 0x00000000800007a8 (0x03ed01b3) x 3 0xbff17cbf31647400
3 0x00000000800007ac (0x00000f17) x30 0x00000000800007ac
3 0x00000000800007b0 (0x010f0f13) x30 0x00000000800007bc
3 0x0000000080000118 (0x00002097) x 1 0x0000000080002118
3 0x000000008000011c (0x0e808093) x 1 0x0000000080002200
3 0x0000000080000120 (0x10002173) x 2 0x8000000200006002
3 0x0000000080000124 (0x0420bc23)
3 0x0000000080000128 (0x10402173) x 2 0x0000000000000000
3 0x000000008000012c (0x0620b823)
3 0x0000000080000130 (0x10502173) x 2 0x0000000080000114
3 0x0000000080000134 (0x0620bc23)
3 0x0000000080000138 (0x10602173) x 2 0x0000000000000000
3 0x000000008000013c (0x0820b023)
3 0x0000000080000140 (0x14002173) x 2 0x0000000000000000
3 0x0000000080000144 (0x0820b423)
3 0x0000000080000148 (0x14102173) x 2 0x0000000000000000
3 0x000000008000014c (0x0820b823)
3 0x0000000080000150 (0x14202173) x 2 0x0000000000000000
3 0x0000000080000154 (0x0820bc23)
3 0x0000000080000158 (0x14302173) x 2 0x0000000000000000
3 0x000000008000015c (0x0a20b023)
3 0x0000000080000160 (0x14402173) x 2 0x0000000000000000
3 0x0000000080000164 (0xf7f17113) x 2 0x0000000000000000
3 0x0000000080000168 (0x0a20b423)
3 0x000000008000016c (0x18002173) x 2 0x0000000000000000
3 0x0000000080000170 (0x0a20b823)
3 0x0000000080000174 (0xf1402173) x 2 0x0000000000000000
3 0x0000000080000178 (0x0a20bc23)
3 0x000000008000017c (0x30002173) x 2 0x8000000a00007806
3 0x0000000080000180 (0x0c20b023)
3 0x0000000080000184 (0x30202173) x 2 0x000000000000b109
3 0x0000000080000188 (0x0c20b423)
3 0x000000008000018c (0x30302173) x 2 0x0000000000000000
3 0x0000000080000190 (0x0c20b823)
3 0x0000000080000194 (0x30402173) x 2 0x0000000000000000
3 0x0000000080000198 (0x0c20bc23)
3 0x000000008000019c (0x30502173) x 2 0x0000000080000118
3 0x00000000800001a0 (0x0e20b023)
3 0x00000000800001a4 (0x30602173) x 2 0x0000000000000000
3 0x00000000800001a8 (0x0e20b423)
3 0x00000000800001ac (0x34002173) x 2 0x0000000000000000
3 0x00000000800001b0 (0x0e20b823)
3 0x00000000800001b4 (0x34102173) x 2 0x00000000800007b4
3 0x00000000800001b8 (0x0e20bc23)
3 0x00000000800001bc (0x34202173) x 2 0x0000000000000002
3 0x00000000800001c0 (0x1020b023)
3 0x00000000800001c4 (0x34302173) x 2 0x00000000041f1073
3 0x00000000800001c8 (0x1020b423)
3 0x00000000800001cc (0x34402173) x 2 0x0000000000000000
3 0x00000000800001d0 (0xf7f17113) x 2 0x0000000000000000
3 0x00000000800001d4 (0x1020b823)
3 0x00000000800001d8 (0x3a002173) x 2 0x000000000000001f
3 0x00000000800001dc (0x1020bc23)
3 0x00000000800001e0 (0x3b002173) x 2 0x001fffffffffffff
3 0x00000000800001e4 (0x1220bc23)
3 0x00000000800001e8 (0x3b102173) x 2 0x0000000000000000
3 0x00000000800001ec (0x1420b023)
3 0x00000000800001f0 (0x3b202173) x 2 0x0000000000000000
3 0x00000000800001f4 (0x1420b423)
3 0x00000000800001f8 (0x3b302173) x 2 0x0000000000000000
3 0x00000000800001fc (0x1420b823)
3 0x0000000080000200 (0x3b402173) x 2 0x0000000000000000
3 0x0000000080000204 (0x1420bc23)
3 0x0000000080000208 (0x3b502173) x 2 0x0000000000000000
3 0x000000008000020c (0x1620b023)
3 0x0000000080000210 (0x3b602173) x 2 0x0000000000000000
3 0x0000000080000214 (0x1620b423)
3 0x0000000080000218 (0x3b702173) x 2 0x0000000000000000
3 0x000000008000021c (0x1620b823)
3 0x0000000080000220 (0x00006537) x10 0x0000000000006000
3 0x0000000080000224 (0x30052073)
3 0x0000000080000228 (0x00102173) x 2 0x0000000000000017
3 0x000000008000022c (0x0420b023)
3 0x0000000080000230 (0x00202173) x 2 0x0000000000000000
3 0x0000000080000234 (0x0420b423)
3 0x0000000080000238 (0x00302173) x 2 0x0000000000000017
3 0x000000008000023c (0x0420b823)
3 0x0000000080000240 (0x00002097) x 1 0x0000000080002240
3 0x0000000080000244 (0xdc008093) x 1 0x0000000080002000
3 0x0000000080000248 (0x0000b023)
3 0x000000008000024c (0x0020b823)
3 0x0000000080000250 (0x0030bc23)
3 0x0000000080000254 (0x0240b023)
3 0x0000000080000258 (0x0250b423)
3 0x000000008000025c (0x0260b823)
3 0x0000000080000260 (0x0270bc23)
3 0x0000000080000264 (0x0480b023)
3 0x0000000080000268 (0x0490b423)
3 0x000000008000026c (0x04a0b823)
3 0x0000000080000270 (0x04b0bc23)
3 0x0000000080000274 (0x06c0b023)
3 0x0000000080000278 (0x06d0b423)
3 0x000000008000027c (0x06e0b823)
3 0x0000000080000280 (0x06f0bc23)
3 0x0000000080000284 (0x0900b023)
3 0x0000000080000288 (0x0910b423)
3 0x000000008000028c (0x0920b823)
3 0x0000000080000290 (0x0930bc23)
3 0x0000000080000294 (0x0b40b023)
3 0x0000000080000298 (0x0b50b423)
3 0x000000008000029c (0x0b60b823)
3 0x00000000800002a0 (0x0b70bc23)
3 0x00000000800002a4 (0x0d80b023)
3 0x00000000800002a8 (0x0d90b423)
3 0x00000000800002ac (0x0db0bc23)
3 0x00000000800002b0 (0x0fc0b023)
3 0x00000000800002b4 (0x0fd0b423)
3 0x00000000800002b8 (0x0fe0b823)
3 0x00000000800002bc (0x00002097) x 1 0x00000000800022bc
3 0x00000000800002c0 (0xe4408093) x 1 0x0000000080002100
3 0x00000000800002c4 (0x0010a427)
3 0x00000000800002c8 (0x0020a827)
3 0x00000000800002cc (0x0270ac27)
3 0x00000000800002d0 (0x0490a427)
3 0x00000000800002d4 (0x04a0a827)
3 0x00000000800002d8 (0x06c0a027)
3 0x00000000800002dc (0x06d0a427)
3 0x00000000800002e0 (0x0b50a427)
3 0x00000000800002e4 (0x0b60a827)
3 0x00000000800002e8 (0x0d90a427)
3 0x00000000800002ec (0x0da0a827)
3 0x00000000800002f0 (0x0fc0a027)
3 0x00000000800002f4 (0x0fd0a427)
3 0x00000000800002f8 (0x0fe0a827)
3 0x00000000800002fc (0x0ff0ac27)
3 0x0000000080000300 (0x00002097) x 1 0x0000000080002300
3 0x0000000080000304 (0xe0008093) x 1 0x0000000080002100
3 0x0000000080000308 (0x0000b027)
3 0x000000008000030c (0x0030bc27)
3 0x0000000080000310 (0x0240b027)
3 0x0000000080000314 (0x0250b427)
3 0x0000000080000318 (0x0260b827)
3 0x000000008000031c (0x0480b027)
3 0x0000000080000320 (0x04b0bc27)
3 0x0000000080000324 (0x06e0b827)
3 0x0000000080000328 (0x06f0bc27)
3 0x000000008000032c (0x0900b027)
3 0x0000000080000330 (0x0910b427)
3 0x0000000080000334 (0x0920b827)
3 0x0000000080000338 (0x0930bc27)
3 0x000000008000033c (0x0b40b027)
3 0x0000000080000340 (0x0b70bc27)
3 0x0000000080000344 (0x0d80b027)
3 0x0000000080000348 (0x0db0bc27)
3 0x000000008000034c (0x00100193) x 3 0x0000000000000001
3 0x0000000080000350 (0x00001f17) x30 0x0000000080001350
3 0x0000000080000354 (0xca3f2823)
3 0x0000000080000358 (0x0000006f)
3 0x0000000080000358 (0x0000006f)
3 0x0000000080000358 (0x0000006f)
3 0x0000000080000358 (0x0000006f)
3 0x0000000080000358 (0x0000006f)
3 0x0000000080000358 (0x0000006f)
3 0x0000000080000358 (0x0000006f)
3 0x0000000080000358 (0x0000006f)
3 0x0000000080000358 (0x0000006f)
3 0x0000000080000358 (0x0000006f)
3 0x0000000080000358 (0x0000006f)
3 0x0000000080000358 (0x0000006f)
3 0x0000000080000358 (0x0000006f)
3 0x0000000080000358 (0x0000006f)
3 0x0000000080000358 (0x0000006f)
3 0x0000000080000358 (0x0000006f)
3 0x0000000080000358 (0x0000006f)
3 0x0000000080000358 (0x0000006f)
3 0x0000000080000358 (0x0000006f)
3 0x0000000080000358 (0x0000006f)
3 0x0000000080000358 (0x0000006f)
3 0x0000000080000358 (0x0000006f)
3 0x0000000080000358 (0x0000006f)
3 0x0000000080000358 (0x0000006f)
3 0x0000000080000358 (0x0000006f)
3 0x0000000080000358 (0x0000006f)
3 0x0000000080000358 (0x0000006f)
3 0x0000000080000358 (0x0000006f)
3 0x0000000080000358 (0x0000006f)
3 0x0000000080000358 (0x0000006f)
3 0x0000000080000358 (0x0000006f)
3 0x0000000080000358 (0x0000006f)
3 0x0000000080000358 (0x0000006f)
3 0x0000000080000358 (0x0000006f)
3 0x0000000080000358 (0x0000006f)
3 0x0000000080000358 (0x0000006f)
3 0x0000000080000358 (0x0000006f)
3 0x0000000080000358 (0x0000006f)
3 0x0000000080000358 (0x0000006f)
3 0x0000000080000358 (0x0000006f)
3 0x0000000080000358 (0x0000006f)
3 0x0000000080000358 (0x0000006f)
3 0x0000000080000358 (0x0000006f)
3 0x0000000080000358 (0x0000006f)
3 0x0000000080000358 (0x0000006f)
3 0x0000000080000358 (0x0000006f)
3 0x0000000080000358 (0x0000006f)
3 0x0000000080000358 (0x0000006f)
3 0x0000000080000358 (0x0000006f)
3 0x0000000080000358 (0x0000006f)
3 0x0000000080000358 (0x0000006f)
3 0x0000000080000358 (0x0000006f)
3 0x0000000080000358 (0x0000006f)
3 0x0000000080000358 (0x0000006f)
3 0x0000000080000358 (0x0000006f)
3 0x0000000080000358 (0x0000006f)
3 0x0000000080000358 (0x0000006f)
3 0x0000000080000358 (0x0000006f)
3 0x0000000080000358 (0x0000006f)
3 0x0000000080000358 (0x0000006f)
3 0x0000000080000358 (0x0000006f)
3 0x0000000080000358 (0x0000006f)
3 0x0000000080000358 (0x0000006f)
3 0x0000000080000358 (0x0000006f)
3 0x0000000080000358 (0x0000006f)
3 0x0000000080000358 (0x0000006f)
3 0x0000000080000358 (0x0000006f)
3 0x0000000080000358 (0x0000006f)
3 0x0000000080000358 (0x0000006f)
3 0x0000000080000358 (0x0000006f)
3 0x0000000080000358 (0x0000006f)
3 0x0000000080000358 (0x0000006f)
3 0x0000000080000358 (0x0000006f)
3 0x0000000080000358 (0x0000006f)
3 0x0000000080000358 (0x0000006f)
3 0x0000000080000358 (0x0000006f)
3 0x0000000080000358 (0x0000006f)
3 0x0000000080000358 (0x0000006f)
3 0x0000000080000358 (0x0000006f)
3 0x0000000080000358 (0x0000006f)
3 0x0000000080000358 (0x0000006f)
3 0x0000000080000358 (0x0000006f)
3 0x0000000080000358 (0x0000006f)
3 0x0000000080000358 (0x0000006f)
3 0x0000000080000358 (0x0000006f)
3 0x0000000080000358 (0x0000006f)
3 0x0000000080000358 (0x0000006f)
3 0x0000000080000358 (0x0000006f)
3 0x0000000080000358 (0x0000006f)
3 0x0000000080000358 (0x0000006f)
3 0x0000000080000358 (0x0000006f)
3 0x0000000080000358 (0x0000006f)
3 0x0000000080000358 (0x0000006f)
3 0x0000000080000358 (0x0000006f)
3 0x0000000080000358 (0x0000006f)
3 0x0000000080000358 (0x0000006f)
3 0x0000000080000358 (0x0000006f)
3 0x0000000080000358 (0x0000006f)
3 0x0000000080000358 (0x0000006f)
3 0x0000000080000358 (0x0000006f)
3 0x0000000080000358 (0x0000006f)
3 0x0000000080000358 (0x0000006f)
3 0x0000000080000358 (0x0000006f)
3 0x0000000080000358 (0x0000006f)
3 0x0000000080000358 (0x0000006f)
3 0x0000000080000358 (0x0000006f)
3 0x0000000080000358 (0x0000006f)
3 0x0000000080000358 (0x0000006f)
3 0x0000000080000358 (0x0000006f)
3 0x0000000080000358 (0x0000006f)
3 0x0000000080000358 (0x0000006f)
3 0x0000000080000358 (0x0000006f)
3 0x0000000080000358 (0x0000006f)
3 0x0000000080000358 (0x0000006f)
3 0x0000000080000358 (0x0000006f)
3 0x0000000080000358 (0x0000006f)
3 0x0000000080000358 (0x0000006f)
3 0x0000000080000358 (0x0000006f)
3 0x0000000080000358 (0x0000006f)
3 0x0000000080000358 (0x0000006f)
3 0x0000000080000358 (0x0000006f)
3 0x0000000080000358 (0x0000006f)
3 0x0000000080000358 (0x0000006f)
3 0x0000000080000358 (0x0000006f)
3 0x0000000080000358 (0x0000006f)
3 0x0000000080000358 (0x0000006f)
3 0x0000000080000358 (0x0000006f)
3 0x0000000080000358 (0x0000006f)
3 0x0000000080000358 (0x0000006f)
3 0x0000000080000358 (0x0000006f)
3 0x0000000080000358 (0x0000006f)
3 0x0000000080000358 (0x0000006f)
3 0x0000000080000358 (0x0000006f)
3 0x0000000080000358 (0x0000006f)
3 0x0000000080000358 (0x0000006f)
3 0x0000000080000358 (0x0000006f)
3 0x0000000080000358 (0x0000006f)
3 0x0000000080000358 (0x0000006f)
3 0x0000000080000358 (0x0000006f)
3 0x0000000080000358 (0x0000006f)
3 0x0000000080000358 (0x0000006f)
3 0x0000000080000358 (0x0000006f)
3 0x0000000080000358 (0x0000006f)
3 0x0000000080000358 (0x0000006f)
3 0x0000000080000358 (0x0000006f)
3 0x0000000080000358 (0x0000006f)
3 0x0000000080000358 (0x0000006f)
3 0x0000000080000358 (0x0000006f)
3 0x0000000080000358 (0x0000006f)
3 0x0000000080000358 (0x0000006f)
3 0x0000000080000358 (0x0000006f)
3 0x0000000080000358 (0x0000006f)
