3 0x0000000000010040 (0x00000517) x10 0x0000000000010040
3 0x0000000000010044 (0xfc050513) x10 0x0000000000010000
3 0x0000000000010048 (0x30551073)
3 0x000000000001004c (0x301022f3) x 5 0x800000000014112d
3 0x0000000000010050 (0x4122d293) x 5 0xffffe00000000005
3 0x0000000000010054 (0x0012f293) x 5 0x0000000000000001
3 0x0000000000010058 (0x00028463)
3 0x000000000001005c (0x30301073)
3 0x0000000000010060 (0x00800513) x10 0x0000000000000008
3 0x0000000000010064 (0x30451073)
3 0x0000000000010068 (0x30052073)
3 0x000000000001006c (0x10500073)
3 0x0000000000010070 (0xffdff06f)
3 0x000000000001006c (0x10500073)
3 0x0000000000010070 (0xffdff06f)
3 0x0000000000010000 (0x020005b7) x11 0x0000000002000000
3 0x0000000000010004 (0xf1402573) x10 0x0000000000000000
3 0x0000000000010008 (0x00050463)
3 0x0000000000010010 (0x00458613) x12 0x0000000002000004
3 0x0000000000010014 (0x00100693) x13 0x0000000000000001
3 0x0000000000010018 (0x00d62023)
3 0x000000000001001c (0x00460613) x12 0x0000000002000008
3 0x0000000000010020 (0xffc62683) x13 0x0000000000000000
3 0x0000000000010024 (0xfe069ae3)
3 0x0000000000010028 (0x06c0006f)
3 0x0000000000010094 (0x0005a023)
3 0x0000000000010098 (0x00004537) x10 0x0000000000004000
3 0x000000000001009c (0x00053503) x10 0x0000000080000000
3 0x00000000000100a0 (0x34151073)
3 0x00000000000100a4 (0xf1402573) x10 0x0000000000000000
3 0x00000000000100a8 (0x00000597) x11 0x00000000000100a8
3 0x00000000000100ac (0x01858593) x11 0x00000000000100c0
3 0x00000000000100b0 (0x08000613) x12 0x0000000000000080
3 0x00000000000100b4 (0x30063073)
3 0x00000000000100b8 (0x30200073)
3 0x0000000080000000 (0x00010f97) x31 0x0000000080010000
3 0x0000000080000004 (0x000f8f93) x31 0x0000000080010000
3 0x0000000080000008 (0x000fb083) x 1 0x77f738d2d418c9d1
3 0x000000008000000c (0x008fb103) x 2 0xb3026989c4bfa131
3 0x0000000080000010 (0x010fb183) x 3 0xe2eecc911175cc42
3 0x0000000080000014 (0x018fb203) x 4 0xeb53e09ec463d589
3 0x0000000080000018 (0x020fb283) x 5 0x2904ab692ffb7306
3 0x000000008000001c (0x028fb303) x 6 0x3a2cc45933c2424e
3 0x0000000080000020 (0x030fb383) x 7 0x55d6615bd956f4d1
3 0x0000000080000024 (0x038fb403) x 8 0x0f3a4266bfcade62
3 0x0000000080000028 (0x040fb483) x 9 0xeb25e99be2088ac8
3 0x000000008000002c (0x048fb503) x10 0xe3713da29bad6da0
3 0x0000000080000030 (0x050fb583) x11 0xe00c5b754e771b59
3 0x0000000080000034 (0x058fb603) x12 0x62ea72fbd6504cc6
3 0x0000000080000038 (0x060fb683) x13 0x19a0c6f05938dfda
3 0x000000008000003c (0x068fb703) x14 0xd6200c4b0033ff7f
3 0x0000000080000040 (0x070fb783) x15 0x75ce0f0d79915ef1
3 0x0000000080000044 (0x078fb803) x16 0x7597a047e753b70c
3 0x0000000080000048 (0x080fb883) x17 0xea845af240fb4bf6
3 0x000000008000004c (0x088fb903) x18 0x766a000054e98b50
3 0x0000000080000050 (0x090fb983) x19 0xb192a3a0f22550f3
3 0x0000000080000054 (0x098fba03) x20 0x838eb90b42417ae0
3 0x0000000080000058 (0x0a0fba83) x21 0x71b9e7489453f8dc
3 0x000000008000005c (0x0a8fbb03) x22 0xbed17dab40f82802
3 0x0000000080000060 (0x0b0fbb83) x23 0x8728831eaf27a8b1
3 0x0000000080000064 (0x0b8fbc03) x24 0x3ce371adaae18f56
3 0x0000000080000068 (0x0c0fbc83) x25 0x70c0ffc332b98204
3 0x000000008000006c (0x0c8fbd03) x26 0xa3cfcb79d0296a66
3 0x0000000080000070 (0x0d0fbd83) x27 0x1bf690ecba595f4d
3 0x0000000080000074 (0x0d8fbe03) x28 0x7afc590bb153cb94
3 0x0000000080000078 (0x0e0fbe83) x29 0x2724005258dfa537
3 0x000000008000007c (0x0e8fbf03) x30 0x222a850f140cfd44
3 0x0000000080000080 (0x0f0fbf83) x31 0x54277b5773539575
3 0x0000000080000084 (0x2f80006f)
3 0x000000008000037c (0x30005073)
3 0x0000000080000380 (0xf1402573) x10 0x0000000000000000
3 0x0000000080000384 (0x00051063)
3 0x0000000080000388 (0x00000297) x 5 0x0000000080000388
3 0x000000008000038c (0x01828293) x 5 0x00000000800003a0
3 0x0000000080000390 (0x30529073)
3 0x0000000080000394 (0x30205073)
3 0x0000000080000398 (0x30305073)
3 0x000000008000039c (0x30405073)
3 0x00000000800003a0 (0x00000297) x 5 0x00000000800003a0
3 0x00000000800003a4 (0x01028293) x 5 0x00000000800003b0
3 0x00000000800003a8 (0x30529073)
3 0x00000000800003ac (0x18005073)
3 0x00000000800003b0 (0x00000297) x 5 0x00000000800003b0
3 0x00000000800003b4 (0x02428293) x 5 0x00000000800003d4
3 0x00000000800003b8 (0x30529073)
3 0x00000000800003bc (0x0010029b) x 5 0x0000000000000001
3 0x00000000800003c0 (0x03529293) x 5 0x0020000000000000
3 0x00000000800003c4 (0xfff28293) x 5 0x001fffffffffffff
3 0x00000000800003c8 (0x3b029073)
3 0x00000000800003cc (0x01f00293) x 5 0x000000000000001f
3 0x00000000800003d0 (0x3a029073)
3 0x00000000800003d4 (0x00000297) x 5 0x00000000800003d4
3 0x00000000800003d8 (0xd6428293) x 5 0x0000000080000138
3 0x00000000800003dc (0x30529073)
3 0x00000000800003e0 (0x00000193) x 3 0x0000000000000000
3 0x00000000800003e4 (0x00100513) x10 0x0000000000000001
3 0x00000000800003e8 (0x01f51513) x10 0x0000000080000000
3 0x00000000800003ec (0x00055c63)
3 0x0000000080000404 (0x00000297) x 5 0x0000000080000404
3 0x0000000080000408 (0xd1028293) x 5 0x0000000080000114
3 0x000000008000040c (0x10529073)
3 0x0000000080000410 (0x0000b2b7) x 5 0x000000000000b000
3 0x0000000080000414 (0x1092829b) x 5 0x000000000000b109
3 0x0000000080000418 (0x3022a073)
3 0x000000008000041c (0x00007537) x10 0x0000000000007000
3 0x0000000080000420 (0x8005051b) x10 0x0000000000006800
3 0x0000000080000424 (0x30052073)
3 0x0000000080000428 (0x00305073)
3 0x000000008000042c (0xc5dff0ef) x 1 0x0000000080000430
3 0x0000000080000088 (0x00020f97) x31 0x0000000080020088
3 0x000000008000008c (0xf78f8f93) x31 0x0000000080020000
3 0x0000000080000090 (0x000fa007) f 0 0xffffffff6eeb1163
3 0x0000000080000094 (0x008fa087) f 1 0xffffffffcddf4353
3 0x0000000080000098 (0x010fa107) f 2 0xffffffff3270ce15
3 0x000000008000009c (0x018fb187) f 3 0x831549d348e44162
3 0x00000000800000a0 (0x020fb207) f 4 0x35e66cac92d5c7a9
3 0x00000000800000a4 (0x028fb287) f 5 0x1d58bb4ad7a89f45
3 0x00000000800000a8 (0x030fb307) f 6 0x469b6be1579f6d49
3 0x00000000800000ac (0x038fa387) f 7 0xfffffffff986c6bd
3 0x00000000800000b0 (0x040fb407) f 8 0x85af53c980f8c456
3 0x00000000800000b4 (0x048fb487) f 9 0xf4fac59a9408132a
3 0x00000000800000b8 (0x050fa507) f10 0xffffffff3bc0edd9
3 0x00000000800000bc (0x058fb587) f11 0x66edaf3ee3414c16
3 0x00000000800000c0 (0x060fb607) f12 0x57928b975e181ed2
3 0x00000000800000c4 (0x068fb687) f13 0x2e62fd45fecb7b7f
3 0x00000000800000c8 (0x070fa707) f14 0xffffffff7bf743e9
3 0x00000000800000cc (0x078fb787) f15 0x60fcd4637be9f655
3 0x00000000800000d0 (0x080fb807) f16 0x280e25955761975e
3 0x00000000800000d4 (0x088fa887) f17 0xffffffff747b8d20
3 0x00000000800000d8 (0x090fa907) f18 0xffffffff135e73e7
3 0x00000000800000dc (0x098fa987) f19 0xffffffff73e4ebe0
3 0x00000000800000e0 (0x0a0fba07) f20 0x1a801ae33f006a96
3 0x00000000800000e4 (0x0a8faa87) f21 0xffffffffa9e14871
3 0x00000000800000e8 (0x0b0fbb07) f22 0x48c00937bfa66899
3 0x00000000800000ec (0x0b8fbb87) f23 0xa3e3714dc24c72de
3 0x00000000800000f0 (0x0c0fbc07) f24 0x18eb725220620e9b
3 0x00000000800000f4 (0x0c8fbc87) f25 0x4da3bb666ccc62b0
3 0x00000000800000f8 (0x0d0fbd07) f26 0xf9dd32de4f65246f
3 0x00000000800000fc (0x0d8fbd87) f27 0x6ad0a792565f313c
3 0x0000000080000100 (0x0e0fbe07) f28 0x90559b06efee1880
3 0x0000000080000104 (0x0e8fae87) f29 0xfffffffff7b0c7c1
3 0x0000000080000108 (0x0f0faf07) f30 0xffffffff92ed73e0
3 0x000000008000010c (0x0f8faf87) f31 0xffffffff507712ce
3 0x0000000080000110 (0x00008067)
3 0x0000000080000430 (0xb0201073)
3 0x0000000080000434 (0xf1402573) x10 0x0000000000000000
3 0x0000000080000438 (0x00a54533) x10 0x0000000000000000
3 0x000000008000043c (0x00300513) x10 0x0000000000000003
3 0x0000000080000440 (0x01151513) x10 0x0000000000060000
3 0x0000000080000444 (0x00a50533) x10 0x00000000000c0000
3 0x0000000080000448 (0x00300613) x12 0x0000000000000003
3 0x000000008000044c (0x00d61613) x12 0x0000000000006000
3 0x0000000080000450 (0x00c50533) x10 0x00000000000c6000
3 0x0000000080000454 (0x00100713) x14 0x0000000000000001
3 0x0000000080000458 (0x01d71713) x14 0x0000000020000000
3 0x000000008000045c (0x00e50533) x10 0x00000000200c6000
3 0x0000000080000460 (0x001516f3) x13 0x0000000000000000
3 0x0000000080000464 (0x140b66f3) x13 0x0000000000000000
3 0x0000000080000468 (0x3b76d773) x14 0x0000000000000000
3 0x000000008000046c (0x00000297) x 5 0x000000008000046c
3 0x0000000080000470 (0x01428293) x 5 0x0000000080000480
3 0x0000000080000474 (0x34129073)
3 0x0000000080000478 (0x00000293) x 5 0x0000000000000000
3 0x000000008000047c (0x30200073)
1 0x0000000080000480 (0xd939994f) f18 0xffffffff7fc00000
1 0x0000000080000484 (0x030df5bb) x11 0xffffffffba595f4d
1 0x0000000080000488 (0x00060e17) x28 0x0000000080060488
1 0x000000008000048c (0xcc8e0e13) x28 0x0000000080060150
1 0x0000000080000490 (0xff8e6103) x 2 0x000000000786803b
1 0x0000000080000494 (0x00060417) x 8 0x0000000080060494
1 0x0000000080000498 (0xc9c40413) x 8 0x0000000080060130
1 0x000000008000049c (0x01441323)
1 0x00000000800004a0 (0x00721d9b) x27 0x0000000031eac480
1 0x00000000800004a4 (0x00030b97) x23 0x00000000800304a4
1 0x00000000800004a8 (0xb8cb8b93) x23 0x0000000080030030
1 0x00000000800004ac (0x01cb8b93) x23 0x000000008003004c
1 0x00000000800004b0 (0x207ba2af) x 5 0xffffffffd5e78685
1 0x00000000800004b4 (0x029ca7b3) x15 0x6791dd9177f84876
1 0x00000000800004b8 (0xe00e0a53) x20 0xffffffffefee1880
1 0x00000000800004bc (0x0e40056f) x10 0x00000000800004c0
1 0x00000000800005a0 (0x388346cf) f13 0xffffffff7fc00000
1 0x00000000800005a4 (0x11ef8ed3) f29 0xffffffffa3e52c3e
1 0x00000000800005a8 (0x0b689463)
1 0x0000000080000650 (0x00030397) x 7 0x0000000080030650
1 0x0000000080000654 (0xb3038393) x 7 0x0000000080030180
1 0x0000000080000658 (0xff838393) x 7 0x0000000080030178
1 0x000000008000065c (0x0063a1af) x 3 0x0000000006360292
1 0x0000000080000660 (0x0133199b) x19 0x0000000012700000
1 0x0000000080000664 (0xd03f2d53) f26 0xffffffff5e08aa14
1 0x0000000080000668 (0x00010a17) x20 0x0000000080010668
1 0x000000008000066c (0xa08a0a13) x20 0x0000000080010070
1 0x0000000080000670 (0x000a0a13) x20 0x0000000080010070
1 0x0000000080000674 (0xe11a2e2f) x28 0x0000000079915ef1
1 0x0000000080000678 (0xc018bdd3) x27 0xffffffffffffffff
1 0x000000008000067c (0x03877f33) x30 0x0000000000000000
1 0x0000000080000680 (0x0ff0000f)
1 0x0000000080000684 (0x29299f53) f30 0xffffffff73e4ebe0
1 0x0000000080000688 (0x01df5abb) x21 0x0000000000000000
1 0x000000008000068c (0x0005a453) f 8 0xffffffff7fc00000
1 0x0000000080000690 (0x018c4c33) x24 0x0000000000000000
1 0x0000000080000694 (0x00100d13) x26 0x0000000000000001
1 0x0000000080000698 (0x019d1d13) x26 0x0000000002000000
1 0x000000008000069c (0x01ac0c33) x24 0x0000000002000000
1 0x00000000800006a0 (0x142c29f3) x19 0x0000000000000000
1 0x00000000800006a4 (0x257da193) x 3 0x0000000000000001
1 0x00000000800006a8 (0x00040897) x17 0x00000000800406a8
1 0x00000000800006ac (0x9f888893) x17 0x00000000800400a0
1 0x00000000800006b0 (0x00a89883) x17 0x000000000000705a
1 0x00000000800006b4 (0x00050717) x14 0x00000000800506b4
1 0x00000000800006b8 (0xa3c70713) x14 0x00000000800500f0
1 0x00000000800006bc (0xfe875703) x14 0x000000000000a559
1 0x00000000800006c0 (0x00040797) x15 0x00000000800406c0
1 0x00000000800006c4 (0xae078793) x15 0x00000000800401a0
1 0x00000000800006c8 (0x0057a227)
1 0x00000000800006cc (0x00040417) x 8 0x00000000800406cc
1 0x00000000800006d0 (0x9e440413) x 8 0x00000000800400b0
1 0x00000000800006d4 (0xfec40413) x 8 0x000000008004009c
1 0x00000000800006d8 (0x100422af) x 5 0xffffffffbc2efe9f
1 0x00000000800006dc (0x00010897) x17 0x00000000800106dc
1 0x00000000800006e0 (0x96488893) x17 0x0000000080010040
1 0x00000000800006e4 (0x01888893) x17 0x0000000080010058
1 0x00000000800006e8 (0x0098b3af) x 7 0x62ea72fbd6504cc6
1 0x00000000800006ec (0xe00001d3) x 3 0x000000006eeb1163
1 0x00000000800006f0 (0xda5e7693) x13 0x0000000079915ca1
1 0x00000000800006f4 (0x00020697) x13 0x00000000800206f4
1 0x00000000800006f8 (0x99c68693) x13 0x0000000080020090
1 0x00000000800006fc (0xfe868693) x13 0x0000000080020078
1 0x0000000080000700 (0x0876b7af) x15 0x60fcd4637be9f655
1 0x0000000080000704 (0x41df541b) x 8 0x0000000000000000
1 0x0000000080000708 (0x16fa7413) x 8 0x0000000000000060
1 0x000000008000070c (0x587a4347) f 6 0xffffffff7fc00000
1 0x0000000080000710 (0x4eb38993) x19 0x62ea72fbd65051b1
1 0x0000000080000714 (0xe00a1253) x 4 0x0000000000000200
1 0x0000000080000718 (0x00060a97) x21 0x0000000080060718
1 0x000000008000071c (0xa88a8a93) x21 0x00000000800601a0
1 0x0000000080000720 (0x00cae583) x11 0x0000000005b50043
1 0x0000000080000724 (0x00100c93) x25 0x0000000000000001
1 0x0000000080000728 (0x00002b17) x22 0x0000000080002728
1 0x000000008000072c (0xcb8b0b13) x22 0x00000000800023e0
1 0x0000000080000730 (0x038b0b13) x22 0x0000000080002418
1 0x0000000080000734 (0x136c8073)
1 0x0000000080000738 (0x03346ab3) x21 0x0000000000000060
1 0x000000008000073c (0x00060c17) x24 0x000000008006073c
1 0x0000000080000740 (0xa14c0c13) x24 0x0000000080060150
1 0x0000000080000744 (0x010c0c13) x24 0x0000000080060160
1 0x0000000080000748 (0xffe007b7) x15 0xffffffffffe00000
1 0x000000008000074c (0x00fc4c33) x24 0xffffffff7fe60160
1 0x0000000080000750 (0x08fc35af) x11 0x0000000000000000
1 0x0000000080000754 (0x00020117) x 2 0x0000000080020754
1 0x0000000080000758 (0x9dc10113) x 2 0x0000000080020130
1 0x000000008000075c (0x00810113) x 2 0x0000000080020138
1 0x0000000080000760 (0x08813d2f) x26 0x8e751d49bd7f8894
1 0x0000000080000764 (0xc0354f53) x30 0x0000000000000000
3 0x0000000080000138 (0x00002097) x 1 0x0000000080002138
3 0x000000008000013c (0x0c808093) x 1 0x0000000080002200
3 0x0000000080000140 (0x10002173) x 2 0x8000000200006000
3 0x0000000080000144 (0x0420bc23)
3 0x0000000080000148 (0x10402173) x 2 0x0000000000000000
3 0x000000008000014c (0x0620b823)
3 0x0000000080000150 (0x10502173) x 2 0x0000000080000114
3 0x0000000080000154 (0x0620bc23)
3 0x0000000080000158 (0x10602173) x 2 0x0000000000000000
3 0x000000008000015c (0x0820b023)
3 0x0000000080000160 (0x14002173) x 2 0x0000000000000016
3 0x0000000080000164 (0x0820b423)
3 0x0000000080000168 (0x14102173) x 2 0x0000000000000000
3 0x000000008000016c (0x0820b823)
3 0x0000000080000170 (0x14202173) x 2 0x0000000002000000
3 0x0000000080000174 (0x0820bc23)
3 0x0000000080000178 (0x14302173) x 2 0x0000000000000000
3 0x000000008000017c (0x0a20b023)
3 0x0000000080000180 (0x14402173) x 2 0x0000000000000000
3 0x0000000080000184 (0xf7f17113) x 2 0x0000000000000000
3 0x0000000080000188 (0x0a20b423)
3 0x000000008000018c (0x18002173) x 2 0x0000000000000000
3 0x0000000080000190 (0x0a20b823)
3 0x0000000080000194 (0xf1402173) x 2 0x0000000000000000
3 0x0000000080000198 (0x0a20bc23)
3 0x000000008000019c (0x30002173) x 2 0x8000000a00006800
3 0x00000000800001a0 (0x0c20b023)
3 0x00000000800001a4 (0x30202173) x 2 0x000000000000b109
3 0x00000000800001a8 (0x0c20b423)
3 0x00000000800001ac (0x30302173) x 2 0x0000000000000000
3 0x00000000800001b0 (0x0c20b823)
3 0x00000000800001b4 (0x30402173) x 2 0x0000000000000000
3 0x00000000800001b8 (0x0c20bc23)
3 0x00000000800001bc (0x30502173) x 2 0x0000000080000138
3 0x00000000800001c0 (0x0e20b023)
3 0x00000000800001c4 (0x30602173) x 2 0x0000000000000000
3 0x00000000800001c8 (0x0e20b423)
3 0x00000000800001cc (0x34002173) x 2 0x0000000000000000
3 0x00000000800001d0 (0x0e20b823)
3 0x00000000800001d4 (0x34102173) x 2 0x0000000080000768
3 0x00000000800001d8 (0x0e20bc23)
3 0x00000000800001dc (0x34202173) x 2 0x0000000000000009
3 0x00000000800001e0 (0x1020b023)
3 0x00000000800001e4 (0x34302173) x 2 0x0000000000000073
3 0x00000000800001e8 (0x1020b423)
3 0x00000000800001ec (0x34402173) x 2 0x0000000000000000
3 0x00000000800001f0 (0xf7f17113) x 2 0x0000000000000000
3 0x00000000800001f4 (0x1020b823)
3 0x00000000800001f8 (0x3a002173) x 2 0x000000000000001f
3 0x00000000800001fc (0x1020bc23)
3 0x0000000080000200 (0x3b002173) x 2 0x001fffffffffffff
3 0x0000000080000204 (0x1220bc23)
3 0x0000000080000208 (0x3b102173) x 2 0x0000000000000000
3 0x000000008000020c (0x1420b023)
3 0x0000000080000210 (0x3b202173) x 2 0x0000000000000000
3 0x0000000080000214 (0x1420b423)
3 0x0000000080000218 (0x3b302173) x 2 0x0000000000000000
3 0x000000008000021c (0x1420b823)
3 0x0000000080000220 (0x3b402173) x 2 0x0000000000000000
3 0x0000000080000224 (0x1420bc23)
3 0x0000000080000228 (0x3b502173) x 2 0x0000000000000000
3 0x000000008000022c (0x1620b023)
3 0x0000000080000230 (0x3b602173) x 2 0x0000000000000000
3 0x0000000080000234 (0x1620b423)
3 0x0000000080000238 (0x3b702173) x 2 0x0000000000000000
3 0x000000008000023c (0x1620b823)
3 0x0000000080000240 (0x00006537) x10 0x0000000000006000
3 0x0000000080000244 (0x30052073)
3 0x0000000080000248 (0x00102173) x 2 0x0000000000000011
3 0x000000008000024c (0x0420b023)
3 0x0000000080000250 (0x00202173) x 2 0x0000000000000000
3 0x0000000080000254 (0x0420b423)
3 0x0000000080000258 (0x00302173) x 2 0x0000000000000011
3 0x000000008000025c (0x0420b823)
3 0x0000000080000260 (0x00002097) x 1 0x0000000080002260
3 0x0000000080000264 (0xda008093) x 1 0x0000000080002000
3 0x0000000080000268 (0x0000b023)
3 0x000000008000026c (0x0020b823)
3 0x0000000080000270 (0x0030bc23)
3 0x0000000080000274 (0x0240b023)
3 0x0000000080000278 (0x0250b423)
3 0x000000008000027c (0x0260b823)
3 0x0000000080000280 (0x0270bc23)
3 0x0000000080000284 (0x0480b023)
3 0x0000000080000288 (0x0490b423)
3 0x000000008000028c (0x04a0b823)
3 0x0000000080000290 (0x04b0bc23)
3 0x0000000080000294 (0x06c0b023)
3 0x0000000080000298 (0x06d0b423)
3 0x000000008000029c (0x06e0b823)
3 0x00000000800002a0 (0x06f0bc23)
3 0x00000000800002a4 (0x0900b023)
3 0x00000000800002a8 (0x0910b423)
3 0x00000000800002ac (0x0920b823)
3 0x00000000800002b0 (0x0930bc23)
3 0x00000000800002b4 (0x0b40b023)
3 0x00000000800002b8 (0x0b50b423)
3 0x00000000800002bc (0x0b60b823)
3 0x00000000800002c0 (0x0b70bc23)
3 0x00000000800002c4 (0x0d80b023)
3 0x00000000800002c8 (0x0d90b423)
3 0x00000000800002cc (0x0db0bc23)
3 0x00000000800002d0 (0x0fc0b023)
3 0x00000000800002d4 (0x0fd0b423)
3 0x00000000800002d8 (0x0fe0b823)
3 0x00000000800002dc (0x00002097) x 1 0x00000000800022dc
3 0x00000000800002e0 (0xe2408093) x 1 0x0000000080002100
3 0x00000000800002e4 (0x0010a427)
3 0x00000000800002e8 (0x0020a827)
3 0x00000000800002ec (0x0270ac27)
3 0x00000000800002f0 (0x0490a427)
3 0x00000000800002f4 (0x04a0a827)
3 0x00000000800002f8 (0x06c0a027)
3 0x00000000800002fc (0x06d0a427)
3 0x0000000080000300 (0x0b50a427)
3 0x0000000080000304 (0x0b60a827)
3 0x0000000080000308 (0x0d90a427)
3 0x000000008000030c (0x0da0a827)
3 0x0000000080000310 (0x0fc0a027)
3 0x0000000080000314 (0x0fd0a427)
3 0x0000000080000318 (0x0fe0a827)
3 0x000000008000031c (0x0ff0ac27)
3 0x0000000080000320 (0x00002097) x 1 0x0000000080002320
3 0x0000000080000324 (0xde008093) x 1 0x0000000080002100
3 0x0000000080000328 (0x0000b027)
3 0x000000008000032c (0x0030bc27)
3 0x0000000080000330 (0x0240b027)
3 0x0000000080000334 (0x0250b427)
3 0x0000000080000338 (0x0260b827)
3 0x000000008000033c (0x0480b027)
3 0x0000000080000340 (0x04b0bc27)
3 0x0000000080000344 (0x06e0b827)
3 0x0000000080000348 (0x06f0bc27)
3 0x000000008000034c (0x0900b027)
3 0x0000000080000350 (0x0910b427)
3 0x0000000080000354 (0x0920b827)
3 0x0000000080000358 (0x0930bc27)
3 0x000000008000035c (0x0b40b027)
3 0x0000000080000360 (0x0b70bc27)
3 0x0000000080000364 (0x0d80b027)
3 0x0000000080000368 (0x0db0bc27)
3 0x000000008000036c (0x00100193) x 3 0x0000000000000001
3 0x0000000080000370 (0x00001f17) x30 0x0000000080001370
3 0x0000000080000374 (0xc83f2823)
3 0x0000000080000378 (0x0000006f)
3 0x0000000080000378 (0x0000006f)
3 0x0000000080000378 (0x0000006f)
3 0x0000000080000378 (0x0000006f)
3 0x0000000080000378 (0x0000006f)
3 0x0000000080000378 (0x0000006f)
3 0x0000000080000378 (0x0000006f)
3 0x0000000080000378 (0x0000006f)
3 0x0000000080000378 (0x0000006f)
3 0x0000000080000378 (0x0000006f)
3 0x0000000080000378 (0x0000006f)
3 0x0000000080000378 (0x0000006f)
3 0x0000000080000378 (0x0000006f)
3 0x0000000080000378 (0x0000006f)
3 0x0000000080000378 (0x0000006f)
3 0x0000000080000378 (0x0000006f)
3 0x0000000080000378 (0x0000006f)
3 0x0000000080000378 (0x0000006f)
3 0x0000000080000378 (0x0000006f)
3 0x0000000080000378 (0x0000006f)
3 0x0000000080000378 (0x0000006f)
3 0x0000000080000378 (0x0000006f)
3 0x0000000080000378 (0x0000006f)
3 0x0000000080000378 (0x0000006f)
3 0x0000000080000378 (0x0000006f)
3 0x0000000080000378 (0x0000006f)
3 0x0000000080000378 (0x0000006f)
3 0x0000000080000378 (0x0000006f)
3 0x0000000080000378 (0x0000006f)
3 0x0000000080000378 (0x0000006f)
3 0x0000000080000378 (0x0000006f)
3 0x0000000080000378 (0x0000006f)
3 0x0000000080000378 (0x0000006f)
3 0x0000000080000378 (0x0000006f)
3 0x0000000080000378 (0x0000006f)
3 0x0000000080000378 (0x0000006f)
3 0x0000000080000378 (0x0000006f)
3 0x0000000080000378 (0x0000006f)
3 0x0000000080000378 (0x0000006f)
3 0x0000000080000378 (0x0000006f)
3 0x0000000080000378 (0x0000006f)
3 0x0000000080000378 (0x0000006f)
3 0x0000000080000378 (0x0000006f)
3 0x0000000080000378 (0x0000006f)
3 0x0000000080000378 (0x0000006f)
3 0x0000000080000378 (0x0000006f)
3 0x0000000080000378 (0x0000006f)
3 0x0000000080000378 (0x0000006f)
3 0x0000000080000378 (0x0000006f)
3 0x0000000080000378 (0x0000006f)
3 0x0000000080000378 (0x0000006f)
3 0x0000000080000378 (0x0000006f)
3 0x0000000080000378 (0x0000006f)
3 0x0000000080000378 (0x0000006f)
3 0x0000000080000378 (0x0000006f)
3 0x0000000080000378 (0x0000006f)
3 0x0000000080000378 (0x0000006f)
3 0x0000000080000378 (0x0000006f)
3 0x0000000080000378 (0x0000006f)
3 0x0000000080000378 (0x0000006f)
3 0x0000000080000378 (0x0000006f)
3 0x0000000080000378 (0x0000006f)
3 0x0000000080000378 (0x0000006f)
3 0x0000000080000378 (0x0000006f)
3 0x0000000080000378 (0x0000006f)
3 0x0000000080000378 (0x0000006f)
3 0x0000000080000378 (0x0000006f)
3 0x0000000080000378 (0x0000006f)
3 0x0000000080000378 (0x0000006f)
3 0x0000000080000378 (0x0000006f)
3 0x0000000080000378 (0x0000006f)
3 0x0000000080000378 (0x0000006f)
3 0x0000000080000378 (0x0000006f)
3 0x0000000080000378 (0x0000006f)
3 0x0000000080000378 (0x0000006f)
3 0x0000000080000378 (0x0000006f)
3 0x0000000080000378 (0x0000006f)
3 0x0000000080000378 (0x0000006f)
3 0x0000000080000378 (0x0000006f)
3 0x0000000080000378 (0x0000006f)
3 0x0000000080000378 (0x0000006f)
3 0x0000000080000378 (0x0000006f)
3 0x0000000080000378 (0x0000006f)
3 0x0000000080000378 (0x0000006f)
3 0x0000000080000378 (0x0000006f)
3 0x0000000080000378 (0x0000006f)
3 0x0000000080000378 (0x0000006f)
3 0x0000000080000378 (0x0000006f)
3 0x0000000080000378 (0x0000006f)
3 0x0000000080000378 (0x0000006f)
3 0x0000000080000378 (0x0000006f)
3 0x0000000080000378 (0x0000006f)
3 0x0000000080000378 (0x0000006f)
3 0x0000000080000378 (0x0000006f)
3 0x0000000080000378 (0x0000006f)
3 0x0000000080000378 (0x0000006f)
3 0x0000000080000378 (0x0000006f)
3 0x0000000080000378 (0x0000006f)
3 0x0000000080000378 (0x0000006f)
3 0x0000000080000378 (0x0000006f)
3 0x0000000080000378 (0x0000006f)
3 0x0000000080000378 (0x0000006f)
3 0x0000000080000378 (0x0000006f)
3 0x0000000080000378 (0x0000006f)
3 0x0000000080000378 (0x0000006f)
3 0x0000000080000378 (0x0000006f)
3 0x0000000080000378 (0x0000006f)
3 0x0000000080000378 (0x0000006f)
3 0x0000000080000378 (0x0000006f)
3 0x0000000080000378 (0x0000006f)
3 0x0000000080000378 (0x0000006f)
3 0x0000000080000378 (0x0000006f)
3 0x0000000080000378 (0x0000006f)
3 0x0000000080000378 (0x0000006f)
3 0x0000000080000378 (0x0000006f)
3 0x0000000080000378 (0x0000006f)
3 0x0000000080000378 (0x0000006f)
3 0x0000000080000378 (0x0000006f)
3 0x0000000080000378 (0x0000006f)
3 0x0000000080000378 (0x0000006f)
3 0x0000000080000378 (0x0000006f)
3 0x0000000080000378 (0x0000006f)
3 0x0000000080000378 (0x0000006f)
3 0x0000000080000378 (0x0000006f)
3 0x0000000080000378 (0x0000006f)
3 0x0000000080000378 (0x0000006f)
3 0x0000000080000378 (0x0000006f)
3 0x0000000080000378 (0x0000006f)
3 0x0000000080000378 (0x0000006f)
3 0x0000000080000378 (0x0000006f)
3 0x0000000080000378 (0x0000006f)
3 0x0000000080000378 (0x0000006f)
3 0x0000000080000378 (0x0000006f)
3 0x0000000080000378 (0x0000006f)
3 0x0000000080000378 (0x0000006f)
3 0x0000000080000378 (0x0000006f)
3 0x0000000080000378 (0x0000006f)
3 0x0000000080000378 (0x0000006f)
3 0x0000000080000378 (0x0000006f)
3 0x0000000080000378 (0x0000006f)
3 0x0000000080000378 (0x0000006f)
3 0x0000000080000378 (0x0000006f)
3 0x0000000080000378 (0x0000006f)
3 0x0000000080000378 (0x0000006f)
3 0x0000000080000378 (0x0000006f)
3 0x0000000080000378 (0x0000006f)
3 0x0000000080000378 (0x0000006f)
3 0x0000000080000378 (0x0000006f)
3 0x0000000080000378 (0x0000006f)
3 0x0000000080000378 (0x0000006f)
3 0x0000000080000378 (0x0000006f)
3 0x0000000080000378 (0x0000006f)
3 0x0000000080000378 (0x0000006f)
