3 0x0000000000010040 (0x00000517) x10 0x0000000000010040
3 0x0000000000010044 (0xfc050513) x10 0x0000000000010000
3 0x0000000000010048 (0x30551073)
3 0x000000000001004c (0x301022f3) x 5 0x800000000014112d
3 0x0000000000010050 (0x4122d293) x 5 0xffffe00000000005
3 0x0000000000010054 (0x0012f293) x 5 0x0000000000000001
3 0x0000000000010058 (0x00028463)
3 0x000000000001005c (0x30301073)
3 0x0000000000010060 (0x00800513) x10 0x0000000000000008
3 0x0000000000010064 (0x30451073)
3 0x0000000000010068 (0x30052073)
3 0x000000000001006c (0x10500073)
3 0x0000000000010070 (0xffdff06f)
3 0x000000000001006c (0x10500073)
3 0x0000000000010070 (0xffdff06f)
3 0x0000000000010000 (0x020005b7) x11 0x0000000002000000
3 0x0000000000010004 (0xf1402573) x10 0x0000000000000000
3 0x0000000000010008 (0x00050463)
3 0x0000000000010010 (0x00458613) x12 0x0000000002000004
3 0x0000000000010014 (0x00100693) x13 0x0000000000000001
3 0x0000000000010018 (0x00d62023)
3 0x000000000001001c (0x00460613) x12 0x0000000002000008
3 0x0000000000010020 (0xffc62683) x13 0x0000000000000000
3 0x0000000000010024 (0xfe069ae3)
3 0x0000000000010028 (0x06c0006f)
3 0x0000000000010094 (0x0005a023)
3 0x0000000000010098 (0x00004537) x10 0x0000000000004000
3 0x000000000001009c (0x00053503) x10 0x0000000080000000
3 0x00000000000100a0 (0x34151073)
3 0x00000000000100a4 (0xf1402573) x10 0x0000000000000000
3 0x00000000000100a8 (0x00000597) x11 0x00000000000100a8
3 0x00000000000100ac (0x01858593) x11 0x00000000000100c0
3 0x00000000000100b0 (0x08000613) x12 0x0000000000000080
3 0x00000000000100b4 (0x30063073)
3 0x00000000000100b8 (0x30200073)
3 0x0000000080000000 (0x00010f97) x31 0x0000000080010000
3 0x0000000080000004 (0x000f8f93) x31 0x0000000080010000
3 0x0000000080000008 (0x000fb083) x 1 0xeb7943c4751e5edb
3 0x000000008000000c (0x008fb103) x 2 0x03fb588868ef1570
3 0x0000000080000010 (0x010fb183) x 3 0xe476aa0bd2103347
3 0x0000000080000014 (0x018fb203) x 4 0x7a2fd7dd7695b4c3
3 0x0000000080000018 (0x020fb283) x 5 0xedf83f5caceeac82
3 0x000000008000001c (0x028fb303) x 6 0x266f7ddddc3c47ac
3 0x0000000080000020 (0x030fb383) x 7 0x0dd5362b31742c4d
3 0x0000000080000024 (0x038fb403) x 8 0x249d393686d43abe
3 0x0000000080000028 (0x040fb483) x 9 0x9e49bf5c354b8cdd
3 0x000000008000002c (0x048fb503) x10 0x522cfbe51fff52d3
3 0x0000000080000030 (0x050fb583) x11 0x5d76e81d1e4e2ecd
3 0x0000000080000034 (0x058fb603) x12 0x15e40fc2dc3eaa71
3 0x0000000080000038 (0x060fb683) x13 0x9d7d642a18ea0a28
3 0x000000008000003c (0x068fb703) x14 0xd4a73a3150cf41fc
3 0x0000000080000040 (0x070fb783) x15 0x55c80cdd775a3a68
3 0x0000000080000044 (0x078fb803) x16 0x7b2e2123afa4d1f1
3 0x0000000080000048 (0x080fb883) x17 0xde558576e837cc03
3 0x000000008000004c (0x088fb903) x18 0x4e9a60a4d9649447
3 0x0000000080000050 (0x090fb983) x19 0x3c1f6d2a77c5974b
3 0x0000000080000054 (0x098fba03) x20 0x722a867b7ed92d48
3 0x0000000080000058 (0x0a0fba83) x21 0xfd737845919f280c
3 0x000000008000005c (0x0a8fbb03) x22 0xac5a88e785e962fd
3 0x0000000080000060 (0x0b0fbb83) x23 0x42460bf5525e12bc
3 0x0000000080000064 (0x0b8fbc03) x24 0x76b14513f362de6c
3 0x0000000080000068 (0x0c0fbc83) x25 0x35269787ab1a77e7
3 0x000000008000006c (0x0c8fbd03) x26 0x2119c7067024154e
3 0x0000000080000070 (0x0d0fbd83) x27 0x595e3262c8235325
3 0x0000000080000074 (0x0d8fbe03) x28 0xa07a08505d6bf839
3 0x0000000080000078 (0x0e0fbe83) x29 0x5d3cea6b24d53a56
3 0x000000008000007c (0x0e8fbf03) x30 0x7e31404b333f1d8c
3 0x0000000080000080 (0x0f0fbf83) x31 0x2a26773243787e6a
3 0x0000000080000084 (0x3040006f)
3 0x0000000080000388 (0x30005073)
3 0x000000008000038c (0xf1402573) x10 0x0000000000000000
3 0x0000000080000390 (0x00051063)
3 0x0000000080000394 (0x00000297) x 5 0x0000000080000394
3 0x0000000080000398 (0x01828293) x 5 0x00000000800003ac
3 0x000000008000039c (0x30529073)
3 0x00000000800003a0 (0x30205073)
3 0x00000000800003a4 (0x30305073)
3 0x00000000800003a8 (0x30405073)
3 0x00000000800003ac (0x00000297) x 5 0x00000000800003ac
3 0x00000000800003b0 (0x01028293) x 5 0x00000000800003bc
3 0x00000000800003b4 (0x30529073)
3 0x00000000800003b8 (0x18005073)
3 0x00000000800003bc (0x00000297) x 5 0x00000000800003bc
3 0x00000000800003c0 (0x02428293) x 5 0x00000000800003e0
3 0x00000000800003c4 (0x30529073)
3 0x00000000800003c8 (0x0010029b) x 5 0x0000000000000001
3 0x00000000800003cc (0x03529293) x 5 0x0020000000000000
3 0x00000000800003d0 (0xfff28293) x 5 0x001fffffffffffff
3 0x00000000800003d4 (0x3b029073)
3 0x00000000800003d8 (0x01f00293) x 5 0x000000000000001f
3 0x00000000800003dc (0x3a029073)
3 0x00000000800003e0 (0x00000297) x 5 0x00000000800003e0
3 0x00000000800003e4 (0xd6428293) x 5 0x0000000080000144
3 0x00000000800003e8 (0x30529073)
3 0x00000000800003ec (0x00000193) x 3 0x0000000000000000
3 0x00000000800003f0 (0x00100513) x10 0x0000000000000001
3 0x00000000800003f4 (0x01f51513) x10 0x0000000080000000
3 0x00000000800003f8 (0x00055c63)
3 0x0000000080000410 (0x00000297) x 5 0x0000000080000410
3 0x0000000080000414 (0xd0428293) x 5 0x0000000080000114
3 0x0000000080000418 (0x10529073)
3 0x000000008000041c (0x0000b2b7) x 5 0x000000000000b000
3 0x0000000080000420 (0x1092829b) x 5 0x000000000000b109
3 0x0000000080000424 (0x3022a073)
3 0x0000000080000428 (0x00006537) x10 0x0000000000006000
3 0x000000008000042c (0x30052073)
3 0x0000000080000430 (0x00305073)
3 0x0000000080000434 (0xc55ff0ef) x 1 0x0000000080000438
3 0x0000000080000088 (0x00020f97) x31 0x0000000080020088
3 0x000000008000008c (0xf78f8f93) x31 0x0000000080020000
3 0x0000000080000090 (0x000fa007) f 0 0xffffffff9c8f8677
3 0x0000000080000094 (0x008fa087) f 1 0xffffffffadae5a52
3 0x0000000080000098 (0x010fa107) f 2 0xffffffff09a792f3
3 0x000000008000009c (0x018fb187) f 3 0x00c5f86b05e9a768
3 0x00000000800000a0 (0x020fb207) f 4 0x4c4b6ed9e8870083
3 0x00000000800000a4 (0x028fb287) f 5 0xde1f74538d41c97f
3 0x00000000800000a8 (0x030fb307) f 6 0xdf35c374be1b7bac
3 0x00000000800000ac (0x038fa387) f 7 0xffffffff93b31bfd
3 0x00000000800000b0 (0x040fb407) f 8 0x362250596b843370
3 0x00000000800000b4 (0x048fb487) f 9 0x36db2dc1161acc29
3 0x00000000800000b8 (0x050fa507) f10 0xffffffff8a6c6bcf
3 0x00000000800000bc (0x058fb587) f11 0x27d0bb61db4616c8
3 0x00000000800000c0 (0x060fb607) f12 0xb97bcf07cf79cbb7
3 0x00000000800000c4 (0x068fb687) f13 0x5c5e85d3ca77c3f7
3 0x00000000800000c8 (0x070fa707) f14 0xffffffffb49bb2c3
3 0x00000000800000cc (0x078fb787) f15 0x6a371abc9efc64c0
3 0x00000000800000d0 (0x080fb807) f16 0x4fbe85db6f6b4027
3 0x00000000800000d4 (0x088fa887) f17 0xffffffffd6a4f747
3 0x00000000800000d8 (0x090fa907) f18 0xffffffff430bc9c0
3 0x00000000800000dc (0x098fa987) f19 0xffffffffde6d4579
3 0x00000000800000e0 (0x0a0fba07) f20 0xf67e3a6801520ee5
3 0x00000000800000e4 (0x0a8faa87) f21 0xffffffff3796bc8c
3 0x00000000800000e8 (0x0b0fbb07) f22 0x112a368909422f57
3 0x00000000800000ec (0x0b8fbb87) f23 0x25ac326abe3146d0
3 0x00000000800000f0 (0x0c0fbc07) f24 0xd913b9734d465781
3 0x00000000800000f4 (0x0c8fbc87) f25 0xb85bf41bb52fc26d
3 0x00000000800000f8 (0x0d0fbd07) f26 0x9525ece6ee53e601
3 0x00000000800000fc (0x0d8fbd87) f27 0x655a71a31ca8e71f
3 0x0000000080000100 (0x0e0fbe07) f28 0x64c9c6d4bcc727e6
3 0x0000000080000104 (0x0e8fae87) f29 0xffffffff3373c85b
3 0x0000000080000108 (0x0f0faf07) f30 0xffffffff6d1c0ddb
3 0x000000008000010c (0x0f8faf87) f31 0xffffffff5a671090
3 0x0000000080000110 (0x00008067)
3 0x0000000080000438 (0xb0201073)
3 0x000000008000043c (0xf1402573) x10 0x0000000000000000
3 0x0000000080000440 (0x00060617) x12 0x0000000080060440
3 0x0000000080000444 (0xc2060613) x12 0x0000000080060060
3 0x0000000080000448 (0x40165613) x12 0x0000000040030030
3 0x000000008000044c (0x3b261673) x12 0x0000000000000000
3 0x0000000080000450 (0x00000697) x13 0x0000000080000450
3 0x0000000080000454 (0x01068693) x13 0x0000000080000460
3 0x0000000080000458 (0x4016d693) x13 0x0000000040000230
3 0x000000008000045c (0x3b46b5f3) x11 0x0000000000000000
3 0x0000000080000460 (0x3b3075f3) x11 0x0000000000000000
3 0x0000000080000464 (0x00000297) x 5 0x0000000080000464
3 0x0000000080000468 (0x01c28293) x 5 0x0000000080000480
3 0x000000008000046c (0x34129073)
3 0x0000000080000470 (0x00000293) x 5 0x0000000000000000
3 0x0000000080000474 (0x30200073)
0 0x0000000080000480 (0x01fe119b) x 3 0xffffffff80000000
0 0x0000000080000484 (0x00020e17) x28 0x0000000080020484
0 0x0000000080000488 (0xccce0e13) x28 0x0000000080020150
0 0x000000008000048c (0xff0e0e13) x28 0x0000000080020140
0 0x0000000080000490 (0x00ce31af) x 3 0x1c42315401921790
0 0x0000000080000494 (0x00030f17) x30 0x0000000080030494
0 0x0000000080000498 (0xd3cf0f13) x30 0x00000000800301d0
0 0x000000008000049c (0x010f0f13) x30 0x00000000800301e0
0 0x00000000800004a0 (0x411f362f) x12 0x264b3541fabce84a
0 0x00000000800004a4 (0x03d1c53b) x10 0x0000000000000000
0 0x00000000800004a8 (0x016b4b33) x22 0x0000000000000000
3 0x0000000080000144 (0x00002097) x 1 0x0000000080002144
3 0x0000000080000148 (0x0bc08093) x 1 0x0000000080002200
3 0x000000008000014c (0x10002173) x 2 0x8000000200006000
3 0x0000000080000150 (0x0420bc23)
3 0x0000000080000154 (0x10402173) x 2 0x0000000000000000
3 0x0000000080000158 (0x0620b823)
3 0x000000008000015c (0x10502173) x 2 0x0000000080000114
3 0x0000000080000160 (0x0620bc23)
3 0x0000000080000164 (0x10602173) x 2 0x0000000000000000
3 0x0000000080000168 (0x0820b023)
3 0x000000008000016c (0x14002173) x 2 0x0000000000000000
3 0x0000000080000170 (0x0820b423)
3 0x0000000080000174 (0x14102173) x 2 0x0000000000000000
3 0x0000000080000178 (0x0820b823)
3 0x000000008000017c (0x14202173) x 2 0x0000000000000000
3 0x0000000080000180 (0x0820bc23)
3 0x0000000080000184 (0x14302173) x 2 0x0000000000000000
3 0x0000000080000188 (0x0a20b023)
3 0x000000008000018c (0x14402173) x 2 0x0000000000000000
3 0x0000000080000190 (0xf7f17113) x 2 0x0000000000000000
3 0x0000000080000194 (0x0a20b423)
3 0x0000000080000198 (0x18002173) x 2 0x0000000000000000
3 0x000000008000019c (0x0a20b823)
3 0x00000000800001a0 (0xf1402173) x 2 0x0000000000000000
3 0x00000000800001a4 (0x0a20bc23)
3 0x00000000800001a8 (0x30002173) x 2 0x8000000a00006000
3 0x00000000800001ac (0x0c20b023)
3 0x00000000800001b0 (0x30202173) x 2 0x000000000000b109
3 0x00000000800001b4 (0x0c20b423)
3 0x00000000800001b8 (0x30302173) x 2 0x0000000000000000
3 0x00000000800001bc (0x0c20b823)
3 0x00000000800001c0 (0x30402173) x 2 0x0000000000000000
3 0x00000000800001c4 (0x0c20bc23)
3 0x00000000800001c8 (0x30502173) x 2 0x0000000080000144
3 0x00000000800001cc (0x0e20b023)
3 0x00000000800001d0 (0x30602173) x 2 0x0000000000000000
3 0x00000000800001d4 (0x0e20b423)
3 0x00000000800001d8 (0x34002173) x 2 0x0000000000000000
3 0x00000000800001dc (0x0e20b823)
3 0x00000000800001e0 (0x34102173) x 2 0x00000000800004ac
3 0x00000000800001e4 (0x0e20bc23)
3 0x00000000800001e8 (0x34202173) x 2 0x0000000000000002
3 0x00000000800001ec (0x1020b023)
3 0x00000000800001f0 (0x34302173) x 2 0x00000000302b3973
3 0x00000000800001f4 (0x1020b423)
3 0x00000000800001f8 (0x34402173) x 2 0x0000000000000000
3 0x00000000800001fc (0xf7f17113) x 2 0x0000000000000000
3 0x0000000080000200 (0x1020b823)
3 0x0000000080000204 (0x3a002173) x 2 0x000000000000001f
3 0x0000000080000208 (0x1020bc23)
3 0x000000008000020c (0x3b002173) x 2 0x001fffffffffffff
3 0x0000000080000210 (0x1220bc23)
3 0x0000000080000214 (0x3b102173) x 2 0x0000000000000000
3 0x0000000080000218 (0x1420b023)
3 0x000000008000021c (0x3b202173) x 2 0x0000000040030030
3 0x0000000080000220 (0x1420b423)
3 0x0000000080000224 (0x3b302173) x 2 0x0000000000000000
3 0x0000000080000228 (0x1420b823)
3 0x000000008000022c (0x3b402173) x 2 0x0000000000000000
3 0x0000000080000230 (0x1420bc23)
3 0x0000000080000234 (0x3b502173) x 2 0x0000000000000000
3 0x0000000080000238 (0x1620b023)
3 0x000000008000023c (0x3b602173) x 2 0x0000000000000000
3 0x0000000080000240 (0x1620b423)
3 0x0000000080000244 (0x3b702173) x 2 0x0000000000000000
3 0x0000000080000248 (0x1620b823)
3 0x000000008000024c (0x00006537) x10 0x0000000000006000
3 0x0000000080000250 (0x30052073)
3 0x0000000080000254 (0x00102173) x 2 0x0000000000000000
3 0x0000000080000258 (0x0420b023)
3 0x000000008000025c (0x00202173) x 2 0x0000000000000000
3 0x0000000080000260 (0x0420b423)
3 0x0000000080000264 (0x00302173) x 2 0x0000000000000000
3 0x0000000080000268 (0x0420b823)
3 0x000000008000026c (0x00002097) x 1 0x000000008000226c
3 0x0000000080000270 (0xd9408093) x 1 0x0000000080002000
3 0x0000000080000274 (0x0000b023)
3 0x0000000080000278 (0x0020b823)
3 0x000000008000027c (0x0030bc23)
3 0x0000000080000280 (0x0240b023)
3 0x0000000080000284 (0x0250b423)
3 0x0000000080000288 (0x0260b823)
3 0x000000008000028c (0x0270bc23)
3 0x0000000080000290 (0x0480b023)
3 0x0000000080000294 (0x0490b423)
3 0x0000000080000298 (0x04a0b823)
3 0x000000008000029c (0x04b0bc23)
3 0x00000000800002a0 (0x06c0b023)
3 0x00000000800002a4 (0x06d0b423)
3 0x00000000800002a8 (0x06e0b823)
3 0x00000000800002ac (0x06f0bc23)
3 0x00000000800002b0 (0x0900b023)
3 0x00000000800002b4 (0x0910b423)
3 0x00000000800002b8 (0x0920b823)
3 0x00000000800002bc (0x0930bc23)
3 0x00000000800002c0 (0x0b40b023)
3 0x00000000800002c4 (0x0b50b423)
3 0x00000000800002c8 (0x0b60b823)
3 0x00000000800002cc (0x0b70bc23)
3 0x00000000800002d0 (0x0d80b023)
3 0x00000000800002d4 (0x0d90b423)
3 0x00000000800002d8 (0x0db0bc23)
3 0x00000000800002dc (0x0fc0b023)
3 0x00000000800002e0 (0x0fd0b423)
3 0x00000000800002e4 (0x0fe0b823)
3 0x00000000800002e8 (0x00002097) x 1 0x00000000800022e8
3 0x00000000800002ec (0xe1808093) x 1 0x0000000080002100
3 0x00000000800002f0 (0x0010a427)
3 0x00000000800002f4 (0x0020a827)
3 0x00000000800002f8 (0x0270ac27)
3 0x00000000800002fc (0x0490a427)
3 0x0000000080000300 (0x04a0a827)
3 0x0000000080000304 (0x06c0a027)
3 0x0000000080000308 (0x06d0a427)
3 0x000000008000030c (0x0b50a427)
3 0x0000000080000310 (0x0b60a827)
3 0x0000000080000314 (0x0d90a427)
3 0x0000000080000318 (0x0da0a827)
3 0x000000008000031c (0x0fc0a027)
3 0x0000000080000320 (0x0fd0a427)
3 0x0000000080000324 (0x0fe0a827)
3 0x0000000080000328 (0x0ff0ac27)
3 0x000000008000032c (0x00002097) x 1 0x000000008000232c
3 0x0000000080000330 (0xdd408093) x 1 0x0000000080002100
3 0x0000000080000334 (0x0000b027)
3 0x0000000080000338 (0x0030bc27)
3 0x000000008000033c (0x0240b027)
3 0x0000000080000340 (0x0250b427)
3 0x0000000080000344 (0x0260b827)
3 0x0000000080000348 (0x0480b027)
3 0x000000008000034c (0x04b0bc27)
3 0x0000000080000350 (0x06e0b827)
3 0x0000000080000354 (0x06f0bc27)
3 0x0000000080000358 (0x0900b027)
3 0x000000008000035c (0x0910b427)
3 0x0000000080000360 (0x0920b827)
3 0x0000000080000364 (0x0930bc27)
3 0x0000000080000368 (0x0b40b027)
3 0x000000008000036c (0x0b70bc27)
3 0x0000000080000370 (0x0d80b027)
3 0x0000000080000374 (0x0db0bc27)
3 0x0000000080000378 (0x00100193) x 3 0x0000000000000001
3 0x000000008000037c (0x00001f17) x30 0x000000008000137c
3 0x0000000080000380 (0xc83f2223)
3 0x0000000080000384 (0x0000006f)
3 0x0000000080000384 (0x0000006f)
3 0x0000000080000384 (0x0000006f)
3 0x0000000080000384 (0x0000006f)
3 0x0000000080000384 (0x0000006f)
3 0x0000000080000384 (0x0000006f)
3 0x0000000080000384 (0x0000006f)
3 0x0000000080000384 (0x0000006f)
3 0x0000000080000384 (0x0000006f)
3 0x0000000080000384 (0x0000006f)
3 0x0000000080000384 (0x0000006f)
3 0x0000000080000384 (0x0000006f)
3 0x0000000080000384 (0x0000006f)
3 0x0000000080000384 (0x0000006f)
3 0x0000000080000384 (0x0000006f)
3 0x0000000080000384 (0x0000006f)
3 0x0000000080000384 (0x0000006f)
3 0x0000000080000384 (0x0000006f)
3 0x0000000080000384 (0x0000006f)
3 0x0000000080000384 (0x0000006f)
3 0x0000000080000384 (0x0000006f)
3 0x0000000080000384 (0x0000006f)
3 0x0000000080000384 (0x0000006f)
3 0x0000000080000384 (0x0000006f)
3 0x0000000080000384 (0x0000006f)
3 0x0000000080000384 (0x0000006f)
3 0x0000000080000384 (0x0000006f)
3 0x0000000080000384 (0x0000006f)
3 0x0000000080000384 (0x0000006f)
3 0x0000000080000384 (0x0000006f)
3 0x0000000080000384 (0x0000006f)
3 0x0000000080000384 (0x0000006f)
3 0x0000000080000384 (0x0000006f)
3 0x0000000080000384 (0x0000006f)
3 0x0000000080000384 (0x0000006f)
3 0x0000000080000384 (0x0000006f)
3 0x0000000080000384 (0x0000006f)
3 0x0000000080000384 (0x0000006f)
3 0x0000000080000384 (0x0000006f)
3 0x0000000080000384 (0x0000006f)
3 0x0000000080000384 (0x0000006f)
3 0x0000000080000384 (0x0000006f)
3 0x0000000080000384 (0x0000006f)
3 0x0000000080000384 (0x0000006f)
3 0x0000000080000384 (0x0000006f)
3 0x0000000080000384 (0x0000006f)
3 0x0000000080000384 (0x0000006f)
3 0x0000000080000384 (0x0000006f)
3 0x0000000080000384 (0x0000006f)
3 0x0000000080000384 (0x0000006f)
3 0x0000000080000384 (0x0000006f)
3 0x0000000080000384 (0x0000006f)
3 0x0000000080000384 (0x0000006f)
3 0x0000000080000384 (0x0000006f)
3 0x0000000080000384 (0x0000006f)
3 0x0000000080000384 (0x0000006f)
3 0x0000000080000384 (0x0000006f)
3 0x0000000080000384 (0x0000006f)
3 0x0000000080000384 (0x0000006f)
3 0x0000000080000384 (0x0000006f)
3 0x0000000080000384 (0x0000006f)
3 0x0000000080000384 (0x0000006f)
3 0x0000000080000384 (0x0000006f)
3 0x0000000080000384 (0x0000006f)
3 0x0000000080000384 (0x0000006f)
3 0x0000000080000384 (0x0000006f)
3 0x0000000080000384 (0x0000006f)
3 0x0000000080000384 (0x0000006f)
3 0x0000000080000384 (0x0000006f)
3 0x0000000080000384 (0x0000006f)
3 0x0000000080000384 (0x0000006f)
3 0x0000000080000384 (0x0000006f)
3 0x0000000080000384 (0x0000006f)
3 0x0000000080000384 (0x0000006f)
3 0x0000000080000384 (0x0000006f)
3 0x0000000080000384 (0x0000006f)
3 0x0000000080000384 (0x0000006f)
3 0x0000000080000384 (0x0000006f)
3 0x0000000080000384 (0x0000006f)
3 0x0000000080000384 (0x0000006f)
3 0x0000000080000384 (0x0000006f)
3 0x0000000080000384 (0x0000006f)
3 0x0000000080000384 (0x0000006f)
3 0x0000000080000384 (0x0000006f)
3 0x0000000080000384 (0x0000006f)
3 0x0000000080000384 (0x0000006f)
3 0x0000000080000384 (0x0000006f)
3 0x0000000080000384 (0x0000006f)
3 0x0000000080000384 (0x0000006f)
3 0x0000000080000384 (0x0000006f)
3 0x0000000080000384 (0x0000006f)
3 0x0000000080000384 (0x0000006f)
3 0x0000000080000384 (0x0000006f)
3 0x0000000080000384 (0x0000006f)
3 0x0000000080000384 (0x0000006f)
3 0x0000000080000384 (0x0000006f)
3 0x0000000080000384 (0x0000006f)
3 0x0000000080000384 (0x0000006f)
3 0x0000000080000384 (0x0000006f)
3 0x0000000080000384 (0x0000006f)
3 0x0000000080000384 (0x0000006f)
3 0x0000000080000384 (0x0000006f)
3 0x0000000080000384 (0x0000006f)
3 0x0000000080000384 (0x0000006f)
3 0x0000000080000384 (0x0000006f)
3 0x0000000080000384 (0x0000006f)
3 0x0000000080000384 (0x0000006f)
3 0x0000000080000384 (0x0000006f)
3 0x0000000080000384 (0x0000006f)
3 0x0000000080000384 (0x0000006f)
3 0x0000000080000384 (0x0000006f)
3 0x0000000080000384 (0x0000006f)
3 0x0000000080000384 (0x0000006f)
3 0x0000000080000384 (0x0000006f)
3 0x0000000080000384 (0x0000006f)
3 0x0000000080000384 (0x0000006f)
3 0x0000000080000384 (0x0000006f)
3 0x0000000080000384 (0x0000006f)
3 0x0000000080000384 (0x0000006f)
3 0x0000000080000384 (0x0000006f)
3 0x0000000080000384 (0x0000006f)
3 0x0000000080000384 (0x0000006f)
3 0x0000000080000384 (0x0000006f)
3 0x0000000080000384 (0x0000006f)
3 0x0000000080000384 (0x0000006f)
3 0x0000000080000384 (0x0000006f)
3 0x0000000080000384 (0x0000006f)
3 0x0000000080000384 (0x0000006f)
3 0x0000000080000384 (0x0000006f)
3 0x0000000080000384 (0x0000006f)
3 0x0000000080000384 (0x0000006f)
3 0x0000000080000384 (0x0000006f)
3 0x0000000080000384 (0x0000006f)
3 0x0000000080000384 (0x0000006f)
3 0x0000000080000384 (0x0000006f)
3 0x0000000080000384 (0x0000006f)
3 0x0000000080000384 (0x0000006f)
3 0x0000000080000384 (0x0000006f)
3 0x0000000080000384 (0x0000006f)
