3 0x0000000000010040 (0x00000517) x10 0x0000000000010040
3 0x0000000000010044 (0xfc050513) x10 0x0000000000010000
3 0x0000000000010048 (0x30551073)
3 0x000000000001004c (0x301022f3) x 5 0x800000000014112d
3 0x0000000000010050 (0x4122d293) x 5 0xffffe00000000005
3 0x0000000000010054 (0x0012f293) x 5 0x0000000000000001
3 0x0000000000010058 (0x00028463)
3 0x000000000001005c (0x30301073)
3 0x0000000000010060 (0x00800513) x10 0x0000000000000008
3 0x0000000000010064 (0x30451073)
3 0x0000000000010068 (0x30052073)
3 0x000000000001006c (0x10500073)
3 0x0000000000010070 (0xffdff06f)
3 0x000000000001006c (0x10500073)
3 0x0000000000010070 (0xffdff06f)
3 0x0000000000010000 (0x020005b7) x11 0x0000000002000000
3 0x0000000000010004 (0xf1402573) x10 0x0000000000000000
3 0x0000000000010008 (0x00050463)
3 0x0000000000010010 (0x00458613) x12 0x0000000002000004
3 0x0000000000010014 (0x00100693) x13 0x0000000000000001
3 0x0000000000010018 (0x00d62023)
3 0x000000000001001c (0x00460613) x12 0x0000000002000008
3 0x0000000000010020 (0xffc62683) x13 0x0000000000000000
3 0x0000000000010024 (0xfe069ae3)
3 0x0000000000010028 (0x06c0006f)
3 0x0000000000010094 (0x0005a023)
3 0x0000000000010098 (0x00004537) x10 0x0000000000004000
3 0x000000000001009c (0x00053503) x10 0x0000000080000000
3 0x00000000000100a0 (0x34151073)
3 0x00000000000100a4 (0xf1402573) x10 0x0000000000000000
3 0x00000000000100a8 (0x00000597) x11 0x00000000000100a8
3 0x00000000000100ac (0x01858593) x11 0x00000000000100c0
3 0x00000000000100b0 (0x08000613) x12 0x0000000000000080
3 0x00000000000100b4 (0x30063073)
3 0x00000000000100b8 (0x30200073)
3 0x0000000080000000 (0x00010f97) x31 0x0000000080010000
3 0x0000000080000004 (0x000f8f93) x31 0x0000000080010000
3 0x0000000080000008 (0x000fb083) x 1 0xb4b1720f8970c15f
3 0x000000008000000c (0x008fb103) x 2 0xaf7ac72a9dc703e6
3 0x0000000080000010 (0x010fb183) x 3 0x19f5abc793df3d00
3 0x0000000080000014 (0x018fb203) x 4 0x97f9ca9137688db1
3 0x0000000080000018 (0x020fb283) x 5 0x92662596f369a1f7
3 0x000000008000001c (0x028fb303) x 6 0xb43da19c584e285a
3 0x0000000080000020 (0x030fb383) x 7 0x73febbac35c58efc
3 0x0000000080000024 (0x038fb403) x 8 0xc807f3362fce61b9
3 0x0000000080000028 (0x040fb483) x 9 0x23050b9479b6272d
3 0x000000008000002c (0x048fb503) x10 0xf3a8fd219a6eba8f
3 0x0000000080000030 (0x050fb583) x11 0xade3663d90231cd0
3 0x0000000080000034 (0x058fb603) x12 0x6abcc6c234125644
3 0x0000000080000038 (0x060fb683) x13 0x872d7ded38ec2d4c
3 0x000000008000003c (0x068fb703) x14 0x6dbe9d7987c233ea
3 0x0000000080000040 (0x070fb783) x15 0xa17f5490ac2bfe1f
3 0x0000000080000044 (0x078fb803) x16 0x6473b531e0c1960a
3 0x0000000080000048 (0x080fb883) x17 0x20ba8d9305e5523f
3 0x000000008000004c (0x088fb903) x18 0x5b5fb832a12a9032
3 0x0000000080000050 (0x090fb983) x19 0x0c165c362804e4ce
3 0x0000000080000054 (0x098fba03) x20 0xa19e7e092cd68e56
3 0x0000000080000058 (0x0a0fba83) x21 0x9823fd22986faf56
3 0x000000008000005c (0x0a8fbb03) x22 0x5c53410d19148f3c
3 0x0000000080000060 (0x0b0fbb83) x23 0x46c7091f7a18c590
3 0x0000000080000064 (0x0b8fbc03) x24 0x8ec3bbba081ac657
3 0x0000000080000068 (0x0c0fbc83) x25 0x06b773747b99c0a2
3 0x000000008000006c (0x0c8fbd03) x26 0xe557cfbfab52a1ef
3 0x0000000080000070 (0x0d0fbd83) x27 0xdeb59584e37febe3
3 0x0000000080000074 (0x0d8fbe03) x28 0xbeb7ddc8a80188cd
3 0x0000000080000078 (0x0e0fbe83) x29 0x2927a7b3bb21739d
3 0x000000008000007c (0x0e8fbf03) x30 0xb54a52382fe937a4
3 0x0000000080000080 (0x0f0fbf83) x31 0xe2ff97205ac506a2
3 0x0000000080000084 (0x2e40006f)
3 0x0000000080000368 (0x30005073)
3 0x000000008000036c (0xf1402573) x10 0x0000000000000000
3 0x0000000080000370 (0x00051063)
3 0x0000000080000374 (0x00000297) x 5 0x0000000080000374
3 0x0000000080000378 (0x01828293) x 5 0x000000008000038c
3 0x000000008000037c (0x30529073)
3 0x0000000080000380 (0x30205073)
3 0x0000000080000384 (0x30305073)
3 0x0000000080000388 (0x30405073)
3 0x000000008000038c (0x00000297) x 5 0x000000008000038c
3 0x0000000080000390 (0x01028293) x 5 0x000000008000039c
3 0x0000000080000394 (0x30529073)
3 0x0000000080000398 (0x18005073)
3 0x000000008000039c (0x00000297) x 5 0x000000008000039c
3 0x00000000800003a0 (0x02428293) x 5 0x00000000800003c0
3 0x00000000800003a4 (0x30529073)
3 0x00000000800003a8 (0x0010029b) x 5 0x0000000000000001
3 0x00000000800003ac (0x03529293) x 5 0x0020000000000000
3 0x00000000800003b0 (0xfff28293) x 5 0x001fffffffffffff
3 0x00000000800003b4 (0x3b029073)
3 0x00000000800003b8 (0x01f00293) x 5 0x000000000000001f
3 0x00000000800003bc (0x3a029073)
3 0x00000000800003c0 (0x00000297) x 5 0x00000000800003c0
3 0x00000000800003c4 (0xd6428293) x 5 0x0000000080000124
3 0x00000000800003c8 (0x30529073)
3 0x00000000800003cc (0x00000193) x 3 0x0000000000000000
3 0x00000000800003d0 (0x00100513) x10 0x0000000000000001
3 0x00000000800003d4 (0x01f51513) x10 0x0000000080000000
3 0x00000000800003d8 (0x00055c63)
3 0x00000000800003f0 (0x00000297) x 5 0x00000000800003f0
3 0x00000000800003f4 (0xd2428293) x 5 0x0000000080000114
3 0x00000000800003f8 (0x10529073)
3 0x00000000800003fc (0x0000b2b7) x 5 0x000000000000b000
3 0x0000000080000400 (0x1092829b) x 5 0x000000000000b109
3 0x0000000080000404 (0x3022a073)
3 0x0000000080000408 (0x00006537) x10 0x0000000000006000
3 0x000000008000040c (0x30052073)
3 0x0000000080000410 (0x00305073)
3 0x0000000080000414 (0xc75ff0ef) x 1 0x0000000080000418
3 0x0000000080000088 (0x00020f97) x31 0x0000000080020088
3 0x000000008000008c (0xf78f8f93) x31 0x0000000080020000
3 0x0000000080000090 (0x000fa007) f 0 0xfffffffffb104269
3 0x0000000080000094 (0x008fa087) f 1 0xffffffffe3552b89
3 0x0000000080000098 (0x010fa107) f 2 0xffffffffc5d7fff7
3 0x000000008000009c (0x018fb187) f 3 0x732e2596a221ab46
3 0x00000000800000a0 (0x020fb207) f 4 0x94f4bef26a28f4dc
3 0x00000000800000a4 (0x028fb287) f 5 0xf708047fc189f3b8
3 0x00000000800000a8 (0x030fb307) f 6 0xbc30965acfd6d8d5
3 0x00000000800000ac (0x038fa387) f 7 0xffffffff944dfc67
3 0x00000000800000b0 (0x040fb407) f 8 0x84bd765bbc075c90
3 0x00000000800000b4 (0x048fb487) f 9 0xb21a4d2c5093785d
3 0x00000000800000b8 (0x050fa507) f10 0xffffffff2bea4e40
3 0x00000000800000bc (0x058fb587) f11 0x834ea84501cd95cd
3 0x00000000800000c0 (0x060fb607) f12 0x872f836cd5c7d541
3 0x00000000800000c4 (0x068fb687) f13 0xe0d3e289e7af7048
3 0x00000000800000c8 (0x070fa707) f14 0xffffffff823f70f7
3 0x00000000800000cc (0x078fb787) f15 0xc2b74f42c8c63865
3 0x00000000800000d0 (0x080fb807) f16 0x48a0ad288f26633f
3 0x00000000800000d4 (0x088fa887) f17 0xffffffff8eb5c4b7
3 0x00000000800000d8 (0x090fa907) f18 0xffffffffb7bd3705
3 0x00000000800000dc (0x098fa987) f19 0xffffffff5df36507
3 0x00000000800000e0 (0x0a0fba07) f20 0x3822e8d11d788e86
3 0x00000000800000e4 (0x0a8faa87) f21 0xffffffff42022ea3
3 0x00000000800000e8 (0x0b0fbb07) f22 0x19a658c5b05b808a
3 0x00000000800000ec (0x0b8fbb87) f23 0x0c2570bc2eff55fd
3 0x00000000800000f0 (0x0c0fbc07) f24 0x268fb9f5f3ff4cd6
3 0x00000000800000f4 (0x0c8fbc87) f25 0xbd4277a4e189833a
3 0x00000000800000f8 (0x0d0fbd07) f26 0x6538e30f05f56d1f
3 0x00000000800000fc (0x0d8fbd87) f27 0x94e374747d150abc
3 0x0000000080000100 (0x0e0fbe07) f28 0xbbab0f70757272d9
3 0x0000000080000104 (0x0e8fae87) f29 0xffffffffd9eef504
3 0x0000000080000108 (0x0f0faf07) f30 0xffffffff8007a3fa
3 0x000000008000010c (0x0f8faf87) f31 0xfffffffff52bb109
3 0x0000000080000110 (0x00008067)
3 0x0000000080000418 (0xb0201073)
3 0x000000008000041c (0xf1402573) x10 0x0000000000000000
3 0x0000000080000420 (0x00d6c6b3) x13 0x0000000000000000
3 0x0000000080000424 (0x3406b573) x10 0x0000000000000000
3 0x0000000080000428 (0x00e74733) x14 0x0000000000000000
3 0x000000008000042c (0x00300593) x11 0x0000000000000003
3 0x0000000080000430 (0x01e59593) x11 0x00000000c0000000
3 0x0000000080000434 (0x00b70733) x14 0x00000000c0000000
3 0x0000000080000438 (0x100736f3) x13 0x8000000200006000
3 0x000000008000043c (0x00000297) x 5 0x000000008000043c
3 0x0000000080000440 (0x04428293) x 5 0x0000000080000480
3 0x0000000080000444 (0x34129073)
3 0x0000000080000448 (0x00000293) x 5 0x0000000000000000
3 0x000000008000044c (0x30200073)
0 0x0000000080000480 (0x00040d97) x27 0x0000000080040480
0 0x0000000080000484 (0xcf0d8d93) x27 0x0000000080040170
0 0x0000000080000488 (0x000d8d93) x27 0x0000000080040170
0 0x000000008000048c (0xe19db62f) x12 0x294e2613fc86028e
0 0x0000000080000490 (0xc027a953) x18 0x7fffffffffffffff
0 0x0000000080000494 (0x1cbab613) x12 0x0000000000000000
0 0x0000000080000498 (0x02fb8abb) x21 0x000000004c34cc70
0 0x000000008000049c (0xd15987b7) x15 0xffffffffd1598000
0 0x00000000800004a0 (0x1380096f) x18 0x00000000800004a4
0 0x00000000800005d8 (0x00020497) x 9 0x00000000800205d8
0 0x00000000800005dc (0xac848493) x 9 0x00000000800200a0
0 0x00000000800005e0 (0xfe848493) x 9 0x0000000080020088
0 0x00000000800005e4 (0x1894b1af) x 3 0x0000000000000001
0 0x00000000800005e8 (0x00020497) x 9 0x00000000800205e8
0 0x00000000800005ec (0xbc848493) x 9 0x00000000800201b0
0 0x00000000800005f0 (0xff849e23)
0 0x00000000800005f4 (0x0081593b) x18 0x000000000000004e
0 0x00000000800005f8 (0x58028ad3) f21 0xffffffff7fc00000
0 0x00000000800005fc (0x018cdc9b) x25 0x000000000000007b
0 0x0000000080000600 (0x0009501b)
0 0x0000000080000604 (0x027e8b33) x22 0x2bcf10e23bdfe48c
0 0x0000000080000608 (0x0cda1863)
0 0x00000000800006d8 (0x00002613) x12 0x0000000000000000
0 0x00000000800006dc (0x00010717) x14 0x00000000800106dc
0 0x00000000800006e0 (0x94470713) x14 0x0000000080010020
0 0x00000000800006e4 (0x00870713) x14 0x0000000080010028
0 0x00000000800006e8 (0xc1d7322f) x 4 0xb43da19c584e285a
0 0x00000000800006ec (0xd031c953) f18 0xffffffff3f800000
0 0x00000000800006f0 (0x10a602d3) f 5 0xffffffff7fc00000
0 0x00000000800006f4 (0xf941274b) f14 0xffffffff7fc00000
0 0x00000000800006f8 (0x00030217) x 4 0x00000000800306f8
0 0x00000000800006fc (0x9a820213) x 4 0x00000000800300a0
0 0x0000000080000700 (0xffe00ab7) x21 0xffffffffffe00000
0 0x0000000080000704 (0x01524233) x 4 0xffffffff7fe300a0
0 0x0000000080000708 (0xfe2209a3)
0 0x000000008000070c (0x02e69133) x 2 0xffffffffbfff7fed
0 0x0000000080000710 (0x08048f53) f30 0xffffffff7fc00000
0 0x0000000080000714 (0x00000817) x16 0x0000000080000714
0 0x0000000080000718 (0x02880813) x16 0x000000008000073c
0 0x000000008000071c (0x000800e7) x 1 0x0000000080000720
0 0x000000008000073c (0x02f65933) x18 0x0000000000000000
0 0x0000000080000740 (0x00000b17) x22 0x0000000080000740
0 0x0000000080000744 (0x03cb0b13) x22 0x000000008000077c
0 0x0000000080000748 (0x000b6783) x15 0x0000000003969213
0 0x000000008000074c (0x484481cb) f 3 0xffffffff7fc00000
0 0x0000000080000750 (0x025f0433) x 8 0x0000000000000000
0 0x0000000080000754 (0x00010297) x 5 0x0000000080010754
0 0x0000000080000758 (0x90c28293) x 5 0x0000000080010060
0 0x000000008000075c (0xfe428293) x 5 0x0000000080010044
0 0x0000000080000760 (0x08e2a3af) x 7 0x0000000023050b94
0 0x0000000080000764 (0x00060b97) x23 0x0000000080060764
0 0x0000000080000768 (0xa2cb8b93) x23 0x0000000080060190
0 0x000000008000076c (0xfecb8b93) x23 0x000000008006017c
0 0x0000000080000770 (0x00abae2f) x28 0xffffffffb6b56079
0 0x0000000080000774 (0x0031141b) x 8 0xfffffffffffbff68
3 0x0000000080000124 (0x00002097) x 1 0x0000000080002124
3 0x0000000080000128 (0x0dc08093) x 1 0x0000000080002200
3 0x000000008000012c (0x10002173) x 2 0x8000000200006000
3 0x0000000080000130 (0x0420bc23)
3 0x0000000080000134 (0x10402173) x 2 0x0000000000000000
3 0x0000000080000138 (0x0620b823)
3 0x000000008000013c (0x10502173) x 2 0x0000000080000114
3 0x0000000080000140 (0x0620bc23)
3 0x0000000080000144 (0x10602173) x 2 0x0000000000000000
3 0x0000000080000148 (0x0820b023)
3 0x000000008000014c (0x14002173) x 2 0x0000000000000000
3 0x0000000080000150 (0x0820b423)
3 0x0000000080000154 (0x14102173) x 2 0x0000000000000000
3 0x0000000080000158 (0x0820b823)
3 0x000000008000015c (0x14202173) x 2 0x0000000000000000
3 0x0000000080000160 (0x0820bc23)
3 0x0000000080000164 (0x14302173) x 2 0x0000000000000000
3 0x0000000080000168 (0x0a20b023)
3 0x000000008000016c (0x14402173) x 2 0x0000000000000000
3 0x0000000080000170 (0xf7f17113) x 2 0x0000000000000000
3 0x0000000080000174 (0x0a20b423)
3 0x0000000080000178 (0x18002173) x 2 0x0000000000000000
3 0x000000008000017c (0x0a20b823)
3 0x0000000080000180 (0xf1402173) x 2 0x0000000000000000
3 0x0000000080000184 (0x0a20bc23)
3 0x0000000080000188 (0x30002173) x 2 0x8000000a00006000
3 0x000000008000018c (0x0c20b023)
3 0x0000000080000190 (0x30202173) x 2 0x000000000000b109
3 0x0000000080000194 (0x0c20b423)
3 0x0000000080000198 (0x30302173) x 2 0x0000000000000000
3 0x000000008000019c (0x0c20b823)
3 0x00000000800001a0 (0x30402173) x 2 0x0000000000000000
3 0x00000000800001a4 (0x0c20bc23)
3 0x00000000800001a8 (0x30502173) x 2 0x0000000080000124
3 0x00000000800001ac (0x0e20b023)
3 0x00000000800001b0 (0x30602173) x 2 0x0000000000000000
3 0x00000000800001b4 (0x0e20b423)
3 0x00000000800001b8 (0x34002173) x 2 0x0000000000000000
3 0x00000000800001bc (0x0e20b823)
3 0x00000000800001c0 (0x34102173) x 2 0x0000000080000778
3 0x00000000800001c4 (0x0e20bc23)
3 0x00000000800001c8 (0x34202173) x 2 0x0000000000000002
3 0x00000000800001cc (0x1020b023)
3 0x00000000800001d0 (0x34302173) x 2 0x000000003b4c6973
3 0x00000000800001d4 (0x1020b423)
3 0x00000000800001d8 (0x34402173) x 2 0x0000000000000000
3 0x00000000800001dc (0xf7f17113) x 2 0x0000000000000000
3 0x00000000800001e0 (0x1020b823)
3 0x00000000800001e4 (0x3a002173) x 2 0x000000000000001f
3 0x00000000800001e8 (0x1020bc23)
3 0x00000000800001ec (0x3b002173) x 2 0x001fffffffffffff
3 0x00000000800001f0 (0x1220bc23)
3 0x00000000800001f4 (0x3b102173) x 2 0x0000000000000000
3 0x00000000800001f8 (0x1420b023)
3 0x00000000800001fc (0x3b202173) x 2 0x0000000000000000
3 0x0000000080000200 (0x1420b423)
3 0x0000000080000204 (0x3b302173) x 2 0x0000000000000000
3 0x0000000080000208 (0x1420b823)
3 0x000000008000020c (0x3b402173) x 2 0x0000000000000000
3 0x0000000080000210 (0x1420bc23)
3 0x0000000080000214 (0x3b502173) x 2 0x0000000000000000
3 0x0000000080000218 (0x1620b023)
3 0x000000008000021c (0x3b602173) x 2 0x0000000000000000
3 0x0000000080000220 (0x1620b423)
3 0x0000000080000224 (0x3b702173) x 2 0x0000000000000000
3 0x0000000080000228 (0x1620b823)
3 0x000000008000022c (0x00006537) x10 0x0000000000006000
3 0x0000000080000230 (0x30052073)
3 0x0000000080000234 (0x00102173) x 2 0x0000000000000010
3 0x0000000080000238 (0x0420b023)
3 0x000000008000023c (0x00202173) x 2 0x0000000000000000
3 0x0000000080000240 (0x0420b423)
3 0x0000000080000244 (0x00302173) x 2 0x0000000000000010
3 0x0000000080000248 (0x0420b823)
3 0x000000008000024c (0x00002097) x 1 0x000000008000224c
3 0x0000000080000250 (0xdb408093) x 1 0x0000000080002000
3 0x0000000080000254 (0x0000b023)
3 0x0000000080000258 (0x0020b823)
3 0x000000008000025c (0x0030bc23)
3 0x0000000080000260 (0x0240b023)
3 0x0000000080000264 (0x0250b423)
3 0x0000000080000268 (0x0260b823)
3 0x000000008000026c (0x0270bc23)
3 0x0000000080000270 (0x0480b023)
3 0x0000000080000274 (0x0490b423)
3 0x0000000080000278 (0x04a0b823)
3 0x000000008000027c (0x04b0bc23)
3 0x0000000080000280 (0x06c0b023)
3 0x0000000080000284 (0x06d0b423)
3 0x0000000080000288 (0x06e0b823)
3 0x000000008000028c (0x06f0bc23)
3 0x0000000080000290 (0x0900b023)
3 0x0000000080000294 (0x0910b423)
3 0x0000000080000298 (0x0920b823)
3 0x000000008000029c (0x0930bc23)
3 0x00000000800002a0 (0x0b40b023)
3 0x00000000800002a4 (0x0b50b423)
3 0x00000000800002a8 (0x0b60b823)
3 0x00000000800002ac (0x0b70bc23)
3 0x00000000800002b0 (0x0d80b023)
3 0x00000000800002b4 (0x0d90b423)
3 0x00000000800002b8 (0x0db0bc23)
3 0x00000000800002bc (0x0fc0b023)
3 0x00000000800002c0 (0x0fd0b423)
3 0x00000000800002c4 (0x0fe0b823)
3 0x00000000800002c8 (0x00002097) x 1 0x00000000800022c8
3 0x00000000800002cc (0xe3808093) x 1 0x0000000080002100
3 0x00000000800002d0 (0x0010a427)
3 0x00000000800002d4 (0x0020a827)
3 0x00000000800002d8 (0x0270ac27)
3 0x00000000800002dc (0x0490a427)
3 0x00000000800002e0 (0x04a0a827)
3 0x00000000800002e4 (0x06c0a027)
3 0x00000000800002e8 (0x06d0a427)
3 0x00000000800002ec (0x0b50a427)
3 0x00000000800002f0 (0x0b60a827)
3 0x00000000800002f4 (0x0d90a427)
3 0x00000000800002f8 (0x0da0a827)
3 0x00000000800002fc (0x0fc0a027)
3 0x0000000080000300 (0x0fd0a427)
3 0x0000000080000304 (0x0fe0a827)
3 0x0000000080000308 (0x0ff0ac27)
3 0x000000008000030c (0x00002097) x 1 0x000000008000230c
3 0x0000000080000310 (0xdf408093) x 1 0x0000000080002100
3 0x0000000080000314 (0x0000b027)
3 0x0000000080000318 (0x0030bc27)
3 0x000000008000031c (0x0240b027)
3 0x0000000080000320 (0x0250b427)
3 0x0000000080000324 (0x0260b827)
3 0x0000000080000328 (0x0480b027)
3 0x000000008000032c (0x04b0bc27)
3 0x0000000080000330 (0x06e0b827)
3 0x0000000080000334 (0x06f0bc27)
3 0x0000000080000338 (0x0900b027)
3 0x000000008000033c (0x0910b427)
3 0x0000000080000340 (0x0920b827)
3 0x0000000080000344 (0x0930bc27)
3 0x0000000080000348 (0x0b40b027)
3 0x000000008000034c (0x0b70bc27)
3 0x0000000080000350 (0x0d80b027)
3 0x0000000080000354 (0x0db0bc27)
3 0x0000000080000358 (0x00100193) x 3 0x0000000000000001
3 0x000000008000035c (0x00001f17) x30 0x000000008000135c
3 0x0000000080000360 (0xca3f2223)
3 0x0000000080000364 (0x0000006f)
3 0x0000000080000364 (0x0000006f)
3 0x0000000080000364 (0x0000006f)
3 0x0000000080000364 (0x0000006f)
3 0x0000000080000364 (0x0000006f)
3 0x0000000080000364 (0x0000006f)
3 0x0000000080000364 (0x0000006f)
3 0x0000000080000364 (0x0000006f)
3 0x0000000080000364 (0x0000006f)
3 0x0000000080000364 (0x0000006f)
3 0x0000000080000364 (0x0000006f)
3 0x0000000080000364 (0x0000006f)
3 0x0000000080000364 (0x0000006f)
3 0x0000000080000364 (0x0000006f)
3 0x0000000080000364 (0x0000006f)
3 0x0000000080000364 (0x0000006f)
3 0x0000000080000364 (0x0000006f)
3 0x0000000080000364 (0x0000006f)
3 0x0000000080000364 (0x0000006f)
3 0x0000000080000364 (0x0000006f)
3 0x0000000080000364 (0x0000006f)
3 0x0000000080000364 (0x0000006f)
3 0x0000000080000364 (0x0000006f)
3 0x0000000080000364 (0x0000006f)
3 0x0000000080000364 (0x0000006f)
3 0x0000000080000364 (0x0000006f)
3 0x0000000080000364 (0x0000006f)
3 0x0000000080000364 (0x0000006f)
3 0x0000000080000364 (0x0000006f)
3 0x0000000080000364 (0x0000006f)
3 0x0000000080000364 (0x0000006f)
3 0x0000000080000364 (0x0000006f)
3 0x0000000080000364 (0x0000006f)
3 0x0000000080000364 (0x0000006f)
3 0x0000000080000364 (0x0000006f)
3 0x0000000080000364 (0x0000006f)
3 0x0000000080000364 (0x0000006f)
3 0x0000000080000364 (0x0000006f)
3 0x0000000080000364 (0x0000006f)
3 0x0000000080000364 (0x0000006f)
3 0x0000000080000364 (0x0000006f)
3 0x0000000080000364 (0x0000006f)
3 0x0000000080000364 (0x0000006f)
3 0x0000000080000364 (0x0000006f)
3 0x0000000080000364 (0x0000006f)
3 0x0000000080000364 (0x0000006f)
3 0x0000000080000364 (0x0000006f)
3 0x0000000080000364 (0x0000006f)
3 0x0000000080000364 (0x0000006f)
3 0x0000000080000364 (0x0000006f)
3 0x0000000080000364 (0x0000006f)
3 0x0000000080000364 (0x0000006f)
3 0x0000000080000364 (0x0000006f)
3 0x0000000080000364 (0x0000006f)
3 0x0000000080000364 (0x0000006f)
3 0x0000000080000364 (0x0000006f)
3 0x0000000080000364 (0x0000006f)
3 0x0000000080000364 (0x0000006f)
3 0x0000000080000364 (0x0000006f)
3 0x0000000080000364 (0x0000006f)
3 0x0000000080000364 (0x0000006f)
3 0x0000000080000364 (0x0000006f)
3 0x0000000080000364 (0x0000006f)
3 0x0000000080000364 (0x0000006f)
3 0x0000000080000364 (0x0000006f)
3 0x0000000080000364 (0x0000006f)
3 0x0000000080000364 (0x0000006f)
3 0x0000000080000364 (0x0000006f)
3 0x0000000080000364 (0x0000006f)
3 0x0000000080000364 (0x0000006f)
3 0x0000000080000364 (0x0000006f)
3 0x0000000080000364 (0x0000006f)
3 0x0000000080000364 (0x0000006f)
3 0x0000000080000364 (0x0000006f)
3 0x0000000080000364 (0x0000006f)
3 0x0000000080000364 (0x0000006f)
3 0x0000000080000364 (0x0000006f)
3 0x0000000080000364 (0x0000006f)
3 0x0000000080000364 (0x0000006f)
3 0x0000000080000364 (0x0000006f)
3 0x0000000080000364 (0x0000006f)
3 0x0000000080000364 (0x0000006f)
3 0x0000000080000364 (0x0000006f)
3 0x0000000080000364 (0x0000006f)
3 0x0000000080000364 (0x0000006f)
3 0x0000000080000364 (0x0000006f)
3 0x0000000080000364 (0x0000006f)
3 0x0000000080000364 (0x0000006f)
3 0x0000000080000364 (0x0000006f)
3 0x0000000080000364 (0x0000006f)
3 0x0000000080000364 (0x0000006f)
3 0x0000000080000364 (0x0000006f)
3 0x0000000080000364 (0x0000006f)
3 0x0000000080000364 (0x0000006f)
3 0x0000000080000364 (0x0000006f)
3 0x0000000080000364 (0x0000006f)
3 0x0000000080000364 (0x0000006f)
3 0x0000000080000364 (0x0000006f)
3 0x0000000080000364 (0x0000006f)
3 0x0000000080000364 (0x0000006f)
3 0x0000000080000364 (0x0000006f)
3 0x0000000080000364 (0x0000006f)
3 0x0000000080000364 (0x0000006f)
3 0x0000000080000364 (0x0000006f)
3 0x0000000080000364 (0x0000006f)
3 0x0000000080000364 (0x0000006f)
3 0x0000000080000364 (0x0000006f)
3 0x0000000080000364 (0x0000006f)
3 0x0000000080000364 (0x0000006f)
3 0x0000000080000364 (0x0000006f)
3 0x0000000080000364 (0x0000006f)
3 0x0000000080000364 (0x0000006f)
3 0x0000000080000364 (0x0000006f)
3 0x0000000080000364 (0x0000006f)
3 0x0000000080000364 (0x0000006f)
3 0x0000000080000364 (0x0000006f)
