3 0x0000000000010040 (0x00000517) x10 0x0000000000010040
3 0x0000000000010044 (0xfc050513) x10 0x0000000000010000
3 0x0000000000010048 (0x30551073)
3 0x000000000001004c (0x301022f3) x 5 0x800000000014112d
3 0x0000000000010050 (0x4122d293) x 5 0xffffe00000000005
3 0x0000000000010054 (0x0012f293) x 5 0x0000000000000001
3 0x0000000000010058 (0x00028463)
3 0x000000000001005c (0x30301073)
3 0x0000000000010060 (0x00800513) x10 0x0000000000000008
3 0x0000000000010064 (0x30451073)
3 0x0000000000010068 (0x30052073)
3 0x000000000001006c (0x10500073)
3 0x0000000000010070 (0xffdff06f)
3 0x000000000001006c (0x10500073)
3 0x0000000000010070 (0xffdff06f)
3 0x0000000000010000 (0x020005b7) x11 0x0000000002000000
3 0x0000000000010004 (0xf1402573) x10 0x0000000000000000
3 0x0000000000010008 (0x00050463)
3 0x0000000000010010 (0x00458613) x12 0x0000000002000004
3 0x0000000000010014 (0x00100693) x13 0x0000000000000001
3 0x0000000000010018 (0x00d62023)
3 0x000000000001001c (0x00460613) x12 0x0000000002000008
3 0x0000000000010020 (0xffc62683) x13 0x0000000000000000
3 0x0000000000010024 (0xfe069ae3)
3 0x0000000000010028 (0x06c0006f)
3 0x0000000000010094 (0x0005a023)
3 0x0000000000010098 (0x00004537) x10 0x0000000000004000
3 0x000000000001009c (0x00053503) x10 0x0000000080000000
3 0x00000000000100a0 (0x34151073)
3 0x00000000000100a4 (0xf1402573) x10 0x0000000000000000
3 0x00000000000100a8 (0x00000597) x11 0x00000000000100a8
3 0x00000000000100ac (0x01858593) x11 0x00000000000100c0
3 0x00000000000100b0 (0x08000613) x12 0x0000000000000080
3 0x00000000000100b4 (0x30063073)
3 0x00000000000100b8 (0x30200073)
3 0x0000000080000000 (0x00010f97) x31 0x0000000080010000
3 0x0000000080000004 (0x000f8f93) x31 0x0000000080010000
3 0x0000000080000008 (0x000fb083) x 1 0xe09fd7849109dfe3
3 0x000000008000000c (0x008fb103) x 2 0xe402ed829999ef89
3 0x0000000080000010 (0x010fb183) x 3 0xd768acd7615baca4
3 0x0000000080000014 (0x018fb203) x 4 0x52bc4d91d27ed385
3 0x0000000080000018 (0x020fb283) x 5 0xed4d5b1c6f3fec8d
3 0x000000008000001c (0x028fb303) x 6 0x49f012764b62f523
3 0x0000000080000020 (0x030fb383) x 7 0xa736452685df1db8
3 0x0000000080000024 (0x038fb403) x 8 0x7acebf01c793bcea
3 0x0000000080000028 (0x040fb483) x 9 0x10f1b405e60b0393
3 0x000000008000002c (0x048fb503) x10 0x2afe071e8b2d8d28
3 0x0000000080000030 (0x050fb583) x11 0xe4659970adc9ccfb
3 0x0000000080000034 (0x058fb603) x12 0xaf4de72c53c352b7
3 0x0000000080000038 (0x060fb683) x13 0x2f8543cd6287e416
3 0x000000008000003c (0x068fb703) x14 0x4af6098bcb2f6bdc
3 0x0000000080000040 (0x070fb783) x15 0xf8065eed78a4b192
3 0x0000000080000044 (0x078fb803) x16 0x39501ec901287bac
3 0x0000000080000048 (0x080fb883) x17 0x6054a2ab067cedc9
3 0x000000008000004c (0x088fb903) x18 0x56af0f5171177ac8
3 0x0000000080000050 (0x090fb983) x19 0x7702351029f1a04d
3 0x0000000080000054 (0x098fba03) x20 0xd4a739d918fdd791
3 0x0000000080000058 (0x0a0fba83) x21 0x3deafd352d904e82
3 0x000000008000005c (0x0a8fbb03) x22 0x2fdd0fbf7d1794df
3 0x0000000080000060 (0x0b0fbb83) x23 0x93ef7da86d0a7576
3 0x0000000080000064 (0x0b8fbc03) x24 0xfdb7f8a723e20d36
3 0x0000000080000068 (0x0c0fbc83) x25 0x2c750f83fa9945a5
3 0x000000008000006c (0x0c8fbd03) x26 0xf9859da454364057
3 0x0000000080000070 (0x0d0fbd83) x27 0xc0e1df3d38081bae
3 0x0000000080000074 (0x0d8fbe03) x28 0xf32359d9bcbfca2a
3 0x0000000080000078 (0x0e0fbe83) x29 0xabd943fd0460314e
3 0x000000008000007c (0x0e8fbf03) x30 0x97e08e33e8fe2f46
3 0x0000000080000080 (0x0f0fbf83) x31 0x0304fe5e520ccf5c
3 0x0000000080000084 (0x2d80006f)
3 0x000000008000035c (0x30005073)
3 0x0000000080000360 (0xf1402573) x10 0x0000000000000000
3 0x0000000080000364 (0x00051063)
3 0x0000000080000368 (0x00000297) x 5 0x0000000080000368
3 0x000000008000036c (0x01828293) x 5 0x0000000080000380
3 0x0000000080000370 (0x30529073)
3 0x0000000080000374 (0x30205073)
3 0x0000000080000378 (0x30305073)
3 0x000000008000037c (0x30405073)
3 0x0000000080000380 (0x00000297) x 5 0x0000000080000380
3 0x0000000080000384 (0x01028293) x 5 0x0000000080000390
3 0x0000000080000388 (0x30529073)
3 0x000000008000038c (0x18005073)
3 0x0000000080000390 (0x00000297) x 5 0x0000000080000390
3 0x0000000080000394 (0x02428293) x 5 0x00000000800003b4
3 0x0000000080000398 (0x30529073)
3 0x000000008000039c (0x0010029b) x 5 0x0000000000000001
3 0x00000000800003a0 (0x03529293) x 5 0x0020000000000000
3 0x00000000800003a4 (0xfff28293) x 5 0x001fffffffffffff
3 0x00000000800003a8 (0x3b029073)
3 0x00000000800003ac (0x01f00293) x 5 0x000000000000001f
3 0x00000000800003b0 (0x3a029073)
3 0x00000000800003b4 (0x00000297) x 5 0x00000000800003b4
3 0x00000000800003b8 (0xd6428293) x 5 0x0000000080000118
3 0x00000000800003bc (0x30529073)
3 0x00000000800003c0 (0x00000193) x 3 0x0000000000000000
3 0x00000000800003c4 (0x00100513) x10 0x0000000000000001
3 0x00000000800003c8 (0x01f51513) x10 0x0000000080000000
3 0x00000000800003cc (0x00055c63)
3 0x00000000800003e4 (0x00000297) x 5 0x00000000800003e4
3 0x00000000800003e8 (0xd3028293) x 5 0x0000000080000114
3 0x00000000800003ec (0x10529073)
3 0x00000000800003f0 (0x0000b2b7) x 5 0x000000000000b000
3 0x00000000800003f4 (0x1092829b) x 5 0x000000000000b109
3 0x00000000800003f8 (0x3022a073)
3 0x00000000800003fc (0x00008537) x10 0x0000000000008000
3 0x0000000080000400 (0x8005051b) x10 0x0000000000007800
3 0x0000000080000404 (0x30052073)
3 0x0000000080000408 (0x00305073)
3 0x000000008000040c (0xc7dff0ef) x 1 0x0000000080000410
3 0x0000000080000088 (0x00020f97) x31 0x0000000080020088
3 0x000000008000008c (0xf78f8f93) x31 0x0000000080020000
3 0x0000000080000090 (0x000fa007) f 0 0xffffffff753f3ae8
3 0x0000000080000094 (0x008fa087) f 1 0xffffffff4fc954c3
3 0x0000000080000098 (0x010fa107) f 2 0xffffffff6461b87f
3 0x000000008000009c (0x018fb187) f 3 0x5ad9a535fa0b2645
3 0x00000000800000a0 (0x020fb207) f 4 0x54f39a1236f67cea
3 0x00000000800000a4 (0x028fb287) f 5 0x1d4f605698db5806
3 0x00000000800000a8 (0x030fb307) f 6 0x7d481e937d4e8123
3 0x00000000800000ac (0x038fa387) f 7 0xffffffff86e4776a
3 0x00000000800000b0 (0x040fb407) f 8 0x55b47f006fe46752
3 0x00000000800000b4 (0x048fb487) f 9 0x5725222ddc162ca5
3 0x00000000800000b8 (0x050fa507) f10 0xffffffff0792fba0
3 0x00000000800000bc (0x058fb587) f11 0x44aaa04e8ac1d0ca
3 0x00000000800000c0 (0x060fb607) f12 0x5dac67102116b3d3
3 0x00000000800000c4 (0x068fb687) f13 0x4b4d3a1841579306
3 0x00000000800000c8 (0x070fa707) f14 0xffffffff2dad76e6
3 0x00000000800000cc (0x078fb787) f15 0xd427ec463da62c83
3 0x00000000800000d0 (0x080fb807) f16 0x99a9c4c72e1e55d7
3 0x00000000800000d4 (0x088fa887) f17 0xffffffff67997b3f
3 0x00000000800000d8 (0x090fa907) f18 0xffffffff69772c94
3 0x00000000800000dc (0x098fa987) f19 0xffffffff1f988c4a
3 0x00000000800000e0 (0x0a0fba07) f20 0x1b907dc582b01258
3 0x00000000800000e4 (0x0a8faa87) f21 0xffffffffa860af30
3 0x00000000800000e8 (0x0b0fbb07) f22 0x5a402f52b1206a22
3 0x00000000800000ec (0x0b8fbb87) f23 0xc328eb94d6afff19
3 0x00000000800000f0 (0x0c0fbc07) f24 0xdbfd94766965fdbb
3 0x00000000800000f4 (0x0c8fbc87) f25 0x8347920256391be1
3 0x00000000800000f8 (0x0d0fbd07) f26 0x06e41d2092a2b4e2
3 0x00000000800000fc (0x0d8fbd87) f27 0x3dcb411a1a49def1
3 0x0000000080000100 (0x0e0fbe07) f28 0x4479523fa8c4d757
3 0x0000000080000104 (0x0e8fae87) f29 0xffffffffc2feba06
3 0x0000000080000108 (0x0f0faf07) f30 0xffffffffad382796
3 0x000000008000010c (0x0f8faf87) f31 0xffffffff6c91a987
3 0x0000000080000110 (0x00008067)
3 0x0000000080000410 (0xb0201073)
3 0x0000000080000414 (0xf1402573) x10 0x0000000000000000
3 0x0000000080000418 (0x0011d773) x14 0x0000000000000000
3 0x000000008000041c (0x00060597) x11 0x000000008006041c
3 0x0000000080000420 (0xcb458593) x11 0x00000000800600d0
3 0x0000000080000424 (0x4015d593) x11 0x0000000040030068
3 0x0000000080000428 (0x3b759573) x10 0x0000000000000000
3 0x000000008000042c (0x00e74733) x14 0x0000000000000000
3 0x0000000080000430 (0x00300693) x13 0x0000000000000003
3 0x0000000080000434 (0x00669693) x13 0x00000000000000c0
3 0x0000000080000438 (0x00d70733) x14 0x00000000000000c0
3 0x000000008000043c (0x00300713) x14 0x0000000000000003
3 0x0000000080000440 (0x00e71713) x14 0x000000000000c000
3 0x0000000080000444 (0x00e70733) x14 0x0000000000018000
3 0x0000000080000448 (0x00300693) x13 0x0000000000000003
3 0x000000008000044c (0x00f69693) x13 0x0000000000018000
3 0x0000000080000450 (0x00d70733) x14 0x0000000000030000
3 0x0000000080000454 (0x14271573) x10 0x0000000000000000
3 0x0000000080000458 (0x00000297) x 5 0x0000000080000458
3 0x000000008000045c (0x02828293) x 5 0x0000000080000480
3 0x0000000080000460 (0x34129073)
3 0x0000000080000464 (0x00000293) x 5 0x0000000000000000
3 0x0000000080000468 (0x30200073)
3 0x0000000080000480 (0xda528537) x10 0xffffffffda528000
3 0x0000000080000484 (0x40a686bb) x13 0x0000000025af0000
3 0x0000000080000488 (0x05de5263)
3 0x00000000800004cc (0x002fd873) x16 0x0000000000000000
3 0x00000000800004d0 (0x00030e17) x28 0x00000000800304d0
3 0x00000000800004d4 (0xc50e0e13) x28 0x0000000080030120
3 0x00000000800004d8 (0x000e0e13) x28 0x0000000080030120
3 0x00000000800004dc (0x61de3a2f) x20 0x9c0d8efd7b9e2482
3 0x00000000800004e0 (0x00020997) x19 0x00000000800204e0
3 0x00000000800004e4 (0xc3098993) x19 0x0000000080020110
3 0x00000000800004e8 (0xff89b583) x11 0x54f35793be173433
3 0x00000000800004ec (0x00060a97) x21 0x00000000800604ec
3 0x00000000800004f0 (0xc04a8a93) x21 0x00000000800600f0
3 0x00000000800004f4 (0xff4aac83) x25 0xffffffffd5f077f1
3 0x00000000800004f8 (0xc018cd53) x26 0xffffffffffffffff
3 0x00000000800004fc (0x01fe541b) x 8 0x0000000000000001
3 0x0000000080000500 (0x03a18ab3) x21 0x0000000000000000
3 0x0000000080000504 (0x026b08b3) x17 0xb5a58253fe10c57d
3 0x0000000080000508 (0x00040b17) x22 0x0000000080040508
3 0x000000008000050c (0xca8b0b13) x22 0x00000000800401b0
3 0x0000000080000510 (0x004b0b13) x22 0x00000000800401b4
3 0x0000000080000514 (0x196b2eaf) x29 0x0000000000000001
3 0x0000000080000518 (0x00010497) x 9 0x0000000080010518
3 0x000000008000051c (0xba848493) x 9 0x00000000800100c0
3 0x0000000080000520 (0xffc48493) x 9 0x00000000800100bc
3 0x0000000080000524 (0x0854a6af) x13 0xfffffffffdb7f8a7
3 0x0000000080000528 (0x7ff53613) x12 0x0000000000000000
3 0x000000008000052c (0x00020a17) x20 0x000000008002052c
3 0x0000000080000530 (0xbf4a0a13) x20 0x0000000080020120
3 0x0000000080000534 (0x010a0a13) x20 0x0000000080020130
3 0x0000000080000538 (0x801a2b2f) x22 0xffffffffb287d2a4
3 0x000000008000053c (0x00060e97) x29 0x000000008006053c
3 0x0000000080000540 (0xb24e8e93) x29 0x0000000080060060
3 0x0000000080000544 (0x000ebd03) x26 0x6aa569c836fd3dc7
3 0x0000000080000548 (0x58064dd3) f27 0xffffffff30446adf
3 0x000000008000054c (0x19dd1ed3) f29 0xffffffff0f238519
3 0x0000000080000550 (0x0339d833) x16 0x0000000000000001
3 0x0000000080000554 (0x03062eb3) x29 0x0000000000000000
3 0x0000000080000558 (0x02034bb3) x23 0xffffffffffffffff
3 0x000000008000055c (0x00030717) x14 0x000000008003055c
3 0x0000000080000560 (0xb8470713) x14 0x00000000800300e0
3 0x0000000080000564 (0x00870713) x14 0x00000000800300e8
3 0x0000000080000568 (0x2057352f) x10 0xf5d992376aee870e
3 0x000000008000056c (0x00060b97) x23 0x000000008006056c
3 0x0000000080000570 (0xb24b8b93) x23 0x0000000080060090
3 0x0000000080000574 (0x00cba383) x 7 0xffffffffb25e6c5e
3 0x0000000080000578 (0x03cdf9bb) x19 0x0000000038081bae
3 0x000000008000057c (0xa0f285d3) x11 0x0000000000000000
3 0x0000000080000580 (0x0dd48c63)
3 0x0000000080000584 (0x1abc0663)
3 0x0000000080000588 (0x00020597) x11 0x0000000080020588
3 0x000000008000058c (0xc0858593) x11 0x0000000080020190
3 0x0000000080000590 (0x0005a187) f 3 0xffffffff1954af29
3 0x0000000080000594 (0x0000100f)
3 0x0000000080000598 (0x111db1d3) f 3 0xffffffff586b84de
3 0x000000008000059c (0x20681dd3) f27 0xffffffffffc00000
3 0x00000000800005a0 (0x00050817) x16 0x00000000800505a0
3 0x00000000800005a4 (0xab080813) x16 0x0000000080050050
3 0x00000000800005a8 (0x00480813) x16 0x0000000080050054
3 0x00000000800005ac (0x816827af) x15 0xfffffffffeb8063b
3 0x00000000800005b0 (0x00020a97) x21 0x00000000800205b0
3 0x00000000800005b4 (0xac0a8a93) x21 0x0000000080020070
3 0x00000000800005b8 (0xfe1a8803) x16 0xfffffffffffffffb
3 0x00000000800005bc (0xd02437d3) f15 0xffffffff3f800000
3 0x00000000800005c0 (0x00050e17) x28 0x00000000800505c0
3 0x00000000800005c4 (0xa80e0e13) x28 0x0000000080050040
3 0x00000000800005c8 (0x000e0e13) x28 0x0000000080050040
3 0x00000000800005cc (0x196e252f) x10 0x0000000000000001
3 0x00000000800005d0 (0x0ff0000f)
3 0x00000000800005d4 (0x00051e3b) x28 0x0000000000000001
3 0x00000000800005d8 (0x016a583b) x16 0x0000000008002013
3 0x00000000800005dc (0x02951063)
3 0x00000000800005fc (0x00000597) x11 0x00000000800005fc
3 0x0000000080000600 (0x10c58593) x11 0x0000000080000708
3 0x0000000080000604 (0x34159073)
3 0x0000000080000608 (0x30200073)
0 0x0000000080000708 (0xa0712753) x14 0x0000000000000000
0 0x000000008000070c (0x1b2d9737) x14 0x000000001b2d9000
0 0x0000000080000710 (0x03568433) x 8 0xfedbf7c271cac910
0 0x0000000080000714 (0x00c00a6f) x20 0x0000000080000718
0 0x0000000080000720 (0x00030517) x10 0x0000000080030720
0 0x0000000080000724 (0xa9050513) x10 0x00000000800301b0
0 0x0000000080000728 (0xfec54f03) x30 0x0000000000000006
0 0x000000008000072c (0x21bc9dd3) f27 0xffffffff7fc00000
3 0x0000000080000118 (0x00002097) x 1 0x0000000080002118
3 0x000000008000011c (0x0e808093) x 1 0x0000000080002200
3 0x0000000080000120 (0x10002173) x 2 0x8000000200006000
3 0x0000000080000124 (0x0420bc23)
3 0x0000000080000128 (0x10402173) x 2 0x0000000000000000
3 0x000000008000012c (0x0620b823)
3 0x0000000080000130 (0x10502173) x 2 0x0000000080000114
3 0x0000000080000134 (0x0620bc23)
3 0x0000000080000138 (0x10602173) x 2 0x0000000000000000
3 0x000000008000013c (0x0820b023)
3 0x0000000080000140 (0x14002173) x 2 0x0000000000000000
3 0x0000000080000144 (0x0820b423)
3 0x0000000080000148 (0x14102173) x 2 0x0000000080000730
3 0x000000008000014c (0x0820b823)
3 0x0000000080000150 (0x14202173) x 2 0x0000000000000008
3 0x0000000080000154 (0x0820bc23)
3 0x0000000080000158 (0x14302173) x 2 0x0000000000000073
3 0x000000008000015c (0x0a20b023)
3 0x0000000080000160 (0x14402173) x 2 0x0000000000000000
3 0x0000000080000164 (0xf7f17113) x 2 0x0000000000000000
3 0x0000000080000168 (0x0a20b423)
3 0x000000008000016c (0x18002173) x 2 0x0000000000000000
3 0x0000000080000170 (0x0a20b823)
3 0x0000000080000174 (0xf1402173) x 2 0x0000000000000000
3 0x0000000080000178 (0x0a20bc23)
3 0x000000008000017c (0x30002173) x 2 0x8000000a00006880
3 0x0000000080000180 (0x0c20b023)
3 0x0000000080000184 (0x30202173) x 2 0x000000000000b109
3 0x0000000080000188 (0x0c20b423)
3 0x000000008000018c (0x30302173) x 2 0x0000000000000000
3 0x0000000080000190 (0x0c20b823)
3 0x0000000080000194 (0x30402173) x 2 0x0000000000000000
3 0x0000000080000198 (0x0c20bc23)
3 0x000000008000019c (0x30502173) x 2 0x0000000080000118
3 0x00000000800001a0 (0x0e20b023)
3 0x00000000800001a4 (0x30602173) x 2 0x0000000000000000
3 0x00000000800001a8 (0x0e20b423)
3 0x00000000800001ac (0x34002173) x 2 0x0000000000000000
3 0x00000000800001b0 (0x0e20b823)
3 0x00000000800001b4 (0x34102173) x 2 0x0000000080000114
3 0x00000000800001b8 (0x0e20bc23)
3 0x00000000800001bc (0x34202173) x 2 0x0000000000000009
3 0x00000000800001c0 (0x1020b023)
3 0x00000000800001c4 (0x34302173) x 2 0x0000000000000073
3 0x00000000800001c8 (0x1020b423)
3 0x00000000800001cc (0x34402173) x 2 0x0000000000000000
3 0x00000000800001d0 (0xf7f17113) x 2 0x0000000000000000
3 0x00000000800001d4 (0x1020b823)
3 0x00000000800001d8 (0x3a002173) x 2 0x000000000000001f
3 0x00000000800001dc (0x1020bc23)
3 0x00000000800001e0 (0x3b002173) x 2 0x001fffffffffffff
3 0x00000000800001e4 (0x1220bc23)
3 0x00000000800001e8 (0x3b102173) x 2 0x0000000000000000
3 0x00000000800001ec (0x1420b023)
3 0x00000000800001f0 (0x3b202173) x 2 0x0000000000000000
3 0x00000000800001f4 (0x1420b423)
3 0x00000000800001f8 (0x3b302173) x 2 0x0000000000000000
3 0x00000000800001fc (0x1420b823)
3 0x0000000080000200 (0x3b402173) x 2 0x0000000000000000
3 0x0000000080000204 (0x1420bc23)
3 0x0000000080000208 (0x3b502173) x 2 0x0000000000000000
3 0x000000008000020c (0x1620b023)
3 0x0000000080000210 (0x3b602173) x 2 0x0000000000000000
3 0x0000000080000214 (0x1620b423)
3 0x0000000080000218 (0x3b702173) x 2 0x0000000000000000
3 0x000000008000021c (0x1620b823)
3 0x0000000080000220 (0x00006537) x10 0x0000000000006000
3 0x0000000080000224 (0x30052073)
3 0x0000000080000228 (0x00102173) x 2 0x0000000000000013
3 0x000000008000022c (0x0420b023)
3 0x0000000080000230 (0x00202173) x 2 0x0000000000000007
3 0x0000000080000234 (0x0420b423)
3 0x0000000080000238 (0x00302173) x 2 0x00000000000000f3
3 0x000000008000023c (0x0420b823)
3 0x0000000080000240 (0x00002097) x 1 0x0000000080002240
3 0x0000000080000244 (0xdc008093) x 1 0x0000000080002000
3 0x0000000080000248 (0x0000b023)
3 0x000000008000024c (0x0020b823)
3 0x0000000080000250 (0x0030bc23)
3 0x0000000080000254 (0x0240b023)
3 0x0000000080000258 (0x0250b423)
3 0x000000008000025c (0x0260b823)
3 0x0000000080000260 (0x0270bc23)
3 0x0000000080000264 (0x0480b023)
3 0x0000000080000268 (0x0490b423)
3 0x000000008000026c (0x04a0b823)
3 0x0000000080000270 (0x04b0bc23)
3 0x0000000080000274 (0x06c0b023)
3 0x0000000080000278 (0x06d0b423)
3 0x000000008000027c (0x06e0b823)
3 0x0000000080000280 (0x06f0bc23)
3 0x0000000080000284 (0x0900b023)
3 0x0000000080000288 (0x0910b423)
3 0x000000008000028c (0x0920b823)
3 0x0000000080000290 (0x0930bc23)
3 0x0000000080000294 (0x0b40b023)
3 0x0000000080000298 (0x0b50b423)
3 0x000000008000029c (0x0b60b823)
3 0x00000000800002a0 (0x0b70bc23)
3 0x00000000800002a4 (0x0d80b023)
3 0x00000000800002a8 (0x0d90b423)
3 0x00000000800002ac (0x0db0bc23)
3 0x00000000800002b0 (0x0fc0b023)
3 0x00000000800002b4 (0x0fd0b423)
3 0x00000000800002b8 (0x0fe0b823)
3 0x00000000800002bc (0x00002097) x 1 0x00000000800022bc
3 0x00000000800002c0 (0xe4408093) x 1 0x0000000080002100
3 0x00000000800002c4 (0x0010a427)
3 0x00000000800002c8 (0x0020a827)
3 0x00000000800002cc (0x0270ac27)
3 0x00000000800002d0 (0x0490a427)
3 0x00000000800002d4 (0x04a0a827)
3 0x00000000800002d8 (0x06c0a027)
3 0x00000000800002dc (0x06d0a427)
3 0x00000000800002e0 (0x0b50a427)
3 0x00000000800002e4 (0x0b60a827)
3 0x00000000800002e8 (0x0d90a427)
3 0x00000000800002ec (0x0da0a827)
3 0x00000000800002f0 (0x0fc0a027)
3 0x00000000800002f4 (0x0fd0a427)
3 0x00000000800002f8 (0x0fe0a827)
3 0x00000000800002fc (0x0ff0ac27)
3 0x0000000080000300 (0x00002097) x 1 0x0000000080002300
3 0x0000000080000304 (0xe0008093) x 1 0x0000000080002100
3 0x0000000080000308 (0x0000b027)
3 0x000000008000030c (0x0030bc27)
3 0x0000000080000310 (0x0240b027)
3 0x0000000080000314 (0x0250b427)
3 0x0000000080000318 (0x0260b827)
3 0x000000008000031c (0x0480b027)
3 0x0000000080000320 (0x04b0bc27)
3 0x0000000080000324 (0x06e0b827)
3 0x0000000080000328 (0x06f0bc27)
3 0x000000008000032c (0x0900b027)
3 0x0000000080000330 (0x0910b427)
3 0x0000000080000334 (0x0920b827)
3 0x0000000080000338 (0x0930bc27)
3 0x000000008000033c (0x0b40b027)
3 0x0000000080000340 (0x0b70bc27)
3 0x0000000080000344 (0x0d80b027)
3 0x0000000080000348 (0x0db0bc27)
3 0x000000008000034c (0x00100193) x 3 0x0000000000000001
3 0x0000000080000350 (0x00001f17) x30 0x0000000080001350
3 0x0000000080000354 (0xca3f2823)
3 0x0000000080000358 (0x0000006f)
3 0x0000000080000358 (0x0000006f)
3 0x0000000080000358 (0x0000006f)
3 0x0000000080000358 (0x0000006f)
3 0x0000000080000358 (0x0000006f)
3 0x0000000080000358 (0x0000006f)
3 0x0000000080000358 (0x0000006f)
3 0x0000000080000358 (0x0000006f)
3 0x0000000080000358 (0x0000006f)
3 0x0000000080000358 (0x0000006f)
3 0x0000000080000358 (0x0000006f)
3 0x0000000080000358 (0x0000006f)
3 0x0000000080000358 (0x0000006f)
3 0x0000000080000358 (0x0000006f)
3 0x0000000080000358 (0x0000006f)
3 0x0000000080000358 (0x0000006f)
3 0x0000000080000358 (0x0000006f)
3 0x0000000080000358 (0x0000006f)
3 0x0000000080000358 (0x0000006f)
3 0x0000000080000358 (0x0000006f)
3 0x0000000080000358 (0x0000006f)
3 0x0000000080000358 (0x0000006f)
3 0x0000000080000358 (0x0000006f)
3 0x0000000080000358 (0x0000006f)
3 0x0000000080000358 (0x0000006f)
3 0x0000000080000358 (0x0000006f)
3 0x0000000080000358 (0x0000006f)
3 0x0000000080000358 (0x0000006f)
3 0x0000000080000358 (0x0000006f)
3 0x0000000080000358 (0x0000006f)
3 0x0000000080000358 (0x0000006f)
3 0x0000000080000358 (0x0000006f)
3 0x0000000080000358 (0x0000006f)
3 0x0000000080000358 (0x0000006f)
3 0x0000000080000358 (0x0000006f)
3 0x0000000080000358 (0x0000006f)
3 0x0000000080000358 (0x0000006f)
3 0x0000000080000358 (0x0000006f)
3 0x0000000080000358 (0x0000006f)
3 0x0000000080000358 (0x0000006f)
3 0x0000000080000358 (0x0000006f)
3 0x0000000080000358 (0x0000006f)
3 0x0000000080000358 (0x0000006f)
3 0x0000000080000358 (0x0000006f)
3 0x0000000080000358 (0x0000006f)
3 0x0000000080000358 (0x0000006f)
3 0x0000000080000358 (0x0000006f)
3 0x0000000080000358 (0x0000006f)
3 0x0000000080000358 (0x0000006f)
3 0x0000000080000358 (0x0000006f)
3 0x0000000080000358 (0x0000006f)
3 0x0000000080000358 (0x0000006f)
3 0x0000000080000358 (0x0000006f)
3 0x0000000080000358 (0x0000006f)
3 0x0000000080000358 (0x0000006f)
3 0x0000000080000358 (0x0000006f)
3 0x0000000080000358 (0x0000006f)
3 0x0000000080000358 (0x0000006f)
3 0x0000000080000358 (0x0000006f)
3 0x0000000080000358 (0x0000006f)
3 0x0000000080000358 (0x0000006f)
3 0x0000000080000358 (0x0000006f)
3 0x0000000080000358 (0x0000006f)
3 0x0000000080000358 (0x0000006f)
3 0x0000000080000358 (0x0000006f)
3 0x0000000080000358 (0x0000006f)
3 0x0000000080000358 (0x0000006f)
3 0x0000000080000358 (0x0000006f)
3 0x0000000080000358 (0x0000006f)
3 0x0000000080000358 (0x0000006f)
3 0x0000000080000358 (0x0000006f)
3 0x0000000080000358 (0x0000006f)
3 0x0000000080000358 (0x0000006f)
3 0x0000000080000358 (0x0000006f)
3 0x0000000080000358 (0x0000006f)
3 0x0000000080000358 (0x0000006f)
3 0x0000000080000358 (0x0000006f)
3 0x0000000080000358 (0x0000006f)
3 0x0000000080000358 (0x0000006f)
3 0x0000000080000358 (0x0000006f)
3 0x0000000080000358 (0x0000006f)
3 0x0000000080000358 (0x0000006f)
3 0x0000000080000358 (0x0000006f)
3 0x0000000080000358 (0x0000006f)
3 0x0000000080000358 (0x0000006f)
3 0x0000000080000358 (0x0000006f)
3 0x0000000080000358 (0x0000006f)
3 0x0000000080000358 (0x0000006f)
3 0x0000000080000358 (0x0000006f)
3 0x0000000080000358 (0x0000006f)
3 0x0000000080000358 (0x0000006f)
3 0x0000000080000358 (0x0000006f)
3 0x0000000080000358 (0x0000006f)
3 0x0000000080000358 (0x0000006f)
3 0x0000000080000358 (0x0000006f)
3 0x0000000080000358 (0x0000006f)
3 0x0000000080000358 (0x0000006f)
3 0x0000000080000358 (0x0000006f)
3 0x0000000080000358 (0x0000006f)
3 0x0000000080000358 (0x0000006f)
3 0x0000000080000358 (0x0000006f)
3 0x0000000080000358 (0x0000006f)
3 0x0000000080000358 (0x0000006f)
3 0x0000000080000358 (0x0000006f)
