3 0x0000000000010040 (0x00000517) x10 0x0000000000010040
3 0x0000000000010044 (0xfc050513) x10 0x0000000000010000
3 0x0000000000010048 (0x30551073)
3 0x000000000001004c (0x301022f3) x 5 0x800000000014112d
3 0x0000000000010050 (0x4122d293) x 5 0xffffe00000000005
3 0x0000000000010054 (0x0012f293) x 5 0x0000000000000001
3 0x0000000000010058 (0x00028463)
3 0x000000000001005c (0x30301073)
3 0x0000000000010060 (0x00800513) x10 0x0000000000000008
3 0x0000000000010064 (0x30451073)
3 0x0000000000010068 (0x30052073)
3 0x000000000001006c (0x10500073)
3 0x0000000000010070 (0xffdff06f)
3 0x000000000001006c (0x10500073)
3 0x0000000000010070 (0xffdff06f)
3 0x0000000000010000 (0x020005b7) x11 0x0000000002000000
3 0x0000000000010004 (0xf1402573) x10 0x0000000000000000
3 0x0000000000010008 (0x00050463)
3 0x0000000000010010 (0x00458613) x12 0x0000000002000004
3 0x0000000000010014 (0x00100693) x13 0x0000000000000001
3 0x0000000000010018 (0x00d62023)
3 0x000000000001001c (0x00460613) x12 0x0000000002000008
3 0x0000000000010020 (0xffc62683) x13 0x0000000000000000
3 0x0000000000010024 (0xfe069ae3)
3 0x0000000000010028 (0x06c0006f)
3 0x0000000000010094 (0x0005a023)
3 0x0000000000010098 (0x00004537) x10 0x0000000000004000
3 0x000000000001009c (0x00053503) x10 0x0000000080000000
3 0x00000000000100a0 (0x34151073)
3 0x00000000000100a4 (0xf1402573) x10 0x0000000000000000
3 0x00000000000100a8 (0x00000597) x11 0x00000000000100a8
3 0x00000000000100ac (0x01858593) x11 0x00000000000100c0
3 0x00000000000100b0 (0x08000613) x12 0x0000000000000080
3 0x00000000000100b4 (0x30063073)
3 0x00000000000100b8 (0x30200073)
3 0x0000000080000000 (0x00010f97) x31 0x0000000080010000
3 0x0000000080000004 (0x000f8f93) x31 0x0000000080010000
3 0x0000000080000008 (0x000fb083) x 1 0x9f05fed81dab5185
3 0x000000008000000c (0x008fb103) x 2 0x1e7c9d21969e6882
3 0x0000000080000010 (0x010fb183) x 3 0x60fdc5b7b89868a3
3 0x0000000080000014 (0x018fb203) x 4 0x7c2141eba383e140
3 0x0000000080000018 (0x020fb283) x 5 0x48c00b3e5754038c
3 0x000000008000001c (0x028fb303) x 6 0xaf7f8e7a7b132067
3 0x0000000080000020 (0x030fb383) x 7 0xa4fe34e7f8099aa5
3 0x0000000080000024 (0x038fb403) x 8 0xff2593871cd0b41f
3 0x0000000080000028 (0x040fb483) x 9 0x0d18fc3b1f84197f
3 0x000000008000002c (0x048fb503) x10 0x41449e08ba8ee12d
3 0x0000000080000030 (0x050fb583) x11 0xe05b9adbb1ce0766
3 0x0000000080000034 (0x058fb603) x12 0xdd09c9008aabb033
3 0x0000000080000038 (0x060fb683) x13 0x02bace02d165657c
3 0x000000008000003c (0x068fb703) x14 0x93784dafa33b474e
3 0x0000000080000040 (0x070fb783) x15 0x1a23986ed4bfe606
3 0x0000000080000044 (0x078fb803) x16 0x62b7003cc61d3a5e
3 0x0000000080000048 (0x080fb883) x17 0x38cef02aa544b76f
3 0x000000008000004c (0x088fb903) x18 0xadbaa2d118554f4e
3 0x0000000080000050 (0x090fb983) x19 0x7894382bc64fa108
3 0x0000000080000054 (0x098fba03) x20 0x3ff10c2dbf0cc3e7
3 0x0000000080000058 (0x0a0fba83) x21 0xf43cbf5e3854f510
3 0x000000008000005c (0x0a8fbb03) x22 0xb1e174ecc93a9ab9
3 0x0000000080000060 (0x0b0fbb83) x23 0xcf85a2134375b4f8
3 0x0000000080000064 (0x0b8fbc03) x24 0x5ddaece8c1f0d622
3 0x0000000080000068 (0x0c0fbc83) x25 0x63596fde815d2b7e
3 0x000000008000006c (0x0c8fbd03) x26 0x700f536c2e1dea93
3 0x0000000080000070 (0x0d0fbd83) x27 0x2e65033937f389e9
3 0x0000000080000074 (0x0d8fbe03) x28 0xe5b683e4dd6ba8f4
3 0x0000000080000078 (0x0e0fbe83) x29 0x2202fc783f3296d3
3 0x000000008000007c (0x0e8fbf03) x30 0xa26ec901e4474b43
3 0x0000000080000080 (0x0f0fbf83) x31 0x801c27a9aea56a7d
3 0x0000000080000084 (0x3040006f)
3 0x0000000080000388 (0x30005073)
3 0x000000008000038c (0xf1402573) x10 0x0000000000000000
3 0x0000000080000390 (0x00051063)
3 0x0000000080000394 (0x00000297) x 5 0x0000000080000394
3 0x0000000080000398 (0x01828293) x 5 0x00000000800003ac
3 0x000000008000039c (0x30529073)
3 0x00000000800003a0 (0x30205073)
3 0x00000000800003a4 (0x30305073)
3 0x00000000800003a8 (0x30405073)
3 0x00000000800003ac (0x00000297) x 5 0x00000000800003ac
3 0x00000000800003b0 (0x01028293) x 5 0x00000000800003bc
3 0x00000000800003b4 (0x30529073)
3 0x00000000800003b8 (0x18005073)
3 0x00000000800003bc (0x00000297) x 5 0x00000000800003bc
3 0x00000000800003c0 (0x02428293) x 5 0x00000000800003e0
3 0x00000000800003c4 (0x30529073)
3 0x00000000800003c8 (0x0010029b) x 5 0x0000000000000001
3 0x00000000800003cc (0x03529293) x 5 0x0020000000000000
3 0x00000000800003d0 (0xfff28293) x 5 0x001fffffffffffff
3 0x00000000800003d4 (0x3b029073)
3 0x00000000800003d8 (0x01f00293) x 5 0x000000000000001f
3 0x00000000800003dc (0x3a029073)
3 0x00000000800003e0 (0x00000297) x 5 0x00000000800003e0
3 0x00000000800003e4 (0xd6428293) x 5 0x0000000080000144
3 0x00000000800003e8 (0x30529073)
3 0x00000000800003ec (0x00000193) x 3 0x0000000000000000
3 0x00000000800003f0 (0x00100513) x10 0x0000000000000001
3 0x00000000800003f4 (0x01f51513) x10 0x0000000080000000
3 0x00000000800003f8 (0x00055c63)
3 0x0000000080000410 (0x00000297) x 5 0x0000000080000410
3 0x0000000080000414 (0xd0428293) x 5 0x0000000080000114
3 0x0000000080000418 (0x10529073)
3 0x000000008000041c (0x0000b2b7) x 5 0x000000000000b000
3 0x0000000080000420 (0x1092829b) x 5 0x000000000000b109
3 0x0000000080000424 (0x3022a073)
3 0x0000000080000428 (0x00007537) x10 0x0000000000007000
3 0x000000008000042c (0x8005051b) x10 0x0000000000006800
3 0x0000000080000430 (0x30052073)
3 0x0000000080000434 (0x00305073)
3 0x0000000080000438 (0xc51ff0ef) x 1 0x000000008000043c
3 0x0000000080000088 (0x00020f97) x31 0x0000000080020088
3 0x000000008000008c (0xf78f8f93) x31 0x0000000080020000
3 0x0000000080000090 (0x000fa007) f 0 0xffffffff288559b5
3 0x0000000080000094 (0x008fa087) f 1 0xffffffff63ffc6bc
3 0x0000000080000098 (0x010fa107) f 2 0xffffffff2b0c45de
3 0x000000008000009c (0x018fb187) f 3 0x9a13ed92f5575180
3 0x00000000800000a0 (0x020fb207) f 4 0x08f957a50a6ed668
3 0x00000000800000a4 (0x028fb287) f 5 0xedac2d21305391db
3 0x00000000800000a8 (0x030fb307) f 6 0x89bc50b962af1bfc
3 0x00000000800000ac (0x038fa387) f 7 0xffffffff3087b11d
3 0x00000000800000b0 (0x040fb407) f 8 0x5a866b50f1386222
3 0x00000000800000b4 (0x048fb487) f 9 0x6245d07ef0c4e44c
3 0x00000000800000b8 (0x050fa507) f10 0xffffffffb30adce8
3 0x00000000800000bc (0x058fb587) f11 0x5a1845664e9ba13f
3 0x00000000800000c0 (0x060fb607) f12 0x46cdcb4e37f2c63b
3 0x00000000800000c4 (0x068fb687) f13 0xbabf8387107da51e
3 0x00000000800000c8 (0x070fa707) f14 0xffffffff7764e398
3 0x00000000800000cc (0x078fb787) f15 0xd12fc3af3c9dd8f7
3 0x00000000800000d0 (0x080fb807) f16 0x7835d411d87922fd
3 0x00000000800000d4 (0x088fa887) f17 0xffffffffe4e60717
3 0x00000000800000d8 (0x090fa907) f18 0xffffffff2b590ed4
3 0x00000000800000dc (0x098fa987) f19 0xffffffffbf682ac1
3 0x00000000800000e0 (0x0a0fba07) f20 0x9b7db7294eba0449
3 0x00000000800000e4 (0x0a8faa87) f21 0xffffffff5a9dc8a0
3 0x00000000800000e8 (0x0b0fbb07) f22 0x0b8755dca8cbe370
3 0x00000000800000ec (0x0b8fbb87) f23 0x87f2136f55d269cf
3 0x00000000800000f0 (0x0c0fbc07) f24 0x0aec23908037af5b
3 0x00000000800000f4 (0x0c8fbc87) f25 0x4e1372b83d545845
3 0x00000000800000f8 (0x0d0fbd07) f26 0x62c161b8c62a2a8f
3 0x00000000800000fc (0x0d8fbd87) f27 0xebabb97692c39f35
3 0x0000000080000100 (0x0e0fbe07) f28 0xbb8b0ff7f3d8a4b5
3 0x0000000080000104 (0x0e8fae87) f29 0xffffffff235f04f6
3 0x0000000080000108 (0x0f0faf07) f30 0xfffffffffe40c98c
3 0x000000008000010c (0x0f8faf87) f31 0xffffffff13876811
3 0x0000000080000110 (0x00008067)
3 0x000000008000043c (0xb0201073)
3 0x0000000080000440 (0xf1402573) x10 0x0000000000000000
3 0x0000000080000444 (0x00b5c5b3) x11 0x0000000000000000
3 0x0000000080000448 (0x00300513) x10 0x0000000000000003
3 0x000000008000044c (0x01f51513) x10 0x0000000180000000
3 0x0000000080000450 (0x00a585b3) x11 0x0000000180000000
3 0x0000000080000454 (0x14059673) x12 0x0000000000000000
3 0x0000000080000458 (0x00c64633) x12 0x0000000000000000
3 0x000000008000045c (0x00300513) x10 0x0000000000000003
3 0x0000000080000460 (0x01651513) x10 0x0000000000c00000
3 0x0000000080000464 (0x00a60633) x12 0x0000000000c00000
3 0x0000000080000468 (0x00100693) x13 0x0000000000000001
3 0x000000008000046c (0x00969693) x13 0x0000000000000200
3 0x0000000080000470 (0x00d60633) x12 0x0000000000c00200
3 0x0000000080000474 (0x180616f3) x13 0x0000000000000000
3 0x0000000080000478 (0x00b5c5b3) x11 0x0000000000000000
3 0x000000008000047c (0x00300713) x14 0x0000000000000003
3 0x0000000080000480 (0x01e71713) x14 0x00000000c0000000
3 0x0000000080000484 (0x00e585b3) x11 0x00000000c0000000
3 0x0000000080000488 (0x00300593) x11 0x0000000000000003
3 0x000000008000048c (0x01d59593) x11 0x0000000060000000
3 0x0000000080000490 (0x00b585b3) x11 0x00000000c0000000
3 0x0000000080000494 (0x00100613) x12 0x0000000000000001
3 0x0000000080000498 (0x00c61613) x12 0x0000000000001000
3 0x000000008000049c (0x00c585b3) x11 0x00000000c0001000
3 0x00000000800004a0 (0x3005a773) x14 0x8000000a00006800
3 0x00000000800004a4 (0x00000297) x 5 0x00000000800004a4
3 0x00000000800004a8 (0x01c28293) x 5 0x00000000800004c0
3 0x00000000800004ac (0x34129073)
3 0x00000000800004b0 (0x00000293) x 5 0x0000000000000000
3 0x00000000800004b4 (0x30200073)
3 0x00000000800004c0 (0xc037af53) x30 0xffffffffffffffff
3 0x00000000800004c4 (0xc021a2d3) x 5 0x7fffffffffffffff
3 0x00000000800004c8 (0x00040717) x14 0x00000000800404c8
3 0x00000000800004cc (0xc1870713) x14 0x00000000800400e0
3 0x00000000800004d0 (0x01f74283) x 5 0x000000000000004f
3 0x00000000800004d4 (0x00010397) x 7 0x00000000800104d4
3 0x00000000800004d8 (0xc1c38393) x 7 0x00000000800100f0
3 0x00000000800004dc (0x00038393) x 7 0x00000000800100f0
3 0x00000000800004e0 (0x0023a5af) x11 0xffffffffaea56a7d
3 0x00000000800004e4 (0x01ad4d33) x26 0x0000000000000000
3 0x00000000800004e8 (0x00300693) x13 0x0000000000000003
3 0x00000000800004ec (0x00d69693) x13 0x0000000000006000
3 0x00000000800004f0 (0x00dd0d33) x26 0x0000000000006000
3 0x00000000800004f4 (0x144d13f3) x 7 0x0000000000000000
3 0x00000000800004f8 (0x00010517) x10 0x00000000800104f8
3 0x00000000800004fc (0xc9850513) x10 0x0000000080010190
3 0x0000000080000500 (0x00050513) x10 0x0000000080010190
3 0x0000000080000504 (0x207533af) x 7 0xb49b7799a661ff94
3 0x0000000080000508 (0x4157d9bb) x19 0xffffffffffffd4bf
3 0x000000008000050c (0x09800f6f) x30 0x0000000080000510
3 0x00000000800005a4 (0x00020417) x 8 0x00000000800205a4
3 0x00000000800005a8 (0xb0c40413) x 8 0x00000000800200b0
3 0x00000000800005ac (0x00040413) x 8 0x00000000800200b0
3 0x00000000800005b0 (0x21b422af) x 5 0xffffffffa8cbe370
3 0x00000000800005b4 (0x033477b3) x15 0x00000000800200b0
3 0x00000000800005b8 (0x00718113) x 2 0x0000000000000007
3 0x00000000800005bc (0x43fbd393) x 7 0xffffffffffffffff
3 0x00000000800005c0 (0x0e400def) x27 0x00000000800005c4
3 0x00000000800006a4 (0x402e5cbb) x25 0xffffffffffbad751
3 0x00000000800006a8 (0x00050997) x19 0x00000000800506a8
3 0x00000000800006ac (0x9c898993) x19 0x0000000080050070
3 0x00000000800006b0 (0x01c98993) x19 0x000000008005008c
3 0x00000000800006b4 (0x0049a5af) x11 0x000000006122042f
3 0x00000000800006b8 (0x0c811663)
3 0x0000000080000784 (0x00040997) x19 0x0000000080040784
3 0x0000000080000788 (0x9cc98993) x19 0x0000000080040150
3 0x000000008000078c (0x00098993) x19 0x0000000080040150
3 0x0000000080000790 (0x0079a32f) x 6 0xffffffffc27e025f
3 0x0000000080000794 (0x00917263)
3 0x0000000080000798 (0x00020297) x 5 0x0000000080020798
3 0x000000008000079c (0x88828293) x 5 0x0000000080020020
3 0x00000000800007a0 (0x0062aa23)
3 0x00000000800007a4 (0xa0ee2853) x16 0x0000000000000000
3 0x00000000800007a8 (0x3b3cf473) x 8 0x0000000000000000
3 0x00000000800007ac (0x00030d17) x26 0x00000000800307ac
3 0x00000000800007b0 (0x944d0d13) x26 0x00000000800300f0
3 0x00000000800007b4 (0xff0d0d13) x26 0x00000000800300e0
3 0x00000000800007b8 (0x09cd33af) x 7 0x6b7f1ecf27ed9dfb
3 0x00000000800007bc (0x061b9063)
3 0x000000008000081c (0x00010e97) x29 0x000000008001081c
3 0x0000000080000820 (0x9b4e8e93) x29 0x00000000800101d0
3 0x0000000080000824 (0x010e8e93) x29 0x00000000800101e0
3 0x0000000080000828 (0x217ebdaf) x27 0xd515152615c7b193
3 0x000000008000082c (0x00060597) x11 0x000000008006082c
3 0x0000000080000830 (0x8e458593) x11 0x0000000080060110
3 0x0000000080000834 (0x0175a027)
3 0x0000000080000144 (0x00002097) x 1 0x0000000080002144
3 0x0000000080000148 (0x0bc08093) x 1 0x0000000080002200
3 0x000000008000014c (0x10002173) x 2 0x8000000200006000
3 0x0000000080000150 (0x0420bc23)
3 0x0000000080000154 (0x10402173) x 2 0x0000000000000000
3 0x0000000080000158 (0x0620b823)
3 0x000000008000015c (0x10502173) x 2 0x0000000080000114
3 0x0000000080000160 (0x0620bc23)
3 0x0000000080000164 (0x10602173) x 2 0x0000000000000000
3 0x0000000080000168 (0x0820b023)
3 0x000000008000016c (0x14002173) x 2 0x0000000180000000
3 0x0000000080000170 (0x0820b423)
3 0x0000000080000174 (0x14102173) x 2 0x0000000000000000
3 0x0000000080000178 (0x0820b823)
3 0x000000008000017c (0x14202173) x 2 0x0000000000000000
3 0x0000000080000180 (0x0820bc23)
3 0x0000000080000184 (0x14302173) x 2 0x0000000000000000
3 0x0000000080000188 (0x0a20b023)
3 0x000000008000018c (0x14402173) x 2 0x0000000000000000
3 0x0000000080000190 (0xf7f17113) x 2 0x0000000000000000
3 0x0000000080000194 (0x0a20b423)
3 0x0000000080000198 (0x18002173) x 2 0x0000000000c00200
3 0x000000008000019c (0x0a20b823)
3 0x00000000800001a0 (0xf1402173) x 2 0x0000000000000000
3 0x00000000800001a4 (0x0a20bc23)
3 0x00000000800001a8 (0x30002173) x 2 0x8000000ac0007800
3 0x00000000800001ac (0x0c20b023)
3 0x00000000800001b0 (0x30202173) x 2 0x000000000000b109
3 0x00000000800001b4 (0x0c20b423)
3 0x00000000800001b8 (0x30302173) x 2 0x0000000000000000
3 0x00000000800001bc (0x0c20b823)
3 0x00000000800001c0 (0x30402173) x 2 0x0000000000000000
3 0x00000000800001c4 (0x0c20bc23)
3 0x00000000800001c8 (0x30502173) x 2 0x0000000080000144
3 0x00000000800001cc (0x0e20b023)
3 0x00000000800001d0 (0x30602173) x 2 0x0000000000000000
3 0x00000000800001d4 (0x0e20b423)
3 0x00000000800001d8 (0x34002173) x 2 0x0000000000000000
3 0x00000000800001dc (0x0e20b823)
3 0x00000000800001e0 (0x34102173) x 2 0x0000000080000838
3 0x00000000800001e4 (0x0e20bc23)
3 0x00000000800001e8 (0x34202173) x 2 0x000000000000000b
3 0x00000000800001ec (0x1020b023)
3 0x00000000800001f0 (0x34302173) x 2 0x0000000000000073
3 0x00000000800001f4 (0x1020b423)
3 0x00000000800001f8 (0x34402173) x 2 0x0000000000000000
3 0x00000000800001fc (0xf7f17113) x 2 0x0000000000000000
3 0x0000000080000200 (0x1020b823)
3 0x0000000080000204 (0x3a002173) x 2 0x000000000000001f
3 0x0000000080000208 (0x1020bc23)
3 0x000000008000020c (0x3b002173) x 2 0x001fffffffffffff
3 0x0000000080000210 (0x1220bc23)
3 0x0000000080000214 (0x3b102173) x 2 0x0000000000000000
3 0x0000000080000218 (0x1420b023)
3 0x000000008000021c (0x3b202173) x 2 0x0000000000000000
3 0x0000000080000220 (0x1420b423)
3 0x0000000080000224 (0x3b302173) x 2 0x0000000000000000
3 0x0000000080000228 (0x1420b823)
3 0x000000008000022c (0x3b402173) x 2 0x0000000000000000
3 0x0000000080000230 (0x1420bc23)
3 0x0000000080000234 (0x3b502173) x 2 0x0000000000000000
3 0x0000000080000238 (0x1620b023)
3 0x000000008000023c (0x3b602173) x 2 0x0000000000000000
3 0x0000000080000240 (0x1620b423)
3 0x0000000080000244 (0x3b702173) x 2 0x0000000000000000
3 0x0000000080000248 (0x1620b823)
3 0x000000008000024c (0x00006537) x10 0x0000000000006000
3 0x0000000080000250 (0x30052073)
3 0x0000000080000254 (0x00102173) x 2 0x0000000000000010
3 0x0000000080000258 (0x0420b023)
3 0x000000008000025c (0x00202173) x 2 0x0000000000000000
3 0x0000000080000260 (0x0420b423)
3 0x0000000080000264 (0x00302173) x 2 0x0000000000000010
3 0x0000000080000268 (0x0420b823)
3 0x000000008000026c (0x00002097) x 1 0x000000008000226c
3 0x0000000080000270 (0xd9408093) x 1 0x0000000080002000
3 0x0000000080000274 (0x0000b023)
3 0x0000000080000278 (0x0020b823)
3 0x000000008000027c (0x0030bc23)
3 0x0000000080000280 (0x0240b023)
3 0x0000000080000284 (0x0250b423)
3 0x0000000080000288 (0x0260b823)
3 0x000000008000028c (0x0270bc23)
3 0x0000000080000290 (0x0480b023)
3 0x0000000080000294 (0x0490b423)
3 0x0000000080000298 (0x04a0b823)
3 0x000000008000029c (0x04b0bc23)
3 0x00000000800002a0 (0x06c0b023)
3 0x00000000800002a4 (0x06d0b423)
3 0x00000000800002a8 (0x06e0b823)
3 0x00000000800002ac (0x06f0bc23)
3 0x00000000800002b0 (0x0900b023)
3 0x00000000800002b4 (0x0910b423)
3 0x00000000800002b8 (0x0920b823)
3 0x00000000800002bc (0x0930bc23)
3 0x00000000800002c0 (0x0b40b023)
3 0x00000000800002c4 (0x0b50b423)
3 0x00000000800002c8 (0x0b60b823)
3 0x00000000800002cc (0x0b70bc23)
3 0x00000000800002d0 (0x0d80b023)
3 0x00000000800002d4 (0x0d90b423)
3 0x00000000800002d8 (0x0db0bc23)
3 0x00000000800002dc (0x0fc0b023)
3 0x00000000800002e0 (0x0fd0b423)
3 0x00000000800002e4 (0x0fe0b823)
3 0x00000000800002e8 (0x00002097) x 1 0x00000000800022e8
3 0x00000000800002ec (0xe1808093) x 1 0x0000000080002100
3 0x00000000800002f0 (0x0010a427)
3 0x00000000800002f4 (0x0020a827)
3 0x00000000800002f8 (0x0270ac27)
3 0x00000000800002fc (0x0490a427)
3 0x0000000080000300 (0x04a0a827)
3 0x0000000080000304 (0x06c0a027)
3 0x0000000080000308 (0x06d0a427)
3 0x000000008000030c (0x0b50a427)
3 0x0000000080000310 (0x0b60a827)
3 0x0000000080000314 (0x0d90a427)
3 0x0000000080000318 (0x0da0a827)
3 0x000000008000031c (0x0fc0a027)
3 0x0000000080000320 (0x0fd0a427)
3 0x0000000080000324 (0x0fe0a827)
3 0x0000000080000328 (0x0ff0ac27)
3 0x000000008000032c (0x00002097) x 1 0x000000008000232c
3 0x0000000080000330 (0xdd408093) x 1 0x0000000080002100
3 0x0000000080000334 (0x0000b027)
3 0x0000000080000338 (0x0030bc27)
3 0x000000008000033c (0x0240b027)
3 0x0000000080000340 (0x0250b427)
3 0x0000000080000344 (0x0260b827)
3 0x0000000080000348 (0x0480b027)
3 0x000000008000034c (0x04b0bc27)
3 0x0000000080000350 (0x06e0b827)
3 0x0000000080000354 (0x06f0bc27)
3 0x0000000080000358 (0x0900b027)
3 0x000000008000035c (0x0910b427)
3 0x0000000080000360 (0x0920b827)
3 0x0000000080000364 (0x0930bc27)
3 0x0000000080000368 (0x0b40b027)
3 0x000000008000036c (0x0b70bc27)
3 0x0000000080000370 (0x0d80b027)
3 0x0000000080000374 (0x0db0bc27)
3 0x0000000080000378 (0x00100193) x 3 0x0000000000000001
3 0x000000008000037c (0x00001f17) x30 0x000000008000137c
3 0x0000000080000380 (0xc83f2223)
3 0x0000000080000384 (0x0000006f)
3 0x0000000080000384 (0x0000006f)
3 0x0000000080000384 (0x0000006f)
3 0x0000000080000384 (0x0000006f)
3 0x0000000080000384 (0x0000006f)
3 0x0000000080000384 (0x0000006f)
3 0x0000000080000384 (0x0000006f)
3 0x0000000080000384 (0x0000006f)
3 0x0000000080000384 (0x0000006f)
3 0x0000000080000384 (0x0000006f)
3 0x0000000080000384 (0x0000006f)
3 0x0000000080000384 (0x0000006f)
3 0x0000000080000384 (0x0000006f)
3 0x0000000080000384 (0x0000006f)
3 0x0000000080000384 (0x0000006f)
3 0x0000000080000384 (0x0000006f)
3 0x0000000080000384 (0x0000006f)
3 0x0000000080000384 (0x0000006f)
3 0x0000000080000384 (0x0000006f)
3 0x0000000080000384 (0x0000006f)
3 0x0000000080000384 (0x0000006f)
3 0x0000000080000384 (0x0000006f)
3 0x0000000080000384 (0x0000006f)
3 0x0000000080000384 (0x0000006f)
3 0x0000000080000384 (0x0000006f)
3 0x0000000080000384 (0x0000006f)
3 0x0000000080000384 (0x0000006f)
3 0x0000000080000384 (0x0000006f)
3 0x0000000080000384 (0x0000006f)
3 0x0000000080000384 (0x0000006f)
3 0x0000000080000384 (0x0000006f)
3 0x0000000080000384 (0x0000006f)
3 0x0000000080000384 (0x0000006f)
3 0x0000000080000384 (0x0000006f)
3 0x0000000080000384 (0x0000006f)
3 0x0000000080000384 (0x0000006f)
3 0x0000000080000384 (0x0000006f)
3 0x0000000080000384 (0x0000006f)
3 0x0000000080000384 (0x0000006f)
3 0x0000000080000384 (0x0000006f)
3 0x0000000080000384 (0x0000006f)
3 0x0000000080000384 (0x0000006f)
3 0x0000000080000384 (0x0000006f)
3 0x0000000080000384 (0x0000006f)
3 0x0000000080000384 (0x0000006f)
3 0x0000000080000384 (0x0000006f)
3 0x0000000080000384 (0x0000006f)
3 0x0000000080000384 (0x0000006f)
3 0x0000000080000384 (0x0000006f)
3 0x0000000080000384 (0x0000006f)
3 0x0000000080000384 (0x0000006f)
3 0x0000000080000384 (0x0000006f)
3 0x0000000080000384 (0x0000006f)
3 0x0000000080000384 (0x0000006f)
3 0x0000000080000384 (0x0000006f)
3 0x0000000080000384 (0x0000006f)
3 0x0000000080000384 (0x0000006f)
3 0x0000000080000384 (0x0000006f)
3 0x0000000080000384 (0x0000006f)
3 0x0000000080000384 (0x0000006f)
3 0x0000000080000384 (0x0000006f)
3 0x0000000080000384 (0x0000006f)
3 0x0000000080000384 (0x0000006f)
3 0x0000000080000384 (0x0000006f)
3 0x0000000080000384 (0x0000006f)
3 0x0000000080000384 (0x0000006f)
3 0x0000000080000384 (0x0000006f)
3 0x0000000080000384 (0x0000006f)
3 0x0000000080000384 (0x0000006f)
3 0x0000000080000384 (0x0000006f)
3 0x0000000080000384 (0x0000006f)
3 0x0000000080000384 (0x0000006f)
3 0x0000000080000384 (0x0000006f)
3 0x0000000080000384 (0x0000006f)
3 0x0000000080000384 (0x0000006f)
3 0x0000000080000384 (0x0000006f)
3 0x0000000080000384 (0x0000006f)
3 0x0000000080000384 (0x0000006f)
3 0x0000000080000384 (0x0000006f)
3 0x0000000080000384 (0x0000006f)
3 0x0000000080000384 (0x0000006f)
3 0x0000000080000384 (0x0000006f)
3 0x0000000080000384 (0x0000006f)
3 0x0000000080000384 (0x0000006f)
3 0x0000000080000384 (0x0000006f)
3 0x0000000080000384 (0x0000006f)
3 0x0000000080000384 (0x0000006f)
3 0x0000000080000384 (0x0000006f)
3 0x0000000080000384 (0x0000006f)
3 0x0000000080000384 (0x0000006f)
3 0x0000000080000384 (0x0000006f)
3 0x0000000080000384 (0x0000006f)
3 0x0000000080000384 (0x0000006f)
3 0x0000000080000384 (0x0000006f)
3 0x0000000080000384 (0x0000006f)
3 0x0000000080000384 (0x0000006f)
3 0x0000000080000384 (0x0000006f)
3 0x0000000080000384 (0x0000006f)
3 0x0000000080000384 (0x0000006f)
3 0x0000000080000384 (0x0000006f)
3 0x0000000080000384 (0x0000006f)
3 0x0000000080000384 (0x0000006f)
3 0x0000000080000384 (0x0000006f)
3 0x0000000080000384 (0x0000006f)
3 0x0000000080000384 (0x0000006f)
3 0x0000000080000384 (0x0000006f)
3 0x0000000080000384 (0x0000006f)
3 0x0000000080000384 (0x0000006f)
3 0x0000000080000384 (0x0000006f)
3 0x0000000080000384 (0x0000006f)
3 0x0000000080000384 (0x0000006f)
3 0x0000000080000384 (0x0000006f)
3 0x0000000080000384 (0x0000006f)
3 0x0000000080000384 (0x0000006f)
3 0x0000000080000384 (0x0000006f)
3 0x0000000080000384 (0x0000006f)
3 0x0000000080000384 (0x0000006f)
3 0x0000000080000384 (0x0000006f)
3 0x0000000080000384 (0x0000006f)
3 0x0000000080000384 (0x0000006f)
3 0x0000000080000384 (0x0000006f)
3 0x0000000080000384 (0x0000006f)
3 0x0000000080000384 (0x0000006f)
3 0x0000000080000384 (0x0000006f)
3 0x0000000080000384 (0x0000006f)
3 0x0000000080000384 (0x0000006f)
3 0x0000000080000384 (0x0000006f)
3 0x0000000080000384 (0x0000006f)
3 0x0000000080000384 (0x0000006f)
3 0x0000000080000384 (0x0000006f)
3 0x0000000080000384 (0x0000006f)
3 0x0000000080000384 (0x0000006f)
3 0x0000000080000384 (0x0000006f)
3 0x0000000080000384 (0x0000006f)
3 0x0000000080000384 (0x0000006f)
3 0x0000000080000384 (0x0000006f)
3 0x0000000080000384 (0x0000006f)
3 0x0000000080000384 (0x0000006f)
3 0x0000000080000384 (0x0000006f)
3 0x0000000080000384 (0x0000006f)
3 0x0000000080000384 (0x0000006f)
3 0x0000000080000384 (0x0000006f)
3 0x0000000080000384 (0x0000006f)
3 0x0000000080000384 (0x0000006f)
3 0x0000000080000384 (0x0000006f)
3 0x0000000080000384 (0x0000006f)
3 0x0000000080000384 (0x0000006f)
3 0x0000000080000384 (0x0000006f)
3 0x0000000080000384 (0x0000006f)
3 0x0000000080000384 (0x0000006f)
3 0x0000000080000384 (0x0000006f)
3 0x0000000080000384 (0x0000006f)
3 0x0000000080000384 (0x0000006f)
3 0x0000000080000384 (0x0000006f)
3 0x0000000080000384 (0x0000006f)
3 0x0000000080000384 (0x0000006f)
3 0x0000000080000384 (0x0000006f)
3 0x0000000080000384 (0x0000006f)
3 0x0000000080000384 (0x0000006f)
3 0x0000000080000384 (0x0000006f)
3 0x0000000080000384 (0x0000006f)
