3 0x0000000000010040 (0x00000517) x10 0x0000000000010040
3 0x0000000000010044 (0xfc050513) x10 0x0000000000010000
3 0x0000000000010048 (0x30551073)
3 0x000000000001004c (0x301022f3) x 5 0x800000000014112d
3 0x0000000000010050 (0x4122d293) x 5 0xffffe00000000005
3 0x0000000000010054 (0x0012f293) x 5 0x0000000000000001
3 0x0000000000010058 (0x00028463)
3 0x000000000001005c (0x30301073)
3 0x0000000000010060 (0x00800513) x10 0x0000000000000008
3 0x0000000000010064 (0x30451073)
3 0x0000000000010068 (0x30052073)
3 0x000000000001006c (0x10500073)
3 0x0000000000010070 (0xffdff06f)
3 0x000000000001006c (0x10500073)
3 0x0000000000010070 (0xffdff06f)
3 0x0000000000010000 (0x020005b7) x11 0x0000000002000000
3 0x0000000000010004 (0xf1402573) x10 0x0000000000000000
3 0x0000000000010008 (0x00050463)
3 0x0000000000010010 (0x00458613) x12 0x0000000002000004
3 0x0000000000010014 (0x00100693) x13 0x0000000000000001
3 0x0000000000010018 (0x00d62023)
3 0x000000000001001c (0x00460613) x12 0x0000000002000008
3 0x0000000000010020 (0xffc62683) x13 0x0000000000000000
3 0x0000000000010024 (0xfe069ae3)
3 0x0000000000010028 (0x06c0006f)
3 0x0000000000010094 (0x0005a023)
3 0x0000000000010098 (0x00004537) x10 0x0000000000004000
3 0x000000000001009c (0x00053503) x10 0x0000000080000000
3 0x00000000000100a0 (0x34151073)
3 0x00000000000100a4 (0xf1402573) x10 0x0000000000000000
3 0x00000000000100a8 (0x00000597) x11 0x00000000000100a8
3 0x00000000000100ac (0x01858593) x11 0x00000000000100c0
3 0x00000000000100b0 (0x08000613) x12 0x0000000000000080
3 0x00000000000100b4 (0x30063073)
3 0x00000000000100b8 (0x30200073)
3 0x0000000080000000 (0x00010f97) x31 0x0000000080010000
3 0x0000000080000004 (0x000f8f93) x31 0x0000000080010000
3 0x0000000080000008 (0x000fb083) x 1 0x9b8f8cfb6e9d982b
3 0x000000008000000c (0x008fb103) x 2 0xb20f23b6a8817518
3 0x0000000080000010 (0x010fb183) x 3 0x091ee9568f124fcb
3 0x0000000080000014 (0x018fb203) x 4 0x06ac2861b175820f
3 0x0000000080000018 (0x020fb283) x 5 0xb94010d693a5fda5
3 0x000000008000001c (0x028fb303) x 6 0x8dd97b3ee55419ef
3 0x0000000080000020 (0x030fb383) x 7 0xce36f397641fb87f
3 0x0000000080000024 (0x038fb403) x 8 0xd5bbd4f3891c51e3
3 0x0000000080000028 (0x040fb483) x 9 0xb77fe0bd6c6d3de3
3 0x000000008000002c (0x048fb503) x10 0x7b1bac5c31bcf50a
3 0x0000000080000030 (0x050fb583) x11 0xdac1742495b09535
3 0x0000000080000034 (0x058fb603) x12 0x532062b95864aa1d
3 0x0000000080000038 (0x060fb683) x13 0xa86db437b5be3ae0
3 0x000000008000003c (0x068fb703) x14 0x5476c3f4f514978e
3 0x0000000080000040 (0x070fb783) x15 0x8acb2e60f0b3c795
3 0x0000000080000044 (0x078fb803) x16 0x33032e2a9462efe4
3 0x0000000080000048 (0x080fb883) x17 0xc86b659ac623e26a
3 0x000000008000004c (0x088fb903) x18 0xb7d522cfa8f4dbff
3 0x0000000080000050 (0x090fb983) x19 0x42ab07c5232e755d
3 0x0000000080000054 (0x098fba03) x20 0x95a47604df9e71c4
3 0x0000000080000058 (0x0a0fba83) x21 0xf9a6e917a69d5192
3 0x000000008000005c (0x0a8fbb03) x22 0x560f424b8be685c2
3 0x0000000080000060 (0x0b0fbb83) x23 0x746f207e33096a21
3 0x0000000080000064 (0x0b8fbc03) x24 0xbff669f73cd6acdd
3 0x0000000080000068 (0x0c0fbc83) x25 0x36c8fbd7e2f94785
3 0x000000008000006c (0x0c8fbd03) x26 0x4fdb8e6f2fd5b6af
3 0x0000000080000070 (0x0d0fbd83) x27 0xefffbd00ae82f570
3 0x0000000080000074 (0x0d8fbe03) x28 0x4ff2235e15ec2b93
3 0x0000000080000078 (0x0e0fbe83) x29 0x701816178cce043e
3 0x000000008000007c (0x0e8fbf03) x30 0x97c2a70c45db99fd
3 0x0000000080000080 (0x0f0fbf83) x31 0xd930cfbf14a6e6c5
3 0x0000000080000084 (0x3040006f)
3 0x0000000080000388 (0x30005073)
3 0x000000008000038c (0xf1402573) x10 0x0000000000000000
3 0x0000000080000390 (0x00051063)
3 0x0000000080000394 (0x00000297) x 5 0x0000000080000394
3 0x0000000080000398 (0x01828293) x 5 0x00000000800003ac
3 0x000000008000039c (0x30529073)
3 0x00000000800003a0 (0x30205073)
3 0x00000000800003a4 (0x30305073)
3 0x00000000800003a8 (0x30405073)
3 0x00000000800003ac (0x00000297) x 5 0x00000000800003ac
3 0x00000000800003b0 (0x01028293) x 5 0x00000000800003bc
3 0x00000000800003b4 (0x30529073)
3 0x00000000800003b8 (0x18005073)
3 0x00000000800003bc (0x00000297) x 5 0x00000000800003bc
3 0x00000000800003c0 (0x02428293) x 5 0x00000000800003e0
3 0x00000000800003c4 (0x30529073)
3 0x00000000800003c8 (0x0010029b) x 5 0x0000000000000001
3 0x00000000800003cc (0x03529293) x 5 0x0020000000000000
3 0x00000000800003d0 (0xfff28293) x 5 0x001fffffffffffff
3 0x00000000800003d4 (0x3b029073)
3 0x00000000800003d8 (0x01f00293) x 5 0x000000000000001f
3 0x00000000800003dc (0x3a029073)
3 0x00000000800003e0 (0x00000297) x 5 0x00000000800003e0
3 0x00000000800003e4 (0xd6428293) x 5 0x0000000080000144
3 0x00000000800003e8 (0x30529073)
3 0x00000000800003ec (0x00000193) x 3 0x0000000000000000
3 0x00000000800003f0 (0x00100513) x10 0x0000000000000001
3 0x00000000800003f4 (0x01f51513) x10 0x0000000080000000
3 0x00000000800003f8 (0x00055c63)
3 0x0000000080000410 (0x00000297) x 5 0x0000000080000410
3 0x0000000080000414 (0xd0428293) x 5 0x0000000080000114
3 0x0000000080000418 (0x10529073)
3 0x000000008000041c (0x0000b2b7) x 5 0x000000000000b000
3 0x0000000080000420 (0x1092829b) x 5 0x000000000000b109
3 0x0000000080000424 (0x3022a073)
3 0x0000000080000428 (0x00007537) x10 0x0000000000007000
3 0x000000008000042c (0x8005051b) x10 0x0000000000006800
3 0x0000000080000430 (0x30052073)
3 0x0000000080000434 (0x00305073)
3 0x0000000080000438 (0xc51ff0ef) x 1 0x000000008000043c
3 0x0000000080000088 (0x00020f97) x31 0x0000000080020088
3 0x000000008000008c (0xf78f8f93) x31 0x0000000080020000
3 0x0000000080000090 (0x000fa007) f 0 0xffffffff25f419aa
3 0x0000000080000094 (0x008fa087) f 1 0xffffffff83824042
3 0x0000000080000098 (0x010fa107) f 2 0xffffffff884f054b
3 0x000000008000009c (0x018fb187) f 3 0xc69a713864c45b71
3 0x00000000800000a0 (0x020fb207) f 4 0xaa7689e19deaa6ee
3 0x00000000800000a4 (0x028fb287) f 5 0xc40365e0c9cfe7e8
3 0x00000000800000a8 (0x030fb307) f 6 0xbd6b4461bffc3f53
3 0x00000000800000ac (0x038fa387) f 7 0xffffffff9af751a4
3 0x00000000800000b0 (0x040fb407) f 8 0x20957292cbe29b0a
3 0x00000000800000b4 (0x048fb487) f 9 0xdfeb8a67de1eb0c9
3 0x00000000800000b8 (0x050fa507) f10 0xffffffff72200621
3 0x00000000800000bc (0x058fb587) f11 0x736fb8c4889ab157
3 0x00000000800000c0 (0x060fb607) f12 0x02820a86fbba913f
3 0x00000000800000c4 (0x068fb687) f13 0x7ead7b649d0e9846
3 0x00000000800000c8 (0x070fa707) f14 0xffffffff09efad4e
3 0x00000000800000cc (0x078fb787) f15 0xaf465772316935d3
3 0x00000000800000d0 (0x080fb807) f16 0x9e26771a52539cfe
3 0x00000000800000d4 (0x088fa887) f17 0xffffffff6d2c3ce8
3 0x00000000800000d8 (0x090fa907) f18 0xffffffffc7a6eca7
3 0x00000000800000dc (0x098fa987) f19 0xffffffff087d934f
3 0x00000000800000e0 (0x0a0fba07) f20 0xf48d9c86d27219f5
3 0x00000000800000e4 (0x0a8faa87) f21 0xffffffff86cdca1f
3 0x00000000800000e8 (0x0b0fbb07) f22 0x0d1342258dc3b930
3 0x00000000800000ec (0x0b8fbb87) f23 0xa592abff16f1bccc
3 0x00000000800000f0 (0x0c0fbc07) f24 0xf3b3a5976a534363
3 0x00000000800000f4 (0x0c8fbc87) f25 0xd148077aa7b062e3
3 0x00000000800000f8 (0x0d0fbd07) f26 0xb54f63e72e9b0e91
3 0x00000000800000fc (0x0d8fbd87) f27 0x7fc59596a3e2a748
3 0x0000000080000100 (0x0e0fbe07) f28 0x60c648ac9de3feb7
3 0x0000000080000104 (0x0e8fae87) f29 0xffffffff4357fe97
3 0x0000000080000108 (0x0f0faf07) f30 0xffffffffb2c34efc
3 0x000000008000010c (0x0f8faf87) f31 0xffffffff00ff0b12
3 0x0000000080000110 (0x00008067)
3 0x000000008000043c (0xb0201073)
3 0x0000000080000440 (0xf1402573) x10 0x0000000000000000
3 0x0000000080000444 (0x00000697) x13 0x0000000080000444
3 0x0000000080000448 (0x03468693) x13 0x0000000080000478
3 0x000000008000044c (0x4016d693) x13 0x000000004000023c
3 0x0000000080000450 (0x3b66a5f3) x11 0x0000000000000000
3 0x0000000080000454 (0x180ff773) x14 0x0000000000000000
3 0x0000000080000458 (0x00e74733) x14 0x0000000000000000
3 0x000000008000045c (0x00300593) x11 0x0000000000000003
3 0x0000000080000460 (0x01659593) x11 0x0000000000c00000
3 0x0000000080000464 (0x00b70733) x14 0x0000000000c00000
3 0x0000000080000468 (0x00300613) x12 0x0000000000000003
3 0x000000008000046c (0x01761613) x12 0x0000000001800000
3 0x0000000080000470 (0x00c70733) x14 0x0000000002400000
3 0x0000000080000474 (0x342725f3) x11 0x8000000000000003
3 0x0000000080000478 (0x00000297) x 5 0x0000000080000478
3 0x000000008000047c (0x04828293) x 5 0x00000000800004c0
3 0x0000000080000480 (0x34129073)
3 0x0000000080000484 (0x00000293) x 5 0x0000000000000000
3 0x0000000080000488 (0x30200073)
1 0x00000000800004c0 (0xc00a7653) x12 0x000000007fffffff
1 0x00000000800004c4 (0x000d5b93) x23 0x4fdb8e6f2fd5b6af
1 0x00000000800004c8 (0x00058093) x 1 0x8000000000000003
1 0x00000000800004cc (0x00010e97) x29 0x00000000800104cc
1 0x00000000800004d0 (0xba4e8e93) x29 0x0000000080010070
1 0x00000000800004d4 (0xff0e8e93) x29 0x0000000080010060
1 0x00000000800004d8 (0xc06eacaf) x25 0xffffffffb5be3ae0
1 0x00000000800004dc (0x580719d3) f19 0xffffffff24af2739
1 0x00000000800004e0 (0x00010217) x 4 0x00000000800104e0
1 0x00000000800004e4 (0xc3020213) x 4 0x0000000080010110
1 0x00000000800004e8 (0xff020213) x 4 0x0000000080010100
1 0x00000000800004ec (0xa06236af) x13 0x2e5154ad50a72681
1 0x00000000800004f0 (0x0540026f) x 4 0x00000000800004f4
1 0x0000000080000544 (0x020b21b3) x 3 0x0000000000000000
1 0x0000000080000548 (0x010c5b13) x22 0x0000bff669f73cd6
1 0x000000008000054c (0x00020a17) x20 0x000000008002054c
1 0x0000000080000550 (0xc34a0a13) x20 0x0000000080020180
1 0x0000000080000554 (0x000a0a13) x20 0x0000000080020180
1 0x0000000080000558 (0xa09a2aaf) x21 0xffffffffb4068c52
1 0x000000008000055c (0xc02888d3) x17 0x7fffffffffffffff
1 0x0000000080000560 (0x01960bbb) x23 0x0000000035be3adf
1 0x0000000080000564 (0x294681d3) f 3 0xffffffff7fc00000
1 0x0000000080000568 (0x00030797) x15 0x0000000080030568
1 0x000000008000056c (0xb5878793) x15 0x00000000800300c0
1 0x0000000080000570 (0xfef7a423)
1 0x0000000080000574 (0xfffff5b7) x11 0xfffffffffffff000
1 0x0000000080000578 (0xf2d6c313) x 6 0xd1aeab52af58d9ac
1 0x000000008000057c (0x00030317) x 6 0x000000008003057c
1 0x0000000080000580 (0xb7430313) x 6 0x00000000800300f0
1 0x0000000080000584 (0x00430313) x 6 0x00000000800300f4
1 0x0000000080000588 (0x2023212f) x 2 0x000000007c699a32
1 0x000000008000058c (0x00050b97) x23 0x000000008005058c
1 0x0000000080000590 (0xac4b8b93) x23 0x0000000080050050
1 0x0000000080000594 (0xff4b8b93) x23 0x0000000080050044
1 0x0000000080000598 (0xa1aba72f) x14 0xffffffff840d9165
1 0x000000008000059c (0x28d193d3) f 7 0xffffffff7fc00000
1 0x00000000800005a0 (0x00010417) x 8 0x00000000800105a0
1 0x00000000800005a4 (0xbd040413) x 8 0x0000000080010170
1 0x00000000800005a8 (0xff043903) x18 0xfc18c907c056cf63
1 0x00000000800005ac (0x032c39b3) x19 0xbd092627983af294
1 0x00000000800005b0 (0x000d5793) x15 0x4fdb8e6f2fd5b6af
1 0x00000000800005b4 (0x00030297) x 5 0x00000000800305b4
1 0x00000000800005b8 (0xbdc28293) x 5 0x0000000080030190
1 0x00000000800005bc (0x00e2a823)
1 0x00000000800005c0 (0x00030e17) x28 0x00000000800305c0
1 0x00000000800005c4 (0xaf0e0e13) x28 0x00000000800300b0
1 0x00000000800005c8 (0xfe9e2223)
1 0x00000000800005cc (0x8a0e8e13) x28 0x000000008000f900
1 0x00000000800005d0 (0x28f49e53) f28 0xffffffff7fc00000
1 0x00000000800005d4 (0xe00c97d3) x15 0x0000000000000200
1 0x00000000800005d8 (0x00c64633) x12 0x0000000000000000
1 0x00000000800005dc (0x10462673) x12 0x0000000000000000
1 0x00000000800005e0 (0x00010197) x 3 0x00000000800105e0
1 0x00000000800005e4 (0xa4018193) x 3 0x0000000080010020
1 0x00000000800005e8 (0x00018193) x 3 0x0000000080010020
1 0x00000000800005ec (0x4041a1af) x 3 0xffffffff93a5fda5
1 0x00000000800005f0 (0x02a1c6b3) x13 0xffffffffffffffff
1 0x00000000800005f4 (0x00030797) x15 0x00000000800305f4
1 0x00000000800005f8 (0xafc78793) x15 0x00000000800300f0
1 0x00000000800005fc (0x0197a023)
1 0x0000000080000600 (0x03567533) x10 0x0000000000000000
1 0x0000000080000604 (0x16ea4263)
1 0x0000000080000608 (0x0263f2bb) x 5 0x00000000641fb87f
1 0x000000008000060c (0x02d778bb) x17 0xffffffff840d9165
1 0x0000000080000610 (0x00040297) x 5 0x0000000080040610
1 0x0000000080000614 (0xab028293) x 5 0x00000000800400c0
1 0x0000000080000618 (0xff92ae27)
1 0x000000008000061c (0x00020497) x 9 0x000000008002061c
1 0x0000000080000620 (0xa6448493) x 9 0x0000000080020080
1 0x0000000080000624 (0xff048493) x 9 0x0000000080020070
1 0x0000000080000628 (0x2044beaf) x29 0x4a36940309efad4e
1 0x000000008000062c (0x00020197) x 3 0x000000008002062c
1 0x0000000080000630 (0xa9418193) x 3 0x00000000800200c0
1 0x0000000080000634 (0xff81d903) x18 0x000000000000bccc
1 0x0000000080000638 (0x0098073b) x14 0x000000001464f054
1 0x000000008000063c (0x000a923b) x 4 0xffffffffb4068c52
1 0x0000000080000640 (0xb8cfc84f) f16 0xffffffff7fc00000
1 0x0000000080000644 (0x00030897) x17 0x0000000080030644
1 0x0000000080000648 (0xa1c88893) x17 0x0000000080030060
1 0x000000008000064c (0xffe89823)
1 0x0000000080000650 (0xa0af1153) x 2 0x0000000000000001
1 0x0000000080000654 (0x00060d17) x26 0x0000000080060654
1 0x0000000080000658 (0xa3cd0d13) x26 0x0000000080060090
1 0x000000008000065c (0xfe7d0c83) x25 0x000000000000004e
1 0x0000000080000660 (0x033eee3b) x28 0x0000000009efad4e
1 0x0000000080000664 (0x115e46d3) f13 0xffffffff7fc00000
1 0x0000000080000668 (0x00040117) x 2 0x0000000080040668
1 0x000000008000066c (0xb6810113) x 2 0x00000000800401d0
1 0x0000000080000670 (0xff010113) x 2 0x00000000800401c0
1 0x0000000080000674 (0x802128af) x17 0xffffffffdf1b9512
1 0x0000000080000678 (0x00030c97) x25 0x0000000080030678
1 0x000000008000067c (0x9a8c8c93) x25 0x0000000080030020
1 0x0000000080000680 (0x000c8c93) x25 0x0000000080030020
1 0x0000000080000684 (0xffe00637) x12 0xffffffffffe00000
1 0x0000000080000688 (0x00ccccb3) x25 0xffffffff7fe30020
1 0x000000008000068c (0x80ccadaf) x27 0x0000000000000000
1 0x0000000080000690 (0x00040b17) x22 0x0000000080040690
1 0x0000000080000694 (0xad0b0b13) x22 0x0000000080040160
1 0x0000000080000698 (0x000b0b13) x22 0x0000000080040160
1 0x000000008000069c (0xa1ab212f) x 2 0x00000000111f7fe1
1 0x00000000800006a0 (0x00000a17) x20 0x00000000800006a0
1 0x00000000800006a4 (0x0f4a0a13) x20 0x0000000080000794
1 0x00000000800006a8 (0x000a00e7) x 1 0x00000000800006ac
1 0x0000000080000794 (0x1415fef3) x29 0x0000000000000000
1 0x0000000080000798 (0xd0378753) f14 0xffffffff4f000301
1 0x000000008000079c (0x00b5c5b3) x11 0x0000000000000000
1 0x00000000800007a0 (0x00100393) x 7 0x0000000000000001
1 0x00000000800007a4 (0x01739393) x 7 0x0000000000800000
1 0x00000000800007a8 (0x007585b3) x11 0x0000000000800000
1 0x00000000800007ac (0x00300d93) x27 0x0000000000000003
1 0x00000000800007b0 (0x017d9d93) x27 0x0000000001800000
1 0x00000000800007b4 (0x01b585b3) x11 0x0000000002000000
1 0x00000000800007b8 (0x003597f3) x15 0x0000000000000011
1 0x00000000800007bc (0x01800bef) x23 0x00000000800007c0
1 0x00000000800007d4 (0x1426d873) x16 0x0000000000000000
1 0x00000000800007d8 (0x02be3633) x12 0x0000000000000000
3 0x0000000080000144 (0x00002097) x 1 0x0000000080002144
3 0x0000000080000148 (0x0bc08093) x 1 0x0000000080002200
3 0x000000008000014c (0x10002173) x 2 0x8000000200006000
3 0x0000000080000150 (0x0420bc23)
3 0x0000000080000154 (0x10402173) x 2 0x0000000000000000
3 0x0000000080000158 (0x0620b823)
3 0x000000008000015c (0x10502173) x 2 0x0000000080000114
3 0x0000000080000160 (0x0620bc23)
3 0x0000000080000164 (0x10602173) x 2 0x0000000000000000
3 0x0000000080000168 (0x0820b023)
3 0x000000008000016c (0x14002173) x 2 0x0000000000000000
3 0x0000000080000170 (0x0820b423)
3 0x0000000080000174 (0x14102173) x 2 0x0000000000000000
3 0x0000000080000178 (0x0820b823)
3 0x000000008000017c (0x14202173) x 2 0x000000000000000d
3 0x0000000080000180 (0x0820bc23)
3 0x0000000080000184 (0x14302173) x 2 0x0000000000000000
3 0x0000000080000188 (0x0a20b023)
3 0x000000008000018c (0x14402173) x 2 0x0000000000000000
3 0x0000000080000190 (0xf7f17113) x 2 0x0000000000000000
3 0x0000000080000194 (0x0a20b423)
3 0x0000000080000198 (0x18002173) x 2 0x0000000000000000
3 0x000000008000019c (0x0a20b823)
3 0x00000000800001a0 (0xf1402173) x 2 0x0000000000000000
3 0x00000000800001a4 (0x0a20bc23)
3 0x00000000800001a8 (0x30002173) x 2 0x8000000a00006800
3 0x00000000800001ac (0x0c20b023)
3 0x00000000800001b0 (0x30202173) x 2 0x000000000000b109
3 0x00000000800001b4 (0x0c20b423)
3 0x00000000800001b8 (0x30302173) x 2 0x0000000000000000
3 0x00000000800001bc (0x0c20b823)
3 0x00000000800001c0 (0x30402173) x 2 0x0000000000000000
3 0x00000000800001c4 (0x0c20bc23)
3 0x00000000800001c8 (0x30502173) x 2 0x0000000080000144
3 0x00000000800001cc (0x0e20b023)
3 0x00000000800001d0 (0x30602173) x 2 0x0000000000000000
3 0x00000000800001d4 (0x0e20b423)
3 0x00000000800001d8 (0x34002173) x 2 0x0000000000000000
3 0x00000000800001dc (0x0e20b823)
3 0x00000000800001e0 (0x34102173) x 2 0x00000000800007dc
3 0x00000000800001e4 (0x0e20bc23)
3 0x00000000800001e8 (0x34202173) x 2 0x0000000000000009
3 0x00000000800001ec (0x1020b023)
3 0x00000000800001f0 (0x34302173) x 2 0x0000000000000073
3 0x00000000800001f4 (0x1020b423)
3 0x00000000800001f8 (0x34402173) x 2 0x0000000000000000
3 0x00000000800001fc (0xf7f17113) x 2 0x0000000000000000
3 0x0000000080000200 (0x1020b823)
3 0x0000000080000204 (0x3a002173) x 2 0x000000000000001f
3 0x0000000080000208 (0x1020bc23)
3 0x000000008000020c (0x3b002173) x 2 0x001fffffffffffff
3 0x0000000080000210 (0x1220bc23)
3 0x0000000080000214 (0x3b102173) x 2 0x0000000000000000
3 0x0000000080000218 (0x1420b023)
3 0x000000008000021c (0x3b202173) x 2 0x0000000000000000
3 0x0000000080000220 (0x1420b423)
3 0x0000000080000224 (0x3b302173) x 2 0x0000000000000000
3 0x0000000080000228 (0x1420b823)
3 0x000000008000022c (0x3b402173) x 2 0x0000000000000000
3 0x0000000080000230 (0x1420bc23)
3 0x0000000080000234 (0x3b502173) x 2 0x0000000000000000
3 0x0000000080000238 (0x1620b023)
3 0x000000008000023c (0x3b602173) x 2 0x0000000000000000
3 0x0000000080000240 (0x1620b423)
3 0x0000000080000244 (0x3b702173) x 2 0x0000000000000000
3 0x0000000080000248 (0x1620b823)
3 0x000000008000024c (0x00006537) x10 0x0000000000006000
3 0x0000000080000250 (0x30052073)
3 0x0000000080000254 (0x00102173) x 2 0x0000000000000000
3 0x0000000080000258 (0x0420b023)
3 0x000000008000025c (0x00202173) x 2 0x0000000000000000
3 0x0000000080000260 (0x0420b423)
3 0x0000000080000264 (0x00302173) x 2 0x0000000000000000
3 0x0000000080000268 (0x0420b823)
3 0x000000008000026c (0x00002097) x 1 0x000000008000226c
3 0x0000000080000270 (0xd9408093) x 1 0x0000000080002000
3 0x0000000080000274 (0x0000b023)
3 0x0000000080000278 (0x0020b823)
3 0x000000008000027c (0x0030bc23)
3 0x0000000080000280 (0x0240b023)
3 0x0000000080000284 (0x0250b423)
3 0x0000000080000288 (0x0260b823)
3 0x000000008000028c (0x0270bc23)
3 0x0000000080000290 (0x0480b023)
3 0x0000000080000294 (0x0490b423)
3 0x0000000080000298 (0x04a0b823)
3 0x000000008000029c (0x04b0bc23)
3 0x00000000800002a0 (0x06c0b023)
3 0x00000000800002a4 (0x06d0b423)
3 0x00000000800002a8 (0x06e0b823)
3 0x00000000800002ac (0x06f0bc23)
3 0x00000000800002b0 (0x0900b023)
3 0x00000000800002b4 (0x0910b423)
3 0x00000000800002b8 (0x0920b823)
3 0x00000000800002bc (0x0930bc23)
3 0x00000000800002c0 (0x0b40b023)
3 0x00000000800002c4 (0x0b50b423)
3 0x00000000800002c8 (0x0b60b823)
3 0x00000000800002cc (0x0b70bc23)
3 0x00000000800002d0 (0x0d80b023)
3 0x00000000800002d4 (0x0d90b423)
3 0x00000000800002d8 (0x0db0bc23)
3 0x00000000800002dc (0x0fc0b023)
3 0x00000000800002e0 (0x0fd0b423)
3 0x00000000800002e4 (0x0fe0b823)
3 0x00000000800002e8 (0x00002097) x 1 0x00000000800022e8
3 0x00000000800002ec (0xe1808093) x 1 0x0000000080002100
3 0x00000000800002f0 (0x0010a427)
3 0x00000000800002f4 (0x0020a827)
3 0x00000000800002f8 (0x0270ac27)
3 0x00000000800002fc (0x0490a427)
3 0x0000000080000300 (0x04a0a827)
3 0x0000000080000304 (0x06c0a027)
3 0x0000000080000308 (0x06d0a427)
3 0x000000008000030c (0x0b50a427)
3 0x0000000080000310 (0x0b60a827)
3 0x0000000080000314 (0x0d90a427)
3 0x0000000080000318 (0x0da0a827)
3 0x000000008000031c (0x0fc0a027)
3 0x0000000080000320 (0x0fd0a427)
3 0x0000000080000324 (0x0fe0a827)
3 0x0000000080000328 (0x0ff0ac27)
3 0x000000008000032c (0x00002097) x 1 0x000000008000232c
3 0x0000000080000330 (0xdd408093) x 1 0x0000000080002100
3 0x0000000080000334 (0x0000b027)
3 0x0000000080000338 (0x0030bc27)
3 0x000000008000033c (0x0240b027)
3 0x0000000080000340 (0x0250b427)
3 0x0000000080000344 (0x0260b827)
3 0x0000000080000348 (0x0480b027)
3 0x000000008000034c (0x04b0bc27)
3 0x0000000080000350 (0x06e0b827)
3 0x0000000080000354 (0x06f0bc27)
3 0x0000000080000358 (0x0900b027)
3 0x000000008000035c (0x0910b427)
3 0x0000000080000360 (0x0920b827)
3 0x0000000080000364 (0x0930bc27)
3 0x0000000080000368 (0x0b40b027)
3 0x000000008000036c (0x0b70bc27)
3 0x0000000080000370 (0x0d80b027)
3 0x0000000080000374 (0x0db0bc27)
3 0x0000000080000378 (0x00100193) x 3 0x0000000000000001
3 0x000000008000037c (0x00001f17) x30 0x000000008000137c
3 0x0000000080000380 (0xc83f2223)
3 0x0000000080000384 (0x0000006f)
3 0x0000000080000384 (0x0000006f)
3 0x0000000080000384 (0x0000006f)
3 0x0000000080000384 (0x0000006f)
3 0x0000000080000384 (0x0000006f)
3 0x0000000080000384 (0x0000006f)
3 0x0000000080000384 (0x0000006f)
3 0x0000000080000384 (0x0000006f)
3 0x0000000080000384 (0x0000006f)
3 0x0000000080000384 (0x0000006f)
3 0x0000000080000384 (0x0000006f)
3 0x0000000080000384 (0x0000006f)
3 0x0000000080000384 (0x0000006f)
3 0x0000000080000384 (0x0000006f)
3 0x0000000080000384 (0x0000006f)
3 0x0000000080000384 (0x0000006f)
3 0x0000000080000384 (0x0000006f)
3 0x0000000080000384 (0x0000006f)
3 0x0000000080000384 (0x0000006f)
3 0x0000000080000384 (0x0000006f)
3 0x0000000080000384 (0x0000006f)
3 0x0000000080000384 (0x0000006f)
3 0x0000000080000384 (0x0000006f)
3 0x0000000080000384 (0x0000006f)
3 0x0000000080000384 (0x0000006f)
3 0x0000000080000384 (0x0000006f)
3 0x0000000080000384 (0x0000006f)
3 0x0000000080000384 (0x0000006f)
3 0x0000000080000384 (0x0000006f)
3 0x0000000080000384 (0x0000006f)
3 0x0000000080000384 (0x0000006f)
3 0x0000000080000384 (0x0000006f)
3 0x0000000080000384 (0x0000006f)
3 0x0000000080000384 (0x0000006f)
3 0x0000000080000384 (0x0000006f)
3 0x0000000080000384 (0x0000006f)
3 0x0000000080000384 (0x0000006f)
3 0x0000000080000384 (0x0000006f)
3 0x0000000080000384 (0x0000006f)
3 0x0000000080000384 (0x0000006f)
3 0x0000000080000384 (0x0000006f)
3 0x0000000080000384 (0x0000006f)
3 0x0000000080000384 (0x0000006f)
3 0x0000000080000384 (0x0000006f)
3 0x0000000080000384 (0x0000006f)
3 0x0000000080000384 (0x0000006f)
3 0x0000000080000384 (0x0000006f)
3 0x0000000080000384 (0x0000006f)
3 0x0000000080000384 (0x0000006f)
3 0x0000000080000384 (0x0000006f)
3 0x0000000080000384 (0x0000006f)
3 0x0000000080000384 (0x0000006f)
3 0x0000000080000384 (0x0000006f)
3 0x0000000080000384 (0x0000006f)
3 0x0000000080000384 (0x0000006f)
3 0x0000000080000384 (0x0000006f)
3 0x0000000080000384 (0x0000006f)
3 0x0000000080000384 (0x0000006f)
3 0x0000000080000384 (0x0000006f)
3 0x0000000080000384 (0x0000006f)
3 0x0000000080000384 (0x0000006f)
3 0x0000000080000384 (0x0000006f)
3 0x0000000080000384 (0x0000006f)
3 0x0000000080000384 (0x0000006f)
3 0x0000000080000384 (0x0000006f)
3 0x0000000080000384 (0x0000006f)
3 0x0000000080000384 (0x0000006f)
3 0x0000000080000384 (0x0000006f)
3 0x0000000080000384 (0x0000006f)
3 0x0000000080000384 (0x0000006f)
3 0x0000000080000384 (0x0000006f)
3 0x0000000080000384 (0x0000006f)
3 0x0000000080000384 (0x0000006f)
3 0x0000000080000384 (0x0000006f)
3 0x0000000080000384 (0x0000006f)
3 0x0000000080000384 (0x0000006f)
3 0x0000000080000384 (0x0000006f)
3 0x0000000080000384 (0x0000006f)
3 0x0000000080000384 (0x0000006f)
3 0x0000000080000384 (0x0000006f)
3 0x0000000080000384 (0x0000006f)
3 0x0000000080000384 (0x0000006f)
3 0x0000000080000384 (0x0000006f)
3 0x0000000080000384 (0x0000006f)
3 0x0000000080000384 (0x0000006f)
3 0x0000000080000384 (0x0000006f)
3 0x0000000080000384 (0x0000006f)
3 0x0000000080000384 (0x0000006f)
3 0x0000000080000384 (0x0000006f)
3 0x0000000080000384 (0x0000006f)
3 0x0000000080000384 (0x0000006f)
3 0x0000000080000384 (0x0000006f)
3 0x0000000080000384 (0x0000006f)
3 0x0000000080000384 (0x0000006f)
3 0x0000000080000384 (0x0000006f)
3 0x0000000080000384 (0x0000006f)
3 0x0000000080000384 (0x0000006f)
3 0x0000000080000384 (0x0000006f)
3 0x0000000080000384 (0x0000006f)
3 0x0000000080000384 (0x0000006f)
3 0x0000000080000384 (0x0000006f)
3 0x0000000080000384 (0x0000006f)
3 0x0000000080000384 (0x0000006f)
3 0x0000000080000384 (0x0000006f)
3 0x0000000080000384 (0x0000006f)
3 0x0000000080000384 (0x0000006f)
3 0x0000000080000384 (0x0000006f)
3 0x0000000080000384 (0x0000006f)
3 0x0000000080000384 (0x0000006f)
3 0x0000000080000384 (0x0000006f)
3 0x0000000080000384 (0x0000006f)
3 0x0000000080000384 (0x0000006f)
3 0x0000000080000384 (0x0000006f)
3 0x0000000080000384 (0x0000006f)
3 0x0000000080000384 (0x0000006f)
3 0x0000000080000384 (0x0000006f)
3 0x0000000080000384 (0x0000006f)
3 0x0000000080000384 (0x0000006f)
3 0x0000000080000384 (0x0000006f)
3 0x0000000080000384 (0x0000006f)
3 0x0000000080000384 (0x0000006f)
3 0x0000000080000384 (0x0000006f)
3 0x0000000080000384 (0x0000006f)
3 0x0000000080000384 (0x0000006f)
3 0x0000000080000384 (0x0000006f)
3 0x0000000080000384 (0x0000006f)
3 0x0000000080000384 (0x0000006f)
3 0x0000000080000384 (0x0000006f)
3 0x0000000080000384 (0x0000006f)
3 0x0000000080000384 (0x0000006f)
3 0x0000000080000384 (0x0000006f)
3 0x0000000080000384 (0x0000006f)
3 0x0000000080000384 (0x0000006f)
3 0x0000000080000384 (0x0000006f)
3 0x0000000080000384 (0x0000006f)
3 0x0000000080000384 (0x0000006f)
3 0x0000000080000384 (0x0000006f)
3 0x0000000080000384 (0x0000006f)
3 0x0000000080000384 (0x0000006f)
3 0x0000000080000384 (0x0000006f)
3 0x0000000080000384 (0x0000006f)
3 0x0000000080000384 (0x0000006f)
3 0x0000000080000384 (0x0000006f)
3 0x0000000080000384 (0x0000006f)
3 0x0000000080000384 (0x0000006f)
3 0x0000000080000384 (0x0000006f)
3 0x0000000080000384 (0x0000006f)
3 0x0000000080000384 (0x0000006f)
3 0x0000000080000384 (0x0000006f)
3 0x0000000080000384 (0x0000006f)
3 0x0000000080000384 (0x0000006f)
3 0x0000000080000384 (0x0000006f)
3 0x0000000080000384 (0x0000006f)
3 0x0000000080000384 (0x0000006f)
3 0x0000000080000384 (0x0000006f)
3 0x0000000080000384 (0x0000006f)
3 0x0000000080000384 (0x0000006f)
3 0x0000000080000384 (0x0000006f)
3 0x0000000080000384 (0x0000006f)
3 0x0000000080000384 (0x0000006f)
3 0x0000000080000384 (0x0000006f)
3 0x0000000080000384 (0x0000006f)
3 0x0000000080000384 (0x0000006f)
3 0x0000000080000384 (0x0000006f)
3 0x0000000080000384 (0x0000006f)
3 0x0000000080000384 (0x0000006f)
3 0x0000000080000384 (0x0000006f)
3 0x0000000080000384 (0x0000006f)
3 0x0000000080000384 (0x0000006f)
3 0x0000000080000384 (0x0000006f)
3 0x0000000080000384 (0x0000006f)
3 0x0000000080000384 (0x0000006f)
3 0x0000000080000384 (0x0000006f)
3 0x0000000080000384 (0x0000006f)
3 0x0000000080000384 (0x0000006f)
3 0x0000000080000384 (0x0000006f)
3 0x0000000080000384 (0x0000006f)
3 0x0000000080000384 (0x0000006f)
