3 0x0000000000010040 (0x00000517) x10 0x0000000000010040
3 0x0000000000010044 (0xfc050513) x10 0x0000000000010000
3 0x0000000000010048 (0x30551073)
3 0x000000000001004c (0x301022f3) x 5 0x800000000014112d
3 0x0000000000010050 (0x4122d293) x 5 0xffffe00000000005
3 0x0000000000010054 (0x0012f293) x 5 0x0000000000000001
3 0x0000000000010058 (0x00028463)
3 0x000000000001005c (0x30301073)
3 0x0000000000010060 (0x00800513) x10 0x0000000000000008
3 0x0000000000010064 (0x30451073)
3 0x0000000000010068 (0x30052073)
3 0x000000000001006c (0x10500073)
3 0x0000000000010070 (0xffdff06f)
3 0x000000000001006c (0x10500073)
3 0x0000000000010070 (0xffdff06f)
3 0x0000000000010000 (0x020005b7) x11 0x0000000002000000
3 0x0000000000010004 (0xf1402573) x10 0x0000000000000000
3 0x0000000000010008 (0x00050463)
3 0x0000000000010010 (0x00458613) x12 0x0000000002000004
3 0x0000000000010014 (0x00100693) x13 0x0000000000000001
3 0x0000000000010018 (0x00d62023)
3 0x000000000001001c (0x00460613) x12 0x0000000002000008
3 0x0000000000010020 (0xffc62683) x13 0x0000000000000000
3 0x0000000000010024 (0xfe069ae3)
3 0x0000000000010028 (0x06c0006f)
3 0x0000000000010094 (0x0005a023)
3 0x0000000000010098 (0x00004537) x10 0x0000000000004000
3 0x000000000001009c (0x00053503) x10 0x0000000080000000
3 0x00000000000100a0 (0x34151073)
3 0x00000000000100a4 (0xf1402573) x10 0x0000000000000000
3 0x00000000000100a8 (0x00000597) x11 0x00000000000100a8
3 0x00000000000100ac (0x01858593) x11 0x00000000000100c0
3 0x00000000000100b0 (0x08000613) x12 0x0000000000000080
3 0x00000000000100b4 (0x30063073)
3 0x00000000000100b8 (0x30200073)
3 0x0000000080000000 (0x00010f97) x31 0x0000000080010000
3 0x0000000080000004 (0x000f8f93) x31 0x0000000080010000
3 0x0000000080000008 (0x000fb083) x 1 0xd04eba6daefdadb1
3 0x000000008000000c (0x008fb103) x 2 0xf1677248d0e20040
3 0x0000000080000010 (0x010fb183) x 3 0xaf2d10512aecb970
3 0x0000000080000014 (0x018fb203) x 4 0x834a54f7e781e36b
3 0x0000000080000018 (0x020fb283) x 5 0xe020a99c8b4fb7e4
3 0x000000008000001c (0x028fb303) x 6 0xadcc410724fec286
3 0x0000000080000020 (0x030fb383) x 7 0x9da5c1d756bd0dca
3 0x0000000080000024 (0x038fb403) x 8 0x8bc9161799711601
3 0x0000000080000028 (0x040fb483) x 9 0x4a99bad878bcf336
3 0x000000008000002c (0x048fb503) x10 0xc94dcd6ca91d2948
3 0x0000000080000030 (0x050fb583) x11 0x6b6d1b3e22446c81
3 0x0000000080000034 (0x058fb603) x12 0x0dd7efc0350ae4ba
3 0x0000000080000038 (0x060fb683) x13 0xbfc3dfcc4e2bf1e9
3 0x000000008000003c (0x068fb703) x14 0x1eb1ab31399a72c3
3 0x0000000080000040 (0x070fb783) x15 0x49c274f2e67dec27
3 0x0000000080000044 (0x078fb803) x16 0xe66ee0016279ab3f
3 0x0000000080000048 (0x080fb883) x17 0x8522fd4ee0c57a05
3 0x000000008000004c (0x088fb903) x18 0xb6829c7bc1cf012c
3 0x0000000080000050 (0x090fb983) x19 0x784c75af6a95e646
3 0x0000000080000054 (0x098fba03) x20 0x93798b9f044a5ddf
3 0x0000000080000058 (0x0a0fba83) x21 0x55addb3abc348ce4
3 0x000000008000005c (0x0a8fbb03) x22 0x523794cc4c6cd727
3 0x0000000080000060 (0x0b0fbb83) x23 0xb3d1cd16a9cf53de
3 0x0000000080000064 (0x0b8fbc03) x24 0x94b8335fa3f530bc
3 0x0000000080000068 (0x0c0fbc83) x25 0xa32c032ad702515a
3 0x000000008000006c (0x0c8fbd03) x26 0x062a992c9722fd29
3 0x0000000080000070 (0x0d0fbd83) x27 0xa31654de6dbf4a0b
3 0x0000000080000074 (0x0d8fbe03) x28 0x2153656911c3868c
3 0x0000000080000078 (0x0e0fbe83) x29 0x58f48fe684cbb891
3 0x000000008000007c (0x0e8fbf03) x30 0x7d8bbb842ef5c29d
3 0x0000000080000080 (0x0f0fbf83) x31 0xdd564b8b53c37d01
3 0x0000000080000084 (0x2d80006f)
3 0x000000008000035c (0x30005073)
3 0x0000000080000360 (0xf1402573) x10 0x0000000000000000
3 0x0000000080000364 (0x00051063)
3 0x0000000080000368 (0x00000297) x 5 0x0000000080000368
3 0x000000008000036c (0x01828293) x 5 0x0000000080000380
3 0x0000000080000370 (0x30529073)
3 0x0000000080000374 (0x30205073)
3 0x0000000080000378 (0x30305073)
3 0x000000008000037c (0x30405073)
3 0x0000000080000380 (0x00000297) x 5 0x0000000080000380
3 0x0000000080000384 (0x01028293) x 5 0x0000000080000390
3 0x0000000080000388 (0x30529073)
3 0x000000008000038c (0x18005073)
3 0x0000000080000390 (0x00000297) x 5 0x0000000080000390
3 0x0000000080000394 (0x02428293) x 5 0x00000000800003b4
3 0x0000000080000398 (0x30529073)
3 0x000000008000039c (0x0010029b) x 5 0x0000000000000001
3 0x00000000800003a0 (0x03529293) x 5 0x0020000000000000
3 0x00000000800003a4 (0xfff28293) x 5 0x001fffffffffffff
3 0x00000000800003a8 (0x3b029073)
3 0x00000000800003ac (0x01f00293) x 5 0x000000000000001f
3 0x00000000800003b0 (0x3a029073)
3 0x00000000800003b4 (0x00000297) x 5 0x00000000800003b4
3 0x00000000800003b8 (0xd6428293) x 5 0x0000000080000118
3 0x00000000800003bc (0x30529073)
3 0x00000000800003c0 (0x00000193) x 3 0x0000000000000000
3 0x00000000800003c4 (0x00100513) x10 0x0000000000000001
3 0x00000000800003c8 (0x01f51513) x10 0x0000000080000000
3 0x00000000800003cc (0x00055c63)
3 0x00000000800003e4 (0x00000297) x 5 0x00000000800003e4
3 0x00000000800003e8 (0xd3028293) x 5 0x0000000080000114
3 0x00000000800003ec (0x10529073)
3 0x00000000800003f0 (0x0000b2b7) x 5 0x000000000000b000
3 0x00000000800003f4 (0x1092829b) x 5 0x000000000000b109
3 0x00000000800003f8 (0x3022a073)
3 0x00000000800003fc (0x00008537) x10 0x0000000000008000
3 0x0000000080000400 (0x8005051b) x10 0x0000000000007800
3 0x0000000080000404 (0x30052073)
3 0x0000000080000408 (0x00305073)
3 0x000000008000040c (0xc7dff0ef) x 1 0x0000000080000410
3 0x0000000080000088 (0x00020f97) x31 0x0000000080020088
3 0x000000008000008c (0xf78f8f93) x31 0x0000000080020000
3 0x0000000080000090 (0x000fa007) f 0 0xfffffffffa8a02cd
3 0x0000000080000094 (0x008fa087) f 1 0xffffffff7391d753
3 0x0000000080000098 (0x010fa107) f 2 0xffffffffab92768a
3 0x000000008000009c (0x018fb187) f 3 0xa16b4b414378b0d2
3 0x00000000800000a0 (0x020fb207) f 4 0x3b8805449db15cbe
3 0x00000000800000a4 (0x028fb287) f 5 0x2b19243ecee686a1
3 0x00000000800000a8 (0x030fb307) f 6 0x271db10310b4208a
3 0x00000000800000ac (0x038fa387) f 7 0xffffffffd66b1353
3 0x00000000800000b0 (0x040fb407) f 8 0xc304760f92efad93
3 0x00000000800000b4 (0x048fb487) f 9 0x8e76efb8d680de68
3 0x00000000800000b8 (0x050fa507) f10 0xffffffffc4aa4bef
3 0x00000000800000bc (0x058fb587) f11 0xf6c91ea174040293
3 0x00000000800000c0 (0x060fb607) f12 0xa26af89e2031fd23
3 0x00000000800000c4 (0x068fb687) f13 0x761d99bdfd37a50a
3 0x00000000800000c8 (0x070fa707) f14 0xffffffffaa67bc4e
3 0x00000000800000cc (0x078fb787) f15 0x8d7962c4904173ec
3 0x00000000800000d0 (0x080fb807) f16 0xf5b56b5054a826ee
3 0x00000000800000d4 (0x088fa887) f17 0xffffffff9f755d16
3 0x00000000800000d8 (0x090fa907) f18 0xffffffffe03948b6
3 0x00000000800000dc (0x098fa987) f19 0xffffffffb2b4614a
3 0x00000000800000e0 (0x0a0fba07) f20 0xc21264012d98410e
3 0x00000000800000e4 (0x0a8faa87) f21 0xffffffff951388ee
3 0x00000000800000e8 (0x0b0fbb07) f22 0x13fa9a4461785e5a
3 0x00000000800000ec (0x0b8fbb87) f23 0x4662135fe796d808
3 0x00000000800000f0 (0x0c0fbc07) f24 0x213a8436c2011cd4
3 0x00000000800000f4 (0x0c8fbc87) f25 0xa5087b41a5461026
3 0x00000000800000f8 (0x0d0fbd07) f26 0x8db3bf04964196b4
3 0x00000000800000fc (0x0d8fbd87) f27 0xec946a6ea129f161
3 0x0000000080000100 (0x0e0fbe07) f28 0x78ae1f87fe8fd485
3 0x0000000080000104 (0x0e8fae87) f29 0xffffffff2fb0cb66
3 0x0000000080000108 (0x0f0faf07) f30 0xffffffff17fa8df4
3 0x000000008000010c (0x0f8faf87) f31 0xffffffff354d72b3
3 0x0000000080000110 (0x00008067)
3 0x0000000080000410 (0xb0201073)
3 0x0000000080000414 (0xf1402573) x10 0x0000000000000000
3 0x0000000080000418 (0x00000617) x12 0x0000000080000418
3 0x000000008000041c (0x00060613) x12 0x0000000080000418
3 0x0000000080000420 (0x40165613) x12 0x000000004000020c
3 0x0000000080000424 (0x3b263673) x12 0x0000000000000000
3 0x0000000080000428 (0x3009e6f3) x13 0x8000000a00007800
3 0x000000008000042c (0x3b7ae773) x14 0x0000000000000000
3 0x0000000080000430 (0x00000297) x 5 0x0000000080000430
3 0x0000000080000434 (0x05028293) x 5 0x0000000080000480
3 0x0000000080000438 (0x34129073)
3 0x000000008000043c (0x00000293) x 5 0x0000000000000000
3 0x0000000080000440 (0x30200073)
3 0x0000000080000480 (0x0357e033)
3 0x0000000080000484 (0x00050997) x19 0x0000000080050484
3 0x0000000080000488 (0xc5c98993) x19 0x00000000800500e0
3 0x000000008000048c (0xff498993) x19 0x00000000800500d4
3 0x0000000080000490 (0xe029aaaf) x21 0xffffffffdf286704
3 0x0000000080000494 (0xc01c3953) x18 0xffffffffffffffff
3 0x0000000080000498 (0x00030997) x19 0x0000000080030498
3 0x000000008000049c (0xc8898993) x19 0x0000000080030120
3 0x00000000800004a0 (0xff498993) x19 0x0000000080030114
3 0x00000000800004a4 (0xe0f9a42f) x 8 0x0000000029163b7a
3 0x00000000800004a8 (0x26e46e63)
3 0x00000000800004ac (0xfeba0313) x 6 0x93798b9f044a5dca
3 0x00000000800004b0 (0x09c73c53) f24 0xffffffff7fc00000
3 0x00000000800004b4 (0x00e74733) x14 0x0000000000000000
3 0x00000000800004b8 (0x10071d73) x26 0x8000000200006002
3 0x00000000800004bc (0x42c35993) x19 0xfffffffffff93798
3 0x00000000800004c0 (0x018306bb) x13 0xffffffffa83f8e86
3 0x00000000800004c4 (0x0184d2bb) x 5 0x0000000000000007
3 0x00000000800004c8 (0x00030517) x10 0x00000000800304c8
3 0x00000000800004cc (0xc4850513) x10 0x0000000080030110
3 0x00000000800004d0 (0x01250283) x 5 0xfffffffffffffff1
3 0x00000000800004d4 (0x0094c4b3) x 9 0x0000000000000000
3 0x00000000800004d8 (0x00100893) x17 0x0000000000000001
3 0x00000000800004dc (0x00489893) x17 0x0000000000000010
3 0x00000000800004e0 (0x011484b3) x 9 0x0000000000000010
3 0x00000000800004e4 (0x00300893) x17 0x0000000000000003
3 0x00000000800004e8 (0x01889893) x17 0x0000000003000000
3 0x00000000800004ec (0x011484b3) x 9 0x0000000003000010
3 0x00000000800004f0 (0x00300b13) x22 0x0000000000000003
3 0x00000000800004f4 (0x004b1b13) x22 0x0000000000000030
3 0x00000000800004f8 (0x016484b3) x 9 0x0000000003000040
3 0x00000000800004fc (0x3434bc73) x24 0x0000000010500073
3 0x0000000080000500 (0x00010397) x 7 0x0000000080010500
3 0x0000000080000504 (0xb4038393) x 7 0x0000000080010040
3 0x0000000080000508 (0x00438393) x 7 0x0000000080010044
3 0x000000008000050c (0x0863a12f) x 2 0x000000004a99bad8
3 0x0000000080000118 (0x00002097) x 1 0x0000000080002118
3 0x000000008000011c (0x0e808093) x 1 0x0000000080002200
3 0x0000000080000120 (0x10002173) x 2 0x0000000200000000
3 0x0000000080000124 (0x0420bc23)
3 0x0000000080000128 (0x10402173) x 2 0x0000000000000000
3 0x000000008000012c (0x0620b823)
3 0x0000000080000130 (0x10502173) x 2 0x0000000080000114
3 0x0000000080000134 (0x0620bc23)
3 0x0000000080000138 (0x10602173) x 2 0x0000000000000000
3 0x000000008000013c (0x0820b023)
3 0x0000000080000140 (0x14002173) x 2 0x0000000000000000
3 0x0000000080000144 (0x0820b423)
3 0x0000000080000148 (0x14102173) x 2 0x0000000000000000
3 0x000000008000014c (0x0820b823)
3 0x0000000080000150 (0x14202173) x 2 0x0000000000000000
3 0x0000000080000154 (0x0820bc23)
3 0x0000000080000158 (0x14302173) x 2 0x0000000000000000
3 0x000000008000015c (0x0a20b023)
3 0x0000000080000160 (0x14402173) x 2 0x0000000000000000
3 0x0000000080000164 (0xf7f17113) x 2 0x0000000000000000
3 0x0000000080000168 (0x0a20b423)
3 0x000000008000016c (0x18002173) x 2 0x0000000000000000
3 0x0000000080000170 (0x0a20b823)
3 0x0000000080000174 (0xf1402173) x 2 0x0000000000000000
3 0x0000000080000178 (0x0a20bc23)
3 0x000000008000017c (0x30002173) x 2 0x0000000a00001800
3 0x0000000080000180 (0x0c20b023)
3 0x0000000080000184 (0x30202173) x 2 0x000000000000b109
3 0x0000000080000188 (0x0c20b423)
3 0x000000008000018c (0x30302173) x 2 0x0000000000000000
3 0x0000000080000190 (0x0c20b823)
3 0x0000000080000194 (0x30402173) x 2 0x0000000000000000
3 0x0000000080000198 (0x0c20bc23)
3 0x000000008000019c (0x30502173) x 2 0x0000000080000118
3 0x00000000800001a0 (0x0e20b023)
3 0x00000000800001a4 (0x30602173) x 2 0x0000000000000000
3 0x00000000800001a8 (0x0e20b423)
3 0x00000000800001ac (0x34002173) x 2 0x0000000000000000
3 0x00000000800001b0 (0x0e20b823)
3 0x00000000800001b4 (0x34102173) x 2 0x0000000080000510
3 0x00000000800001b8 (0x0e20bc23)
3 0x00000000800001bc (0x34202173) x 2 0x0000000000000002
3 0x00000000800001c0 (0x1020b023)
3 0x00000000800001c4 (0x34302173) x 2 0x00000000084230d3
3 0x00000000800001c8 (0x1020b423)
3 0x00000000800001cc (0x34402173) x 2 0x0000000000000000
3 0x00000000800001d0 (0xf7f17113) x 2 0x0000000000000000
3 0x00000000800001d4 (0x1020b823)
3 0x00000000800001d8 (0x3a002173) x 2 0x000000000000001f
3 0x00000000800001dc (0x1020bc23)
3 0x00000000800001e0 (0x3b002173) x 2 0x001fffffffffffff
3 0x00000000800001e4 (0x1220bc23)
3 0x00000000800001e8 (0x3b102173) x 2 0x0000000000000000
3 0x00000000800001ec (0x1420b023)
3 0x00000000800001f0 (0x3b202173) x 2 0x0000000000000000
3 0x00000000800001f4 (0x1420b423)
3 0x00000000800001f8 (0x3b302173) x 2 0x0000000000000000
3 0x00000000800001fc (0x1420b823)
3 0x0000000080000200 (0x3b402173) x 2 0x0000000000000000
3 0x0000000080000204 (0x1420bc23)
3 0x0000000080000208 (0x3b502173) x 2 0x0000000000000000
3 0x000000008000020c (0x1620b023)
3 0x0000000080000210 (0x3b602173) x 2 0x0000000000000000
3 0x0000000080000214 (0x1620b423)
3 0x0000000080000218 (0x3b702173) x 2 0x0000000000000000
3 0x000000008000021c (0x1620b823)
3 0x0000000080000220 (0x00006537) x10 0x0000000000006000
3 0x0000000080000224 (0x30052073)
3 0x0000000080000228 (0x00102173) x 2 0x0000000000000010
3 0x000000008000022c (0x0420b023)
3 0x0000000080000230 (0x00202173) x 2 0x0000000000000000
3 0x0000000080000234 (0x0420b423)
3 0x0000000080000238 (0x00302173) x 2 0x0000000000000010
3 0x000000008000023c (0x0420b823)
3 0x0000000080000240 (0x00002097) x 1 0x0000000080002240
3 0x0000000080000244 (0xdc008093) x 1 0x0000000080002000
3 0x0000000080000248 (0x0000b023)
3 0x000000008000024c (0x0020b823)
3 0x0000000080000250 (0x0030bc23)
3 0x0000000080000254 (0x0240b023)
3 0x0000000080000258 (0x0250b423)
3 0x000000008000025c (0x0260b823)
3 0x0000000080000260 (0x0270bc23)
3 0x0000000080000264 (0x0480b023)
3 0x0000000080000268 (0x0490b423)
3 0x000000008000026c (0x04a0b823)
3 0x0000000080000270 (0x04b0bc23)
3 0x0000000080000274 (0x06c0b023)
3 0x0000000080000278 (0x06d0b423)
3 0x000000008000027c (0x06e0b823)
3 0x0000000080000280 (0x06f0bc23)
3 0x0000000080000284 (0x0900b023)
3 0x0000000080000288 (0x0910b423)
3 0x000000008000028c (0x0920b823)
3 0x0000000080000290 (0x0930bc23)
3 0x0000000080000294 (0x0b40b023)
3 0x0000000080000298 (0x0b50b423)
3 0x000000008000029c (0x0b60b823)
3 0x00000000800002a0 (0x0b70bc23)
3 0x00000000800002a4 (0x0d80b023)
3 0x00000000800002a8 (0x0d90b423)
3 0x00000000800002ac (0x0db0bc23)
3 0x00000000800002b0 (0x0fc0b023)
3 0x00000000800002b4 (0x0fd0b423)
3 0x00000000800002b8 (0x0fe0b823)
3 0x00000000800002bc (0x00002097) x 1 0x00000000800022bc
3 0x00000000800002c0 (0xe4408093) x 1 0x0000000080002100
3 0x00000000800002c4 (0x0010a427)
3 0x00000000800002c8 (0x0020a827)
3 0x00000000800002cc (0x0270ac27)
3 0x00000000800002d0 (0x0490a427)
3 0x00000000800002d4 (0x04a0a827)
3 0x00000000800002d8 (0x06c0a027)
3 0x00000000800002dc (0x06d0a427)
3 0x00000000800002e0 (0x0b50a427)
3 0x00000000800002e4 (0x0b60a827)
3 0x00000000800002e8 (0x0d90a427)
3 0x00000000800002ec (0x0da0a827)
3 0x00000000800002f0 (0x0fc0a027)
3 0x00000000800002f4 (0x0fd0a427)
3 0x00000000800002f8 (0x0fe0a827)
3 0x00000000800002fc (0x0ff0ac27)
3 0x0000000080000300 (0x00002097) x 1 0x0000000080002300
3 0x0000000080000304 (0xe0008093) x 1 0x0000000080002100
3 0x0000000080000308 (0x0000b027)
3 0x000000008000030c (0x0030bc27)
3 0x0000000080000310 (0x0240b027)
3 0x0000000080000314 (0x0250b427)
3 0x0000000080000318 (0x0260b827)
3 0x000000008000031c (0x0480b027)
3 0x0000000080000320 (0x04b0bc27)
3 0x0000000080000324 (0x06e0b827)
3 0x0000000080000328 (0x06f0bc27)
3 0x000000008000032c (0x0900b027)
3 0x0000000080000330 (0x0910b427)
3 0x0000000080000334 (0x0920b827)
3 0x0000000080000338 (0x0930bc27)
3 0x000000008000033c (0x0b40b027)
3 0x0000000080000340 (0x0b70bc27)
3 0x0000000080000344 (0x0d80b027)
3 0x0000000080000348 (0x0db0bc27)
3 0x000000008000034c (0x00100193) x 3 0x0000000000000001
3 0x0000000080000350 (0x00001f17) x30 0x0000000080001350
3 0x0000000080000354 (0xca3f2823)
3 0x0000000080000358 (0x0000006f)
3 0x0000000080000358 (0x0000006f)
3 0x0000000080000358 (0x0000006f)
3 0x0000000080000358 (0x0000006f)
3 0x0000000080000358 (0x0000006f)
3 0x0000000080000358 (0x0000006f)
3 0x0000000080000358 (0x0000006f)
3 0x0000000080000358 (0x0000006f)
3 0x0000000080000358 (0x0000006f)
3 0x0000000080000358 (0x0000006f)
3 0x0000000080000358 (0x0000006f)
3 0x0000000080000358 (0x0000006f)
3 0x0000000080000358 (0x0000006f)
3 0x0000000080000358 (0x0000006f)
3 0x0000000080000358 (0x0000006f)
3 0x0000000080000358 (0x0000006f)
3 0x0000000080000358 (0x0000006f)
3 0x0000000080000358 (0x0000006f)
3 0x0000000080000358 (0x0000006f)
3 0x0000000080000358 (0x0000006f)
3 0x0000000080000358 (0x0000006f)
3 0x0000000080000358 (0x0000006f)
3 0x0000000080000358 (0x0000006f)
3 0x0000000080000358 (0x0000006f)
3 0x0000000080000358 (0x0000006f)
3 0x0000000080000358 (0x0000006f)
3 0x0000000080000358 (0x0000006f)
3 0x0000000080000358 (0x0000006f)
3 0x0000000080000358 (0x0000006f)
3 0x0000000080000358 (0x0000006f)
3 0x0000000080000358 (0x0000006f)
3 0x0000000080000358 (0x0000006f)
3 0x0000000080000358 (0x0000006f)
3 0x0000000080000358 (0x0000006f)
3 0x0000000080000358 (0x0000006f)
3 0x0000000080000358 (0x0000006f)
3 0x0000000080000358 (0x0000006f)
3 0x0000000080000358 (0x0000006f)
3 0x0000000080000358 (0x0000006f)
3 0x0000000080000358 (0x0000006f)
3 0x0000000080000358 (0x0000006f)
3 0x0000000080000358 (0x0000006f)
3 0x0000000080000358 (0x0000006f)
3 0x0000000080000358 (0x0000006f)
3 0x0000000080000358 (0x0000006f)
3 0x0000000080000358 (0x0000006f)
3 0x0000000080000358 (0x0000006f)
3 0x0000000080000358 (0x0000006f)
3 0x0000000080000358 (0x0000006f)
3 0x0000000080000358 (0x0000006f)
3 0x0000000080000358 (0x0000006f)
3 0x0000000080000358 (0x0000006f)
3 0x0000000080000358 (0x0000006f)
3 0x0000000080000358 (0x0000006f)
3 0x0000000080000358 (0x0000006f)
3 0x0000000080000358 (0x0000006f)
3 0x0000000080000358 (0x0000006f)
3 0x0000000080000358 (0x0000006f)
3 0x0000000080000358 (0x0000006f)
3 0x0000000080000358 (0x0000006f)
3 0x0000000080000358 (0x0000006f)
3 0x0000000080000358 (0x0000006f)
3 0x0000000080000358 (0x0000006f)
3 0x0000000080000358 (0x0000006f)
3 0x0000000080000358 (0x0000006f)
3 0x0000000080000358 (0x0000006f)
3 0x0000000080000358 (0x0000006f)
3 0x0000000080000358 (0x0000006f)
3 0x0000000080000358 (0x0000006f)
3 0x0000000080000358 (0x0000006f)
3 0x0000000080000358 (0x0000006f)
3 0x0000000080000358 (0x0000006f)
3 0x0000000080000358 (0x0000006f)
3 0x0000000080000358 (0x0000006f)
3 0x0000000080000358 (0x0000006f)
3 0x0000000080000358 (0x0000006f)
3 0x0000000080000358 (0x0000006f)
3 0x0000000080000358 (0x0000006f)
3 0x0000000080000358 (0x0000006f)
3 0x0000000080000358 (0x0000006f)
3 0x0000000080000358 (0x0000006f)
3 0x0000000080000358 (0x0000006f)
3 0x0000000080000358 (0x0000006f)
3 0x0000000080000358 (0x0000006f)
3 0x0000000080000358 (0x0000006f)
3 0x0000000080000358 (0x0000006f)
3 0x0000000080000358 (0x0000006f)
3 0x0000000080000358 (0x0000006f)
3 0x0000000080000358 (0x0000006f)
3 0x0000000080000358 (0x0000006f)
3 0x0000000080000358 (0x0000006f)
3 0x0000000080000358 (0x0000006f)
3 0x0000000080000358 (0x0000006f)
3 0x0000000080000358 (0x0000006f)
3 0x0000000080000358 (0x0000006f)
3 0x0000000080000358 (0x0000006f)
3 0x0000000080000358 (0x0000006f)
3 0x0000000080000358 (0x0000006f)
3 0x0000000080000358 (0x0000006f)
3 0x0000000080000358 (0x0000006f)
3 0x0000000080000358 (0x0000006f)
3 0x0000000080000358 (0x0000006f)
3 0x0000000080000358 (0x0000006f)
