3 0x0000000000010040 (0x00000517) x10 0x0000000000010040
3 0x0000000000010044 (0xfc050513) x10 0x0000000000010000
3 0x0000000000010048 (0x30551073)
3 0x000000000001004c (0x301022f3) x 5 0x800000000014112d
3 0x0000000000010050 (0x4122d293) x 5 0xffffe00000000005
3 0x0000000000010054 (0x0012f293) x 5 0x0000000000000001
3 0x0000000000010058 (0x00028463)
3 0x000000000001005c (0x30301073)
3 0x0000000000010060 (0x00800513) x10 0x0000000000000008
3 0x0000000000010064 (0x30451073)
3 0x0000000000010068 (0x30052073)
3 0x000000000001006c (0x10500073)
3 0x0000000000010070 (0xffdff06f)
3 0x000000000001006c (0x10500073)
3 0x0000000000010070 (0xffdff06f)
3 0x0000000000010000 (0x020005b7) x11 0x0000000002000000
3 0x0000000000010004 (0xf1402573) x10 0x0000000000000000
3 0x0000000000010008 (0x00050463)
3 0x0000000000010010 (0x00458613) x12 0x0000000002000004
3 0x0000000000010014 (0x00100693) x13 0x0000000000000001
3 0x0000000000010018 (0x00d62023)
3 0x000000000001001c (0x00460613) x12 0x0000000002000008
3 0x0000000000010020 (0xffc62683) x13 0x0000000000000000
3 0x0000000000010024 (0xfe069ae3)
3 0x0000000000010028 (0x06c0006f)
3 0x0000000000010094 (0x0005a023)
3 0x0000000000010098 (0x00004537) x10 0x0000000000004000
3 0x000000000001009c (0x00053503) x10 0x0000000080000000
3 0x00000000000100a0 (0x34151073)
3 0x00000000000100a4 (0xf1402573) x10 0x0000000000000000
3 0x00000000000100a8 (0x00000597) x11 0x00000000000100a8
3 0x00000000000100ac (0x01858593) x11 0x00000000000100c0
3 0x00000000000100b0 (0x08000613) x12 0x0000000000000080
3 0x00000000000100b4 (0x30063073)
3 0x00000000000100b8 (0x30200073)
3 0x0000000080000000 (0x00010f97) x31 0x0000000080010000
3 0x0000000080000004 (0x000f8f93) x31 0x0000000080010000
3 0x0000000080000008 (0x000fb083) x 1 0x18c533f9c175ec5f
3 0x000000008000000c (0x008fb103) x 2 0x91f4a0a2f9f10b28
3 0x0000000080000010 (0x010fb183) x 3 0x91e4e83231555cb8
3 0x0000000080000014 (0x018fb203) x 4 0x998f26e154185176
3 0x0000000080000018 (0x020fb283) x 5 0xc16d2c2f35d223e3
3 0x000000008000001c (0x028fb303) x 6 0x1bf0e76f5bffd8c2
3 0x0000000080000020 (0x030fb383) x 7 0xce91124246a3ce97
3 0x0000000080000024 (0x038fb403) x 8 0x96d2f473d73d7377
3 0x0000000080000028 (0x040fb483) x 9 0x6c82c07475076eec
3 0x000000008000002c (0x048fb503) x10 0xcd4651bd010b69af
3 0x0000000080000030 (0x050fb583) x11 0xbbca7e3d44e4d74a
3 0x0000000080000034 (0x058fb603) x12 0xf059cf02a708c66a
3 0x0000000080000038 (0x060fb683) x13 0xd2db807572423455
3 0x000000008000003c (0x068fb703) x14 0xc4903e2e3f9d8732
3 0x0000000080000040 (0x070fb783) x15 0xa18fc6b813c90754
3 0x0000000080000044 (0x078fb803) x16 0xc9610c262162e320
3 0x0000000080000048 (0x080fb883) x17 0xf255dc30bb835779
3 0x000000008000004c (0x088fb903) x18 0x4707c17c34089932
3 0x0000000080000050 (0x090fb983) x19 0x7eba29dc22b4d076
3 0x0000000080000054 (0x098fba03) x20 0x464cb6c5301afaa8
3 0x0000000080000058 (0x0a0fba83) x21 0xed89623aed8a2ffc
3 0x000000008000005c (0x0a8fbb03) x22 0xbb751a7b2631c3fe
3 0x0000000080000060 (0x0b0fbb83) x23 0xa90a5e8e511e73e0
3 0x0000000080000064 (0x0b8fbc03) x24 0x3bd6a5b67b3f3549
3 0x0000000080000068 (0x0c0fbc83) x25 0x3964a08165fed731
3 0x000000008000006c (0x0c8fbd03) x26 0xecc881fcecac5785
3 0x0000000080000070 (0x0d0fbd83) x27 0xfefc8d7da2a6f53b
3 0x0000000080000074 (0x0d8fbe03) x28 0x98ba59f6aa97dbde
3 0x0000000080000078 (0x0e0fbe83) x29 0xa2066991e79e7678
3 0x000000008000007c (0x0e8fbf03) x30 0x688500a888f4089b
3 0x0000000080000080 (0x0f0fbf83) x31 0x1c5e7743056e67cd
3 0x0000000080000084 (0x2d80006f)
3 0x000000008000035c (0x30005073)
3 0x0000000080000360 (0xf1402573) x10 0x0000000000000000
3 0x0000000080000364 (0x00051063)
3 0x0000000080000368 (0x00000297) x 5 0x0000000080000368
3 0x000000008000036c (0x01828293) x 5 0x0000000080000380
3 0x0000000080000370 (0x30529073)
3 0x0000000080000374 (0x30205073)
3 0x0000000080000378 (0x30305073)
3 0x000000008000037c (0x30405073)
3 0x0000000080000380 (0x00000297) x 5 0x0000000080000380
3 0x0000000080000384 (0x01028293) x 5 0x0000000080000390
3 0x0000000080000388 (0x30529073)
3 0x000000008000038c (0x18005073)
3 0x0000000080000390 (0x00000297) x 5 0x0000000080000390
3 0x0000000080000394 (0x02428293) x 5 0x00000000800003b4
3 0x0000000080000398 (0x30529073)
3 0x000000008000039c (0x0010029b) x 5 0x0000000000000001
3 0x00000000800003a0 (0x03529293) x 5 0x0020000000000000
3 0x00000000800003a4 (0xfff28293) x 5 0x001fffffffffffff
3 0x00000000800003a8 (0x3b029073)
3 0x00000000800003ac (0x01f00293) x 5 0x000000000000001f
3 0x00000000800003b0 (0x3a029073)
3 0x00000000800003b4 (0x00000297) x 5 0x00000000800003b4
3 0x00000000800003b8 (0xd6428293) x 5 0x0000000080000118
3 0x00000000800003bc (0x30529073)
3 0x00000000800003c0 (0x00000193) x 3 0x0000000000000000
3 0x00000000800003c4 (0x00100513) x10 0x0000000000000001
3 0x00000000800003c8 (0x01f51513) x10 0x0000000080000000
3 0x00000000800003cc (0x00055c63)
3 0x00000000800003e4 (0x00000297) x 5 0x00000000800003e4
3 0x00000000800003e8 (0xd3028293) x 5 0x0000000080000114
3 0x00000000800003ec (0x10529073)
3 0x00000000800003f0 (0x0000b2b7) x 5 0x000000000000b000
3 0x00000000800003f4 (0x1092829b) x 5 0x000000000000b109
3 0x00000000800003f8 (0x3022a073)
3 0x00000000800003fc (0x00008537) x10 0x0000000000008000
3 0x0000000080000400 (0x8005051b) x10 0x0000000000007800
3 0x0000000080000404 (0x30052073)
3 0x0000000080000408 (0x00305073)
3 0x000000008000040c (0xc7dff0ef) x 1 0x0000000080000410
3 0x0000000080000088 (0x00020f97) x31 0x0000000080020088
3 0x000000008000008c (0xf78f8f93) x31 0x0000000080020000
3 0x0000000080000090 (0x000fa007) f 0 0xffffffff828d0642
3 0x0000000080000094 (0x008fa087) f 1 0xffffffffe7b648f1
3 0x0000000080000098 (0x010fa107) f 2 0xffffffff7f5f1d14
3 0x000000008000009c (0x018fb187) f 3 0x2bbc05729f9260c6
3 0x00000000800000a0 (0x020fb207) f 4 0x729db5748b191628
3 0x00000000800000a4 (0x028fb287) f 5 0x54984a5b5edeb9c0
3 0x00000000800000a8 (0x030fb307) f 6 0x41ec653a7e21261f
3 0x00000000800000ac (0x038fa387) f 7 0xffffffff32ed77f0
3 0x00000000800000b0 (0x040fb407) f 8 0xebfa8c2083bc8b02
3 0x00000000800000b4 (0x048fb487) f 9 0x2e4b2a2fd5b8c132
3 0x00000000800000b8 (0x050fa507) f10 0xfffffffff7a08e89
3 0x00000000800000bc (0x058fb587) f11 0xeb8198aade736a28
3 0x00000000800000c0 (0x060fb607) f12 0x7ac9430c36eb4e13
3 0x00000000800000c4 (0x068fb687) f13 0xff3fdbf05fff211e
3 0x00000000800000c8 (0x070fa707) f14 0xffffffffb13f62ad
3 0x00000000800000cc (0x078fb787) f15 0xe83bf54123623b0f
3 0x00000000800000d0 (0x080fb807) f16 0x3834a3e6a2d2f08b
3 0x00000000800000d4 (0x088fa887) f17 0xffffffffd502f04d
3 0x00000000800000d8 (0x090fa907) f18 0xffffffff93202356
3 0x00000000800000dc (0x098fa987) f19 0xffffffff2b2df97b
3 0x00000000800000e0 (0x0a0fba07) f20 0x039be18037c41ca8
3 0x00000000800000e4 (0x0a8faa87) f21 0xffffffff65dd8545
3 0x00000000800000e8 (0x0b0fbb07) f22 0x227318eec1ef33a7
3 0x00000000800000ec (0x0b8fbb87) f23 0x8f556e5611db0f49
3 0x00000000800000f0 (0x0c0fbc07) f24 0xaa63e9f3367c4b48
3 0x00000000800000f4 (0x0c8fbc87) f25 0x1c426d9a410c7121
3 0x00000000800000f8 (0x0d0fbd07) f26 0x921a0849e612f089
3 0x00000000800000fc (0x0d8fbd87) f27 0xc643f5db3c43e9f3
3 0x0000000080000100 (0x0e0fbe07) f28 0xfc94bb153452098d
3 0x0000000080000104 (0x0e8fae87) f29 0xffffffff58aae9fc
3 0x0000000080000108 (0x0f0faf07) f30 0xffffffffe60a8e34
3 0x000000008000010c (0x0f8faf87) f31 0xffffffff1b6d4045
3 0x0000000080000110 (0x00008067)
3 0x0000000080000410 (0xb0201073)
3 0x0000000080000414 (0xf1402573) x10 0x0000000000000000
3 0x0000000080000418 (0x00c64633) x12 0x0000000000000000
3 0x000000008000041c (0x30263773) x14 0x000000000000b109
3 0x0000000080000420 (0x002076f3) x13 0x0000000000000000
3 0x0000000080000424 (0x00e74733) x14 0x0000000000000000
3 0x0000000080000428 (0x00300713) x14 0x0000000000000003
3 0x000000008000042c (0x01571713) x14 0x0000000000600000
3 0x0000000080000430 (0x00e70733) x14 0x0000000000c00000
3 0x0000000080000434 (0x30271573) x10 0x000000000000b109
3 0x0000000080000438 (0x00000297) x 5 0x0000000080000438
3 0x000000008000043c (0x04828293) x 5 0x0000000080000480
3 0x0000000080000440 (0x34129073)
3 0x0000000080000444 (0x00000293) x 5 0x0000000000000000
3 0x0000000080000448 (0x30200073)
3 0x0000000080000480 (0x00020e17) x28 0x0000000080020480
3 0x0000000080000484 (0xd00e0e13) x28 0x0000000080020180
3 0x0000000080000488 (0xfe4e0e13) x28 0x0000000080020164
3 0x000000008000048c (0xe1be2c2f) x24 0x0000000055ba9424
3 0x0000000080000490 (0x400f503b)
3 0x0000000080000494 (0x58033353) f 6 0xffffffff5ecb1c71
3 0x0000000080000498 (0x027685bb) x11 0x0000000000000000
3 0x000000008000049c (0x02905033)
3 0x00000000800004a0 (0x00050a97) x21 0x00000000800504a0
3 0x00000000800004a4 (0xb90a8a93) x21 0x0000000080050030
3 0x00000000800004a8 (0xfe4a8a93) x21 0x0000000080050014
3 0x00000000800004ac (0x08eaae2f) x28 0x0000000009e68c3e
3 0x00000000800004b0 (0x003889d3) f19 0xffffffff7fc00000
3 0x00000000800004b4 (0x78c0c0c3) f 1 0xffffffff7fc00000
3 0x00000000800004b8 (0x00040397) x 7 0x00000000800404b8
3 0x00000000800004bc (0xbb838393) x 7 0x0000000080040070
3 0x00000000800004c0 (0x00038393) x 7 0x0000000080040070
3 0x00000000800004c4 (0x61e3b12f) x 2 0x7055383c406279f9
3 0x00000000800004c8 (0x00000217) x 4 0x00000000800004c8
3 0x00000000800004cc (0xfd820213) x 4 0x00000000800004a0
3 0x00000000800004d0 (0x00826a03) x20 0x00000000fe4a8a93
3 0x00000000800004d4 (0x00010497) x 9 0x00000000800104d4
3 0x00000000800004d8 (0xbec48493) x 9 0x00000000800100c0
3 0x00000000800004dc (0x0084aa87) f21 0xffffffffecac5785
3 0x00000000800004e0 (0x024049b3) x19 0x0000000000000000
3 0x00000000800004e4 (0x00010397) x 7 0x00000000800104e4
3 0x00000000800004e8 (0xbec38393) x 7 0x00000000800100d0
3 0x00000000800004ec (0xff838393) x 7 0x00000000800100c8
3 0x00000000800004f0 (0x1003aaaf) x21 0xffffffffecac5785
3 0x00000000800004f4 (0x00030c17) x24 0x00000000800304f4
3 0x00000000800004f8 (0xc2cc0c13) x24 0x0000000080030120
3 0x00000000800004fc (0xffe008b7) x17 0xffffffffffe00000
3 0x0000000080000500 (0x011c4c33) x24 0xffffffff7fe30120
3 0x0000000080000504 (0xff1c0fa3)
3 0x0000000080000508 (0x4135da3b) x20 0x0000000000000000
3 0x000000008000050c (0xd017c9d3) f19 0xffffffff4d9e483b
3 0x0000000080000510 (0x2189ac53) f24 0xffffffff4d9e483b
3 0x0000000080000514 (0x801de693) x13 0xfffffffffffffd3b
3 0x0000000080000518 (0x02538db3) x27 0x0000000000000000
3 0x000000008000051c (0x00040797) x15 0x000000008004051c
3 0x0000000080000520 (0xc0478793) x15 0x0000000080040120
3 0x0000000080000524 (0xff878793) x15 0x0000000080040118
3 0x0000000080000528 (0x09a7bdaf) x27 0x8ba72755333d6ed8
3 0x000000008000052c (0x00060a97) x21 0x000000008006052c
3 0x0000000080000530 (0xbb4a8a93) x21 0x00000000800600e0
3 0x0000000080000534 (0xff8a8a93) x21 0x00000000800600d8
3 0x0000000080000538 (0xc14aa3af) x 7 0x0000000046bfdf8f
3 0x000000008000053c (0x00030697) x13 0x000000008003053c
3 0x0000000080000540 (0xc5468693) x13 0x0000000080030190
3 0x0000000080000544 (0x0136cd83) x27 0x0000000000000058
3 0x0000000080000548 (0x00010d17) x26 0x0000000080010548
3 0x000000008000054c (0xad8d0d13) x26 0x0000000080010020
3 0x0000000080000550 (0x004d0d13) x26 0x0000000080010024
3 0x0000000080000554 (0x01ed2aaf) x21 0xffffffffc16d2c2f
3 0x0000000080000558 (0x00050897) x17 0x0000000080050558
3 0x000000008000055c (0xb9888893) x17 0x00000000800500f0
3 0x0000000080000560 (0xff888893) x17 0x00000000800500e8
3 0x0000000080000564 (0x2158bbaf) x23 0xf6de7703d10c8d2e
3 0x0000000080000568 (0xe00c12d3) x 5 0x0000000000000040
3 0x000000008000056c (0x030b1613) x12 0xc3fe000000000000
3 0x0000000080000570 (0x00010797) x15 0x0000000080010570
3 0x0000000080000574 (0xb1078793) x15 0x0000000080010080
3 0x0000000080000578 (0xffe00d37) x26 0xffffffffffe00000
3 0x000000008000057c (0x01a7c7b3) x15 0xffffffff7fe10080
3 0x0000000080000580 (0xfe179623)
3 0x0000000080000584 (0xa1668cd3) x25 0x0000000000000000
3 0x0000000080000588 (0x00000a17) x20 0x0000000080000588
3 0x000000008000058c (0x20ca0a13) x20 0x0000000080000794
3 0x0000000080000590 (0x401a5a13) x20 0x00000000400003ca
3 0x0000000080000594 (0x3b0a3a73) x20 0x001fffffffffffff
3 0x0000000080000598 (0x00a7a413) x 8 0x0000000000000001
3 0x000000008000059c (0x405e063b) x12 0x0000000009e68bfe
3 0x00000000800005a0 (0x00050317) x 6 0x00000000800505a0
3 0x00000000800005a4 (0xba030313) x 6 0x0000000080050140
3 0x00000000800005a8 (0x01c30313) x 6 0x000000008005015c
3 0x00000000800005ac (0x21032caf) x25 0x000000007a95dd35
3 0x00000000800005b0 (0x00010f17) x30 0x00000000800105b0
3 0x00000000800005b4 (0xba0f0f13) x30 0x0000000080010150
3 0x00000000800005b8 (0x000f0f13) x30 0x0000000080010150
3 0x00000000800005bc (0x094f25af) x11 0x00000000560e4af1
3 0x00000000800005c0 (0x00020a17) x20 0x00000000800205c0
3 0x00000000800005c4 (0xc10a0a13) x20 0x00000000800201d0
3 0x00000000800005c8 (0x018a0a13) x20 0x00000000800201e8
3 0x00000000800005cc (0x205a39af) x19 0x49a685a48e67fffd
3 0x00000000800005d0 (0x00040e97) x29 0x00000000800405d0
3 0x00000000800005d4 (0xa90e8e93) x29 0x0000000080040060
3 0x00000000800005d8 (0x000e8e93) x29 0x0000000080040060
3 0x00000000800005dc (0x410eabaf) x23 0xfffffffff9e6a9c6
3 0x00000000800005e0 (0xd0311dd3) f27 0xffffffff5ee0aa70
3 0x00000000800005e4 (0xa0d98353) x 6 0x0000000000000000
3 0x00000000800005e8 (0xa0032053)
3 0x00000000800005ec (0x027a06b3) x13 0x23607dce1ce02898
3 0x00000000800005f0 (0xd01e7b53) f22 0xffffffff4d1e68c4
3 0x00000000800005f4 (0x007f5463)
3 0x00000000800005fc (0x00030b97) x23 0x00000000800305fc
3 0x0000000080000600 (0xad4b8b93) x23 0x00000000800300d0
3 0x0000000080000604 (0x000bb783) x15 0xd2c7d359d7af6613
3 0x0000000080000608 (0x00010e97) x29 0x0000000080010608
3 0x000000008000060c (0xa98e8e93) x29 0x00000000800100a0
3 0x0000000080000610 (0x00ce8823)
3 0x0000000080000614 (0x0993b9d3) f19 0xffffffff7fc00000
3 0x0000000080000618 (0x0002de9b) x29 0x0000000000000040
3 0x000000008000061c (0x08956a63)
3 0x00000000800006b0 (0x033e4733) x14 0x0000000000000000
3 0x00000000800006b4 (0x0ff0000f)
3 0x00000000800006b8 (0x404cd83b) x16 0x000000007a95dd35
3 0x00000000800006bc (0x87539397) x 7 0x00000000075396bc
3 0x00000000800006c0 (0x28319753) f14 0xffffffff7fc00000
3 0x00000000800006c4 (0xe0078c53) x24 0x0000000023623b0f
3 0x00000000800006c8 (0x00000ab7) x21 0x0000000000000000
3 0x00000000800006cc (0x72ba2293) x 5 0x0000000000000000
3 0x00000000800006d0 (0x0c144463)
3 0x0000000080000798 (0x0000100f)
3 0x000000008000079c (0x00060197) x 3 0x000000008006079c
3 0x00000000800007a0 (0x93418193) x 3 0x00000000800600d0
3 0x00000000800007a4 (0x00018193) x 3 0x00000000800600d0
3 0x00000000800007a8 (0xe031b62f) x12 0xa683e96fecdea752
3 0x0000000080000118 (0x00002097) x 1 0x0000000080002118
3 0x000000008000011c (0x0e808093) x 1 0x0000000080002200
3 0x0000000080000120 (0x10002173) x 2 0x8000000200006000
3 0x0000000080000124 (0x0420bc23)
3 0x0000000080000128 (0x10402173) x 2 0x0000000000000000
3 0x000000008000012c (0x0620b823)
3 0x0000000080000130 (0x10502173) x 2 0x0000000080000114
3 0x0000000080000134 (0x0620bc23)
3 0x0000000080000138 (0x10602173) x 2 0x0000000000000000
3 0x000000008000013c (0x0820b023)
3 0x0000000080000140 (0x14002173) x 2 0x0000000000000000
3 0x0000000080000144 (0x0820b423)
3 0x0000000080000148 (0x14102173) x 2 0x0000000000000000
3 0x000000008000014c (0x0820b823)
3 0x0000000080000150 (0x14202173) x 2 0x0000000000000000
3 0x0000000080000154 (0x0820bc23)
3 0x0000000080000158 (0x14302173) x 2 0x0000000000000000
3 0x000000008000015c (0x0a20b023)
3 0x0000000080000160 (0x14402173) x 2 0x0000000000000000
3 0x0000000080000164 (0xf7f17113) x 2 0x0000000000000000
3 0x0000000080000168 (0x0a20b423)
3 0x000000008000016c (0x18002173) x 2 0x0000000000000000
3 0x0000000080000170 (0x0a20b823)
3 0x0000000080000174 (0xf1402173) x 2 0x0000000000000000
3 0x0000000080000178 (0x0a20bc23)
3 0x000000008000017c (0x30002173) x 2 0x8000000a00007800
3 0x0000000080000180 (0x0c20b023)
3 0x0000000080000184 (0x30202173) x 2 0x0000000000000000
3 0x0000000080000188 (0x0c20b423)
3 0x000000008000018c (0x30302173) x 2 0x0000000000000000
3 0x0000000080000190 (0x0c20b823)
3 0x0000000080000194 (0x30402173) x 2 0x0000000000000000
3 0x0000000080000198 (0x0c20bc23)
3 0x000000008000019c (0x30502173) x 2 0x0000000080000118
3 0x00000000800001a0 (0x0e20b023)
3 0x00000000800001a4 (0x30602173) x 2 0x0000000000000000
3 0x00000000800001a8 (0x0e20b423)
3 0x00000000800001ac (0x34002173) x 2 0x0000000000000000
3 0x00000000800001b0 (0x0e20b823)
3 0x00000000800001b4 (0x34102173) x 2 0x00000000800007ac
3 0x00000000800001b8 (0x0e20bc23)
3 0x00000000800001bc (0x34202173) x 2 0x000000000000000b
3 0x00000000800001c0 (0x1020b023)
3 0x00000000800001c4 (0x34302173) x 2 0x0000000000000073
3 0x00000000800001c8 (0x1020b423)
3 0x00000000800001cc (0x34402173) x 2 0x0000000000000000
3 0x00000000800001d0 (0xf7f17113) x 2 0x0000000000000000
3 0x00000000800001d4 (0x1020b823)
3 0x00000000800001d8 (0x3a002173) x 2 0x000000000000001f
3 0x00000000800001dc (0x1020bc23)
3 0x00000000800001e0 (0x3b002173) x 2 0x001fffffbffffc35
3 0x00000000800001e4 (0x1220bc23)
3 0x00000000800001e8 (0x3b102173) x 2 0x0000000000000000
3 0x00000000800001ec (0x1420b023)
3 0x00000000800001f0 (0x3b202173) x 2 0x0000000000000000
3 0x00000000800001f4 (0x1420b423)
3 0x00000000800001f8 (0x3b302173) x 2 0x0000000000000000
3 0x00000000800001fc (0x1420b823)
3 0x0000000080000200 (0x3b402173) x 2 0x0000000000000000
3 0x0000000080000204 (0x1420bc23)
3 0x0000000080000208 (0x3b502173) x 2 0x0000000000000000
3 0x000000008000020c (0x1620b023)
3 0x0000000080000210 (0x3b602173) x 2 0x0000000000000000
3 0x0000000080000214 (0x1620b423)
3 0x0000000080000218 (0x3b702173) x 2 0x0000000000000000
3 0x000000008000021c (0x1620b823)
3 0x0000000080000220 (0x00006537) x10 0x0000000000006000
3 0x0000000080000224 (0x30052073)
3 0x0000000080000228 (0x00102173) x 2 0x0000000000000011
3 0x000000008000022c (0x0420b023)
3 0x0000000080000230 (0x00202173) x 2 0x0000000000000000
3 0x0000000080000234 (0x0420b423)
3 0x0000000080000238 (0x00302173) x 2 0x0000000000000011
3 0x000000008000023c (0x0420b823)
3 0x0000000080000240 (0x00002097) x 1 0x0000000080002240
3 0x0000000080000244 (0xdc008093) x 1 0x0000000080002000
3 0x0000000080000248 (0x0000b023)
3 0x000000008000024c (0x0020b823)
3 0x0000000080000250 (0x0030bc23)
3 0x0000000080000254 (0x0240b023)
3 0x0000000080000258 (0x0250b423)
3 0x000000008000025c (0x0260b823)
3 0x0000000080000260 (0x0270bc23)
3 0x0000000080000264 (0x0480b023)
3 0x0000000080000268 (0x0490b423)
3 0x000000008000026c (0x04a0b823)
3 0x0000000080000270 (0x04b0bc23)
3 0x0000000080000274 (0x06c0b023)
3 0x0000000080000278 (0x06d0b423)
3 0x000000008000027c (0x06e0b823)
3 0x0000000080000280 (0x06f0bc23)
3 0x0000000080000284 (0x0900b023)
3 0x0000000080000288 (0x0910b423)
3 0x000000008000028c (0x0920b823)
3 0x0000000080000290 (0x0930bc23)
3 0x0000000080000294 (0x0b40b023)
3 0x0000000080000298 (0x0b50b423)
3 0x000000008000029c (0x0b60b823)
3 0x00000000800002a0 (0x0b70bc23)
3 0x00000000800002a4 (0x0d80b023)
3 0x00000000800002a8 (0x0d90b423)
3 0x00000000800002ac (0x0db0bc23)
3 0x00000000800002b0 (0x0fc0b023)
3 0x00000000800002b4 (0x0fd0b423)
3 0x00000000800002b8 (0x0fe0b823)
3 0x00000000800002bc (0x00002097) x 1 0x00000000800022bc
3 0x00000000800002c0 (0xe4408093) x 1 0x0000000080002100
3 0x00000000800002c4 (0x0010a427)
3 0x00000000800002c8 (0x0020a827)
3 0x00000000800002cc (0x0270ac27)
3 0x00000000800002d0 (0x0490a427)
3 0x00000000800002d4 (0x04a0a827)
3 0x00000000800002d8 (0x06c0a027)
3 0x00000000800002dc (0x06d0a427)
3 0x00000000800002e0 (0x0b50a427)
3 0x00000000800002e4 (0x0b60a827)
3 0x00000000800002e8 (0x0d90a427)
3 0x00000000800002ec (0x0da0a827)
3 0x00000000800002f0 (0x0fc0a027)
3 0x00000000800002f4 (0x0fd0a427)
3 0x00000000800002f8 (0x0fe0a827)
3 0x00000000800002fc (0x0ff0ac27)
3 0x0000000080000300 (0x00002097) x 1 0x0000000080002300
3 0x0000000080000304 (0xe0008093) x 1 0x0000000080002100
3 0x0000000080000308 (0x0000b027)
3 0x000000008000030c (0x0030bc27)
3 0x0000000080000310 (0x0240b027)
3 0x0000000080000314 (0x0250b427)
3 0x0000000080000318 (0x0260b827)
3 0x000000008000031c (0x0480b027)
3 0x0000000080000320 (0x04b0bc27)
3 0x0000000080000324 (0x06e0b827)
3 0x0000000080000328 (0x06f0bc27)
3 0x000000008000032c (0x0900b027)
3 0x0000000080000330 (0x0910b427)
3 0x0000000080000334 (0x0920b827)
3 0x0000000080000338 (0x0930bc27)
3 0x000000008000033c (0x0b40b027)
3 0x0000000080000340 (0x0b70bc27)
3 0x0000000080000344 (0x0d80b027)
3 0x0000000080000348 (0x0db0bc27)
3 0x000000008000034c (0x00100193) x 3 0x0000000000000001
3 0x0000000080000350 (0x00001f17) x30 0x0000000080001350
3 0x0000000080000354 (0xca3f2823)
3 0x0000000080000358 (0x0000006f)
3 0x0000000080000358 (0x0000006f)
3 0x0000000080000358 (0x0000006f)
3 0x0000000080000358 (0x0000006f)
3 0x0000000080000358 (0x0000006f)
3 0x0000000080000358 (0x0000006f)
3 0x0000000080000358 (0x0000006f)
3 0x0000000080000358 (0x0000006f)
3 0x0000000080000358 (0x0000006f)
3 0x0000000080000358 (0x0000006f)
3 0x0000000080000358 (0x0000006f)
3 0x0000000080000358 (0x0000006f)
3 0x0000000080000358 (0x0000006f)
3 0x0000000080000358 (0x0000006f)
3 0x0000000080000358 (0x0000006f)
3 0x0000000080000358 (0x0000006f)
3 0x0000000080000358 (0x0000006f)
3 0x0000000080000358 (0x0000006f)
3 0x0000000080000358 (0x0000006f)
3 0x0000000080000358 (0x0000006f)
3 0x0000000080000358 (0x0000006f)
3 0x0000000080000358 (0x0000006f)
3 0x0000000080000358 (0x0000006f)
3 0x0000000080000358 (0x0000006f)
3 0x0000000080000358 (0x0000006f)
3 0x0000000080000358 (0x0000006f)
3 0x0000000080000358 (0x0000006f)
3 0x0000000080000358 (0x0000006f)
3 0x0000000080000358 (0x0000006f)
3 0x0000000080000358 (0x0000006f)
3 0x0000000080000358 (0x0000006f)
3 0x0000000080000358 (0x0000006f)
3 0x0000000080000358 (0x0000006f)
3 0x0000000080000358 (0x0000006f)
3 0x0000000080000358 (0x0000006f)
3 0x0000000080000358 (0x0000006f)
3 0x0000000080000358 (0x0000006f)
3 0x0000000080000358 (0x0000006f)
3 0x0000000080000358 (0x0000006f)
3 0x0000000080000358 (0x0000006f)
3 0x0000000080000358 (0x0000006f)
3 0x0000000080000358 (0x0000006f)
3 0x0000000080000358 (0x0000006f)
3 0x0000000080000358 (0x0000006f)
3 0x0000000080000358 (0x0000006f)
3 0x0000000080000358 (0x0000006f)
3 0x0000000080000358 (0x0000006f)
3 0x0000000080000358 (0x0000006f)
3 0x0000000080000358 (0x0000006f)
3 0x0000000080000358 (0x0000006f)
3 0x0000000080000358 (0x0000006f)
3 0x0000000080000358 (0x0000006f)
3 0x0000000080000358 (0x0000006f)
3 0x0000000080000358 (0x0000006f)
3 0x0000000080000358 (0x0000006f)
3 0x0000000080000358 (0x0000006f)
3 0x0000000080000358 (0x0000006f)
3 0x0000000080000358 (0x0000006f)
3 0x0000000080000358 (0x0000006f)
3 0x0000000080000358 (0x0000006f)
3 0x0000000080000358 (0x0000006f)
3 0x0000000080000358 (0x0000006f)
3 0x0000000080000358 (0x0000006f)
3 0x0000000080000358 (0x0000006f)
3 0x0000000080000358 (0x0000006f)
3 0x0000000080000358 (0x0000006f)
3 0x0000000080000358 (0x0000006f)
3 0x0000000080000358 (0x0000006f)
3 0x0000000080000358 (0x0000006f)
3 0x0000000080000358 (0x0000006f)
3 0x0000000080000358 (0x0000006f)
3 0x0000000080000358 (0x0000006f)
3 0x0000000080000358 (0x0000006f)
3 0x0000000080000358 (0x0000006f)
3 0x0000000080000358 (0x0000006f)
3 0x0000000080000358 (0x0000006f)
3 0x0000000080000358 (0x0000006f)
3 0x0000000080000358 (0x0000006f)
3 0x0000000080000358 (0x0000006f)
3 0x0000000080000358 (0x0000006f)
3 0x0000000080000358 (0x0000006f)
3 0x0000000080000358 (0x0000006f)
3 0x0000000080000358 (0x0000006f)
3 0x0000000080000358 (0x0000006f)
3 0x0000000080000358 (0x0000006f)
3 0x0000000080000358 (0x0000006f)
3 0x0000000080000358 (0x0000006f)
3 0x0000000080000358 (0x0000006f)
3 0x0000000080000358 (0x0000006f)
3 0x0000000080000358 (0x0000006f)
3 0x0000000080000358 (0x0000006f)
3 0x0000000080000358 (0x0000006f)
3 0x0000000080000358 (0x0000006f)
3 0x0000000080000358 (0x0000006f)
3 0x0000000080000358 (0x0000006f)
3 0x0000000080000358 (0x0000006f)
3 0x0000000080000358 (0x0000006f)
3 0x0000000080000358 (0x0000006f)
3 0x0000000080000358 (0x0000006f)
3 0x0000000080000358 (0x0000006f)
3 0x0000000080000358 (0x0000006f)
3 0x0000000080000358 (0x0000006f)
3 0x0000000080000358 (0x0000006f)
3 0x0000000080000358 (0x0000006f)
3 0x0000000080000358 (0x0000006f)
3 0x0000000080000358 (0x0000006f)
3 0x0000000080000358 (0x0000006f)
3 0x0000000080000358 (0x0000006f)
3 0x0000000080000358 (0x0000006f)
3 0x0000000080000358 (0x0000006f)
3 0x0000000080000358 (0x0000006f)
3 0x0000000080000358 (0x0000006f)
3 0x0000000080000358 (0x0000006f)
3 0x0000000080000358 (0x0000006f)
3 0x0000000080000358 (0x0000006f)
3 0x0000000080000358 (0x0000006f)
3 0x0000000080000358 (0x0000006f)
3 0x0000000080000358 (0x0000006f)
3 0x0000000080000358 (0x0000006f)
3 0x0000000080000358 (0x0000006f)
3 0x0000000080000358 (0x0000006f)
3 0x0000000080000358 (0x0000006f)
3 0x0000000080000358 (0x0000006f)
3 0x0000000080000358 (0x0000006f)
3 0x0000000080000358 (0x0000006f)
3 0x0000000080000358 (0x0000006f)
3 0x0000000080000358 (0x0000006f)
3 0x0000000080000358 (0x0000006f)
3 0x0000000080000358 (0x0000006f)
3 0x0000000080000358 (0x0000006f)
3 0x0000000080000358 (0x0000006f)
3 0x0000000080000358 (0x0000006f)
3 0x0000000080000358 (0x0000006f)
3 0x0000000080000358 (0x0000006f)
3 0x0000000080000358 (0x0000006f)
3 0x0000000080000358 (0x0000006f)
3 0x0000000080000358 (0x0000006f)
3 0x0000000080000358 (0x0000006f)
