3 0x0000000000010040 (0x00000517) x10 0x0000000000010040
3 0x0000000000010044 (0xfc050513) x10 0x0000000000010000
3 0x0000000000010048 (0x30551073)
3 0x000000000001004c (0x301022f3) x 5 0x800000000014112d
3 0x0000000000010050 (0x4122d293) x 5 0xffffe00000000005
3 0x0000000000010054 (0x0012f293) x 5 0x0000000000000001
3 0x0000000000010058 (0x00028463)
3 0x000000000001005c (0x30301073)
3 0x0000000000010060 (0x00800513) x10 0x0000000000000008
3 0x0000000000010064 (0x30451073)
3 0x0000000000010068 (0x30052073)
3 0x000000000001006c (0x10500073)
3 0x0000000000010070 (0xffdff06f)
3 0x000000000001006c (0x10500073)
3 0x0000000000010070 (0xffdff06f)
3 0x0000000000010000 (0x020005b7) x11 0x0000000002000000
3 0x0000000000010004 (0xf1402573) x10 0x0000000000000000
3 0x0000000000010008 (0x00050463)
3 0x0000000000010010 (0x00458613) x12 0x0000000002000004
3 0x0000000000010014 (0x00100693) x13 0x0000000000000001
3 0x0000000000010018 (0x00d62023)
3 0x000000000001001c (0x00460613) x12 0x0000000002000008
3 0x0000000000010020 (0xffc62683) x13 0x0000000000000000
3 0x0000000000010024 (0xfe069ae3)
3 0x0000000000010028 (0x06c0006f)
3 0x0000000000010094 (0x0005a023)
3 0x0000000000010098 (0x00004537) x10 0x0000000000004000
3 0x000000000001009c (0x00053503) x10 0x0000000080000000
3 0x00000000000100a0 (0x34151073)
3 0x00000000000100a4 (0xf1402573) x10 0x0000000000000000
3 0x00000000000100a8 (0x00000597) x11 0x00000000000100a8
3 0x00000000000100ac (0x01858593) x11 0x00000000000100c0
3 0x00000000000100b0 (0x08000613) x12 0x0000000000000080
3 0x00000000000100b4 (0x30063073)
3 0x00000000000100b8 (0x30200073)
3 0x0000000080000000 (0x00010f97) x31 0x0000000080010000
3 0x0000000080000004 (0x000f8f93) x31 0x0000000080010000
3 0x0000000080000008 (0x000fb083) x 1 0x23befdb44227aa6c
3 0x000000008000000c (0x008fb103) x 2 0x059625e738cc78e6
3 0x0000000080000010 (0x010fb183) x 3 0x1b5ff8abf9fe4fd0
3 0x0000000080000014 (0x018fb203) x 4 0xeb6fa5212ec11302
3 0x0000000080000018 (0x020fb283) x 5 0xc9e30b5007382875
3 0x000000008000001c (0x028fb303) x 6 0xdbd9ac7a67c4a85f
3 0x0000000080000020 (0x030fb383) x 7 0x227bcfcef5044ee4
3 0x0000000080000024 (0x038fb403) x 8 0x7a7ada4932d15b46
3 0x0000000080000028 (0x040fb483) x 9 0x4b7f7bb4958f4f3e
3 0x000000008000002c (0x048fb503) x10 0x20e64baa39e092b0
3 0x0000000080000030 (0x050fb583) x11 0xd22c10bbef96b06d
3 0x0000000080000034 (0x058fb603) x12 0x40c9efff32065b9f
3 0x0000000080000038 (0x060fb683) x13 0x0429cf365eb35d1b
3 0x000000008000003c (0x068fb703) x14 0x704ec2c6176f382d
3 0x0000000080000040 (0x070fb783) x15 0xb5b2d8b621e7d379
3 0x0000000080000044 (0x078fb803) x16 0x8baf1094110d06f6
3 0x0000000080000048 (0x080fb883) x17 0xa13b9aaa4229a8d7
3 0x000000008000004c (0x088fb903) x18 0xe1089cbc72e4aa25
3 0x0000000080000050 (0x090fb983) x19 0x9b6f786a907a54d3
3 0x0000000080000054 (0x098fba03) x20 0xcb4e657b3a6f9959
3 0x0000000080000058 (0x0a0fba83) x21 0x046beb83795cf96b
3 0x000000008000005c (0x0a8fbb03) x22 0xa17db9070cd6f3de
3 0x0000000080000060 (0x0b0fbb83) x23 0x667e202d71ee45e2
3 0x0000000080000064 (0x0b8fbc03) x24 0x9a0731b5efa69453
3 0x0000000080000068 (0x0c0fbc83) x25 0x1332793ea4dc5a77
3 0x000000008000006c (0x0c8fbd03) x26 0x99ecbcc1f24e4853
3 0x0000000080000070 (0x0d0fbd83) x27 0x967862ca9ddf1f94
3 0x0000000080000074 (0x0d8fbe03) x28 0xb3af5eace94331d7
3 0x0000000080000078 (0x0e0fbe83) x29 0x160e03ac22329310
3 0x000000008000007c (0x0e8fbf03) x30 0xe57591bb6dbef87d
3 0x0000000080000080 (0x0f0fbf83) x31 0x28578ac5af94c645
3 0x0000000080000084 (0x3100006f)
3 0x0000000080000394 (0x30005073)
3 0x0000000080000398 (0xf1402573) x10 0x0000000000000000
3 0x000000008000039c (0x00051063)
3 0x00000000800003a0 (0x00000297) x 5 0x00000000800003a0
3 0x00000000800003a4 (0x01828293) x 5 0x00000000800003b8
3 0x00000000800003a8 (0x30529073)
3 0x00000000800003ac (0x30205073)
3 0x00000000800003b0 (0x30305073)
3 0x00000000800003b4 (0x30405073)
3 0x00000000800003b8 (0x00000297) x 5 0x00000000800003b8
3 0x00000000800003bc (0x01028293) x 5 0x00000000800003c8
3 0x00000000800003c0 (0x30529073)
3 0x00000000800003c4 (0x18005073)
3 0x00000000800003c8 (0x00000297) x 5 0x00000000800003c8
3 0x00000000800003cc (0x02428293) x 5 0x00000000800003ec
3 0x00000000800003d0 (0x30529073)
3 0x00000000800003d4 (0x0010029b) x 5 0x0000000000000001
3 0x00000000800003d8 (0x03529293) x 5 0x0020000000000000
3 0x00000000800003dc (0xfff28293) x 5 0x001fffffffffffff
3 0x00000000800003e0 (0x3b029073)
3 0x00000000800003e4 (0x01f00293) x 5 0x000000000000001f
3 0x00000000800003e8 (0x3a029073)
3 0x00000000800003ec (0x00000297) x 5 0x00000000800003ec
3 0x00000000800003f0 (0xd6428293) x 5 0x0000000080000150
3 0x00000000800003f4 (0x30529073)
3 0x00000000800003f8 (0x00000193) x 3 0x0000000000000000
3 0x00000000800003fc (0x00100513) x10 0x0000000000000001
3 0x0000000080000400 (0x01f51513) x10 0x0000000080000000
3 0x0000000080000404 (0x00055c63)
3 0x000000008000041c (0x00000297) x 5 0x000000008000041c
3 0x0000000080000420 (0xcf828293) x 5 0x0000000080000114
3 0x0000000080000424 (0x10529073)
3 0x0000000080000428 (0x0000b2b7) x 5 0x000000000000b000
3 0x000000008000042c (0x1092829b) x 5 0x000000000000b109
3 0x0000000080000430 (0x3022a073)
3 0x0000000080000434 (0x00006537) x10 0x0000000000006000
3 0x0000000080000438 (0x30052073)
3 0x000000008000043c (0x00305073)
3 0x0000000080000440 (0xc49ff0ef) x 1 0x0000000080000444
3 0x0000000080000088 (0x00020f97) x31 0x0000000080020088
3 0x000000008000008c (0xf78f8f93) x31 0x0000000080020000
3 0x0000000080000090 (0x000fa007) f 0 0xfffffffffbd09a08
3 0x0000000080000094 (0x008fa087) f 1 0xffffffffd7cc8e2d
3 0x0000000080000098 (0x010fa107) f 2 0xffffffffd1309651
3 0x000000008000009c (0x018fb187) f 3 0xa1b213d0e5e44f89
3 0x00000000800000a0 (0x020fb207) f 4 0x3b0c7540c01f6aed
3 0x00000000800000a4 (0x028fb287) f 5 0xb196489b2b488423
3 0x00000000800000a8 (0x030fb307) f 6 0xd24e0532ea31bdf1
3 0x00000000800000ac (0x038fa387) f 7 0xffffffff4198d007
3 0x00000000800000b0 (0x040fb407) f 8 0x3d5e9f86c003db47
3 0x00000000800000b4 (0x048fb487) f 9 0xb035e4043e395edd
3 0x00000000800000b8 (0x050fa507) f10 0xffffffff7dc9ea30
3 0x00000000800000bc (0x058fb587) f11 0xefa8114f93371dc0
3 0x00000000800000c0 (0x060fb607) f12 0xdcb18fc1261c0735
3 0x00000000800000c4 (0x068fb687) f13 0x7c975a88d97b77c9
3 0x00000000800000c8 (0x070fa707) f14 0xffffffff2709d68d
3 0x00000000800000cc (0x078fb787) f15 0xd95c4c736eaef59c
3 0x00000000800000d0 (0x080fb807) f16 0x51f06f652e008fe6
3 0x00000000800000d4 (0x088fa887) f17 0xffffffff0d8e90fe
3 0x00000000800000d8 (0x090fa907) f18 0xffffffff72ee6a1a
3 0x00000000800000dc (0x098fa987) f19 0xffffffff1ee1ea4c
3 0x00000000800000e0 (0x0a0fba07) f20 0x0ecc4ccbcb8c00e8
3 0x00000000800000e4 (0x0a8faa87) f21 0xffffffff75a8c781
3 0x00000000800000e8 (0x0b0fbb07) f22 0x97b06b976e61a33c
3 0x00000000800000ec (0x0b8fbb87) f23 0x8af6134a63f6ba2c
3 0x00000000800000f0 (0x0c0fbc07) f24 0xba19ae9f03a7b698
3 0x00000000800000f4 (0x0c8fbc87) f25 0x549f0d0452e3efd6
3 0x00000000800000f8 (0x0d0fbd07) f26 0xb8528f599b9d8132
3 0x00000000800000fc (0x0d8fbd87) f27 0xd580f5a3bba15240
3 0x0000000080000100 (0x0e0fbe07) f28 0x41ef775e168b2a32
3 0x0000000080000104 (0x0e8fae87) f29 0xffffffff4f5eace8
3 0x0000000080000108 (0x0f0faf07) f30 0xffffffffb3de3da7
3 0x000000008000010c (0x0f8faf87) f31 0xffffffff4f79b5c2
3 0x0000000080000110 (0x00008067)
3 0x0000000080000444 (0xb0201073)
3 0x0000000080000448 (0xf1402573) x10 0x0000000000000000
3 0x000000008000044c (0x00c64633) x12 0x0000000000000000
3 0x0000000080000450 (0x00100693) x13 0x0000000000000001
3 0x0000000080000454 (0x01b69693) x13 0x0000000008000000
3 0x0000000080000458 (0x00d60633) x12 0x0000000008000000
3 0x000000008000045c (0x34062573) x10 0x0000000000000000
3 0x0000000080000460 (0x00236673) x12 0x0000000000000000
3 0x0000000080000464 (0x00d6c6b3) x13 0x0000000000000000
3 0x0000000080000468 (0x00100593) x11 0x0000000000000001
3 0x000000008000046c (0x00c59593) x11 0x0000000000001000
3 0x0000000080000470 (0x00b686b3) x13 0x0000000000001000
3 0x0000000080000474 (0x00100713) x14 0x0000000000000001
3 0x0000000080000478 (0x00e71713) x14 0x0000000000004000
3 0x000000008000047c (0x00e686b3) x13 0x0000000000005000
3 0x0000000080000480 (0x00100713) x14 0x0000000000000001
3 0x0000000080000484 (0x00571713) x14 0x0000000000000020
3 0x0000000080000488 (0x00e686b3) x13 0x0000000000005020
3 0x000000008000048c (0x104696f3) x13 0x0000000000000000
3 0x0000000080000490 (0x00000297) x 5 0x0000000080000490
3 0x0000000080000494 (0x03028293) x 5 0x00000000800004c0
3 0x0000000080000498 (0x34129073)
3 0x000000008000049c (0x00000293) x 5 0x0000000000000000
3 0x00000000800004a0 (0x30200073)
0 0x00000000800004c0 (0x00050c17) x24 0x00000000800504c0
0 0x00000000800004c4 (0xb70c0c13) x24 0x0000000080050030
0 0x00000000800004c8 (0xfe4c0c13) x24 0x0000000080050014
0 0x00000000800004cc (0xc19c2c2f) x24 0xffffffffd984bd6d
0 0x00000000800004d0 (0x00010397) x 7 0x00000000800104d0
0 0x00000000800004d4 (0xcb038393) x 7 0x0000000080010180
0 0x00000000800004d8 (0xff038393) x 7 0x0000000080010170
0 0x00000000800004dc (0x6193ae2f) x28 0xffffffff8dc8a328
0 0x00000000800004e0 (0xd03c1bd3) f23 0xffffffff5f7fffff
0 0x00000000800004e4 (0x00000797) x15 0x00000000800004e4
0 0x00000000800004e8 (0x2b078793) x15 0x0000000080000794
0 0x00000000800004ec (0x00078ae7) x21 0x00000000800004f0
0 0x0000000080000794 (0x00010697) x13 0x0000000080010794
0 0x0000000080000798 (0x8bc68693) x13 0x0000000080010050
0 0x000000008000079c (0x4016d693) x13 0x0000000040008028
3 0x0000000080000150 (0x00002097) x 1 0x0000000080002150
3 0x0000000080000154 (0x0b008093) x 1 0x0000000080002200
3 0x0000000080000158 (0x10002173) x 2 0x8000000200006000
3 0x000000008000015c (0x0420bc23)
3 0x0000000080000160 (0x10402173) x 2 0x0000000000000000
3 0x0000000080000164 (0x0620b823)
3 0x0000000080000168 (0x10502173) x 2 0x0000000080000114
3 0x000000008000016c (0x0620bc23)
3 0x0000000080000170 (0x10602173) x 2 0x0000000000000000
3 0x0000000080000174 (0x0820b023)
3 0x0000000080000178 (0x14002173) x 2 0x0000000000000000
3 0x000000008000017c (0x0820b423)
3 0x0000000080000180 (0x14102173) x 2 0x0000000000000000
3 0x0000000080000184 (0x0820b823)
3 0x0000000080000188 (0x14202173) x 2 0x0000000000000000
3 0x000000008000018c (0x0820bc23)
3 0x0000000080000190 (0x14302173) x 2 0x0000000000000000
3 0x0000000080000194 (0x0a20b023)
3 0x0000000080000198 (0x14402173) x 2 0x0000000000000000
3 0x000000008000019c (0xf7f17113) x 2 0x0000000000000000
3 0x00000000800001a0 (0x0a20b423)
3 0x00000000800001a4 (0x18002173) x 2 0x0000000000000000
3 0x00000000800001a8 (0x0a20b823)
3 0x00000000800001ac (0xf1402173) x 2 0x0000000000000000
3 0x00000000800001b0 (0x0a20bc23)
3 0x00000000800001b4 (0x30002173) x 2 0x8000000a00006000
3 0x00000000800001b8 (0x0c20b023)
3 0x00000000800001bc (0x30202173) x 2 0x000000000000b109
3 0x00000000800001c0 (0x0c20b423)
3 0x00000000800001c4 (0x30302173) x 2 0x0000000000000000
3 0x00000000800001c8 (0x0c20b823)
3 0x00000000800001cc (0x30402173) x 2 0x0000000000000000
3 0x00000000800001d0 (0x0c20bc23)
3 0x00000000800001d4 (0x30502173) x 2 0x0000000080000150
3 0x00000000800001d8 (0x0e20b023)
3 0x00000000800001dc (0x30602173) x 2 0x0000000000000000
3 0x00000000800001e0 (0x0e20b423)
3 0x00000000800001e4 (0x34002173) x 2 0x0000000008000000
3 0x00000000800001e8 (0x0e20b823)
3 0x00000000800001ec (0x34102173) x 2 0x00000000800007a0
3 0x00000000800001f0 (0x0e20bc23)
3 0x00000000800001f4 (0x34202173) x 2 0x0000000000000002
3 0x00000000800001f8 (0x1020b023)
3 0x00000000800001fc (0x34302173) x 2 0x000000003b269d73
3 0x0000000080000200 (0x1020b423)
3 0x0000000080000204 (0x34402173) x 2 0x0000000000000000
3 0x0000000080000208 (0xf7f17113) x 2 0x0000000000000000
3 0x000000008000020c (0x1020b823)
3 0x0000000080000210 (0x3a002173) x 2 0x000000000000001f
3 0x0000000080000214 (0x1020bc23)
3 0x0000000080000218 (0x3b002173) x 2 0x001fffffffffffff
3 0x000000008000021c (0x1220bc23)
3 0x0000000080000220 (0x3b102173) x 2 0x0000000000000000
3 0x0000000080000224 (0x1420b023)
3 0x0000000080000228 (0x3b202173) x 2 0x0000000000000000
3 0x000000008000022c (0x1420b423)
3 0x0000000080000230 (0x3b302173) x 2 0x0000000000000000
3 0x0000000080000234 (0x1420b823)
3 0x0000000080000238 (0x3b402173) x 2 0x0000000000000000
3 0x000000008000023c (0x1420bc23)
3 0x0000000080000240 (0x3b502173) x 2 0x0000000000000000
3 0x0000000080000244 (0x1620b023)
3 0x0000000080000248 (0x3b602173) x 2 0x0000000000000000
3 0x000000008000024c (0x1620b423)
3 0x0000000080000250 (0x3b702173) x 2 0x0000000000000000
3 0x0000000080000254 (0x1620b823)
3 0x0000000080000258 (0x00006537) x10 0x0000000000006000
3 0x000000008000025c (0x30052073)
3 0x0000000080000260 (0x00102173) x 2 0x0000000000000001
3 0x0000000080000264 (0x0420b023)
3 0x0000000080000268 (0x00202173) x 2 0x0000000000000006
3 0x000000008000026c (0x0420b423)
3 0x0000000080000270 (0x00302173) x 2 0x00000000000000c1
3 0x0000000080000274 (0x0420b823)
3 0x0000000080000278 (0x00002097) x 1 0x0000000080002278
3 0x000000008000027c (0xd8808093) x 1 0x0000000080002000
3 0x0000000080000280 (0x0000b023)
3 0x0000000080000284 (0x0020b823)
3 0x0000000080000288 (0x0030bc23)
3 0x000000008000028c (0x0240b023)
3 0x0000000080000290 (0x0250b423)
3 0x0000000080000294 (0x0260b823)
3 0x0000000080000298 (0x0270bc23)
3 0x000000008000029c (0x0480b023)
3 0x00000000800002a0 (0x0490b423)
3 0x00000000800002a4 (0x04a0b823)
3 0x00000000800002a8 (0x04b0bc23)
3 0x00000000800002ac (0x06c0b023)
3 0x00000000800002b0 (0x06d0b423)
3 0x00000000800002b4 (0x06e0b823)
3 0x00000000800002b8 (0x06f0bc23)
3 0x00000000800002bc (0x0900b023)
3 0x00000000800002c0 (0x0910b423)
3 0x00000000800002c4 (0x0920b823)
3 0x00000000800002c8 (0x0930bc23)
3 0x00000000800002cc (0x0b40b023)
3 0x00000000800002d0 (0x0b50b423)
3 0x00000000800002d4 (0x0b60b823)
3 0x00000000800002d8 (0x0b70bc23)
3 0x00000000800002dc (0x0d80b023)
3 0x00000000800002e0 (0x0d90b423)
3 0x00000000800002e4 (0x0db0bc23)
3 0x00000000800002e8 (0x0fc0b023)
3 0x00000000800002ec (0x0fd0b423)
3 0x00000000800002f0 (0x0fe0b823)
3 0x00000000800002f4 (0x00002097) x 1 0x00000000800022f4
3 0x00000000800002f8 (0xe0c08093) x 1 0x0000000080002100
3 0x00000000800002fc (0x0010a427)
3 0x0000000080000300 (0x0020a827)
3 0x0000000080000304 (0x0270ac27)
3 0x0000000080000308 (0x0490a427)
3 0x000000008000030c (0x04a0a827)
3 0x0000000080000310 (0x06c0a027)
3 0x0000000080000314 (0x06d0a427)
3 0x0000000080000318 (0x0b50a427)
3 0x000000008000031c (0x0b60a827)
3 0x0000000080000320 (0x0d90a427)
3 0x0000000080000324 (0x0da0a827)
3 0x0000000080000328 (0x0fc0a027)
3 0x000000008000032c (0x0fd0a427)
3 0x0000000080000330 (0x0fe0a827)
3 0x0000000080000334 (0x0ff0ac27)
3 0x0000000080000338 (0x00002097) x 1 0x0000000080002338
3 0x000000008000033c (0xdc808093) x 1 0x0000000080002100
3 0x0000000080000340 (0x0000b027)
3 0x0000000080000344 (0x0030bc27)
3 0x0000000080000348 (0x0240b027)
3 0x000000008000034c (0x0250b427)
3 0x0000000080000350 (0x0260b827)
3 0x0000000080000354 (0x0480b027)
3 0x0000000080000358 (0x04b0bc27)
3 0x000000008000035c (0x06e0b827)
3 0x0000000080000360 (0x06f0bc27)
3 0x0000000080000364 (0x0900b027)
3 0x0000000080000368 (0x0910b427)
3 0x000000008000036c (0x0920b827)
3 0x0000000080000370 (0x0930bc27)
3 0x0000000080000374 (0x0b40b027)
3 0x0000000080000378 (0x0b70bc27)
3 0x000000008000037c (0x0d80b027)
3 0x0000000080000380 (0x0db0bc27)
3 0x0000000080000384 (0x00100193) x 3 0x0000000000000001
3 0x0000000080000388 (0x00001f17) x30 0x0000000080001388
3 0x000000008000038c (0xc63f2c23)
3 0x0000000080000390 (0x0000006f)
3 0x0000000080000390 (0x0000006f)
3 0x0000000080000390 (0x0000006f)
3 0x0000000080000390 (0x0000006f)
3 0x0000000080000390 (0x0000006f)
3 0x0000000080000390 (0x0000006f)
3 0x0000000080000390 (0x0000006f)
3 0x0000000080000390 (0x0000006f)
3 0x0000000080000390 (0x0000006f)
3 0x0000000080000390 (0x0000006f)
3 0x0000000080000390 (0x0000006f)
3 0x0000000080000390 (0x0000006f)
3 0x0000000080000390 (0x0000006f)
3 0x0000000080000390 (0x0000006f)
3 0x0000000080000390 (0x0000006f)
3 0x0000000080000390 (0x0000006f)
3 0x0000000080000390 (0x0000006f)
3 0x0000000080000390 (0x0000006f)
3 0x0000000080000390 (0x0000006f)
3 0x0000000080000390 (0x0000006f)
3 0x0000000080000390 (0x0000006f)
3 0x0000000080000390 (0x0000006f)
3 0x0000000080000390 (0x0000006f)
3 0x0000000080000390 (0x0000006f)
3 0x0000000080000390 (0x0000006f)
3 0x0000000080000390 (0x0000006f)
3 0x0000000080000390 (0x0000006f)
3 0x0000000080000390 (0x0000006f)
3 0x0000000080000390 (0x0000006f)
3 0x0000000080000390 (0x0000006f)
3 0x0000000080000390 (0x0000006f)
3 0x0000000080000390 (0x0000006f)
3 0x0000000080000390 (0x0000006f)
3 0x0000000080000390 (0x0000006f)
3 0x0000000080000390 (0x0000006f)
3 0x0000000080000390 (0x0000006f)
3 0x0000000080000390 (0x0000006f)
3 0x0000000080000390 (0x0000006f)
3 0x0000000080000390 (0x0000006f)
3 0x0000000080000390 (0x0000006f)
3 0x0000000080000390 (0x0000006f)
3 0x0000000080000390 (0x0000006f)
3 0x0000000080000390 (0x0000006f)
3 0x0000000080000390 (0x0000006f)
3 0x0000000080000390 (0x0000006f)
3 0x0000000080000390 (0x0000006f)
3 0x0000000080000390 (0x0000006f)
3 0x0000000080000390 (0x0000006f)
3 0x0000000080000390 (0x0000006f)
3 0x0000000080000390 (0x0000006f)
3 0x0000000080000390 (0x0000006f)
3 0x0000000080000390 (0x0000006f)
3 0x0000000080000390 (0x0000006f)
3 0x0000000080000390 (0x0000006f)
3 0x0000000080000390 (0x0000006f)
3 0x0000000080000390 (0x0000006f)
3 0x0000000080000390 (0x0000006f)
3 0x0000000080000390 (0x0000006f)
3 0x0000000080000390 (0x0000006f)
3 0x0000000080000390 (0x0000006f)
3 0x0000000080000390 (0x0000006f)
3 0x0000000080000390 (0x0000006f)
3 0x0000000080000390 (0x0000006f)
3 0x0000000080000390 (0x0000006f)
3 0x0000000080000390 (0x0000006f)
3 0x0000000080000390 (0x0000006f)
3 0x0000000080000390 (0x0000006f)
3 0x0000000080000390 (0x0000006f)
3 0x0000000080000390 (0x0000006f)
3 0x0000000080000390 (0x0000006f)
3 0x0000000080000390 (0x0000006f)
3 0x0000000080000390 (0x0000006f)
3 0x0000000080000390 (0x0000006f)
3 0x0000000080000390 (0x0000006f)
3 0x0000000080000390 (0x0000006f)
3 0x0000000080000390 (0x0000006f)
3 0x0000000080000390 (0x0000006f)
3 0x0000000080000390 (0x0000006f)
3 0x0000000080000390 (0x0000006f)
3 0x0000000080000390 (0x0000006f)
3 0x0000000080000390 (0x0000006f)
3 0x0000000080000390 (0x0000006f)
3 0x0000000080000390 (0x0000006f)
3 0x0000000080000390 (0x0000006f)
3 0x0000000080000390 (0x0000006f)
3 0x0000000080000390 (0x0000006f)
3 0x0000000080000390 (0x0000006f)
3 0x0000000080000390 (0x0000006f)
3 0x0000000080000390 (0x0000006f)
3 0x0000000080000390 (0x0000006f)
3 0x0000000080000390 (0x0000006f)
3 0x0000000080000390 (0x0000006f)
3 0x0000000080000390 (0x0000006f)
3 0x0000000080000390 (0x0000006f)
3 0x0000000080000390 (0x0000006f)
3 0x0000000080000390 (0x0000006f)
3 0x0000000080000390 (0x0000006f)
3 0x0000000080000390 (0x0000006f)
3 0x0000000080000390 (0x0000006f)
3 0x0000000080000390 (0x0000006f)
3 0x0000000080000390 (0x0000006f)
3 0x0000000080000390 (0x0000006f)
3 0x0000000080000390 (0x0000006f)
3 0x0000000080000390 (0x0000006f)
3 0x0000000080000390 (0x0000006f)
3 0x0000000080000390 (0x0000006f)
3 0x0000000080000390 (0x0000006f)
3 0x0000000080000390 (0x0000006f)
3 0x0000000080000390 (0x0000006f)
3 0x0000000080000390 (0x0000006f)
3 0x0000000080000390 (0x0000006f)
3 0x0000000080000390 (0x0000006f)
3 0x0000000080000390 (0x0000006f)
3 0x0000000080000390 (0x0000006f)
3 0x0000000080000390 (0x0000006f)
3 0x0000000080000390 (0x0000006f)
3 0x0000000080000390 (0x0000006f)
3 0x0000000080000390 (0x0000006f)
3 0x0000000080000390 (0x0000006f)
3 0x0000000080000390 (0x0000006f)
3 0x0000000080000390 (0x0000006f)
3 0x0000000080000390 (0x0000006f)
3 0x0000000080000390 (0x0000006f)
3 0x0000000080000390 (0x0000006f)
3 0x0000000080000390 (0x0000006f)
3 0x0000000080000390 (0x0000006f)
3 0x0000000080000390 (0x0000006f)
3 0x0000000080000390 (0x0000006f)
3 0x0000000080000390 (0x0000006f)
3 0x0000000080000390 (0x0000006f)
3 0x0000000080000390 (0x0000006f)
3 0x0000000080000390 (0x0000006f)
3 0x0000000080000390 (0x0000006f)
3 0x0000000080000390 (0x0000006f)
3 0x0000000080000390 (0x0000006f)
3 0x0000000080000390 (0x0000006f)
3 0x0000000080000390 (0x0000006f)
3 0x0000000080000390 (0x0000006f)
3 0x0000000080000390 (0x0000006f)
3 0x0000000080000390 (0x0000006f)
3 0x0000000080000390 (0x0000006f)
3 0x0000000080000390 (0x0000006f)
3 0x0000000080000390 (0x0000006f)
3 0x0000000080000390 (0x0000006f)
3 0x0000000080000390 (0x0000006f)
3 0x0000000080000390 (0x0000006f)
3 0x0000000080000390 (0x0000006f)
3 0x0000000080000390 (0x0000006f)
3 0x0000000080000390 (0x0000006f)
3 0x0000000080000390 (0x0000006f)
3 0x0000000080000390 (0x0000006f)
3 0x0000000080000390 (0x0000006f)
3 0x0000000080000390 (0x0000006f)
3 0x0000000080000390 (0x0000006f)
3 0x0000000080000390 (0x0000006f)
3 0x0000000080000390 (0x0000006f)
3 0x0000000080000390 (0x0000006f)
3 0x0000000080000390 (0x0000006f)
3 0x0000000080000390 (0x0000006f)
3 0x0000000080000390 (0x0000006f)
3 0x0000000080000390 (0x0000006f)
3 0x0000000080000390 (0x0000006f)
3 0x0000000080000390 (0x0000006f)
3 0x0000000080000390 (0x0000006f)
3 0x0000000080000390 (0x0000006f)
3 0x0000000080000390 (0x0000006f)
3 0x0000000080000390 (0x0000006f)
3 0x0000000080000390 (0x0000006f)
3 0x0000000080000390 (0x0000006f)
3 0x0000000080000390 (0x0000006f)
3 0x0000000080000390 (0x0000006f)
3 0x0000000080000390 (0x0000006f)
3 0x0000000080000390 (0x0000006f)
