3 0x0000000000010040 (0x00000517) x10 0x0000000000010040
3 0x0000000000010044 (0xfc050513) x10 0x0000000000010000
3 0x0000000000010048 (0x30551073)
3 0x000000000001004c (0x301022f3) x 5 0x800000000014112d
3 0x0000000000010050 (0x4122d293) x 5 0xffffe00000000005
3 0x0000000000010054 (0x0012f293) x 5 0x0000000000000001
3 0x0000000000010058 (0x00028463)
3 0x000000000001005c (0x30301073)
3 0x0000000000010060 (0x00800513) x10 0x0000000000000008
3 0x0000000000010064 (0x30451073)
3 0x0000000000010068 (0x30052073)
3 0x000000000001006c (0x10500073)
3 0x0000000000010070 (0xffdff06f)
3 0x000000000001006c (0x10500073)
3 0x0000000000010070 (0xffdff06f)
3 0x0000000000010000 (0x020005b7) x11 0x0000000002000000
3 0x0000000000010004 (0xf1402573) x10 0x0000000000000000
3 0x0000000000010008 (0x00050463)
3 0x0000000000010010 (0x00458613) x12 0x0000000002000004
3 0x0000000000010014 (0x00100693) x13 0x0000000000000001
3 0x0000000000010018 (0x00d62023)
3 0x000000000001001c (0x00460613) x12 0x0000000002000008
3 0x0000000000010020 (0xffc62683) x13 0x0000000000000000
3 0x0000000000010024 (0xfe069ae3)
3 0x0000000000010028 (0x06c0006f)
3 0x0000000000010094 (0x0005a023)
3 0x0000000000010098 (0x00004537) x10 0x0000000000004000
3 0x000000000001009c (0x00053503) x10 0x0000000080000000
3 0x00000000000100a0 (0x34151073)
3 0x00000000000100a4 (0xf1402573) x10 0x0000000000000000
3 0x00000000000100a8 (0x00000597) x11 0x00000000000100a8
3 0x00000000000100ac (0x01858593) x11 0x00000000000100c0
3 0x00000000000100b0 (0x08000613) x12 0x0000000000000080
3 0x00000000000100b4 (0x30063073)
3 0x00000000000100b8 (0x30200073)
3 0x0000000080000000 (0x00010f97) x31 0x0000000080010000
3 0x0000000080000004 (0x000f8f93) x31 0x0000000080010000
3 0x0000000080000008 (0x000fb083) x 1 0x67d4aab357657002
3 0x000000008000000c (0x008fb103) x 2 0x36aae37a50e0002e
3 0x0000000080000010 (0x010fb183) x 3 0xf7a4908f090bf3c9
3 0x0000000080000014 (0x018fb203) x 4 0xfac13ec531396a52
3 0x0000000080000018 (0x020fb283) x 5 0xf5e6082f74eb904a
3 0x000000008000001c (0x028fb303) x 6 0xb962d439f6aeecbf
3 0x0000000080000020 (0x030fb383) x 7 0x9b283957fcf8bfee
3 0x0000000080000024 (0x038fb403) x 8 0x03c94d8937ed3dc4
3 0x0000000080000028 (0x040fb483) x 9 0xb9e8d1230048accb
3 0x000000008000002c (0x048fb503) x10 0x6a7ed33667898a77
3 0x0000000080000030 (0x050fb583) x11 0xa2c883277aa96426
3 0x0000000080000034 (0x058fb603) x12 0x60224c5f074adfc6
3 0x0000000080000038 (0x060fb683) x13 0x3c33e775d3816632
3 0x000000008000003c (0x068fb703) x14 0xebe423534281857a
3 0x0000000080000040 (0x070fb783) x15 0x755180fc2ce980a6
3 0x0000000080000044 (0x078fb803) x16 0x34e4985574cb85f2
3 0x0000000080000048 (0x080fb883) x17 0x46ec60ffa085ba48
3 0x000000008000004c (0x088fb903) x18 0xacf9f2b8856cf235
3 0x0000000080000050 (0x090fb983) x19 0xaa9fbb9af2730072
3 0x0000000080000054 (0x098fba03) x20 0x97b5a90e41b46c47
3 0x0000000080000058 (0x0a0fba83) x21 0xd4adf089a99036a4
3 0x000000008000005c (0x0a8fbb03) x22 0xc6c93c16ead84491
3 0x0000000080000060 (0x0b0fbb83) x23 0x516ec9ef1d8d7f23
3 0x0000000080000064 (0x0b8fbc03) x24 0x46e235a70a68e3f1
3 0x0000000080000068 (0x0c0fbc83) x25 0x08f094a4e4e2d4b3
3 0x000000008000006c (0x0c8fbd03) x26 0x299b899e6892a8fc
3 0x0000000080000070 (0x0d0fbd83) x27 0xb6a3d2d374f04789
3 0x0000000080000074 (0x0d8fbe03) x28 0x9e82503f59044b06
3 0x0000000080000078 (0x0e0fbe83) x29 0xc5078708dbc8fc97
3 0x000000008000007c (0x0e8fbf03) x30 0xc05fdcfef1ef28d1
3 0x0000000080000080 (0x0f0fbf83) x31 0x6bc8471989048d02
3 0x0000000080000084 (0x2d80006f)
3 0x000000008000035c (0x30005073)
3 0x0000000080000360 (0xf1402573) x10 0x0000000000000000
3 0x0000000080000364 (0x00051063)
3 0x0000000080000368 (0x00000297) x 5 0x0000000080000368
3 0x000000008000036c (0x01828293) x 5 0x0000000080000380
3 0x0000000080000370 (0x30529073)
3 0x0000000080000374 (0x30205073)
3 0x0000000080000378 (0x30305073)
3 0x000000008000037c (0x30405073)
3 0x0000000080000380 (0x00000297) x 5 0x0000000080000380
3 0x0000000080000384 (0x01028293) x 5 0x0000000080000390
3 0x0000000080000388 (0x30529073)
3 0x000000008000038c (0x18005073)
3 0x0000000080000390 (0x00000297) x 5 0x0000000080000390
3 0x0000000080000394 (0x02428293) x 5 0x00000000800003b4
3 0x0000000080000398 (0x30529073)
3 0x000000008000039c (0x0010029b) x 5 0x0000000000000001
3 0x00000000800003a0 (0x03529293) x 5 0x0020000000000000
3 0x00000000800003a4 (0xfff28293) x 5 0x001fffffffffffff
3 0x00000000800003a8 (0x3b029073)
3 0x00000000800003ac (0x01f00293) x 5 0x000000000000001f
3 0x00000000800003b0 (0x3a029073)
3 0x00000000800003b4 (0x00000297) x 5 0x00000000800003b4
3 0x00000000800003b8 (0xd6428293) x 5 0x0000000080000118
3 0x00000000800003bc (0x30529073)
3 0x00000000800003c0 (0x00000193) x 3 0x0000000000000000
3 0x00000000800003c4 (0x00100513) x10 0x0000000000000001
3 0x00000000800003c8 (0x01f51513) x10 0x0000000080000000
3 0x00000000800003cc (0x00055c63)
3 0x00000000800003e4 (0x00000297) x 5 0x00000000800003e4
3 0x00000000800003e8 (0xd3028293) x 5 0x0000000080000114
3 0x00000000800003ec (0x10529073)
3 0x00000000800003f0 (0x0000b2b7) x 5 0x000000000000b000
3 0x00000000800003f4 (0x1092829b) x 5 0x000000000000b109
3 0x00000000800003f8 (0x3022a073)
3 0x00000000800003fc (0x00008537) x10 0x0000000000008000
3 0x0000000080000400 (0x8005051b) x10 0x0000000000007800
3 0x0000000080000404 (0x30052073)
3 0x0000000080000408 (0x00305073)
3 0x000000008000040c (0xc7dff0ef) x 1 0x0000000080000410
3 0x0000000080000088 (0x00020f97) x31 0x0000000080020088
3 0x000000008000008c (0xf78f8f93) x31 0x0000000080020000
3 0x0000000080000090 (0x000fa007) f 0 0xffffffffa9b69654
3 0x0000000080000094 (0x008fa087) f 1 0xffffffff5ea52432
3 0x0000000080000098 (0x010fa107) f 2 0xffffffff2f5b015f
3 0x000000008000009c (0x018fb187) f 3 0x5a0292c6f3bffe6c
3 0x00000000800000a0 (0x020fb207) f 4 0xa39a8496e490f2e4
3 0x00000000800000a4 (0x028fb287) f 5 0x820ac6473277d347
3 0x00000000800000a8 (0x030fb307) f 6 0x7744053ed075ce0f
3 0x00000000800000ac (0x038fa387) f 7 0xffffffffdd4d1da5
3 0x00000000800000b0 (0x040fb407) f 8 0x7db722baefba3520
3 0x00000000800000b4 (0x048fb487) f 9 0x1057dc51fca108ac
3 0x00000000800000b8 (0x050fa507) f10 0xffffffff6516b954
3 0x00000000800000bc (0x058fb587) f11 0xd621c0e03fc88b4f
3 0x00000000800000c0 (0x060fb607) f12 0xf4bc6d9c4a63a92e
3 0x00000000800000c4 (0x068fb687) f13 0xeb8e8c08f59ca313
3 0x00000000800000c8 (0x070fa707) f14 0xffffffff51d366db
3 0x00000000800000cc (0x078fb787) f15 0x8bc5a0bfcdfa2724
3 0x00000000800000d0 (0x080fb807) f16 0x635b955a2680e715
3 0x00000000800000d4 (0x088fa887) f17 0xffffffff40e4bcb6
3 0x00000000800000d8 (0x090fa907) f18 0xffffffff273927d3
3 0x00000000800000dc (0x098fa987) f19 0xffffffffd22386f4
3 0x00000000800000e0 (0x0a0fba07) f20 0xb92da06bf13de7cf
3 0x00000000800000e4 (0x0a8faa87) f21 0xffffffff7246b498
3 0x00000000800000e8 (0x0b0fbb07) f22 0xdd282435a38c4c96
3 0x00000000800000ec (0x0b8fbb87) f23 0xa5e1766eaeb550e1
3 0x00000000800000f0 (0x0c0fbc07) f24 0x46b523de9d6f0f25
3 0x00000000800000f4 (0x0c8fbc87) f25 0x7ef7f7fdc8c8358f
3 0x00000000800000f8 (0x0d0fbd07) f26 0xbf0d381d92db8936
3 0x00000000800000fc (0x0d8fbd87) f27 0x2b415bf8cd289813
3 0x0000000080000100 (0x0e0fbe07) f28 0xea10f02378573937
3 0x0000000080000104 (0x0e8fae87) f29 0xffffffff21421bb4
3 0x0000000080000108 (0x0f0faf07) f30 0xffffffffe2a2d103
3 0x000000008000010c (0x0f8faf87) f31 0xffffffff9595b7ce
3 0x0000000080000110 (0x00008067)
3 0x0000000080000410 (0xb0201073)
3 0x0000000080000414 (0xf1402573) x10 0x0000000000000000
3 0x0000000080000418 (0x3b4ff773) x14 0x0000000000000000
3 0x000000008000041c (0x3a006773) x14 0x000000000000001f
3 0x0000000080000420 (0x00000297) x 5 0x0000000080000420
3 0x0000000080000424 (0x02028293) x 5 0x0000000080000440
3 0x0000000080000428 (0x34129073)
3 0x000000008000042c (0x00000293) x 5 0x0000000000000000
3 0x0000000080000430 (0x30200073)
3 0x0000000080000440 (0x00040497) x 9 0x0000000080040440
3 0x0000000080000444 (0xd0048493) x 9 0x0000000080040140
3 0x0000000080000448 (0x00048493) x 9 0x0000000080040140
3 0x000000008000044c (0xe1c4b82f) x16 0x9afc8db11f8beda5
3 0x0000000080000450 (0x2a774e13) x28 0x00000000000002b8
3 0x0000000080000454 (0xa4f3c393) x 7 0x64d7c6a8030745a1
3 0x0000000080000458 (0x168001ef) x 3 0x000000008000045c
3 0x00000000800005c0 (0x00050d97) x27 0x00000000800505c0
3 0x00000000800005c4 (0xbd0d8d93) x27 0x0000000080050190
3 0x00000000800005c8 (0x000d8d93) x27 0x0000000080050190
3 0x00000000800005cc (0x100da0af) x 1 0x0000000023a13dd8
3 0x00000000800005d0 (0x00030797) x15 0x00000000800305d0
3 0x00000000800005d4 (0xb4078793) x15 0x0000000080030110
3 0x00000000800005d8 (0xff17a623)
3 0x00000000800005dc (0xc022fcd3) x25 0x7fffffffffffffff
3 0x00000000800005e0 (0x00020397) x 7 0x00000000800205e0
3 0x00000000800005e4 (0xba038393) x 7 0x0000000080020180
3 0x00000000800005e8 (0x00038393) x 7 0x0000000080020180
3 0x00000000800005ec (0xe1e3b2af) x 5 0xfa7d3142d6003875
3 0x00000000800005f0 (0xa1572ed3) x29 0x0000000000000000
3 0x00000000800005f4 (0x0111dc3b) x24 0x0000000000800004
3 0x00000000800005f8 (0x00bcdbbb) x23 0x0000000003ffffff
3 0x00000000800005fc (0x00010e17) x28 0x00000000800105fc
3 0x0000000080000600 (0xae4e0e13) x28 0x00000000800100e0
3 0x0000000080000604 (0x005e4f03) x30 0x0000000000000087
3 0x0000000080000608 (0x09700653) f12 0xffffffff7fc00000
3 0x000000008000060c (0x00060897) x17 0x000000008006060c
3 0x0000000080000610 (0xa1488893) x17 0x0000000080060020
3 0x0000000080000614 (0x01c88893) x17 0x000000008006003c
3 0x0000000080000618 (0x1008a12f) x 2 0xffffffffa39ff43c
3 0x000000008000061c (0xa19d1253) x 4 0x0000000000000000
3 0x0000000080000620 (0x00030917) x18 0x0000000080030620
3 0x0000000080000624 (0xad090913) x18 0x00000000800300f0
3 0x0000000080000628 (0xff090913) x18 0x00000000800300e0
3 0x000000008000062c (0x0819282f) x16 0x0000000068933619
3 0x0000000080000630 (0x140cee13) x28 0x7fffffffffffffff
3 0x0000000080000634 (0x3b05dbf3) x23 0x001fffffffffffff
3 0x0000000080000638 (0x00060417) x 8 0x0000000080060638
3 0x000000008000063c (0xb1840413) x 8 0x0000000080060150
3 0x0000000080000640 (0x00040413) x 8 0x0000000080060150
3 0x0000000080000644 (0x188434af) x 9 0x0000000000000001
3 0x0000000080000648 (0x00020697) x13 0x0000000080020648
3 0x000000008000064c (0xae868693) x13 0x0000000080020130
3 0x0000000080000650 (0x00068693) x13 0x0000000080020130
3 0x0000000080000654 (0x18d6b0af) x 1 0x0000000000000001
3 0x0000000080000658 (0x0b811663)
3 0x0000000080000704 (0x41c2dc9b) x25 0xfffffffffffffffd
3 0x0000000080000708 (0x01701d1b) x26 0x0000000000000000
3 0x000000008000070c (0x31c0bd4f) f26 0xffffffff7fc00000
3 0x0000000080000710 (0x00030897) x17 0x0000000080030710
3 0x0000000080000714 (0xac088893) x17 0x00000000800301d0
3 0x0000000080000718 (0x01088893) x17 0x00000000800301e0
3 0x000000008000071c (0xa0f8b8af) x17 0x1796de165943fb7b
3 0x0000000080000720 (0x00050d17) x26 0x0000000080050720
3 0x0000000080000724 (0xa60d0d13) x26 0x0000000080050180
3 0x0000000080000728 (0x008d0d13) x26 0x0000000080050188
3 0x000000008000072c (0x415d342f) x 8 0x6cbd4db6103b5ca0
3 0x0000000080000730 (0xc027c2d3) x 5 0x7fffffffffffffff
3 0x0000000080000734 (0xc9a113c3) f 7 0xffffffff7fc00000
3 0x0000000080000738 (0x00030d97) x27 0x0000000080030738
3 0x000000008000073c (0x9b8d8d93) x27 0x00000000800300f0
3 0x0000000080000740 (0xfe8d8d93) x27 0x00000000800300d8
3 0x0000000080000744 (0x01eda82f) x16 0xffffffffc54de8cf
3 0x0000000080000748 (0x00060997) x19 0x0000000080060748
3 0x000000008000074c (0x9b898993) x19 0x0000000080060100
3 0x0000000080000750 (0x0009a087) f 1 0xffffffffd0dd2641
3 0x0000000080000754 (0x00309513) x10 0x0000000000000008
3 0x0000000080000758 (0x290a1dd3) f27 0xffffffff7fc00000
3 0x000000008000075c (0x02c9a633) x12 0x000000003013675d
3 0x0000000080000760 (0x0324f7b3) x15 0x0000000000000001
3 0x0000000080000764 (0x40b45013)
3 0x0000000080000768 (0x00050d97) x27 0x0000000080050768
3 0x000000008000076c (0x988d8d93) x27 0x00000000800500f0
3 0x0000000080000770 (0x01bd8fa3)
3 0x0000000080000774 (0xe0c02493) x 9 0x0000000000000000
3 0x0000000080000778 (0x19a879d3) f19 0xffffffff7fc00000
3 0x0000000080000118 (0x00002097) x 1 0x0000000080002118
3 0x000000008000011c (0x0e808093) x 1 0x0000000080002200
3 0x0000000080000120 (0x10002173) x 2 0x8000000200006000
3 0x0000000080000124 (0x0420bc23)
3 0x0000000080000128 (0x10402173) x 2 0x0000000000000000
3 0x000000008000012c (0x0620b823)
3 0x0000000080000130 (0x10502173) x 2 0x0000000080000114
3 0x0000000080000134 (0x0620bc23)
3 0x0000000080000138 (0x10602173) x 2 0x0000000000000000
3 0x000000008000013c (0x0820b023)
3 0x0000000080000140 (0x14002173) x 2 0x0000000000000000
3 0x0000000080000144 (0x0820b423)
3 0x0000000080000148 (0x14102173) x 2 0x0000000000000000
3 0x000000008000014c (0x0820b823)
3 0x0000000080000150 (0x14202173) x 2 0x0000000000000000
3 0x0000000080000154 (0x0820bc23)
3 0x0000000080000158 (0x14302173) x 2 0x0000000000000000
3 0x000000008000015c (0x0a20b023)
3 0x0000000080000160 (0x14402173) x 2 0x0000000000000000
3 0x0000000080000164 (0xf7f17113) x 2 0x0000000000000000
3 0x0000000080000168 (0x0a20b423)
3 0x000000008000016c (0x18002173) x 2 0x0000000000000000
3 0x0000000080000170 (0x0a20b823)
3 0x0000000080000174 (0xf1402173) x 2 0x0000000000000000
3 0x0000000080000178 (0x0a20bc23)
3 0x000000008000017c (0x30002173) x 2 0x8000000a00007800
3 0x0000000080000180 (0x0c20b023)
3 0x0000000080000184 (0x30202173) x 2 0x000000000000b109
3 0x0000000080000188 (0x0c20b423)
3 0x000000008000018c (0x30302173) x 2 0x0000000000000000
3 0x0000000080000190 (0x0c20b823)
3 0x0000000080000194 (0x30402173) x 2 0x0000000000000000
3 0x0000000080000198 (0x0c20bc23)
3 0x000000008000019c (0x30502173) x 2 0x0000000080000118
3 0x00000000800001a0 (0x0e20b023)
3 0x00000000800001a4 (0x30602173) x 2 0x0000000000000000
3 0x00000000800001a8 (0x0e20b423)
3 0x00000000800001ac (0x34002173) x 2 0x0000000000000000
3 0x00000000800001b0 (0x0e20b823)
3 0x00000000800001b4 (0x34102173) x 2 0x000000008000077c
3 0x00000000800001b8 (0x0e20bc23)
3 0x00000000800001bc (0x34202173) x 2 0x000000000000000b
3 0x00000000800001c0 (0x1020b023)
3 0x00000000800001c4 (0x34302173) x 2 0x0000000000000073
3 0x00000000800001c8 (0x1020b423)
3 0x00000000800001cc (0x34402173) x 2 0x0000000000000000
3 0x00000000800001d0 (0xf7f17113) x 2 0x0000000000000000
3 0x00000000800001d4 (0x1020b823)
3 0x00000000800001d8 (0x3a002173) x 2 0x000000000000001f
3 0x00000000800001dc (0x1020bc23)
3 0x00000000800001e0 (0x3b002173) x 2 0x000000000000000b
3 0x00000000800001e4 (0x1220bc23)
3 0x00000000800001e8 (0x3b102173) x 2 0x0000000000000000
3 0x00000000800001ec (0x1420b023)
3 0x00000000800001f0 (0x3b202173) x 2 0x0000000000000000
3 0x00000000800001f4 (0x1420b423)
3 0x00000000800001f8 (0x3b302173) x 2 0x0000000000000000
3 0x00000000800001fc (0x1420b823)
3 0x0000000080000200 (0x3b402173) x 2 0x0000000000000000
3 0x0000000080000204 (0x1420bc23)
3 0x0000000080000208 (0x3b502173) x 2 0x0000000000000000
3 0x000000008000020c (0x1620b023)
3 0x0000000080000210 (0x3b602173) x 2 0x0000000000000000
3 0x0000000080000214 (0x1620b423)
3 0x0000000080000218 (0x3b702173) x 2 0x0000000000000000
3 0x000000008000021c (0x1620b823)
3 0x0000000080000220 (0x00006537) x10 0x0000000000006000
3 0x0000000080000224 (0x30052073)
3 0x0000000080000228 (0x00102173) x 2 0x0000000000000010
3 0x000000008000022c (0x0420b023)
3 0x0000000080000230 (0x00202173) x 2 0x0000000000000000
3 0x0000000080000234 (0x0420b423)
3 0x0000000080000238 (0x00302173) x 2 0x0000000000000010
3 0x000000008000023c (0x0420b823)
3 0x0000000080000240 (0x00002097) x 1 0x0000000080002240
3 0x0000000080000244 (0xdc008093) x 1 0x0000000080002000
3 0x0000000080000248 (0x0000b023)
3 0x000000008000024c (0x0020b823)
3 0x0000000080000250 (0x0030bc23)
3 0x0000000080000254 (0x0240b023)
3 0x0000000080000258 (0x0250b423)
3 0x000000008000025c (0x0260b823)
3 0x0000000080000260 (0x0270bc23)
3 0x0000000080000264 (0x0480b023)
3 0x0000000080000268 (0x0490b423)
3 0x000000008000026c (0x04a0b823)
3 0x0000000080000270 (0x04b0bc23)
3 0x0000000080000274 (0x06c0b023)
3 0x0000000080000278 (0x06d0b423)
3 0x000000008000027c (0x06e0b823)
3 0x0000000080000280 (0x06f0bc23)
3 0x0000000080000284 (0x0900b023)
3 0x0000000080000288 (0x0910b423)
3 0x000000008000028c (0x0920b823)
3 0x0000000080000290 (0x0930bc23)
3 0x0000000080000294 (0x0b40b023)
3 0x0000000080000298 (0x0b50b423)
3 0x000000008000029c (0x0b60b823)
3 0x00000000800002a0 (0x0b70bc23)
3 0x00000000800002a4 (0x0d80b023)
3 0x00000000800002a8 (0x0d90b423)
3 0x00000000800002ac (0x0db0bc23)
3 0x00000000800002b0 (0x0fc0b023)
3 0x00000000800002b4 (0x0fd0b423)
3 0x00000000800002b8 (0x0fe0b823)
3 0x00000000800002bc (0x00002097) x 1 0x00000000800022bc
3 0x00000000800002c0 (0xe4408093) x 1 0x0000000080002100
3 0x00000000800002c4 (0x0010a427)
3 0x00000000800002c8 (0x0020a827)
3 0x00000000800002cc (0x0270ac27)
3 0x00000000800002d0 (0x0490a427)
3 0x00000000800002d4 (0x04a0a827)
3 0x00000000800002d8 (0x06c0a027)
3 0x00000000800002dc (0x06d0a427)
3 0x00000000800002e0 (0x0b50a427)
3 0x00000000800002e4 (0x0b60a827)
3 0x00000000800002e8 (0x0d90a427)
3 0x00000000800002ec (0x0da0a827)
3 0x00000000800002f0 (0x0fc0a027)
3 0x00000000800002f4 (0x0fd0a427)
3 0x00000000800002f8 (0x0fe0a827)
3 0x00000000800002fc (0x0ff0ac27)
3 0x0000000080000300 (0x00002097) x 1 0x0000000080002300
3 0x0000000080000304 (0xe0008093) x 1 0x0000000080002100
3 0x0000000080000308 (0x0000b027)
3 0x000000008000030c (0x0030bc27)
3 0x0000000080000310 (0x0240b027)
3 0x0000000080000314 (0x0250b427)
3 0x0000000080000318 (0x0260b827)
3 0x000000008000031c (0x0480b027)
3 0x0000000080000320 (0x04b0bc27)
3 0x0000000080000324 (0x06e0b827)
3 0x0000000080000328 (0x06f0bc27)
3 0x000000008000032c (0x0900b027)
3 0x0000000080000330 (0x0910b427)
3 0x0000000080000334 (0x0920b827)
3 0x0000000080000338 (0x0930bc27)
3 0x000000008000033c (0x0b40b027)
3 0x0000000080000340 (0x0b70bc27)
3 0x0000000080000344 (0x0d80b027)
3 0x0000000080000348 (0x0db0bc27)
3 0x000000008000034c (0x00100193) x 3 0x0000000000000001
3 0x0000000080000350 (0x00001f17) x30 0x0000000080001350
3 0x0000000080000354 (0xca3f2823)
3 0x0000000080000358 (0x0000006f)
3 0x0000000080000358 (0x0000006f)
3 0x0000000080000358 (0x0000006f)
3 0x0000000080000358 (0x0000006f)
3 0x0000000080000358 (0x0000006f)
3 0x0000000080000358 (0x0000006f)
3 0x0000000080000358 (0x0000006f)
3 0x0000000080000358 (0x0000006f)
3 0x0000000080000358 (0x0000006f)
3 0x0000000080000358 (0x0000006f)
3 0x0000000080000358 (0x0000006f)
3 0x0000000080000358 (0x0000006f)
3 0x0000000080000358 (0x0000006f)
3 0x0000000080000358 (0x0000006f)
3 0x0000000080000358 (0x0000006f)
3 0x0000000080000358 (0x0000006f)
3 0x0000000080000358 (0x0000006f)
3 0x0000000080000358 (0x0000006f)
3 0x0000000080000358 (0x0000006f)
3 0x0000000080000358 (0x0000006f)
3 0x0000000080000358 (0x0000006f)
3 0x0000000080000358 (0x0000006f)
3 0x0000000080000358 (0x0000006f)
3 0x0000000080000358 (0x0000006f)
3 0x0000000080000358 (0x0000006f)
3 0x0000000080000358 (0x0000006f)
3 0x0000000080000358 (0x0000006f)
3 0x0000000080000358 (0x0000006f)
3 0x0000000080000358 (0x0000006f)
3 0x0000000080000358 (0x0000006f)
3 0x0000000080000358 (0x0000006f)
3 0x0000000080000358 (0x0000006f)
3 0x0000000080000358 (0x0000006f)
3 0x0000000080000358 (0x0000006f)
3 0x0000000080000358 (0x0000006f)
3 0x0000000080000358 (0x0000006f)
3 0x0000000080000358 (0x0000006f)
3 0x0000000080000358 (0x0000006f)
3 0x0000000080000358 (0x0000006f)
3 0x0000000080000358 (0x0000006f)
3 0x0000000080000358 (0x0000006f)
3 0x0000000080000358 (0x0000006f)
3 0x0000000080000358 (0x0000006f)
3 0x0000000080000358 (0x0000006f)
3 0x0000000080000358 (0x0000006f)
3 0x0000000080000358 (0x0000006f)
3 0x0000000080000358 (0x0000006f)
3 0x0000000080000358 (0x0000006f)
3 0x0000000080000358 (0x0000006f)
3 0x0000000080000358 (0x0000006f)
3 0x0000000080000358 (0x0000006f)
3 0x0000000080000358 (0x0000006f)
3 0x0000000080000358 (0x0000006f)
3 0x0000000080000358 (0x0000006f)
3 0x0000000080000358 (0x0000006f)
3 0x0000000080000358 (0x0000006f)
3 0x0000000080000358 (0x0000006f)
3 0x0000000080000358 (0x0000006f)
3 0x0000000080000358 (0x0000006f)
3 0x0000000080000358 (0x0000006f)
3 0x0000000080000358 (0x0000006f)
3 0x0000000080000358 (0x0000006f)
3 0x0000000080000358 (0x0000006f)
3 0x0000000080000358 (0x0000006f)
3 0x0000000080000358 (0x0000006f)
3 0x0000000080000358 (0x0000006f)
3 0x0000000080000358 (0x0000006f)
3 0x0000000080000358 (0x0000006f)
3 0x0000000080000358 (0x0000006f)
3 0x0000000080000358 (0x0000006f)
3 0x0000000080000358 (0x0000006f)
3 0x0000000080000358 (0x0000006f)
3 0x0000000080000358 (0x0000006f)
3 0x0000000080000358 (0x0000006f)
3 0x0000000080000358 (0x0000006f)
3 0x0000000080000358 (0x0000006f)
3 0x0000000080000358 (0x0000006f)
3 0x0000000080000358 (0x0000006f)
3 0x0000000080000358 (0x0000006f)
3 0x0000000080000358 (0x0000006f)
3 0x0000000080000358 (0x0000006f)
3 0x0000000080000358 (0x0000006f)
3 0x0000000080000358 (0x0000006f)
3 0x0000000080000358 (0x0000006f)
3 0x0000000080000358 (0x0000006f)
3 0x0000000080000358 (0x0000006f)
3 0x0000000080000358 (0x0000006f)
3 0x0000000080000358 (0x0000006f)
3 0x0000000080000358 (0x0000006f)
3 0x0000000080000358 (0x0000006f)
3 0x0000000080000358 (0x0000006f)
3 0x0000000080000358 (0x0000006f)
3 0x0000000080000358 (0x0000006f)
3 0x0000000080000358 (0x0000006f)
3 0x0000000080000358 (0x0000006f)
3 0x0000000080000358 (0x0000006f)
3 0x0000000080000358 (0x0000006f)
3 0x0000000080000358 (0x0000006f)
3 0x0000000080000358 (0x0000006f)
3 0x0000000080000358 (0x0000006f)
3 0x0000000080000358 (0x0000006f)
3 0x0000000080000358 (0x0000006f)
3 0x0000000080000358 (0x0000006f)
3 0x0000000080000358 (0x0000006f)
3 0x0000000080000358 (0x0000006f)
3 0x0000000080000358 (0x0000006f)
3 0x0000000080000358 (0x0000006f)
3 0x0000000080000358 (0x0000006f)
3 0x0000000080000358 (0x0000006f)
3 0x0000000080000358 (0x0000006f)
3 0x0000000080000358 (0x0000006f)
3 0x0000000080000358 (0x0000006f)
3 0x0000000080000358 (0x0000006f)
3 0x0000000080000358 (0x0000006f)
3 0x0000000080000358 (0x0000006f)
3 0x0000000080000358 (0x0000006f)
3 0x0000000080000358 (0x0000006f)
3 0x0000000080000358 (0x0000006f)
3 0x0000000080000358 (0x0000006f)
3 0x0000000080000358 (0x0000006f)
3 0x0000000080000358 (0x0000006f)
3 0x0000000080000358 (0x0000006f)
3 0x0000000080000358 (0x0000006f)
3 0x0000000080000358 (0x0000006f)
3 0x0000000080000358 (0x0000006f)
3 0x0000000080000358 (0x0000006f)
3 0x0000000080000358 (0x0000006f)
3 0x0000000080000358 (0x0000006f)
3 0x0000000080000358 (0x0000006f)
3 0x0000000080000358 (0x0000006f)
3 0x0000000080000358 (0x0000006f)
3 0x0000000080000358 (0x0000006f)
3 0x0000000080000358 (0x0000006f)
3 0x0000000080000358 (0x0000006f)
3 0x0000000080000358 (0x0000006f)
3 0x0000000080000358 (0x0000006f)
3 0x0000000080000358 (0x0000006f)
3 0x0000000080000358 (0x0000006f)
3 0x0000000080000358 (0x0000006f)
3 0x0000000080000358 (0x0000006f)
3 0x0000000080000358 (0x0000006f)
3 0x0000000080000358 (0x0000006f)
3 0x0000000080000358 (0x0000006f)
3 0x0000000080000358 (0x0000006f)
3 0x0000000080000358 (0x0000006f)
3 0x0000000080000358 (0x0000006f)
3 0x0000000080000358 (0x0000006f)
3 0x0000000080000358 (0x0000006f)
3 0x0000000080000358 (0x0000006f)
3 0x0000000080000358 (0x0000006f)
3 0x0000000080000358 (0x0000006f)
3 0x0000000080000358 (0x0000006f)
