3 0x0000000000010040 (0x00000517) x10 0x0000000000010040
3 0x0000000000010044 (0xfc050513) x10 0x0000000000010000
3 0x0000000000010048 (0x30551073)
3 0x000000000001004c (0x301022f3) x 5 0x800000000014112d
3 0x0000000000010050 (0x4122d293) x 5 0xffffe00000000005
3 0x0000000000010054 (0x0012f293) x 5 0x0000000000000001
3 0x0000000000010058 (0x00028463)
3 0x000000000001005c (0x30301073)
3 0x0000000000010060 (0x00800513) x10 0x0000000000000008
3 0x0000000000010064 (0x30451073)
3 0x0000000000010068 (0x30052073)
3 0x000000000001006c (0x10500073)
3 0x0000000000010070 (0xffdff06f)
3 0x000000000001006c (0x10500073)
3 0x0000000000010070 (0xffdff06f)
3 0x0000000000010000 (0x020005b7) x11 0x0000000002000000
3 0x0000000000010004 (0xf1402573) x10 0x0000000000000000
3 0x0000000000010008 (0x00050463)
3 0x0000000000010010 (0x00458613) x12 0x0000000002000004
3 0x0000000000010014 (0x00100693) x13 0x0000000000000001
3 0x0000000000010018 (0x00d62023)
3 0x000000000001001c (0x00460613) x12 0x0000000002000008
3 0x0000000000010020 (0xffc62683) x13 0x0000000000000000
3 0x0000000000010024 (0xfe069ae3)
3 0x0000000000010028 (0x06c0006f)
3 0x0000000000010094 (0x0005a023)
3 0x0000000000010098 (0x00004537) x10 0x0000000000004000
3 0x000000000001009c (0x00053503) x10 0x0000000080000000
3 0x00000000000100a0 (0x34151073)
3 0x00000000000100a4 (0xf1402573) x10 0x0000000000000000
3 0x00000000000100a8 (0x00000597) x11 0x00000000000100a8
3 0x00000000000100ac (0x01858593) x11 0x00000000000100c0
3 0x00000000000100b0 (0x08000613) x12 0x0000000000000080
3 0x00000000000100b4 (0x30063073)
3 0x00000000000100b8 (0x30200073)
3 0x0000000080000000 (0x00010f97) x31 0x0000000080010000
3 0x0000000080000004 (0x000f8f93) x31 0x0000000080010000
3 0x0000000080000008 (0x000fb083) x 1 0x7682a6c1e3c28b22
3 0x000000008000000c (0x008fb103) x 2 0x8445f6e27f841a20
3 0x0000000080000010 (0x010fb183) x 3 0x7287117e869991d9
3 0x0000000080000014 (0x018fb203) x 4 0xa437374c0175ee9d
3 0x0000000080000018 (0x020fb283) x 5 0x8826b7024fc8a395
3 0x000000008000001c (0x028fb303) x 6 0x35d9a9db5d248b4f
3 0x0000000080000020 (0x030fb383) x 7 0xa8fac10f7931a4ec
3 0x0000000080000024 (0x038fb403) x 8 0x153cd4b1462ff852
3 0x0000000080000028 (0x040fb483) x 9 0x68e0cf72f72429c3
3 0x000000008000002c (0x048fb503) x10 0x2cb7a62e489e9782
3 0x0000000080000030 (0x050fb583) x11 0xfcedb0cbdbf25cca
3 0x0000000080000034 (0x058fb603) x12 0xadc8c953131f9195
3 0x0000000080000038 (0x060fb683) x13 0xbd5035160c0f5feb
3 0x000000008000003c (0x068fb703) x14 0x9d08e9d80bfc2896
3 0x0000000080000040 (0x070fb783) x15 0x55da9f5b0d8cc413
3 0x0000000080000044 (0x078fb803) x16 0x4fb4634078f4af90
3 0x0000000080000048 (0x080fb883) x17 0xb6e5df96a1c053a4
3 0x000000008000004c (0x088fb903) x18 0x5cff30f8a681a2ab
3 0x0000000080000050 (0x090fb983) x19 0xebd589965b5730f8
3 0x0000000080000054 (0x098fba03) x20 0xb3535f3cb0c47351
3 0x0000000080000058 (0x0a0fba83) x21 0x522a66f7ac63aa78
3 0x000000008000005c (0x0a8fbb03) x22 0x59d52b9ab9dff2a9
3 0x0000000080000060 (0x0b0fbb83) x23 0x8b8f1de48b28d3ae
3 0x0000000080000064 (0x0b8fbc03) x24 0x15adc4fd8ae8afc2
3 0x0000000080000068 (0x0c0fbc83) x25 0xd2dfdae288cab54f
3 0x000000008000006c (0x0c8fbd03) x26 0x1aaffb7f6b246426
3 0x0000000080000070 (0x0d0fbd83) x27 0x44c94feefa979138
3 0x0000000080000074 (0x0d8fbe03) x28 0x95812250c9935f47
3 0x0000000080000078 (0x0e0fbe83) x29 0x4de0d71ffad705f8
3 0x000000008000007c (0x0e8fbf03) x30 0x8aacdee70980dda4
3 0x0000000080000080 (0x0f0fbf83) x31 0x51ca4b20f5d4f8ce
3 0x0000000080000084 (0x3000006f)
3 0x0000000080000384 (0x30005073)
3 0x0000000080000388 (0xf1402573) x10 0x0000000000000000
3 0x000000008000038c (0x00051063)
3 0x0000000080000390 (0x00000297) x 5 0x0000000080000390
3 0x0000000080000394 (0x01828293) x 5 0x00000000800003a8
3 0x0000000080000398 (0x30529073)
3 0x000000008000039c (0x30205073)
3 0x00000000800003a0 (0x30305073)
3 0x00000000800003a4 (0x30405073)
3 0x00000000800003a8 (0x00000297) x 5 0x00000000800003a8
3 0x00000000800003ac (0x01028293) x 5 0x00000000800003b8
3 0x00000000800003b0 (0x30529073)
3 0x00000000800003b4 (0x18005073)
3 0x00000000800003b8 (0x00000297) x 5 0x00000000800003b8
3 0x00000000800003bc (0x02428293) x 5 0x00000000800003dc
3 0x00000000800003c0 (0x30529073)
3 0x00000000800003c4 (0x0010029b) x 5 0x0000000000000001
3 0x00000000800003c8 (0x03529293) x 5 0x0020000000000000
3 0x00000000800003cc (0xfff28293) x 5 0x001fffffffffffff
3 0x00000000800003d0 (0x3b029073)
3 0x00000000800003d4 (0x01f00293) x 5 0x000000000000001f
3 0x00000000800003d8 (0x3a029073)
3 0x00000000800003dc (0x00000297) x 5 0x00000000800003dc
3 0x00000000800003e0 (0xd6428293) x 5 0x0000000080000140
3 0x00000000800003e4 (0x30529073)
3 0x00000000800003e8 (0x00000193) x 3 0x0000000000000000
3 0x00000000800003ec (0x00100513) x10 0x0000000000000001
3 0x00000000800003f0 (0x01f51513) x10 0x0000000080000000
3 0x00000000800003f4 (0x00055c63)
3 0x000000008000040c (0x00000297) x 5 0x000000008000040c
3 0x0000000080000410 (0xd0828293) x 5 0x0000000080000114
3 0x0000000080000414 (0x10529073)
3 0x0000000080000418 (0x0000b2b7) x 5 0x000000000000b000
3 0x000000008000041c (0x1092829b) x 5 0x000000000000b109
3 0x0000000080000420 (0x3022a073)
3 0x0000000080000424 (0x00006537) x10 0x0000000000006000
3 0x0000000080000428 (0x30052073)
3 0x000000008000042c (0x00305073)
3 0x0000000080000430 (0xc59ff0ef) x 1 0x0000000080000434
3 0x0000000080000088 (0x00020f97) x31 0x0000000080020088
3 0x000000008000008c (0xf78f8f93) x31 0x0000000080020000
3 0x0000000080000090 (0x000fa007) f 0 0xffffffff3f834fc6
3 0x0000000080000094 (0x008fa087) f 1 0xffffffff3dac401c
3 0x0000000080000098 (0x010fa107) f 2 0xffffffffd08ab90e
3 0x000000008000009c (0x018fb187) f 3 0x726dec0ab12ce178
3 0x00000000800000a0 (0x020fb207) f 4 0x97423bf0291fefc9
3 0x00000000800000a4 (0x028fb287) f 5 0x48cf6c84bc826932
3 0x00000000800000a8 (0x030fb307) f 6 0xa19c60f71cb989e5
3 0x00000000800000ac (0x038fa387) f 7 0xffffffff75e8797e
3 0x00000000800000b0 (0x040fb407) f 8 0xbd1e682a79c50c64
3 0x00000000800000b4 (0x048fb487) f 9 0x6f300adc8768737b
3 0x00000000800000b8 (0x050fa507) f10 0xffffffffa19ae9a4
3 0x00000000800000bc (0x058fb587) f11 0x6a0e7fffc60d69fe
3 0x00000000800000c0 (0x060fb607) f12 0x10e809d3a88dae9f
3 0x00000000800000c4 (0x068fb687) f13 0x98eed70057e25d4a
3 0x00000000800000c8 (0x070fa707) f14 0xffffffff8172b052
3 0x00000000800000cc (0x078fb787) f15 0x85f35f40446091c2
3 0x00000000800000d0 (0x080fb807) f16 0x3b1edaa30d47457e
3 0x00000000800000d4 (0x088fa887) f17 0xffffffff60e1dc36
3 0x00000000800000d8 (0x090fa907) f18 0xffffffff7b3b82f4
3 0x00000000800000dc (0x098fa987) f19 0xffffffffd164b9d3
3 0x00000000800000e0 (0x0a0fba07) f20 0x0c758ea55684684a
3 0x00000000800000e4 (0x0a8faa87) f21 0xffffffff674e788d
3 0x00000000800000e8 (0x0b0fbb07) f22 0x34556f7f4b984c0b
3 0x00000000800000ec (0x0b8fbb87) f23 0xd6e21cbfc775742b
3 0x00000000800000f0 (0x0c0fbc07) f24 0xf545a785cfb3a912
3 0x00000000800000f4 (0x0c8fbc87) f25 0x1a0e18faf82f3b67
3 0x00000000800000f8 (0x0d0fbd07) f26 0x64b698c07dfe2c1d
3 0x00000000800000fc (0x0d8fbd87) f27 0x786533fb82242125
3 0x0000000080000100 (0x0e0fbe07) f28 0xa5753647f1139ab1
3 0x0000000080000104 (0x0e8fae87) f29 0xffffffffe106853a
3 0x0000000080000108 (0x0f0faf07) f30 0xffffffff87395994
3 0x000000008000010c (0x0f8faf87) f31 0xffffffffed541075
3 0x0000000080000110 (0x00008067)
3 0x0000000080000434 (0xb0201073)
3 0x0000000080000438 (0xf1402573) x10 0x0000000000000000
3 0x000000008000043c (0x142ff573) x10 0x0000000000000000
3 0x0000000080000440 (0x1449f673) x12 0x0000000000000000
3 0x0000000080000444 (0x14025573) x10 0x0000000000000000
3 0x0000000080000448 (0x00000297) x 5 0x0000000080000448
3 0x000000008000044c (0x03828293) x 5 0x0000000080000480
3 0x0000000080000450 (0x34129073)
3 0x0000000080000454 (0x00000293) x 5 0x0000000000000000
3 0x0000000080000458 (0x30200073)
0 0x0000000080000480 (0xf00f02d3) f 5 0xffffffff0980dda4
0 0x0000000080000484 (0x40b38cbb) x25 0xffffffff9d3f4822
0 0x0000000080000488 (0x00050217) x 4 0x0000000080050488
0 0x000000008000048c (0xca820213) x 4 0x0000000080050130
0 0x0000000080000490 (0x01820213) x 4 0x0000000080050148
0 0x0000000080000494 (0x1842252f) x10 0x0000000000000001
0 0x0000000080000498 (0x03b17b33) x22 0x3f7ca6f384ec88e8
0 0x000000008000049c (0x00030317) x 6 0x000000008003049c
0 0x00000000800004a0 (0xbc430313) x 6 0x0000000080030060
0 0x00000000800004a4 (0x00c33423)
0 0x00000000800004a8 (0x00f7c7b3) x15 0x0000000000000000
0 0x00000000800004ac (0x00100d13) x26 0x0000000000000001
0 0x00000000800004b0 (0x01cd1d13) x26 0x0000000010000000
0 0x00000000800004b4 (0x01a787b3) x15 0x0000000010000000
3 0x0000000080000140 (0x00002097) x 1 0x0000000080002140
3 0x0000000080000144 (0x0c008093) x 1 0x0000000080002200
3 0x0000000080000148 (0x10002173) x 2 0x8000000200006000
3 0x000000008000014c (0x0420bc23)
3 0x0000000080000150 (0x10402173) x 2 0x0000000000000000
3 0x0000000080000154 (0x0620b823)
3 0x0000000080000158 (0x10502173) x 2 0x0000000080000114
3 0x000000008000015c (0x0620bc23)
3 0x0000000080000160 (0x10602173) x 2 0x0000000000000000
3 0x0000000080000164 (0x0820b023)
3 0x0000000080000168 (0x14002173) x 2 0x0000000000000004
3 0x000000008000016c (0x0820b423)
3 0x0000000080000170 (0x14102173) x 2 0x0000000000000000
3 0x0000000080000174 (0x0820b823)
3 0x0000000080000178 (0x14202173) x 2 0x0000000000000000
3 0x000000008000017c (0x0820bc23)
3 0x0000000080000180 (0x14302173) x 2 0x0000000000000000
3 0x0000000080000184 (0x0a20b023)
3 0x0000000080000188 (0x14402173) x 2 0x0000000000000000
3 0x000000008000018c (0xf7f17113) x 2 0x0000000000000000
3 0x0000000080000190 (0x0a20b423)
3 0x0000000080000194 (0x18002173) x 2 0x0000000000000000
3 0x0000000080000198 (0x0a20b823)
3 0x000000008000019c (0xf1402173) x 2 0x0000000000000000
3 0x00000000800001a0 (0x0a20bc23)
3 0x00000000800001a4 (0x30002173) x 2 0x8000000a00006000
3 0x00000000800001a8 (0x0c20b023)
3 0x00000000800001ac (0x30202173) x 2 0x000000000000b109
3 0x00000000800001b0 (0x0c20b423)
3 0x00000000800001b4 (0x30302173) x 2 0x0000000000000000
3 0x00000000800001b8 (0x0c20b823)
3 0x00000000800001bc (0x30402173) x 2 0x0000000000000000
3 0x00000000800001c0 (0x0c20bc23)
3 0x00000000800001c4 (0x30502173) x 2 0x0000000080000140
3 0x00000000800001c8 (0x0e20b023)
3 0x00000000800001cc (0x30602173) x 2 0x0000000000000000
3 0x00000000800001d0 (0x0e20b423)
3 0x00000000800001d4 (0x34002173) x 2 0x0000000000000000
3 0x00000000800001d8 (0x0e20b823)
3 0x00000000800001dc (0x34102173) x 2 0x00000000800004b8
3 0x00000000800001e0 (0x0e20bc23)
3 0x00000000800001e4 (0x34202173) x 2 0x0000000000000002
3 0x00000000800001e8 (0x1020b023)
3 0x00000000800001ec (0x34302173) x 2 0x000000003007a273
3 0x00000000800001f0 (0x1020b423)
3 0x00000000800001f4 (0x34402173) x 2 0x0000000000000000
3 0x00000000800001f8 (0xf7f17113) x 2 0x0000000000000000
3 0x00000000800001fc (0x1020b823)
3 0x0000000080000200 (0x3a002173) x 2 0x000000000000001f
3 0x0000000080000204 (0x1020bc23)
3 0x0000000080000208 (0x3b002173) x 2 0x001fffffffffffff
3 0x000000008000020c (0x1220bc23)
3 0x0000000080000210 (0x3b102173) x 2 0x0000000000000000
3 0x0000000080000214 (0x1420b023)
3 0x0000000080000218 (0x3b202173) x 2 0x0000000000000000
3 0x000000008000021c (0x1420b423)
3 0x0000000080000220 (0x3b302173) x 2 0x0000000000000000
3 0x0000000080000224 (0x1420b823)
3 0x0000000080000228 (0x3b402173) x 2 0x0000000000000000
3 0x000000008000022c (0x1420bc23)
3 0x0000000080000230 (0x3b502173) x 2 0x0000000000000000
3 0x0000000080000234 (0x1620b023)
3 0x0000000080000238 (0x3b602173) x 2 0x0000000000000000
3 0x000000008000023c (0x1620b423)
3 0x0000000080000240 (0x3b702173) x 2 0x0000000000000000
3 0x0000000080000244 (0x1620b823)
3 0x0000000080000248 (0x00006537) x10 0x0000000000006000
3 0x000000008000024c (0x30052073)
3 0x0000000080000250 (0x00102173) x 2 0x0000000000000000
3 0x0000000080000254 (0x0420b023)
3 0x0000000080000258 (0x00202173) x 2 0x0000000000000000
3 0x000000008000025c (0x0420b423)
3 0x0000000080000260 (0x00302173) x 2 0x0000000000000000
3 0x0000000080000264 (0x0420b823)
3 0x0000000080000268 (0x00002097) x 1 0x0000000080002268
3 0x000000008000026c (0xd9808093) x 1 0x0000000080002000
3 0x0000000080000270 (0x0000b023)
3 0x0000000080000274 (0x0020b823)
3 0x0000000080000278 (0x0030bc23)
3 0x000000008000027c (0x0240b023)
3 0x0000000080000280 (0x0250b423)
3 0x0000000080000284 (0x0260b823)
3 0x0000000080000288 (0x0270bc23)
3 0x000000008000028c (0x0480b023)
3 0x0000000080000290 (0x0490b423)
3 0x0000000080000294 (0x04a0b823)
3 0x0000000080000298 (0x04b0bc23)
3 0x000000008000029c (0x06c0b023)
3 0x00000000800002a0 (0x06d0b423)
3 0x00000000800002a4 (0x06e0b823)
3 0x00000000800002a8 (0x06f0bc23)
3 0x00000000800002ac (0x0900b023)
3 0x00000000800002b0 (0x0910b423)
3 0x00000000800002b4 (0x0920b823)
3 0x00000000800002b8 (0x0930bc23)
3 0x00000000800002bc (0x0b40b023)
3 0x00000000800002c0 (0x0b50b423)
3 0x00000000800002c4 (0x0b60b823)
3 0x00000000800002c8 (0x0b70bc23)
3 0x00000000800002cc (0x0d80b023)
3 0x00000000800002d0 (0x0d90b423)
3 0x00000000800002d4 (0x0db0bc23)
3 0x00000000800002d8 (0x0fc0b023)
3 0x00000000800002dc (0x0fd0b423)
3 0x00000000800002e0 (0x0fe0b823)
3 0x00000000800002e4 (0x00002097) x 1 0x00000000800022e4
3 0x00000000800002e8 (0xe1c08093) x 1 0x0000000080002100
3 0x00000000800002ec (0x0010a427)
3 0x00000000800002f0 (0x0020a827)
3 0x00000000800002f4 (0x0270ac27)
3 0x00000000800002f8 (0x0490a427)
3 0x00000000800002fc (0x04a0a827)
3 0x0000000080000300 (0x06c0a027)
3 0x0000000080000304 (0x06d0a427)
3 0x0000000080000308 (0x0b50a427)
3 0x000000008000030c (0x0b60a827)
3 0x0000000080000310 (0x0d90a427)
3 0x0000000080000314 (0x0da0a827)
3 0x0000000080000318 (0x0fc0a027)
3 0x000000008000031c (0x0fd0a427)
3 0x0000000080000320 (0x0fe0a827)
3 0x0000000080000324 (0x0ff0ac27)
3 0x0000000080000328 (0x00002097) x 1 0x0000000080002328
3 0x000000008000032c (0xdd808093) x 1 0x0000000080002100
3 0x0000000080000330 (0x0000b027)
3 0x0000000080000334 (0x0030bc27)
3 0x0000000080000338 (0x0240b027)
3 0x000000008000033c (0x0250b427)
3 0x0000000080000340 (0x0260b827)
3 0x0000000080000344 (0x0480b027)
3 0x0000000080000348 (0x04b0bc27)
3 0x000000008000034c (0x06e0b827)
3 0x0000000080000350 (0x06f0bc27)
3 0x0000000080000354 (0x0900b027)
3 0x0000000080000358 (0x0910b427)
3 0x000000008000035c (0x0920b827)
3 0x0000000080000360 (0x0930bc27)
3 0x0000000080000364 (0x0b40b027)
3 0x0000000080000368 (0x0b70bc27)
3 0x000000008000036c (0x0d80b027)
3 0x0000000080000370 (0x0db0bc27)
3 0x0000000080000374 (0x00100193) x 3 0x0000000000000001
3 0x0000000080000378 (0x00001f17) x30 0x0000000080001378
3 0x000000008000037c (0xc83f2423)
3 0x0000000080000380 (0x0000006f)
3 0x0000000080000380 (0x0000006f)
3 0x0000000080000380 (0x0000006f)
3 0x0000000080000380 (0x0000006f)
3 0x0000000080000380 (0x0000006f)
3 0x0000000080000380 (0x0000006f)
3 0x0000000080000380 (0x0000006f)
3 0x0000000080000380 (0x0000006f)
3 0x0000000080000380 (0x0000006f)
3 0x0000000080000380 (0x0000006f)
3 0x0000000080000380 (0x0000006f)
3 0x0000000080000380 (0x0000006f)
3 0x0000000080000380 (0x0000006f)
3 0x0000000080000380 (0x0000006f)
3 0x0000000080000380 (0x0000006f)
3 0x0000000080000380 (0x0000006f)
3 0x0000000080000380 (0x0000006f)
3 0x0000000080000380 (0x0000006f)
3 0x0000000080000380 (0x0000006f)
3 0x0000000080000380 (0x0000006f)
3 0x0000000080000380 (0x0000006f)
3 0x0000000080000380 (0x0000006f)
3 0x0000000080000380 (0x0000006f)
3 0x0000000080000380 (0x0000006f)
3 0x0000000080000380 (0x0000006f)
3 0x0000000080000380 (0x0000006f)
3 0x0000000080000380 (0x0000006f)
3 0x0000000080000380 (0x0000006f)
3 0x0000000080000380 (0x0000006f)
3 0x0000000080000380 (0x0000006f)
3 0x0000000080000380 (0x0000006f)
3 0x0000000080000380 (0x0000006f)
3 0x0000000080000380 (0x0000006f)
3 0x0000000080000380 (0x0000006f)
3 0x0000000080000380 (0x0000006f)
3 0x0000000080000380 (0x0000006f)
3 0x0000000080000380 (0x0000006f)
3 0x0000000080000380 (0x0000006f)
3 0x0000000080000380 (0x0000006f)
3 0x0000000080000380 (0x0000006f)
3 0x0000000080000380 (0x0000006f)
3 0x0000000080000380 (0x0000006f)
3 0x0000000080000380 (0x0000006f)
3 0x0000000080000380 (0x0000006f)
3 0x0000000080000380 (0x0000006f)
3 0x0000000080000380 (0x0000006f)
3 0x0000000080000380 (0x0000006f)
3 0x0000000080000380 (0x0000006f)
3 0x0000000080000380 (0x0000006f)
3 0x0000000080000380 (0x0000006f)
3 0x0000000080000380 (0x0000006f)
3 0x0000000080000380 (0x0000006f)
3 0x0000000080000380 (0x0000006f)
3 0x0000000080000380 (0x0000006f)
3 0x0000000080000380 (0x0000006f)
3 0x0000000080000380 (0x0000006f)
3 0x0000000080000380 (0x0000006f)
3 0x0000000080000380 (0x0000006f)
3 0x0000000080000380 (0x0000006f)
3 0x0000000080000380 (0x0000006f)
3 0x0000000080000380 (0x0000006f)
3 0x0000000080000380 (0x0000006f)
3 0x0000000080000380 (0x0000006f)
3 0x0000000080000380 (0x0000006f)
3 0x0000000080000380 (0x0000006f)
3 0x0000000080000380 (0x0000006f)
3 0x0000000080000380 (0x0000006f)
3 0x0000000080000380 (0x0000006f)
3 0x0000000080000380 (0x0000006f)
3 0x0000000080000380 (0x0000006f)
3 0x0000000080000380 (0x0000006f)
3 0x0000000080000380 (0x0000006f)
3 0x0000000080000380 (0x0000006f)
3 0x0000000080000380 (0x0000006f)
3 0x0000000080000380 (0x0000006f)
3 0x0000000080000380 (0x0000006f)
3 0x0000000080000380 (0x0000006f)
3 0x0000000080000380 (0x0000006f)
3 0x0000000080000380 (0x0000006f)
3 0x0000000080000380 (0x0000006f)
3 0x0000000080000380 (0x0000006f)
3 0x0000000080000380 (0x0000006f)
3 0x0000000080000380 (0x0000006f)
3 0x0000000080000380 (0x0000006f)
3 0x0000000080000380 (0x0000006f)
3 0x0000000080000380 (0x0000006f)
3 0x0000000080000380 (0x0000006f)
3 0x0000000080000380 (0x0000006f)
3 0x0000000080000380 (0x0000006f)
3 0x0000000080000380 (0x0000006f)
3 0x0000000080000380 (0x0000006f)
3 0x0000000080000380 (0x0000006f)
3 0x0000000080000380 (0x0000006f)
3 0x0000000080000380 (0x0000006f)
3 0x0000000080000380 (0x0000006f)
3 0x0000000080000380 (0x0000006f)
3 0x0000000080000380 (0x0000006f)
3 0x0000000080000380 (0x0000006f)
3 0x0000000080000380 (0x0000006f)
3 0x0000000080000380 (0x0000006f)
3 0x0000000080000380 (0x0000006f)
3 0x0000000080000380 (0x0000006f)
3 0x0000000080000380 (0x0000006f)
3 0x0000000080000380 (0x0000006f)
3 0x0000000080000380 (0x0000006f)
3 0x0000000080000380 (0x0000006f)
3 0x0000000080000380 (0x0000006f)
3 0x0000000080000380 (0x0000006f)
3 0x0000000080000380 (0x0000006f)
3 0x0000000080000380 (0x0000006f)
3 0x0000000080000380 (0x0000006f)
3 0x0000000080000380 (0x0000006f)
3 0x0000000080000380 (0x0000006f)
3 0x0000000080000380 (0x0000006f)
3 0x0000000080000380 (0x0000006f)
3 0x0000000080000380 (0x0000006f)
3 0x0000000080000380 (0x0000006f)
3 0x0000000080000380 (0x0000006f)
3 0x0000000080000380 (0x0000006f)
3 0x0000000080000380 (0x0000006f)
3 0x0000000080000380 (0x0000006f)
3 0x0000000080000380 (0x0000006f)
3 0x0000000080000380 (0x0000006f)
3 0x0000000080000380 (0x0000006f)
3 0x0000000080000380 (0x0000006f)
3 0x0000000080000380 (0x0000006f)
3 0x0000000080000380 (0x0000006f)
