3 0x0000000000010040 (0x00000517) x10 0x0000000000010040
3 0x0000000000010044 (0xfc050513) x10 0x0000000000010000
3 0x0000000000010048 (0x30551073)
3 0x000000000001004c (0x301022f3) x 5 0x800000000014112d
3 0x0000000000010050 (0x4122d293) x 5 0xffffe00000000005
3 0x0000000000010054 (0x0012f293) x 5 0x0000000000000001
3 0x0000000000010058 (0x00028463)
3 0x000000000001005c (0x30301073)
3 0x0000000000010060 (0x00800513) x10 0x0000000000000008
3 0x0000000000010064 (0x30451073)
3 0x0000000000010068 (0x30052073)
3 0x000000000001006c (0x10500073)
3 0x0000000000010070 (0xffdff06f)
3 0x000000000001006c (0x10500073)
3 0x0000000000010070 (0xffdff06f)
3 0x0000000000010000 (0x020005b7) x11 0x0000000002000000
3 0x0000000000010004 (0xf1402573) x10 0x0000000000000000
3 0x0000000000010008 (0x00050463)
3 0x0000000000010010 (0x00458613) x12 0x0000000002000004
3 0x0000000000010014 (0x00100693) x13 0x0000000000000001
3 0x0000000000010018 (0x00d62023)
3 0x000000000001001c (0x00460613) x12 0x0000000002000008
3 0x0000000000010020 (0xffc62683) x13 0x0000000000000000
3 0x0000000000010024 (0xfe069ae3)
3 0x0000000000010028 (0x06c0006f)
3 0x0000000000010094 (0x0005a023)
3 0x0000000000010098 (0x00004537) x10 0x0000000000004000
3 0x000000000001009c (0x00053503) x10 0x0000000080000000
3 0x00000000000100a0 (0x34151073)
3 0x00000000000100a4 (0xf1402573) x10 0x0000000000000000
3 0x00000000000100a8 (0x00000597) x11 0x00000000000100a8
3 0x00000000000100ac (0x01858593) x11 0x00000000000100c0
3 0x00000000000100b0 (0x08000613) x12 0x0000000000000080
3 0x00000000000100b4 (0x30063073)
3 0x00000000000100b8 (0x30200073)
3 0x0000000080000000 (0x00010f97) x31 0x0000000080010000
3 0x0000000080000004 (0x000f8f93) x31 0x0000000080010000
3 0x0000000080000008 (0x000fb083) x 1 0x9179ade8a246f5a1
3 0x000000008000000c (0x008fb103) x 2 0x4cbbdd9bd3dc59de
3 0x0000000080000010 (0x010fb183) x 3 0xae47565ece89c136
3 0x0000000080000014 (0x018fb203) x 4 0xb4d78fadc6bd6a9a
3 0x0000000080000018 (0x020fb283) x 5 0xae5a7557f4a2a14d
3 0x000000008000001c (0x028fb303) x 6 0xb66361b2edd7279f
3 0x0000000080000020 (0x030fb383) x 7 0x41acba3c08ff8915
3 0x0000000080000024 (0x038fb403) x 8 0x14e03ff12045460c
3 0x0000000080000028 (0x040fb483) x 9 0x19b7a28b5782901e
3 0x000000008000002c (0x048fb503) x10 0xcd452caaddc580fe
3 0x0000000080000030 (0x050fb583) x11 0xc8bfef5ac671aab6
3 0x0000000080000034 (0x058fb603) x12 0xed55e0ceb297819b
3 0x0000000080000038 (0x060fb683) x13 0xb3a18e42be92f894
3 0x000000008000003c (0x068fb703) x14 0x0885900c60eff30b
3 0x0000000080000040 (0x070fb783) x15 0x1079cc22a4b390bf
3 0x0000000080000044 (0x078fb803) x16 0x7385e5aaf73bad3c
3 0x0000000080000048 (0x080fb883) x17 0xb6deb53e21e0b36e
3 0x000000008000004c (0x088fb903) x18 0xabb24783b99a66e5
3 0x0000000080000050 (0x090fb983) x19 0xc960cec7c227c241
3 0x0000000080000054 (0x098fba03) x20 0x65ae1a8bee8e53f9
3 0x0000000080000058 (0x0a0fba83) x21 0xd6549a560a152609
3 0x000000008000005c (0x0a8fbb03) x22 0xeeeca7f3bc27e8ff
3 0x0000000080000060 (0x0b0fbb83) x23 0xb72df8473590a1f5
3 0x0000000080000064 (0x0b8fbc03) x24 0xf6ddca654029e4a4
3 0x0000000080000068 (0x0c0fbc83) x25 0x1f9271150a092325
3 0x000000008000006c (0x0c8fbd03) x26 0x46644628c44cf04c
3 0x0000000080000070 (0x0d0fbd83) x27 0xecb25498afd2f9e8
3 0x0000000080000074 (0x0d8fbe03) x28 0x308b4930f4377e76
3 0x0000000080000078 (0x0e0fbe83) x29 0x1a1a4b5f2763614c
3 0x000000008000007c (0x0e8fbf03) x30 0xc8a02af1e001f341
3 0x0000000080000080 (0x0f0fbf83) x31 0x5e90e3f42f53adbc
3 0x0000000080000084 (0x2d80006f)
3 0x000000008000035c (0x30005073)
3 0x0000000080000360 (0xf1402573) x10 0x0000000000000000
3 0x0000000080000364 (0x00051063)
3 0x0000000080000368 (0x00000297) x 5 0x0000000080000368
3 0x000000008000036c (0x01828293) x 5 0x0000000080000380
3 0x0000000080000370 (0x30529073)
3 0x0000000080000374 (0x30205073)
3 0x0000000080000378 (0x30305073)
3 0x000000008000037c (0x30405073)
3 0x0000000080000380 (0x00000297) x 5 0x0000000080000380
3 0x0000000080000384 (0x01028293) x 5 0x0000000080000390
3 0x0000000080000388 (0x30529073)
3 0x000000008000038c (0x18005073)
3 0x0000000080000390 (0x00000297) x 5 0x0000000080000390
3 0x0000000080000394 (0x02428293) x 5 0x00000000800003b4
3 0x0000000080000398 (0x30529073)
3 0x000000008000039c (0x0010029b) x 5 0x0000000000000001
3 0x00000000800003a0 (0x03529293) x 5 0x0020000000000000
3 0x00000000800003a4 (0xfff28293) x 5 0x001fffffffffffff
3 0x00000000800003a8 (0x3b029073)
3 0x00000000800003ac (0x01f00293) x 5 0x000000000000001f
3 0x00000000800003b0 (0x3a029073)
3 0x00000000800003b4 (0x00000297) x 5 0x00000000800003b4
3 0x00000000800003b8 (0xd6428293) x 5 0x0000000080000118
3 0x00000000800003bc (0x30529073)
3 0x00000000800003c0 (0x00000193) x 3 0x0000000000000000
3 0x00000000800003c4 (0x00100513) x10 0x0000000000000001
3 0x00000000800003c8 (0x01f51513) x10 0x0000000080000000
3 0x00000000800003cc (0x00055c63)
3 0x00000000800003e4 (0x00000297) x 5 0x00000000800003e4
3 0x00000000800003e8 (0xd3028293) x 5 0x0000000080000114
3 0x00000000800003ec (0x10529073)
3 0x00000000800003f0 (0x0000b2b7) x 5 0x000000000000b000
3 0x00000000800003f4 (0x1092829b) x 5 0x000000000000b109
3 0x00000000800003f8 (0x3022a073)
3 0x00000000800003fc (0x00008537) x10 0x0000000000008000
3 0x0000000080000400 (0x8005051b) x10 0x0000000000007800
3 0x0000000080000404 (0x30052073)
3 0x0000000080000408 (0x00305073)
3 0x000000008000040c (0xc7dff0ef) x 1 0x0000000080000410
3 0x0000000080000088 (0x00020f97) x31 0x0000000080020088
3 0x000000008000008c (0xf78f8f93) x31 0x0000000080020000
3 0x0000000080000090 (0x000fa007) f 0 0xffffffffb27cf7ca
3 0x0000000080000094 (0x008fa087) f 1 0xffffffff1010872f
3 0x0000000080000098 (0x010fa107) f 2 0xffffffff3766f267
3 0x000000008000009c (0x018fb187) f 3 0x6a9d1a64129bdeb3
3 0x00000000800000a0 (0x020fb207) f 4 0x347228d3ff4f029e
3 0x00000000800000a4 (0x028fb287) f 5 0x93ad00a8053cf34f
3 0x00000000800000a8 (0x030fb307) f 6 0x6ea041b0d73f2e55
3 0x00000000800000ac (0x038fa387) f 7 0xffffffff930b9fc3
3 0x00000000800000b0 (0x040fb407) f 8 0x7de407e7376cb65f
3 0x00000000800000b4 (0x048fb487) f 9 0x51a5a5fd25810ab0
3 0x00000000800000b8 (0x050fa507) f10 0xffffffff38315e5d
3 0x00000000800000bc (0x058fb587) f11 0x97a9b39db96cef6b
3 0x00000000800000c0 (0x060fb607) f12 0xa2054cf2d21c9080
3 0x00000000800000c4 (0x068fb687) f13 0xaa7ef6fb0bb79d1b
3 0x00000000800000c8 (0x070fa707) f14 0xffffffff8f363798
3 0x00000000800000cc (0x078fb787) f15 0xced4fda5f4fb2424
3 0x00000000800000d0 (0x080fb807) f16 0x547573f814af989e
3 0x00000000800000d4 (0x088fa887) f17 0xffffffff0dfd1e83
3 0x00000000800000d8 (0x090fa907) f18 0xffffffff3aede9cd
3 0x00000000800000dc (0x098fa987) f19 0xffffffffbea7a6bf
3 0x00000000800000e0 (0x0a0fba07) f20 0x0b3d16deee24abb9
3 0x00000000800000e4 (0x0a8faa87) f21 0xffffffffe83ad11e
3 0x00000000800000e8 (0x0b0fbb07) f22 0x00a378b9c8438d9f
3 0x00000000800000ec (0x0b8fbb87) f23 0xe15fa7d7993eb3fc
3 0x00000000800000f0 (0x0c0fbc07) f24 0xd973b52e2c41fb54
3 0x00000000800000f4 (0x0c8fbc87) f25 0xec607e475128fc20
3 0x00000000800000f8 (0x0d0fbd07) f26 0x148a951359cc46da
3 0x00000000800000fc (0x0d8fbd87) f27 0xb1cd93c45a2174ed
3 0x0000000080000100 (0x0e0fbe07) f28 0x53c82910c9e9777d
3 0x0000000080000104 (0x0e8fae87) f29 0xffffffffa9db7c8f
3 0x0000000080000108 (0x0f0faf07) f30 0xfffffffff7146e00
3 0x000000008000010c (0x0f8faf87) f31 0xffffffff7403a0d8
3 0x0000000080000110 (0x00008067)
3 0x0000000080000410 (0xb0201073)
3 0x0000000080000414 (0xf1402573) x10 0x0000000000000000
3 0x0000000080000418 (0x3b1e7573) x10 0x0000000000000000
3 0x000000008000041c (0x00e74733) x14 0x0000000000000000
3 0x0000000080000420 (0x00100613) x12 0x0000000000000001
3 0x0000000080000424 (0x00c61613) x12 0x0000000000001000
3 0x0000000080000428 (0x00c70733) x14 0x0000000000001000
3 0x000000008000042c (0x00300693) x13 0x0000000000000003
3 0x0000000080000430 (0x01269693) x13 0x00000000000c0000
3 0x0000000080000434 (0x00d70733) x14 0x00000000000c1000
3 0x0000000080000438 (0x34373673) x12 0x0000000010500073
3 0x000000008000043c (0x001e76f3) x13 0x0000000000000000
3 0x0000000080000440 (0x00000297) x 5 0x0000000080000440
3 0x0000000080000444 (0x04028293) x 5 0x0000000080000480
3 0x0000000080000448 (0x34129073)
3 0x000000008000044c (0x00000293) x 5 0x0000000000000000
3 0x0000000080000450 (0x30200073)
3 0x0000000080000480 (0x00010297) x 5 0x0000000080010480
3 0x0000000080000484 (0xbe028293) x 5 0x0000000080010060
3 0x0000000080000488 (0x01c28293) x 5 0x000000008001007c
3 0x000000008000048c (0xffe009b7) x19 0xffffffffffe00000
3 0x0000000080000490 (0x0132c2b3) x 5 0xffffffff7fe1007c
3 0x0000000080000494 (0x0932a52f) x10 0x0000000000000000
3 0x0000000080000498 (0xd3a6c693) x13 0xfffffffffffffd3a
3 0x000000008000049c (0x00910297) x 5 0x000000008091049c
3 0x00000000800004a0 (0x80182813) x16 0x0000000000000000
3 0x00000000800004a4 (0x002c6d17) x26 0x00000000802c64a4
3 0x00000000800004a8 (0xfffff997) x19 0x000000007ffff4a8
3 0x00000000800004ac (0xe00800d3) x 1 0x0000000014af989e
3 0x00000000800004b0 (0xd000f5d3) f11 0xffffffff4da57cc5
3 0x00000000800004b4 (0xa9030acb) f21 0xffffffff7fc00000
3 0x00000000800004b8 (0x00075e1b) x28 0x00000000000c1000
3 0x00000000800004bc (0x0b859063)
3 0x000000008000055c (0x00050817) x16 0x000000008005055c
3 0x0000000080000560 (0xc0480813) x16 0x0000000080050160
3 0x0000000080000564 (0xfe8806a3)
3 0x0000000080000568 (0x580f9e53) f28 0xffffffff59b79126
3 0x000000008000056c (0xc0f92947) f18 0xffffffff7fc00000
3 0x0000000080000570 (0xc021f753) x14 0x7fffffffffffffff
3 0x0000000080000574 (0x021d5eb3) x29 0x0000000000000006
3 0x0000000080000578 (0x06636863)
3 0x000000008000057c (0xc025a6d3) x13 0x0000000014af98a0
3 0x0000000080000580 (0x00040e97) x29 0x0000000080040580
3 0x0000000080000584 (0xb00e8e93) x29 0x0000000080040080
3 0x0000000080000588 (0xfe8e8e93) x29 0x0000000080040068
3 0x000000008000058c (0x40ceb42f) x 8 0x91de3c0fb1a1baec
3 0x0000000080000590 (0x1111e463)
3 0x0000000080000698 (0xe00093d3) x 7 0x0000000000000040
3 0x000000008000069c (0x02a91693) x13 0x699b940000000000
3 0x00000000800006a0 (0xc0042bd3) x23 0x000000007fffffff
3 0x00000000800006a4 (0x000d0a9b) x21 0xffffffff802c64a4
3 0x00000000800006a8 (0x583ac1c7) f 3 0xffffffff7fc00000
3 0x00000000800006ac (0xe0070f53) x30 0xffffffff8f363798
3 0x00000000800006b0 (0x032b5033)
3 0x00000000800006b4 (0x03c303bb) x 7 0x000000004dedf000
3 0x00000000800006b8 (0x08c1cc63)
3 0x0000000080000750 (0x00040817) x16 0x0000000080040750
3 0x0000000080000754 (0xa3080813) x16 0x0000000080040180
3 0x0000000080000758 (0x00080813) x16 0x0000000080040180
3 0x000000008000075c (0x00c83caf) x25 0x0faf2379c2dfd4ac
3 0x0000000080000760 (0x00020f17) x30 0x0000000080020760
3 0x0000000080000764 (0x8c0f0f13) x30 0x0000000080020020
3 0x0000000080000768 (0x000f0f13) x30 0x0000000080020020
3 0x000000008000076c (0xffe00237) x 4 0xffffffffffe00000
3 0x0000000080000770 (0x004f4f33) x30 0xffffffff7fe20020
3 0x0000000080000774 (0xc04f21af) x 3 0x0000000000000000
3 0x0000000080000778 (0xb8c845c7) f11 0xffffffff7fc00000
3 0x000000008000077c (0x28df93d3) f 7 0xffffffff7403a0d8
3 0x0000000080000118 (0x00002097) x 1 0x0000000080002118
3 0x000000008000011c (0x0e808093) x 1 0x0000000080002200
3 0x0000000080000120 (0x10002173) x 2 0x8000000200006000
3 0x0000000080000124 (0x0420bc23)
3 0x0000000080000128 (0x10402173) x 2 0x0000000000000000
3 0x000000008000012c (0x0620b823)
3 0x0000000080000130 (0x10502173) x 2 0x0000000080000114
3 0x0000000080000134 (0x0620bc23)
3 0x0000000080000138 (0x10602173) x 2 0x0000000000000000
3 0x000000008000013c (0x0820b023)
3 0x0000000080000140 (0x14002173) x 2 0x0000000000000000
3 0x0000000080000144 (0x0820b423)
3 0x0000000080000148 (0x14102173) x 2 0x0000000000000000
3 0x000000008000014c (0x0820b823)
3 0x0000000080000150 (0x14202173) x 2 0x0000000000000000
3 0x0000000080000154 (0x0820bc23)
3 0x0000000080000158 (0x14302173) x 2 0x0000000000000000
3 0x000000008000015c (0x0a20b023)
3 0x0000000080000160 (0x14402173) x 2 0x0000000000000000
3 0x0000000080000164 (0xf7f17113) x 2 0x0000000000000000
3 0x0000000080000168 (0x0a20b423)
3 0x000000008000016c (0x18002173) x 2 0x0000000000000000
3 0x0000000080000170 (0x0a20b823)
3 0x0000000080000174 (0xf1402173) x 2 0x0000000000000000
3 0x0000000080000178 (0x0a20bc23)
3 0x000000008000017c (0x30002173) x 2 0x8000000a00007800
3 0x0000000080000180 (0x0c20b023)
3 0x0000000080000184 (0x30202173) x 2 0x000000000000b109
3 0x0000000080000188 (0x0c20b423)
3 0x000000008000018c (0x30302173) x 2 0x0000000000000000
3 0x0000000080000190 (0x0c20b823)
3 0x0000000080000194 (0x30402173) x 2 0x0000000000000000
3 0x0000000080000198 (0x0c20bc23)
3 0x000000008000019c (0x30502173) x 2 0x0000000080000118
3 0x00000000800001a0 (0x0e20b023)
3 0x00000000800001a4 (0x30602173) x 2 0x0000000000000000
3 0x00000000800001a8 (0x0e20b423)
3 0x00000000800001ac (0x34002173) x 2 0x0000000000000000
3 0x00000000800001b0 (0x0e20b823)
3 0x00000000800001b4 (0x34102173) x 2 0x0000000080000780
3 0x00000000800001b8 (0x0e20bc23)
3 0x00000000800001bc (0x34202173) x 2 0x000000000000000b
3 0x00000000800001c0 (0x1020b023)
3 0x00000000800001c4 (0x34302173) x 2 0x0000000000000073
3 0x00000000800001c8 (0x1020b423)
3 0x00000000800001cc (0x34402173) x 2 0x0000000000000000
3 0x00000000800001d0 (0xf7f17113) x 2 0x0000000000000000
3 0x00000000800001d4 (0x1020b823)
3 0x00000000800001d8 (0x3a002173) x 2 0x000000000000001f
3 0x00000000800001dc (0x1020bc23)
3 0x00000000800001e0 (0x3b002173) x 2 0x001fffffffffffff
3 0x00000000800001e4 (0x1220bc23)
3 0x00000000800001e8 (0x3b102173) x 2 0x0000000000000000
3 0x00000000800001ec (0x1420b023)
3 0x00000000800001f0 (0x3b202173) x 2 0x0000000000000000
3 0x00000000800001f4 (0x1420b423)
3 0x00000000800001f8 (0x3b302173) x 2 0x0000000000000000
3 0x00000000800001fc (0x1420b823)
3 0x0000000080000200 (0x3b402173) x 2 0x0000000000000000
3 0x0000000080000204 (0x1420bc23)
3 0x0000000080000208 (0x3b502173) x 2 0x0000000000000000
3 0x000000008000020c (0x1620b023)
3 0x0000000080000210 (0x3b602173) x 2 0x0000000000000000
3 0x0000000080000214 (0x1620b423)
3 0x0000000080000218 (0x3b702173) x 2 0x0000000000000000
3 0x000000008000021c (0x1620b823)
3 0x0000000080000220 (0x00006537) x10 0x0000000000006000
3 0x0000000080000224 (0x30052073)
3 0x0000000080000228 (0x00102173) x 2 0x0000000000000011
3 0x000000008000022c (0x0420b023)
3 0x0000000080000230 (0x00202173) x 2 0x0000000000000000
3 0x0000000080000234 (0x0420b423)
3 0x0000000080000238 (0x00302173) x 2 0x0000000000000011
3 0x000000008000023c (0x0420b823)
3 0x0000000080000240 (0x00002097) x 1 0x0000000080002240
3 0x0000000080000244 (0xdc008093) x 1 0x0000000080002000
3 0x0000000080000248 (0x0000b023)
3 0x000000008000024c (0x0020b823)
3 0x0000000080000250 (0x0030bc23)
3 0x0000000080000254 (0x0240b023)
3 0x0000000080000258 (0x0250b423)
3 0x000000008000025c (0x0260b823)
3 0x0000000080000260 (0x0270bc23)
3 0x0000000080000264 (0x0480b023)
3 0x0000000080000268 (0x0490b423)
3 0x000000008000026c (0x04a0b823)
3 0x0000000080000270 (0x04b0bc23)
3 0x0000000080000274 (0x06c0b023)
3 0x0000000080000278 (0x06d0b423)
3 0x000000008000027c (0x06e0b823)
3 0x0000000080000280 (0x06f0bc23)
3 0x0000000080000284 (0x0900b023)
3 0x0000000080000288 (0x0910b423)
3 0x000000008000028c (0x0920b823)
3 0x0000000080000290 (0x0930bc23)
3 0x0000000080000294 (0x0b40b023)
3 0x0000000080000298 (0x0b50b423)
3 0x000000008000029c (0x0b60b823)
3 0x00000000800002a0 (0x0b70bc23)
3 0x00000000800002a4 (0x0d80b023)
3 0x00000000800002a8 (0x0d90b423)
3 0x00000000800002ac (0x0db0bc23)
3 0x00000000800002b0 (0x0fc0b023)
3 0x00000000800002b4 (0x0fd0b423)
3 0x00000000800002b8 (0x0fe0b823)
3 0x00000000800002bc (0x00002097) x 1 0x00000000800022bc
3 0x00000000800002c0 (0xe4408093) x 1 0x0000000080002100
3 0x00000000800002c4 (0x0010a427)
3 0x00000000800002c8 (0x0020a827)
3 0x00000000800002cc (0x0270ac27)
3 0x00000000800002d0 (0x0490a427)
3 0x00000000800002d4 (0x04a0a827)
3 0x00000000800002d8 (0x06c0a027)
3 0x00000000800002dc (0x06d0a427)
3 0x00000000800002e0 (0x0b50a427)
3 0x00000000800002e4 (0x0b60a827)
3 0x00000000800002e8 (0x0d90a427)
3 0x00000000800002ec (0x0da0a827)
3 0x00000000800002f0 (0x0fc0a027)
3 0x00000000800002f4 (0x0fd0a427)
3 0x00000000800002f8 (0x0fe0a827)
3 0x00000000800002fc (0x0ff0ac27)
3 0x0000000080000300 (0x00002097) x 1 0x0000000080002300
3 0x0000000080000304 (0xe0008093) x 1 0x0000000080002100
3 0x0000000080000308 (0x0000b027)
3 0x000000008000030c (0x0030bc27)
3 0x0000000080000310 (0x0240b027)
3 0x0000000080000314 (0x0250b427)
3 0x0000000080000318 (0x0260b827)
3 0x000000008000031c (0x0480b027)
3 0x0000000080000320 (0x04b0bc27)
3 0x0000000080000324 (0x06e0b827)
3 0x0000000080000328 (0x06f0bc27)
3 0x000000008000032c (0x0900b027)
3 0x0000000080000330 (0x0910b427)
3 0x0000000080000334 (0x0920b827)
3 0x0000000080000338 (0x0930bc27)
3 0x000000008000033c (0x0b40b027)
3 0x0000000080000340 (0x0b70bc27)
3 0x0000000080000344 (0x0d80b027)
3 0x0000000080000348 (0x0db0bc27)
3 0x000000008000034c (0x00100193) x 3 0x0000000000000001
3 0x0000000080000350 (0x00001f17) x30 0x0000000080001350
3 0x0000000080000354 (0xca3f2823)
3 0x0000000080000358 (0x0000006f)
3 0x0000000080000358 (0x0000006f)
3 0x0000000080000358 (0x0000006f)
3 0x0000000080000358 (0x0000006f)
3 0x0000000080000358 (0x0000006f)
3 0x0000000080000358 (0x0000006f)
3 0x0000000080000358 (0x0000006f)
3 0x0000000080000358 (0x0000006f)
3 0x0000000080000358 (0x0000006f)
3 0x0000000080000358 (0x0000006f)
3 0x0000000080000358 (0x0000006f)
3 0x0000000080000358 (0x0000006f)
3 0x0000000080000358 (0x0000006f)
3 0x0000000080000358 (0x0000006f)
3 0x0000000080000358 (0x0000006f)
3 0x0000000080000358 (0x0000006f)
3 0x0000000080000358 (0x0000006f)
3 0x0000000080000358 (0x0000006f)
3 0x0000000080000358 (0x0000006f)
3 0x0000000080000358 (0x0000006f)
3 0x0000000080000358 (0x0000006f)
3 0x0000000080000358 (0x0000006f)
3 0x0000000080000358 (0x0000006f)
3 0x0000000080000358 (0x0000006f)
3 0x0000000080000358 (0x0000006f)
3 0x0000000080000358 (0x0000006f)
3 0x0000000080000358 (0x0000006f)
3 0x0000000080000358 (0x0000006f)
3 0x0000000080000358 (0x0000006f)
3 0x0000000080000358 (0x0000006f)
3 0x0000000080000358 (0x0000006f)
3 0x0000000080000358 (0x0000006f)
3 0x0000000080000358 (0x0000006f)
3 0x0000000080000358 (0x0000006f)
3 0x0000000080000358 (0x0000006f)
3 0x0000000080000358 (0x0000006f)
3 0x0000000080000358 (0x0000006f)
3 0x0000000080000358 (0x0000006f)
3 0x0000000080000358 (0x0000006f)
3 0x0000000080000358 (0x0000006f)
3 0x0000000080000358 (0x0000006f)
3 0x0000000080000358 (0x0000006f)
3 0x0000000080000358 (0x0000006f)
3 0x0000000080000358 (0x0000006f)
3 0x0000000080000358 (0x0000006f)
3 0x0000000080000358 (0x0000006f)
3 0x0000000080000358 (0x0000006f)
3 0x0000000080000358 (0x0000006f)
3 0x0000000080000358 (0x0000006f)
3 0x0000000080000358 (0x0000006f)
3 0x0000000080000358 (0x0000006f)
3 0x0000000080000358 (0x0000006f)
3 0x0000000080000358 (0x0000006f)
3 0x0000000080000358 (0x0000006f)
3 0x0000000080000358 (0x0000006f)
3 0x0000000080000358 (0x0000006f)
3 0x0000000080000358 (0x0000006f)
3 0x0000000080000358 (0x0000006f)
3 0x0000000080000358 (0x0000006f)
3 0x0000000080000358 (0x0000006f)
3 0x0000000080000358 (0x0000006f)
3 0x0000000080000358 (0x0000006f)
3 0x0000000080000358 (0x0000006f)
3 0x0000000080000358 (0x0000006f)
3 0x0000000080000358 (0x0000006f)
3 0x0000000080000358 (0x0000006f)
3 0x0000000080000358 (0x0000006f)
3 0x0000000080000358 (0x0000006f)
3 0x0000000080000358 (0x0000006f)
3 0x0000000080000358 (0x0000006f)
3 0x0000000080000358 (0x0000006f)
3 0x0000000080000358 (0x0000006f)
3 0x0000000080000358 (0x0000006f)
3 0x0000000080000358 (0x0000006f)
3 0x0000000080000358 (0x0000006f)
3 0x0000000080000358 (0x0000006f)
3 0x0000000080000358 (0x0000006f)
3 0x0000000080000358 (0x0000006f)
3 0x0000000080000358 (0x0000006f)
3 0x0000000080000358 (0x0000006f)
3 0x0000000080000358 (0x0000006f)
3 0x0000000080000358 (0x0000006f)
3 0x0000000080000358 (0x0000006f)
3 0x0000000080000358 (0x0000006f)
3 0x0000000080000358 (0x0000006f)
3 0x0000000080000358 (0x0000006f)
3 0x0000000080000358 (0x0000006f)
3 0x0000000080000358 (0x0000006f)
3 0x0000000080000358 (0x0000006f)
3 0x0000000080000358 (0x0000006f)
3 0x0000000080000358 (0x0000006f)
3 0x0000000080000358 (0x0000006f)
3 0x0000000080000358 (0x0000006f)
3 0x0000000080000358 (0x0000006f)
3 0x0000000080000358 (0x0000006f)
3 0x0000000080000358 (0x0000006f)
3 0x0000000080000358 (0x0000006f)
3 0x0000000080000358 (0x0000006f)
3 0x0000000080000358 (0x0000006f)
3 0x0000000080000358 (0x0000006f)
3 0x0000000080000358 (0x0000006f)
3 0x0000000080000358 (0x0000006f)
3 0x0000000080000358 (0x0000006f)
3 0x0000000080000358 (0x0000006f)
3 0x0000000080000358 (0x0000006f)
3 0x0000000080000358 (0x0000006f)
3 0x0000000080000358 (0x0000006f)
3 0x0000000080000358 (0x0000006f)
3 0x0000000080000358 (0x0000006f)
3 0x0000000080000358 (0x0000006f)
3 0x0000000080000358 (0x0000006f)
3 0x0000000080000358 (0x0000006f)
3 0x0000000080000358 (0x0000006f)
3 0x0000000080000358 (0x0000006f)
3 0x0000000080000358 (0x0000006f)
3 0x0000000080000358 (0x0000006f)
3 0x0000000080000358 (0x0000006f)
3 0x0000000080000358 (0x0000006f)
3 0x0000000080000358 (0x0000006f)
3 0x0000000080000358 (0x0000006f)
3 0x0000000080000358 (0x0000006f)
3 0x0000000080000358 (0x0000006f)
