3 0x0000000000010040 (0x00000517) x10 0x0000000000010040
3 0x0000000000010044 (0xfc050513) x10 0x0000000000010000
3 0x0000000000010048 (0x30551073)
3 0x000000000001004c (0x301022f3) x 5 0x800000000014112d
3 0x0000000000010050 (0x4122d293) x 5 0xffffe00000000005
3 0x0000000000010054 (0x0012f293) x 5 0x0000000000000001
3 0x0000000000010058 (0x00028463)
3 0x000000000001005c (0x30301073)
3 0x0000000000010060 (0x00800513) x10 0x0000000000000008
3 0x0000000000010064 (0x30451073)
3 0x0000000000010068 (0x30052073)
3 0x000000000001006c (0x10500073)
3 0x0000000000010070 (0xffdff06f)
3 0x000000000001006c (0x10500073)
3 0x0000000000010070 (0xffdff06f)
3 0x0000000000010000 (0x020005b7) x11 0x0000000002000000
3 0x0000000000010004 (0xf1402573) x10 0x0000000000000000
3 0x0000000000010008 (0x00050463)
3 0x0000000000010010 (0x00458613) x12 0x0000000002000004
3 0x0000000000010014 (0x00100693) x13 0x0000000000000001
3 0x0000000000010018 (0x00d62023)
3 0x000000000001001c (0x00460613) x12 0x0000000002000008
3 0x0000000000010020 (0xffc62683) x13 0x0000000000000000
3 0x0000000000010024 (0xfe069ae3)
3 0x0000000000010028 (0x06c0006f)
3 0x0000000000010094 (0x0005a023)
3 0x0000000000010098 (0x00004537) x10 0x0000000000004000
3 0x000000000001009c (0x00053503) x10 0x0000000080000000
3 0x00000000000100a0 (0x34151073)
3 0x00000000000100a4 (0xf1402573) x10 0x0000000000000000
3 0x00000000000100a8 (0x00000597) x11 0x00000000000100a8
3 0x00000000000100ac (0x01858593) x11 0x00000000000100c0
3 0x00000000000100b0 (0x08000613) x12 0x0000000000000080
3 0x00000000000100b4 (0x30063073)
3 0x00000000000100b8 (0x30200073)
3 0x0000000080000000 (0x00010f97) x31 0x0000000080010000
3 0x0000000080000004 (0x000f8f93) x31 0x0000000080010000
3 0x0000000080000008 (0x000fb083) x 1 0x892eb5747766133b
3 0x000000008000000c (0x008fb103) x 2 0xc1ead3cd9a9e4718
3 0x0000000080000010 (0x010fb183) x 3 0x7a823e5fc0f161e6
3 0x0000000080000014 (0x018fb203) x 4 0x0ce857ae1559663e
3 0x0000000080000018 (0x020fb283) x 5 0xf673b37b09d98d77
3 0x000000008000001c (0x028fb303) x 6 0xd775e0c0621eb31d
3 0x0000000080000020 (0x030fb383) x 7 0x42ca66ade243123c
3 0x0000000080000024 (0x038fb403) x 8 0xccda0f7658202166
3 0x0000000080000028 (0x040fb483) x 9 0xa61906677ecb016a
3 0x000000008000002c (0x048fb503) x10 0x99eb7856e1080e0c
3 0x0000000080000030 (0x050fb583) x11 0xc292108d03f12a95
3 0x0000000080000034 (0x058fb603) x12 0xd43bf19350b60de4
3 0x0000000080000038 (0x060fb683) x13 0xe7a4230fe0c21427
3 0x000000008000003c (0x068fb703) x14 0xcf2ed279526734a2
3 0x0000000080000040 (0x070fb783) x15 0xc12daa75cf2eb024
3 0x0000000080000044 (0x078fb803) x16 0x3bb3ad9b2be1e060
3 0x0000000080000048 (0x080fb883) x17 0x63db40367dd92cfb
3 0x000000008000004c (0x088fb903) x18 0x0670d3b325ef939d
3 0x0000000080000050 (0x090fb983) x19 0xc882929963fe8953
3 0x0000000080000054 (0x098fba03) x20 0x2a2ebb5519f157ef
3 0x0000000080000058 (0x0a0fba83) x21 0x623c8adb026d0aa9
3 0x000000008000005c (0x0a8fbb03) x22 0xcc9445d52e3d9a83
3 0x0000000080000060 (0x0b0fbb83) x23 0x476866184ea38a1a
3 0x0000000080000064 (0x0b8fbc03) x24 0xe05dd09889698ba7
3 0x0000000080000068 (0x0c0fbc83) x25 0x3ff68297b249918d
3 0x000000008000006c (0x0c8fbd03) x26 0x7cc1ba935e578426
3 0x0000000080000070 (0x0d0fbd83) x27 0x1171e8b75a2ede4c
3 0x0000000080000074 (0x0d8fbe03) x28 0xa6523f0d8d7eadfb
3 0x0000000080000078 (0x0e0fbe83) x29 0x70ed9052d3b646b9
3 0x000000008000007c (0x0e8fbf03) x30 0x427925d85583d8a5
3 0x0000000080000080 (0x0f0fbf83) x31 0x21fb7f894911cbaa
3 0x0000000080000084 (0x3280006f)
3 0x00000000800003ac (0x30005073)
3 0x00000000800003b0 (0xf1402573) x10 0x0000000000000000
3 0x00000000800003b4 (0x00051063)
3 0x00000000800003b8 (0x00000297) x 5 0x00000000800003b8
3 0x00000000800003bc (0x01828293) x 5 0x00000000800003d0
3 0x00000000800003c0 (0x30529073)
3 0x00000000800003c4 (0x30205073)
3 0x00000000800003c8 (0x30305073)
3 0x00000000800003cc (0x30405073)
3 0x00000000800003d0 (0x00000297) x 5 0x00000000800003d0
3 0x00000000800003d4 (0x01028293) x 5 0x00000000800003e0
3 0x00000000800003d8 (0x30529073)
3 0x00000000800003dc (0x18005073)
3 0x00000000800003e0 (0x00000297) x 5 0x00000000800003e0
3 0x00000000800003e4 (0x02428293) x 5 0x0000000080000404
3 0x00000000800003e8 (0x30529073)
3 0x00000000800003ec (0x0010029b) x 5 0x0000000000000001
3 0x00000000800003f0 (0x03529293) x 5 0x0020000000000000
3 0x00000000800003f4 (0xfff28293) x 5 0x001fffffffffffff
3 0x00000000800003f8 (0x3b029073)
3 0x00000000800003fc (0x01f00293) x 5 0x000000000000001f
3 0x0000000080000400 (0x3a029073)
3 0x0000000080000404 (0x00000297) x 5 0x0000000080000404
3 0x0000000080000408 (0xd6428293) x 5 0x0000000080000168
3 0x000000008000040c (0x30529073)
3 0x0000000080000410 (0x00000193) x 3 0x0000000000000000
3 0x0000000080000414 (0x00100513) x10 0x0000000000000001
3 0x0000000080000418 (0x01f51513) x10 0x0000000080000000
3 0x000000008000041c (0x00055c63)
3 0x0000000080000434 (0x00000297) x 5 0x0000000080000434
3 0x0000000080000438 (0xce028293) x 5 0x0000000080000114
3 0x000000008000043c (0x10529073)
3 0x0000000080000440 (0x0000b2b7) x 5 0x000000000000b000
3 0x0000000080000444 (0x1092829b) x 5 0x000000000000b109
3 0x0000000080000448 (0x3022a073)
3 0x000000008000044c (0x00006537) x10 0x0000000000006000
3 0x0000000080000450 (0x30052073)
3 0x0000000080000454 (0x00305073)
3 0x0000000080000458 (0xc31ff0ef) x 1 0x000000008000045c
3 0x0000000080000088 (0x00020f97) x31 0x0000000080020088
3 0x000000008000008c (0xf78f8f93) x31 0x0000000080020000
3 0x0000000080000090 (0x000fa007) f 0 0xffffffff64cf0018
3 0x0000000080000094 (0x008fa087) f 1 0xffffffff09219514
3 0x0000000080000098 (0x010fa107) f 2 0xffffffff4ce6031b
3 0x000000008000009c (0x018fb187) f 3 0x01e447b0c085e9d3
3 0x00000000800000a0 (0x020fb207) f 4 0x31bdf5dfbe27c76a
3 0x00000000800000a4 (0x028fb287) f 5 0xc63298624cbed9f4
3 0x00000000800000a8 (0x030fb307) f 6 0x4e8bead0a4f0579a
3 0x00000000800000ac (0x038fa387) f 7 0xfffffffffe54c931
3 0x00000000800000b0 (0x040fb407) f 8 0xec4d4222a34e6c24
3 0x00000000800000b4 (0x048fb487) f 9 0xd1f0bd8619f3ca67
3 0x00000000800000b8 (0x050fa507) f10 0xffffffff1ccce0ec
3 0x00000000800000bc (0x058fb587) f11 0x18afd6b1083bfb1c
3 0x00000000800000c0 (0x060fb607) f12 0xe037075812159737
3 0x00000000800000c4 (0x068fb687) f13 0x5adb8dde1b4802fb
3 0x00000000800000c8 (0x070fa707) f14 0xffffffffa9e2d6ce
3 0x00000000800000cc (0x078fb787) f15 0xe47785f9cc37e096
3 0x00000000800000d0 (0x080fb807) f16 0xdfd88e36b96b7c6c
3 0x00000000800000d4 (0x088fa887) f17 0xffffffff2fe48b47
3 0x00000000800000d8 (0x090fa907) f18 0xffffffff1af061ed
3 0x00000000800000dc (0x098fa987) f19 0xffffffff02f9a6e8
3 0x00000000800000e0 (0x0a0fba07) f20 0x082936e35dcf9d72
3 0x00000000800000e4 (0x0a8faa87) f21 0xffffffff4f6d8240
3 0x00000000800000e8 (0x0b0fbb07) f22 0xdb28bb8bdd3b3102
3 0x00000000800000ec (0x0b8fbb87) f23 0xc7685f20aada4a0f
3 0x00000000800000f0 (0x0c0fbc07) f24 0xb56d8b89ff21418e
3 0x00000000800000f4 (0x0c8fbc87) f25 0x23a21ec3cc6eace1
3 0x00000000800000f8 (0x0d0fbd07) f26 0xe470b61315d21506
3 0x00000000800000fc (0x0d8fbd87) f27 0xbca72ee65b137847
3 0x0000000080000100 (0x0e0fbe07) f28 0xb2e2d99b12827a46
3 0x0000000080000104 (0x0e8fae87) f29 0xffffffff7f0332ab
3 0x0000000080000108 (0x0f0faf07) f30 0xfffffffffad8a952
3 0x000000008000010c (0x0f8faf87) f31 0xffffffff82484810
3 0x0000000080000110 (0x00008067)
3 0x000000008000045c (0xb0201073)
3 0x0000000080000460 (0xf1402573) x10 0x0000000000000000
3 0x0000000080000464 (0x34305573) x10 0x0000000010500073
3 0x0000000080000468 (0x3a007573) x10 0x000000000000001f
3 0x000000008000046c (0x3044f6f3) x13 0x0000000000000000
3 0x0000000080000470 (0x00000297) x 5 0x0000000080000470
3 0x0000000080000474 (0x05028293) x 5 0x00000000800004c0
3 0x0000000080000478 (0x34129073)
3 0x000000008000047c (0x00000293) x 5 0x0000000000000000
3 0x0000000080000480 (0x30200073)
0 0x00000000800004c0 (0xdc064697) x13 0x000000005c0644c0
0 0x00000000800004c4 (0x028f0933) x18 0x4f8f8139de1596be
0 0x00000000800004c8 (0x00000d97) x27 0x00000000800004c8
0 0x00000000800004cc (0x178d8d93) x27 0x0000000080000640
3 0x0000000080000168 (0x00002097) x 1 0x0000000080002168
3 0x000000008000016c (0x09808093) x 1 0x0000000080002200
3 0x0000000080000170 (0x10002173) x 2 0x8000000200006000
3 0x0000000080000174 (0x0420bc23)
3 0x0000000080000178 (0x10402173) x 2 0x0000000000000000
3 0x000000008000017c (0x0620b823)
3 0x0000000080000180 (0x10502173) x 2 0x0000000080000114
3 0x0000000080000184 (0x0620bc23)
3 0x0000000080000188 (0x10602173) x 2 0x0000000000000000
3 0x000000008000018c (0x0820b023)
3 0x0000000080000190 (0x14002173) x 2 0x0000000000000000
3 0x0000000080000194 (0x0820b423)
3 0x0000000080000198 (0x14102173) x 2 0x0000000000000000
3 0x000000008000019c (0x0820b823)
3 0x00000000800001a0 (0x14202173) x 2 0x0000000000000000
3 0x00000000800001a4 (0x0820bc23)
3 0x00000000800001a8 (0x14302173) x 2 0x0000000000000000
3 0x00000000800001ac (0x0a20b023)
3 0x00000000800001b0 (0x14402173) x 2 0x0000000000000000
3 0x00000000800001b4 (0xf7f17113) x 2 0x0000000000000000
3 0x00000000800001b8 (0x0a20b423)
3 0x00000000800001bc (0x18002173) x 2 0x0000000000000000
3 0x00000000800001c0 (0x0a20b823)
3 0x00000000800001c4 (0xf1402173) x 2 0x0000000000000000
3 0x00000000800001c8 (0x0a20bc23)
3 0x00000000800001cc (0x30002173) x 2 0x8000000a00006000
3 0x00000000800001d0 (0x0c20b023)
3 0x00000000800001d4 (0x30202173) x 2 0x000000000000b109
3 0x00000000800001d8 (0x0c20b423)
3 0x00000000800001dc (0x30302173) x 2 0x0000000000000000
3 0x00000000800001e0 (0x0c20b823)
3 0x00000000800001e4 (0x30402173) x 2 0x0000000000000000
3 0x00000000800001e8 (0x0c20bc23)
3 0x00000000800001ec (0x30502173) x 2 0x0000000080000168
3 0x00000000800001f0 (0x0e20b023)
3 0x00000000800001f4 (0x30602173) x 2 0x0000000000000000
3 0x00000000800001f8 (0x0e20b423)
3 0x00000000800001fc (0x34002173) x 2 0x0000000000000000
3 0x0000000080000200 (0x0e20b823)
3 0x0000000080000204 (0x34102173) x 2 0x00000000800004d0
3 0x0000000080000208 (0x0e20bc23)
3 0x000000008000020c (0x34202173) x 2 0x0000000000000002
3 0x0000000080000210 (0x1020b023)
3 0x0000000080000214 (0x34302173) x 2 0x00000000341d9073
3 0x0000000080000218 (0x1020b423)
3 0x000000008000021c (0x34402173) x 2 0x0000000000000000
3 0x0000000080000220 (0xf7f17113) x 2 0x0000000000000000
3 0x0000000080000224 (0x1020b823)
3 0x0000000080000228 (0x3a002173) x 2 0x000000000000001f
3 0x000000008000022c (0x1020bc23)
3 0x0000000080000230 (0x3b002173) x 2 0x001fffffffffffff
3 0x0000000080000234 (0x1220bc23)
3 0x0000000080000238 (0x3b102173) x 2 0x0000000000000000
3 0x000000008000023c (0x1420b023)
3 0x0000000080000240 (0x3b202173) x 2 0x0000000000000000
3 0x0000000080000244 (0x1420b423)
3 0x0000000080000248 (0x3b302173) x 2 0x0000000000000000
3 0x000000008000024c (0x1420b823)
3 0x0000000080000250 (0x3b402173) x 2 0x0000000000000000
3 0x0000000080000254 (0x1420bc23)
3 0x0000000080000258 (0x3b502173) x 2 0x0000000000000000
3 0x000000008000025c (0x1620b023)
3 0x0000000080000260 (0x3b602173) x 2 0x0000000000000000
3 0x0000000080000264 (0x1620b423)
3 0x0000000080000268 (0x3b702173) x 2 0x0000000000000000
3 0x000000008000026c (0x1620b823)
3 0x0000000080000270 (0x00006537) x10 0x0000000000006000
3 0x0000000080000274 (0x30052073)
3 0x0000000080000278 (0x00102173) x 2 0x0000000000000000
3 0x000000008000027c (0x0420b023)
3 0x0000000080000280 (0x00202173) x 2 0x0000000000000000
3 0x0000000080000284 (0x0420b423)
3 0x0000000080000288 (0x00302173) x 2 0x0000000000000000
3 0x000000008000028c (0x0420b823)
3 0x0000000080000290 (0x00002097) x 1 0x0000000080002290
3 0x0000000080000294 (0xd7008093) x 1 0x0000000080002000
3 0x0000000080000298 (0x0000b023)
3 0x000000008000029c (0x0020b823)
3 0x00000000800002a0 (0x0030bc23)
3 0x00000000800002a4 (0x0240b023)
3 0x00000000800002a8 (0x0250b423)
3 0x00000000800002ac (0x0260b823)
3 0x00000000800002b0 (0x0270bc23)
3 0x00000000800002b4 (0x0480b023)
3 0x00000000800002b8 (0x0490b423)
3 0x00000000800002bc (0x04a0b823)
3 0x00000000800002c0 (0x04b0bc23)
3 0x00000000800002c4 (0x06c0b023)
3 0x00000000800002c8 (0x06d0b423)
3 0x00000000800002cc (0x06e0b823)
3 0x00000000800002d0 (0x06f0bc23)
3 0x00000000800002d4 (0x0900b023)
3 0x00000000800002d8 (0x0910b423)
3 0x00000000800002dc (0x0920b823)
3 0x00000000800002e0 (0x0930bc23)
3 0x00000000800002e4 (0x0b40b023)
3 0x00000000800002e8 (0x0b50b423)
3 0x00000000800002ec (0x0b60b823)
3 0x00000000800002f0 (0x0b70bc23)
3 0x00000000800002f4 (0x0d80b023)
3 0x00000000800002f8 (0x0d90b423)
3 0x00000000800002fc (0x0db0bc23)
3 0x0000000080000300 (0x0fc0b023)
3 0x0000000080000304 (0x0fd0b423)
3 0x0000000080000308 (0x0fe0b823)
3 0x000000008000030c (0x00002097) x 1 0x000000008000230c
3 0x0000000080000310 (0xdf408093) x 1 0x0000000080002100
3 0x0000000080000314 (0x0010a427)
3 0x0000000080000318 (0x0020a827)
3 0x000000008000031c (0x0270ac27)
3 0x0000000080000320 (0x0490a427)
3 0x0000000080000324 (0x04a0a827)
3 0x0000000080000328 (0x06c0a027)
3 0x000000008000032c (0x06d0a427)
3 0x0000000080000330 (0x0b50a427)
3 0x0000000080000334 (0x0b60a827)
3 0x0000000080000338 (0x0d90a427)
3 0x000000008000033c (0x0da0a827)
3 0x0000000080000340 (0x0fc0a027)
3 0x0000000080000344 (0x0fd0a427)
3 0x0000000080000348 (0x0fe0a827)
3 0x000000008000034c (0x0ff0ac27)
3 0x0000000080000350 (0x00002097) x 1 0x0000000080002350
3 0x0000000080000354 (0xdb008093) x 1 0x0000000080002100
3 0x0000000080000358 (0x0000b027)
3 0x000000008000035c (0x0030bc27)
3 0x0000000080000360 (0x0240b027)
3 0x0000000080000364 (0x0250b427)
3 0x0000000080000368 (0x0260b827)
3 0x000000008000036c (0x0480b027)
3 0x0000000080000370 (0x04b0bc27)
3 0x0000000080000374 (0x06e0b827)
3 0x0000000080000378 (0x06f0bc27)
3 0x000000008000037c (0x0900b027)
3 0x0000000080000380 (0x0910b427)
3 0x0000000080000384 (0x0920b827)
3 0x0000000080000388 (0x0930bc27)
3 0x000000008000038c (0x0b40b027)
3 0x0000000080000390 (0x0b70bc27)
3 0x0000000080000394 (0x0d80b027)
3 0x0000000080000398 (0x0db0bc27)
3 0x000000008000039c (0x00100193) x 3 0x0000000000000001
3 0x00000000800003a0 (0x00001f17) x30 0x00000000800013a0
3 0x00000000800003a4 (0xc63f2023)
3 0x00000000800003a8 (0x0000006f)
3 0x00000000800003a8 (0x0000006f)
3 0x00000000800003a8 (0x0000006f)
3 0x00000000800003a8 (0x0000006f)
3 0x00000000800003a8 (0x0000006f)
3 0x00000000800003a8 (0x0000006f)
3 0x00000000800003a8 (0x0000006f)
3 0x00000000800003a8 (0x0000006f)
3 0x00000000800003a8 (0x0000006f)
3 0x00000000800003a8 (0x0000006f)
3 0x00000000800003a8 (0x0000006f)
3 0x00000000800003a8 (0x0000006f)
3 0x00000000800003a8 (0x0000006f)
3 0x00000000800003a8 (0x0000006f)
3 0x00000000800003a8 (0x0000006f)
3 0x00000000800003a8 (0x0000006f)
3 0x00000000800003a8 (0x0000006f)
3 0x00000000800003a8 (0x0000006f)
3 0x00000000800003a8 (0x0000006f)
3 0x00000000800003a8 (0x0000006f)
3 0x00000000800003a8 (0x0000006f)
3 0x00000000800003a8 (0x0000006f)
3 0x00000000800003a8 (0x0000006f)
3 0x00000000800003a8 (0x0000006f)
3 0x00000000800003a8 (0x0000006f)
3 0x00000000800003a8 (0x0000006f)
3 0x00000000800003a8 (0x0000006f)
3 0x00000000800003a8 (0x0000006f)
3 0x00000000800003a8 (0x0000006f)
3 0x00000000800003a8 (0x0000006f)
3 0x00000000800003a8 (0x0000006f)
3 0x00000000800003a8 (0x0000006f)
3 0x00000000800003a8 (0x0000006f)
3 0x00000000800003a8 (0x0000006f)
3 0x00000000800003a8 (0x0000006f)
3 0x00000000800003a8 (0x0000006f)
3 0x00000000800003a8 (0x0000006f)
3 0x00000000800003a8 (0x0000006f)
3 0x00000000800003a8 (0x0000006f)
3 0x00000000800003a8 (0x0000006f)
3 0x00000000800003a8 (0x0000006f)
3 0x00000000800003a8 (0x0000006f)
3 0x00000000800003a8 (0x0000006f)
3 0x00000000800003a8 (0x0000006f)
3 0x00000000800003a8 (0x0000006f)
3 0x00000000800003a8 (0x0000006f)
3 0x00000000800003a8 (0x0000006f)
3 0x00000000800003a8 (0x0000006f)
3 0x00000000800003a8 (0x0000006f)
3 0x00000000800003a8 (0x0000006f)
3 0x00000000800003a8 (0x0000006f)
3 0x00000000800003a8 (0x0000006f)
3 0x00000000800003a8 (0x0000006f)
3 0x00000000800003a8 (0x0000006f)
3 0x00000000800003a8 (0x0000006f)
3 0x00000000800003a8 (0x0000006f)
3 0x00000000800003a8 (0x0000006f)
3 0x00000000800003a8 (0x0000006f)
3 0x00000000800003a8 (0x0000006f)
3 0x00000000800003a8 (0x0000006f)
3 0x00000000800003a8 (0x0000006f)
3 0x00000000800003a8 (0x0000006f)
3 0x00000000800003a8 (0x0000006f)
3 0x00000000800003a8 (0x0000006f)
3 0x00000000800003a8 (0x0000006f)
3 0x00000000800003a8 (0x0000006f)
3 0x00000000800003a8 (0x0000006f)
3 0x00000000800003a8 (0x0000006f)
3 0x00000000800003a8 (0x0000006f)
3 0x00000000800003a8 (0x0000006f)
3 0x00000000800003a8 (0x0000006f)
3 0x00000000800003a8 (0x0000006f)
3 0x00000000800003a8 (0x0000006f)
3 0x00000000800003a8 (0x0000006f)
3 0x00000000800003a8 (0x0000006f)
3 0x00000000800003a8 (0x0000006f)
3 0x00000000800003a8 (0x0000006f)
3 0x00000000800003a8 (0x0000006f)
3 0x00000000800003a8 (0x0000006f)
3 0x00000000800003a8 (0x0000006f)
3 0x00000000800003a8 (0x0000006f)
3 0x00000000800003a8 (0x0000006f)
3 0x00000000800003a8 (0x0000006f)
3 0x00000000800003a8 (0x0000006f)
3 0x00000000800003a8 (0x0000006f)
3 0x00000000800003a8 (0x0000006f)
3 0x00000000800003a8 (0x0000006f)
3 0x00000000800003a8 (0x0000006f)
3 0x00000000800003a8 (0x0000006f)
3 0x00000000800003a8 (0x0000006f)
3 0x00000000800003a8 (0x0000006f)
3 0x00000000800003a8 (0x0000006f)
3 0x00000000800003a8 (0x0000006f)
3 0x00000000800003a8 (0x0000006f)
3 0x00000000800003a8 (0x0000006f)
3 0x00000000800003a8 (0x0000006f)
3 0x00000000800003a8 (0x0000006f)
3 0x00000000800003a8 (0x0000006f)
3 0x00000000800003a8 (0x0000006f)
3 0x00000000800003a8 (0x0000006f)
3 0x00000000800003a8 (0x0000006f)
3 0x00000000800003a8 (0x0000006f)
3 0x00000000800003a8 (0x0000006f)
3 0x00000000800003a8 (0x0000006f)
3 0x00000000800003a8 (0x0000006f)
3 0x00000000800003a8 (0x0000006f)
3 0x00000000800003a8 (0x0000006f)
3 0x00000000800003a8 (0x0000006f)
3 0x00000000800003a8 (0x0000006f)
3 0x00000000800003a8 (0x0000006f)
3 0x00000000800003a8 (0x0000006f)
3 0x00000000800003a8 (0x0000006f)
3 0x00000000800003a8 (0x0000006f)
3 0x00000000800003a8 (0x0000006f)
3 0x00000000800003a8 (0x0000006f)
3 0x00000000800003a8 (0x0000006f)
3 0x00000000800003a8 (0x0000006f)
3 0x00000000800003a8 (0x0000006f)
3 0x00000000800003a8 (0x0000006f)
3 0x00000000800003a8 (0x0000006f)
3 0x00000000800003a8 (0x0000006f)
3 0x00000000800003a8 (0x0000006f)
3 0x00000000800003a8 (0x0000006f)
3 0x00000000800003a8 (0x0000006f)
3 0x00000000800003a8 (0x0000006f)
3 0x00000000800003a8 (0x0000006f)
3 0x00000000800003a8 (0x0000006f)
3 0x00000000800003a8 (0x0000006f)
3 0x00000000800003a8 (0x0000006f)
3 0x00000000800003a8 (0x0000006f)
3 0x00000000800003a8 (0x0000006f)
3 0x00000000800003a8 (0x0000006f)
3 0x00000000800003a8 (0x0000006f)
3 0x00000000800003a8 (0x0000006f)
3 0x00000000800003a8 (0x0000006f)
3 0x00000000800003a8 (0x0000006f)
3 0x00000000800003a8 (0x0000006f)
3 0x00000000800003a8 (0x0000006f)
3 0x00000000800003a8 (0x0000006f)
3 0x00000000800003a8 (0x0000006f)
3 0x00000000800003a8 (0x0000006f)
3 0x00000000800003a8 (0x0000006f)
3 0x00000000800003a8 (0x0000006f)
3 0x00000000800003a8 (0x0000006f)
3 0x00000000800003a8 (0x0000006f)
3 0x00000000800003a8 (0x0000006f)
3 0x00000000800003a8 (0x0000006f)
3 0x00000000800003a8 (0x0000006f)
3 0x00000000800003a8 (0x0000006f)
3 0x00000000800003a8 (0x0000006f)
3 0x00000000800003a8 (0x0000006f)
3 0x00000000800003a8 (0x0000006f)
3 0x00000000800003a8 (0x0000006f)
3 0x00000000800003a8 (0x0000006f)
3 0x00000000800003a8 (0x0000006f)
3 0x00000000800003a8 (0x0000006f)
3 0x00000000800003a8 (0x0000006f)
3 0x00000000800003a8 (0x0000006f)
3 0x00000000800003a8 (0x0000006f)
3 0x00000000800003a8 (0x0000006f)
3 0x00000000800003a8 (0x0000006f)
3 0x00000000800003a8 (0x0000006f)
3 0x00000000800003a8 (0x0000006f)
3 0x00000000800003a8 (0x0000006f)
3 0x00000000800003a8 (0x0000006f)
3 0x00000000800003a8 (0x0000006f)
3 0x00000000800003a8 (0x0000006f)
3 0x00000000800003a8 (0x0000006f)
3 0x00000000800003a8 (0x0000006f)
3 0x00000000800003a8 (0x0000006f)
3 0x00000000800003a8 (0x0000006f)
