3 0x0000000000010040 (0x00000517) x10 0x0000000000010040
3 0x0000000000010044 (0xfc050513) x10 0x0000000000010000
3 0x0000000000010048 (0x30551073)
3 0x000000000001004c (0x301022f3) x 5 0x800000000014112d
3 0x0000000000010050 (0x4122d293) x 5 0xffffe00000000005
3 0x0000000000010054 (0x0012f293) x 5 0x0000000000000001
3 0x0000000000010058 (0x00028463)
3 0x000000000001005c (0x30301073)
3 0x0000000000010060 (0x00800513) x10 0x0000000000000008
3 0x0000000000010064 (0x30451073)
3 0x0000000000010068 (0x30052073)
3 0x000000000001006c (0x10500073)
3 0x0000000000010070 (0xffdff06f)
3 0x000000000001006c (0x10500073)
3 0x0000000000010070 (0xffdff06f)
3 0x0000000000010000 (0x020005b7) x11 0x0000000002000000
3 0x0000000000010004 (0xf1402573) x10 0x0000000000000000
3 0x0000000000010008 (0x00050463)
3 0x0000000000010010 (0x00458613) x12 0x0000000002000004
3 0x0000000000010014 (0x00100693) x13 0x0000000000000001
3 0x0000000000010018 (0x00d62023)
3 0x000000000001001c (0x00460613) x12 0x0000000002000008
3 0x0000000000010020 (0xffc62683) x13 0x0000000000000000
3 0x0000000000010024 (0xfe069ae3)
3 0x0000000000010028 (0x06c0006f)
3 0x0000000000010094 (0x0005a023)
3 0x0000000000010098 (0x00004537) x10 0x0000000000004000
3 0x000000000001009c (0x00053503) x10 0x0000000080000000
3 0x00000000000100a0 (0x34151073)
3 0x00000000000100a4 (0xf1402573) x10 0x0000000000000000
3 0x00000000000100a8 (0x00000597) x11 0x00000000000100a8
3 0x00000000000100ac (0x01858593) x11 0x00000000000100c0
3 0x00000000000100b0 (0x08000613) x12 0x0000000000000080
3 0x00000000000100b4 (0x30063073)
3 0x00000000000100b8 (0x30200073)
3 0x0000000080000000 (0x00010f97) x31 0x0000000080010000
3 0x0000000080000004 (0x000f8f93) x31 0x0000000080010000
3 0x0000000080000008 (0x000fb083) x 1 0xc6e64d719fedc8c3
3 0x000000008000000c (0x008fb103) x 2 0x439f91583bdcda13
3 0x0000000080000010 (0x010fb183) x 3 0x28acf6346b709af5
3 0x0000000080000014 (0x018fb203) x 4 0x7b71862a11091272
3 0x0000000080000018 (0x020fb283) x 5 0x382e917d69cda332
3 0x000000008000001c (0x028fb303) x 6 0xe76f96ff469a0126
3 0x0000000080000020 (0x030fb383) x 7 0xb1a45859ba177b0f
3 0x0000000080000024 (0x038fb403) x 8 0xea864130774933b4
3 0x0000000080000028 (0x040fb483) x 9 0x6a397972a6bf3b6d
3 0x000000008000002c (0x048fb503) x10 0x3a56cd6158814d46
3 0x0000000080000030 (0x050fb583) x11 0x77f717845a708c83
3 0x0000000080000034 (0x058fb603) x12 0x9a00b3e447094f26
3 0x0000000080000038 (0x060fb683) x13 0x095a7322c4022ea5
3 0x000000008000003c (0x068fb703) x14 0xf71522ab1de8a833
3 0x0000000080000040 (0x070fb783) x15 0x5a26c09dca030328
3 0x0000000080000044 (0x078fb803) x16 0x1578625984095f01
3 0x0000000080000048 (0x080fb883) x17 0x845aea174f5d5cd2
3 0x000000008000004c (0x088fb903) x18 0x81c29992b49b4d30
3 0x0000000080000050 (0x090fb983) x19 0xe51d78bf619c16a4
3 0x0000000080000054 (0x098fba03) x20 0x6273f0c6cb45cc64
3 0x0000000080000058 (0x0a0fba83) x21 0xca211f07e13b9a10
3 0x000000008000005c (0x0a8fbb03) x22 0xd036fed604035243
3 0x0000000080000060 (0x0b0fbb83) x23 0xdfdd1aebf4376217
3 0x0000000080000064 (0x0b8fbc03) x24 0xa702e8031780ebba
3 0x0000000080000068 (0x0c0fbc83) x25 0xbbd5359109ab3bb8
3 0x000000008000006c (0x0c8fbd03) x26 0xe098752cd7540781
3 0x0000000080000070 (0x0d0fbd83) x27 0x76dabdc06d49cb6e
3 0x0000000080000074 (0x0d8fbe03) x28 0xb700064adfcae6b1
3 0x0000000080000078 (0x0e0fbe83) x29 0xed80a98732264064
3 0x000000008000007c (0x0e8fbf03) x30 0xb7e7ed44f2789f52
3 0x0000000080000080 (0x0f0fbf83) x31 0x1433c699c4352941
3 0x0000000080000084 (0x2d80006f)
3 0x000000008000035c (0x30005073)
3 0x0000000080000360 (0xf1402573) x10 0x0000000000000000
3 0x0000000080000364 (0x00051063)
3 0x0000000080000368 (0x00000297) x 5 0x0000000080000368
3 0x000000008000036c (0x01828293) x 5 0x0000000080000380
3 0x0000000080000370 (0x30529073)
3 0x0000000080000374 (0x30205073)
3 0x0000000080000378 (0x30305073)
3 0x000000008000037c (0x30405073)
3 0x0000000080000380 (0x00000297) x 5 0x0000000080000380
3 0x0000000080000384 (0x01028293) x 5 0x0000000080000390
3 0x0000000080000388 (0x30529073)
3 0x000000008000038c (0x18005073)
3 0x0000000080000390 (0x00000297) x 5 0x0000000080000390
3 0x0000000080000394 (0x02428293) x 5 0x00000000800003b4
3 0x0000000080000398 (0x30529073)
3 0x000000008000039c (0x0010029b) x 5 0x0000000000000001
3 0x00000000800003a0 (0x03529293) x 5 0x0020000000000000
3 0x00000000800003a4 (0xfff28293) x 5 0x001fffffffffffff
3 0x00000000800003a8 (0x3b029073)
3 0x00000000800003ac (0x01f00293) x 5 0x000000000000001f
3 0x00000000800003b0 (0x3a029073)
3 0x00000000800003b4 (0x00000297) x 5 0x00000000800003b4
3 0x00000000800003b8 (0xd6428293) x 5 0x0000000080000118
3 0x00000000800003bc (0x30529073)
3 0x00000000800003c0 (0x00000193) x 3 0x0000000000000000
3 0x00000000800003c4 (0x00100513) x10 0x0000000000000001
3 0x00000000800003c8 (0x01f51513) x10 0x0000000080000000
3 0x00000000800003cc (0x00055c63)
3 0x00000000800003e4 (0x00000297) x 5 0x00000000800003e4
3 0x00000000800003e8 (0xd3028293) x 5 0x0000000080000114
3 0x00000000800003ec (0x10529073)
3 0x00000000800003f0 (0x0000b2b7) x 5 0x000000000000b000
3 0x00000000800003f4 (0x1092829b) x 5 0x000000000000b109
3 0x00000000800003f8 (0x3022a073)
3 0x00000000800003fc (0x00008537) x10 0x0000000000008000
3 0x0000000080000400 (0x8005051b) x10 0x0000000000007800
3 0x0000000080000404 (0x30052073)
3 0x0000000080000408 (0x00305073)
3 0x000000008000040c (0xc7dff0ef) x 1 0x0000000080000410
3 0x0000000080000088 (0x00020f97) x31 0x0000000080020088
3 0x000000008000008c (0xf78f8f93) x31 0x0000000080020000
3 0x0000000080000090 (0x000fa007) f 0 0xffffffff4cdb12ee
3 0x0000000080000094 (0x008fa087) f 1 0xffffffff9aff3779
3 0x0000000080000098 (0x010fa107) f 2 0xffffffff2e67849a
3 0x000000008000009c (0x018fb187) f 3 0xedec24399b24a2f4
3 0x00000000800000a0 (0x020fb207) f 4 0x16caef036608685c
3 0x00000000800000a4 (0x028fb287) f 5 0xfb5f5f82d1ca6b9b
3 0x00000000800000a8 (0x030fb307) f 6 0x1dfba2f2a9f71fca
3 0x00000000800000ac (0x038fa387) f 7 0xffffffffee903a93
3 0x00000000800000b0 (0x040fb407) f 8 0x55c298babc5bf240
3 0x00000000800000b4 (0x048fb487) f 9 0x6a4a638e07b02913
3 0x00000000800000b8 (0x050fa507) f10 0xffffffff1e3e7c68
3 0x00000000800000bc (0x058fb587) f11 0x3f9de729d453352d
3 0x00000000800000c0 (0x060fb607) f12 0xc1e103306625038a
3 0x00000000800000c4 (0x068fb687) f13 0xfad66e1630f38391
3 0x00000000800000c8 (0x070fa707) f14 0xffffffffa94b065a
3 0x00000000800000cc (0x078fb787) f15 0x2eb266348197b725
3 0x00000000800000d0 (0x080fb807) f16 0x982270b355ba26a1
3 0x00000000800000d4 (0x088fa887) f17 0xffffffffc599b175
3 0x00000000800000d8 (0x090fa907) f18 0xffffffff45949bad
3 0x00000000800000dc (0x098fa987) f19 0xffffffff6a588b76
3 0x00000000800000e0 (0x0a0fba07) f20 0xee2ebf2085893e91
3 0x00000000800000e4 (0x0a8faa87) f21 0xfffffffffcbf5c09
3 0x00000000800000e8 (0x0b0fbb07) f22 0x3b48e3dfcc00ab2f
3 0x00000000800000ec (0x0b8fbb87) f23 0xde4c3ed37dce2fa5
3 0x00000000800000f0 (0x0c0fbc07) f24 0x9ce5c1f38a8e0d75
3 0x00000000800000f4 (0x0c8fbc87) f25 0xb0d2c090d001ee92
3 0x00000000800000f8 (0x0d0fbd07) f26 0xb8d58daf65ce2f09
3 0x00000000800000fc (0x0d8fbd87) f27 0x97f335f5912d30f6
3 0x0000000080000100 (0x0e0fbe07) f28 0xa8bc0fd7ca6719e7
3 0x0000000080000104 (0x0e8fae87) f29 0xffffffff2a61fc0e
3 0x0000000080000108 (0x0f0faf07) f30 0xffffffff0b735a79
3 0x000000008000010c (0x0f8faf87) f31 0xffffffffc09a40ca
3 0x0000000080000110 (0x00008067)
3 0x0000000080000410 (0xb0201073)
3 0x0000000080000414 (0xf1402573) x10 0x0000000000000000
3 0x0000000080000418 (0x3027f5f3) x11 0x000000000000b109
3 0x000000008000041c (0x3b507773) x14 0x0000000000000000
3 0x0000000080000420 (0x340e6573) x10 0x0000000000000000
3 0x0000000080000424 (0x00000297) x 5 0x0000000080000424
3 0x0000000080000428 (0x01c28293) x 5 0x0000000080000440
3 0x000000008000042c (0x34129073)
3 0x0000000080000430 (0x00000293) x 5 0x0000000000000000
3 0x0000000080000434 (0x30200073)
3 0x0000000080000440 (0x00040217) x 4 0x0000000080040440
3 0x0000000080000444 (0xc2020213) x 4 0x0000000080040060
3 0x0000000080000448 (0x01121023)
3 0x000000008000044c (0x201e1f53) f30 0xffffffff7fc00000
3 0x0000000080000450 (0x00030817) x16 0x0000000080030450
3 0x0000000080000454 (0xcd080813) x16 0x0000000080030120
3 0x0000000080000458 (0xfe880813) x16 0x0000000080030108
3 0x000000008000045c (0xa0383baf) x23 0x9712584ad58418fe
3 0x0000000080000460 (0x000a4d93) x27 0x6273f0c6cb45cc64
3 0x0000000080000464 (0x00050617) x12 0x0000000080050464
3 0x0000000080000468 (0xd0c60613) x12 0x0000000080050170
3 0x000000008000046c (0xff860613) x12 0x0000000080050168
3 0x0000000080000470 (0x61063e2f) x28 0xd4661b8ca5aa741d
3 0x0000000080000474 (0x00050317) x 6 0x0000000080050474
3 0x0000000080000478 (0xc8c30313) x 6 0x0000000080050100
3 0x000000008000047c (0xfe830313) x 6 0x00000000800500e8
3 0x0000000080000480 (0x08e322af) x 5 0x0000000013ef4f99
3 0x0000000080000484 (0x10ef9ad3) f21 0xffffffff2a74aa67
3 0x0000000080000488 (0x020c5213) x 4 0x00000000a702e803
3 0x000000008000048c (0xc0090e53) x28 0x0000000000001293
3 0x0000000080000490 (0x11492dc3) f27 0xffffffff7fc00000
3 0x0000000080000494 (0x00f89d93) x27 0x750ba7aeae690000
3 0x0000000080000498 (0x200200d3) f 1 0xffffffff7fc00000
3 0x000000008000049c (0x00010497) x 9 0x000000008001049c
3 0x00000000800004a0 (0xd2448493) x 9 0x00000000800101c0
3 0x00000000800004a4 (0xff848493) x 9 0x00000000800101b8
3 0x00000000800004a8 (0x8144ba2f) x20 0xd03af7ecb356b377
3 0x00000000800004ac (0x03959493) x 9 0x1200000000000000
3 0x00000000800004b0 (0xd0309553) f10 0xffffffff4f000004
3 0x00000000800004b4 (0xd02ebf53) f30 0xffffffffdd93fab3
3 0x00000000800004b8 (0x00030817) x16 0x00000000800304b8
3 0x00000000800004bc (0xbb880813) x16 0x0000000080030070
3 0x00000000800004c0 (0x01c82c83) x25 0xffffffff9e69de3c
3 0x00000000800004c4 (0xd023afd3) f31 0xffffffffde9cb750
3 0x00000000800004c8 (0x04636637) x12 0x0000000004636000
3 0x00000000800004cc (0x00050917) x18 0x00000000800504cc
3 0x00000000800004d0 (0xcf490913) x18 0x00000000800501c0
3 0x00000000800004d4 (0xff090913) x18 0x00000000800501b0
3 0x00000000800004d8 (0xe0c9382f) x16 0xabc2fad3e897d34a
3 0x00000000800004dc (0x00030617) x12 0x00000000800304dc
3 0x00000000800004e0 (0xbb460613) x12 0x0000000080030090
3 0x00000000800004e4 (0x01060613) x12 0x00000000800300a0
3 0x00000000800004e8 (0xffe006b7) x13 0xffffffffffe00000
3 0x00000000800004ec (0x00d64633) x12 0xffffffff7fe300a0
3 0x00000000800004f0 (0x10062a2f) x20 0x0000000000000000
3 0x00000000800004f4 (0x00020c17) x24 0x00000000800204f4
3 0x00000000800004f8 (0xb9cc0c13) x24 0x0000000080020090
3 0x00000000800004fc (0x000c2407) f 8 0xffffffff45949bad
3 0x0000000080000500 (0x000024d3) f 9 0xffffffff4d5b12ee
3 0x0000000080000504 (0x00100393) x 7 0x0000000000000001
3 0x0000000080000508 (0x00002c97) x25 0x0000000080002508
3 0x000000008000050c (0xed8c8c93) x25 0x00000000800023e0
3 0x0000000080000510 (0x000c8c93) x25 0x00000000800023e0
3 0x0000000080000514 (0x13938073)
3 0x0000000080000518 (0x00881263)
3 0x000000008000051c (0x00100113) x 2 0x0000000000000001
3 0x0000000080000520 (0x00002397) x 7 0x0000000080002520
3 0x0000000080000524 (0xec038393) x 7 0x00000000800023e0
3 0x0000000080000528 (0x01838393) x 7 0x00000000800023f8
3 0x000000008000052c (0x12710073)
3 0x0000000080000530 (0x12a15263)
3 0x0000000080000654 (0xa99cb8cf) f17 0xffffffff7fc00000
3 0x0000000080000658 (0x00020397) x 7 0x0000000080020658
3 0x000000008000065c (0x9d838393) x 7 0x0000000080020030
3 0x0000000080000660 (0x01c38393) x 7 0x000000008002004c
3 0x0000000080000664 (0x40c3aeaf) x29 0x000000006a4a638e
3 0x0000000080000668 (0xd03c0153) f 2 0xffffffff4f000201
3 0x000000008000066c (0x00040c17) x24 0x000000008004066c
3 0x0000000080000670 (0xa44c0c13) x24 0x00000000800400b0
3 0x0000000080000674 (0xff5c1923)
3 0x0000000080000678 (0x41665a9b) x21 0x00000000000001ff
3 0x000000008000067c (0x4057d89b) x17 0xfffffffffe501819
3 0x0000000080000680 (0x00050197) x 3 0x0000000080050680
3 0x0000000080000684 (0xb1018193) x 3 0x0000000080050190
3 0x0000000080000688 (0xfe818193) x 3 0x0000000080050178
3 0x000000008000068c (0x60d1b42f) x 8 0x1e2b495385213ab1
3 0x0000000080000690 (0x00040c17) x24 0x0000000080040690
3 0x0000000080000694 (0xa30c0c13) x24 0x00000000800400c0
3 0x0000000080000698 (0xfe4c0c13) x24 0x00000000800400a4
3 0x000000008000069c (0xffe00ab7) x21 0xffffffffffe00000
3 0x00000000800006a0 (0x015c4c33) x24 0xffffffff7fe400a4
3 0x00000000800006a4 (0x615c20af) x 1 0x0000000000000000
3 0x00000000800006a8 (0xb9a92393) x 7 0x0000000000000000
3 0x00000000800006ac (0x00f7c7b3) x15 0x0000000000000000
3 0x00000000800006b0 (0x00100093) x 1 0x0000000000000001
3 0x00000000800006b4 (0x00409093) x 1 0x0000000000000010
3 0x00000000800006b8 (0x001787b3) x15 0x0000000000000010
3 0x00000000800006bc (0x00100593) x11 0x0000000000000001
3 0x00000000800006c0 (0x01459593) x11 0x0000000000100000
3 0x00000000800006c4 (0x00b787b3) x15 0x0000000000100010
3 0x00000000800006c8 (0x00300b93) x23 0x0000000000000003
3 0x00000000800006cc (0x018b9b93) x23 0x0000000003000000
3 0x00000000800006d0 (0x017787b3) x15 0x0000000003100010
3 0x00000000800006d4 (0x0017a473) x 8 0x0000000000000001
3 0x00000000800006d8 (0x02590733) x14 0x09f80b9ab1d35230
3 0x00000000800006dc (0x019cccb3) x25 0x0000000000000000
3 0x00000000800006e0 (0x00100e93) x29 0x0000000000000001
3 0x00000000800006e4 (0x013e9e93) x29 0x0000000000080000
3 0x00000000800006e8 (0x01dc8cb3) x25 0x0000000000080000
3 0x00000000800006ec (0x00100413) x 8 0x0000000000000001
3 0x00000000800006f0 (0x01a41413) x 8 0x0000000004000000
3 0x00000000800006f4 (0x008c8cb3) x25 0x0000000004080000
3 0x00000000800006f8 (0x00300493) x 9 0x0000000000000003
3 0x00000000800006fc (0x01e49493) x 9 0x00000000c0000000
3 0x0000000080000700 (0x009c8cb3) x25 0x00000000c4080000
3 0x0000000080000118 (0x00002097) x 1 0x0000000080002118
3 0x000000008000011c (0x0e808093) x 1 0x0000000080002200
3 0x0000000080000120 (0x10002173) x 2 0x8000000200006000
3 0x0000000080000124 (0x0420bc23)
3 0x0000000080000128 (0x10402173) x 2 0x0000000000000000
3 0x000000008000012c (0x0620b823)
3 0x0000000080000130 (0x10502173) x 2 0x0000000080000114
3 0x0000000080000134 (0x0620bc23)
3 0x0000000080000138 (0x10602173) x 2 0x0000000000000000
3 0x000000008000013c (0x0820b023)
3 0x0000000080000140 (0x14002173) x 2 0x0000000000000000
3 0x0000000080000144 (0x0820b423)
3 0x0000000080000148 (0x14102173) x 2 0x0000000000000000
3 0x000000008000014c (0x0820b823)
3 0x0000000080000150 (0x14202173) x 2 0x0000000000000000
3 0x0000000080000154 (0x0820bc23)
3 0x0000000080000158 (0x14302173) x 2 0x0000000000000000
3 0x000000008000015c (0x0a20b023)
3 0x0000000080000160 (0x14402173) x 2 0x0000000000000000
3 0x0000000080000164 (0xf7f17113) x 2 0x0000000000000000
3 0x0000000080000168 (0x0a20b423)
3 0x000000008000016c (0x18002173) x 2 0x0000000000000000
3 0x0000000080000170 (0x0a20b823)
3 0x0000000080000174 (0xf1402173) x 2 0x0000000000000000
3 0x0000000080000178 (0x0a20bc23)
3 0x000000008000017c (0x30002173) x 2 0x8000000a00007800
3 0x0000000080000180 (0x0c20b023)
3 0x0000000080000184 (0x30202173) x 2 0x000000000000b100
3 0x0000000080000188 (0x0c20b423)
3 0x000000008000018c (0x30302173) x 2 0x0000000000000000
3 0x0000000080000190 (0x0c20b823)
3 0x0000000080000194 (0x30402173) x 2 0x0000000000000000
3 0x0000000080000198 (0x0c20bc23)
3 0x000000008000019c (0x30502173) x 2 0x0000000080000118
3 0x00000000800001a0 (0x0e20b023)
3 0x00000000800001a4 (0x30602173) x 2 0x0000000000000000
3 0x00000000800001a8 (0x0e20b423)
3 0x00000000800001ac (0x34002173) x 2 0x000000000000001c
3 0x00000000800001b0 (0x0e20b823)
3 0x00000000800001b4 (0x34102173) x 2 0x0000000080000704
3 0x00000000800001b8 (0x0e20bc23)
3 0x00000000800001bc (0x34202173) x 2 0x0000000000000002
3 0x00000000800001c0 (0x1020b023)
3 0x00000000800001c4 (0x34302173) x 2 0x00000000f14c9ef3
3 0x00000000800001c8 (0x1020b423)
3 0x00000000800001cc (0x34402173) x 2 0x0000000000000000
3 0x00000000800001d0 (0xf7f17113) x 2 0x0000000000000000
3 0x00000000800001d4 (0x1020b823)
3 0x00000000800001d8 (0x3a002173) x 2 0x000000000000001f
3 0x00000000800001dc (0x1020bc23)
3 0x00000000800001e0 (0x3b002173) x 2 0x001fffffffffffff
3 0x00000000800001e4 (0x1220bc23)
3 0x00000000800001e8 (0x3b102173) x 2 0x0000000000000000
3 0x00000000800001ec (0x1420b023)
3 0x00000000800001f0 (0x3b202173) x 2 0x0000000000000000
3 0x00000000800001f4 (0x1420b423)
3 0x00000000800001f8 (0x3b302173) x 2 0x0000000000000000
3 0x00000000800001fc (0x1420b823)
3 0x0000000080000200 (0x3b402173) x 2 0x0000000000000000
3 0x0000000080000204 (0x1420bc23)
3 0x0000000080000208 (0x3b502173) x 2 0x0000000000000000
3 0x000000008000020c (0x1620b023)
3 0x0000000080000210 (0x3b602173) x 2 0x0000000000000000
3 0x0000000080000214 (0x1620b423)
3 0x0000000080000218 (0x3b702173) x 2 0x0000000000000000
3 0x000000008000021c (0x1620b823)
3 0x0000000080000220 (0x00006537) x10 0x0000000000006000
3 0x0000000080000224 (0x30052073)
3 0x0000000080000228 (0x00102173) x 2 0x0000000000000011
3 0x000000008000022c (0x0420b023)
3 0x0000000080000230 (0x00202173) x 2 0x0000000000000000
3 0x0000000080000234 (0x0420b423)
3 0x0000000080000238 (0x00302173) x 2 0x0000000000000011
3 0x000000008000023c (0x0420b823)
3 0x0000000080000240 (0x00002097) x 1 0x0000000080002240
3 0x0000000080000244 (0xdc008093) x 1 0x0000000080002000
3 0x0000000080000248 (0x0000b023)
3 0x000000008000024c (0x0020b823)
3 0x0000000080000250 (0x0030bc23)
3 0x0000000080000254 (0x0240b023)
3 0x0000000080000258 (0x0250b423)
3 0x000000008000025c (0x0260b823)
3 0x0000000080000260 (0x0270bc23)
3 0x0000000080000264 (0x0480b023)
3 0x0000000080000268 (0x0490b423)
3 0x000000008000026c (0x04a0b823)
3 0x0000000080000270 (0x04b0bc23)
3 0x0000000080000274 (0x06c0b023)
3 0x0000000080000278 (0x06d0b423)
3 0x000000008000027c (0x06e0b823)
3 0x0000000080000280 (0x06f0bc23)
3 0x0000000080000284 (0x0900b023)
3 0x0000000080000288 (0x0910b423)
3 0x000000008000028c (0x0920b823)
3 0x0000000080000290 (0x0930bc23)
3 0x0000000080000294 (0x0b40b023)
3 0x0000000080000298 (0x0b50b423)
3 0x000000008000029c (0x0b60b823)
3 0x00000000800002a0 (0x0b70bc23)
3 0x00000000800002a4 (0x0d80b023)
3 0x00000000800002a8 (0x0d90b423)
3 0x00000000800002ac (0x0db0bc23)
3 0x00000000800002b0 (0x0fc0b023)
3 0x00000000800002b4 (0x0fd0b423)
3 0x00000000800002b8 (0x0fe0b823)
3 0x00000000800002bc (0x00002097) x 1 0x00000000800022bc
3 0x00000000800002c0 (0xe4408093) x 1 0x0000000080002100
3 0x00000000800002c4 (0x0010a427)
3 0x00000000800002c8 (0x0020a827)
3 0x00000000800002cc (0x0270ac27)
3 0x00000000800002d0 (0x0490a427)
3 0x00000000800002d4 (0x04a0a827)
3 0x00000000800002d8 (0x06c0a027)
3 0x00000000800002dc (0x06d0a427)
3 0x00000000800002e0 (0x0b50a427)
3 0x00000000800002e4 (0x0b60a827)
3 0x00000000800002e8 (0x0d90a427)
3 0x00000000800002ec (0x0da0a827)
3 0x00000000800002f0 (0x0fc0a027)
3 0x00000000800002f4 (0x0fd0a427)
3 0x00000000800002f8 (0x0fe0a827)
3 0x00000000800002fc (0x0ff0ac27)
3 0x0000000080000300 (0x00002097) x 1 0x0000000080002300
3 0x0000000080000304 (0xe0008093) x 1 0x0000000080002100
3 0x0000000080000308 (0x0000b027)
3 0x000000008000030c (0x0030bc27)
3 0x0000000080000310 (0x0240b027)
3 0x0000000080000314 (0x0250b427)
3 0x0000000080000318 (0x0260b827)
3 0x000000008000031c (0x0480b027)
3 0x0000000080000320 (0x04b0bc27)
3 0x0000000080000324 (0x06e0b827)
3 0x0000000080000328 (0x06f0bc27)
3 0x000000008000032c (0x0900b027)
3 0x0000000080000330 (0x0910b427)
3 0x0000000080000334 (0x0920b827)
3 0x0000000080000338 (0x0930bc27)
3 0x000000008000033c (0x0b40b027)
3 0x0000000080000340 (0x0b70bc27)
3 0x0000000080000344 (0x0d80b027)
3 0x0000000080000348 (0x0db0bc27)
3 0x000000008000034c (0x00100193) x 3 0x0000000000000001
3 0x0000000080000350 (0x00001f17) x30 0x0000000080001350
3 0x0000000080000354 (0xca3f2823)
3 0x0000000080000358 (0x0000006f)
3 0x0000000080000358 (0x0000006f)
3 0x0000000080000358 (0x0000006f)
3 0x0000000080000358 (0x0000006f)
3 0x0000000080000358 (0x0000006f)
3 0x0000000080000358 (0x0000006f)
3 0x0000000080000358 (0x0000006f)
3 0x0000000080000358 (0x0000006f)
3 0x0000000080000358 (0x0000006f)
3 0x0000000080000358 (0x0000006f)
3 0x0000000080000358 (0x0000006f)
3 0x0000000080000358 (0x0000006f)
3 0x0000000080000358 (0x0000006f)
3 0x0000000080000358 (0x0000006f)
3 0x0000000080000358 (0x0000006f)
3 0x0000000080000358 (0x0000006f)
3 0x0000000080000358 (0x0000006f)
3 0x0000000080000358 (0x0000006f)
3 0x0000000080000358 (0x0000006f)
3 0x0000000080000358 (0x0000006f)
3 0x0000000080000358 (0x0000006f)
3 0x0000000080000358 (0x0000006f)
3 0x0000000080000358 (0x0000006f)
3 0x0000000080000358 (0x0000006f)
3 0x0000000080000358 (0x0000006f)
3 0x0000000080000358 (0x0000006f)
3 0x0000000080000358 (0x0000006f)
3 0x0000000080000358 (0x0000006f)
3 0x0000000080000358 (0x0000006f)
3 0x0000000080000358 (0x0000006f)
3 0x0000000080000358 (0x0000006f)
3 0x0000000080000358 (0x0000006f)
3 0x0000000080000358 (0x0000006f)
3 0x0000000080000358 (0x0000006f)
3 0x0000000080000358 (0x0000006f)
3 0x0000000080000358 (0x0000006f)
3 0x0000000080000358 (0x0000006f)
3 0x0000000080000358 (0x0000006f)
3 0x0000000080000358 (0x0000006f)
3 0x0000000080000358 (0x0000006f)
3 0x0000000080000358 (0x0000006f)
3 0x0000000080000358 (0x0000006f)
3 0x0000000080000358 (0x0000006f)
3 0x0000000080000358 (0x0000006f)
3 0x0000000080000358 (0x0000006f)
3 0x0000000080000358 (0x0000006f)
3 0x0000000080000358 (0x0000006f)
3 0x0000000080000358 (0x0000006f)
3 0x0000000080000358 (0x0000006f)
3 0x0000000080000358 (0x0000006f)
3 0x0000000080000358 (0x0000006f)
3 0x0000000080000358 (0x0000006f)
3 0x0000000080000358 (0x0000006f)
3 0x0000000080000358 (0x0000006f)
3 0x0000000080000358 (0x0000006f)
3 0x0000000080000358 (0x0000006f)
3 0x0000000080000358 (0x0000006f)
3 0x0000000080000358 (0x0000006f)
3 0x0000000080000358 (0x0000006f)
3 0x0000000080000358 (0x0000006f)
3 0x0000000080000358 (0x0000006f)
3 0x0000000080000358 (0x0000006f)
3 0x0000000080000358 (0x0000006f)
3 0x0000000080000358 (0x0000006f)
3 0x0000000080000358 (0x0000006f)
3 0x0000000080000358 (0x0000006f)
3 0x0000000080000358 (0x0000006f)
3 0x0000000080000358 (0x0000006f)
3 0x0000000080000358 (0x0000006f)
3 0x0000000080000358 (0x0000006f)
3 0x0000000080000358 (0x0000006f)
3 0x0000000080000358 (0x0000006f)
3 0x0000000080000358 (0x0000006f)
3 0x0000000080000358 (0x0000006f)
3 0x0000000080000358 (0x0000006f)
3 0x0000000080000358 (0x0000006f)
3 0x0000000080000358 (0x0000006f)
3 0x0000000080000358 (0x0000006f)
3 0x0000000080000358 (0x0000006f)
3 0x0000000080000358 (0x0000006f)
3 0x0000000080000358 (0x0000006f)
3 0x0000000080000358 (0x0000006f)
3 0x0000000080000358 (0x0000006f)
3 0x0000000080000358 (0x0000006f)
3 0x0000000080000358 (0x0000006f)
3 0x0000000080000358 (0x0000006f)
3 0x0000000080000358 (0x0000006f)
3 0x0000000080000358 (0x0000006f)
3 0x0000000080000358 (0x0000006f)
3 0x0000000080000358 (0x0000006f)
3 0x0000000080000358 (0x0000006f)
3 0x0000000080000358 (0x0000006f)
3 0x0000000080000358 (0x0000006f)
3 0x0000000080000358 (0x0000006f)
3 0x0000000080000358 (0x0000006f)
3 0x0000000080000358 (0x0000006f)
3 0x0000000080000358 (0x0000006f)
3 0x0000000080000358 (0x0000006f)
3 0x0000000080000358 (0x0000006f)
3 0x0000000080000358 (0x0000006f)
3 0x0000000080000358 (0x0000006f)
3 0x0000000080000358 (0x0000006f)
3 0x0000000080000358 (0x0000006f)
3 0x0000000080000358 (0x0000006f)
3 0x0000000080000358 (0x0000006f)
3 0x0000000080000358 (0x0000006f)
3 0x0000000080000358 (0x0000006f)
3 0x0000000080000358 (0x0000006f)
3 0x0000000080000358 (0x0000006f)
3 0x0000000080000358 (0x0000006f)
3 0x0000000080000358 (0x0000006f)
3 0x0000000080000358 (0x0000006f)
3 0x0000000080000358 (0x0000006f)
3 0x0000000080000358 (0x0000006f)
3 0x0000000080000358 (0x0000006f)
3 0x0000000080000358 (0x0000006f)
3 0x0000000080000358 (0x0000006f)
3 0x0000000080000358 (0x0000006f)
3 0x0000000080000358 (0x0000006f)
3 0x0000000080000358 (0x0000006f)
