3 0x0000000000010040 (0x00000517) x10 0x0000000000010040
3 0x0000000000010044 (0xfc050513) x10 0x0000000000010000
3 0x0000000000010048 (0x30551073)
3 0x000000000001004c (0x301022f3) x 5 0x800000000014112d
3 0x0000000000010050 (0x4122d293) x 5 0xffffe00000000005
3 0x0000000000010054 (0x0012f293) x 5 0x0000000000000001
3 0x0000000000010058 (0x00028463)
3 0x000000000001005c (0x30301073)
3 0x0000000000010060 (0x00800513) x10 0x0000000000000008
3 0x0000000000010064 (0x30451073)
3 0x0000000000010068 (0x30052073)
3 0x000000000001006c (0x10500073)
3 0x0000000000010070 (0xffdff06f)
3 0x000000000001006c (0x10500073)
3 0x0000000000010070 (0xffdff06f)
3 0x0000000000010000 (0x020005b7) x11 0x0000000002000000
3 0x0000000000010004 (0xf1402573) x10 0x0000000000000000
3 0x0000000000010008 (0x00050463)
3 0x0000000000010010 (0x00458613) x12 0x0000000002000004
3 0x0000000000010014 (0x00100693) x13 0x0000000000000001
3 0x0000000000010018 (0x00d62023)
3 0x000000000001001c (0x00460613) x12 0x0000000002000008
3 0x0000000000010020 (0xffc62683) x13 0x0000000000000000
3 0x0000000000010024 (0xfe069ae3)
3 0x0000000000010028 (0x06c0006f)
3 0x0000000000010094 (0x0005a023)
3 0x0000000000010098 (0x00004537) x10 0x0000000000004000
3 0x000000000001009c (0x00053503) x10 0x0000000080000000
3 0x00000000000100a0 (0x34151073)
3 0x00000000000100a4 (0xf1402573) x10 0x0000000000000000
3 0x00000000000100a8 (0x00000597) x11 0x00000000000100a8
3 0x00000000000100ac (0x01858593) x11 0x00000000000100c0
3 0x00000000000100b0 (0x08000613) x12 0x0000000000000080
3 0x00000000000100b4 (0x30063073)
3 0x00000000000100b8 (0x30200073)
3 0x0000000080000000 (0x00010f97) x31 0x0000000080010000
3 0x0000000080000004 (0x000f8f93) x31 0x0000000080010000
3 0x0000000080000008 (0x000fb083) x 1 0xef55d57d9e670809
3 0x000000008000000c (0x008fb103) x 2 0x785602a5011cb52b
3 0x0000000080000010 (0x010fb183) x 3 0xe7a59af3646ed3bc
3 0x0000000080000014 (0x018fb203) x 4 0xc751f39178a2ea8c
3 0x0000000080000018 (0x020fb283) x 5 0x77618fa0963bd9fd
3 0x000000008000001c (0x028fb303) x 6 0x73c8962ec615fbe8
3 0x0000000080000020 (0x030fb383) x 7 0x203098e4b9012f8f
3 0x0000000080000024 (0x038fb403) x 8 0xed1d8bf1b5d1924e
3 0x0000000080000028 (0x040fb483) x 9 0x2cd58f39c1521937
3 0x000000008000002c (0x048fb503) x10 0x796d62a8c831726c
3 0x0000000080000030 (0x050fb583) x11 0xd09cb953d31a3e9b
3 0x0000000080000034 (0x058fb603) x12 0x56101f34779aa7ab
3 0x0000000080000038 (0x060fb683) x13 0xb3c6cab886163527
3 0x000000008000003c (0x068fb703) x14 0x8ea893c44ea5a8e6
3 0x0000000080000040 (0x070fb783) x15 0x6357ef8b6fe26d1c
3 0x0000000080000044 (0x078fb803) x16 0x0e344471530216f9
3 0x0000000080000048 (0x080fb883) x17 0x36ef7c2bcc59ec7a
3 0x000000008000004c (0x088fb903) x18 0x3a718c2ebef88cf8
3 0x0000000080000050 (0x090fb983) x19 0x08c903cd463ef52a
3 0x0000000080000054 (0x098fba03) x20 0xabee85a640b71e46
3 0x0000000080000058 (0x0a0fba83) x21 0x7dc20385562a9e21
3 0x000000008000005c (0x0a8fbb03) x22 0x1e39b76d188d59c6
3 0x0000000080000060 (0x0b0fbb83) x23 0xfd538fbf2599edc4
3 0x0000000080000064 (0x0b8fbc03) x24 0x90e0e2f2660e6d2d
3 0x0000000080000068 (0x0c0fbc83) x25 0xeba72a6bc58b20bd
3 0x000000008000006c (0x0c8fbd03) x26 0x8ab3b75d8a18e725
3 0x0000000080000070 (0x0d0fbd83) x27 0x03e84636d24e3393
3 0x0000000080000074 (0x0d8fbe03) x28 0x8a31800c9d4ebec2
3 0x0000000080000078 (0x0e0fbe83) x29 0x1d50e714c906dc30
3 0x000000008000007c (0x0e8fbf03) x30 0x110de1f752e76062
3 0x0000000080000080 (0x0f0fbf83) x31 0xf2351ea8723440e9
3 0x0000000080000084 (0x3000006f)
3 0x0000000080000384 (0x30005073)
3 0x0000000080000388 (0xf1402573) x10 0x0000000000000000
3 0x000000008000038c (0x00051063)
3 0x0000000080000390 (0x00000297) x 5 0x0000000080000390
3 0x0000000080000394 (0x01828293) x 5 0x00000000800003a8
3 0x0000000080000398 (0x30529073)
3 0x000000008000039c (0x30205073)
3 0x00000000800003a0 (0x30305073)
3 0x00000000800003a4 (0x30405073)
3 0x00000000800003a8 (0x00000297) x 5 0x00000000800003a8
3 0x00000000800003ac (0x01028293) x 5 0x00000000800003b8
3 0x00000000800003b0 (0x30529073)
3 0x00000000800003b4 (0x18005073)
3 0x00000000800003b8 (0x00000297) x 5 0x00000000800003b8
3 0x00000000800003bc (0x02428293) x 5 0x00000000800003dc
3 0x00000000800003c0 (0x30529073)
3 0x00000000800003c4 (0x0010029b) x 5 0x0000000000000001
3 0x00000000800003c8 (0x03529293) x 5 0x0020000000000000
3 0x00000000800003cc (0xfff28293) x 5 0x001fffffffffffff
3 0x00000000800003d0 (0x3b029073)
3 0x00000000800003d4 (0x01f00293) x 5 0x000000000000001f
3 0x00000000800003d8 (0x3a029073)
3 0x00000000800003dc (0x00000297) x 5 0x00000000800003dc
3 0x00000000800003e0 (0xd6428293) x 5 0x0000000080000140
3 0x00000000800003e4 (0x30529073)
3 0x00000000800003e8 (0x00000193) x 3 0x0000000000000000
3 0x00000000800003ec (0x00100513) x10 0x0000000000000001
3 0x00000000800003f0 (0x01f51513) x10 0x0000000080000000
3 0x00000000800003f4 (0x00055c63)
3 0x000000008000040c (0x00000297) x 5 0x000000008000040c
3 0x0000000080000410 (0xd0828293) x 5 0x0000000080000114
3 0x0000000080000414 (0x10529073)
3 0x0000000080000418 (0x0000b2b7) x 5 0x000000000000b000
3 0x000000008000041c (0x1092829b) x 5 0x000000000000b109
3 0x0000000080000420 (0x3022a073)
3 0x0000000080000424 (0x00007537) x10 0x0000000000007000
3 0x0000000080000428 (0x8005051b) x10 0x0000000000006800
3 0x000000008000042c (0x30052073)
3 0x0000000080000430 (0x00305073)
3 0x0000000080000434 (0xc55ff0ef) x 1 0x0000000080000438
3 0x0000000080000088 (0x00020f97) x31 0x0000000080020088
3 0x000000008000008c (0xf78f8f93) x31 0x0000000080020000
3 0x0000000080000090 (0x000fa007) f 0 0xffffffff05c0cc5c
3 0x0000000080000094 (0x008fa087) f 1 0xffffffff6a0f1bd7
3 0x0000000080000098 (0x010fa107) f 2 0xffffffffedd36f65
3 0x000000008000009c (0x018fb187) f 3 0xde2bae85878fc636
3 0x00000000800000a0 (0x020fb207) f 4 0x545f6728058f2f65
3 0x00000000800000a4 (0x028fb287) f 5 0x6ef0b3ee671af98d
3 0x00000000800000a8 (0x030fb307) f 6 0x03ba8dd1ecf10376
3 0x00000000800000ac (0x038fa387) f 7 0xffffffff19ee4cc6
3 0x00000000800000b0 (0x040fb407) f 8 0xba3b351629213e5b
3 0x00000000800000b4 (0x048fb487) f 9 0x35eddc2ca4b91300
3 0x00000000800000b8 (0x050fa507) f10 0xffffffffb111c72a
3 0x00000000800000bc (0x058fb587) f11 0x8df8f279abba5878
3 0x00000000800000c0 (0x060fb607) f12 0xa1514a40ae0de516
3 0x00000000800000c4 (0x068fb687) f13 0x4c9ac54afe9297e2
3 0x00000000800000c8 (0x070fa707) f14 0xffffffff295d6402
3 0x00000000800000cc (0x078fb787) f15 0x89915d997586205b
3 0x00000000800000d0 (0x080fb807) f16 0x6631ba7d17668d34
3 0x00000000800000d4 (0x088fa887) f17 0xffffffff18c84dc5
3 0x00000000800000d8 (0x090fa907) f18 0xffffffff314a5c22
3 0x00000000800000dc (0x098fa987) f19 0xffffffff4cfa92b4
3 0x00000000800000e0 (0x0a0fba07) f20 0xea8816ae0c462889
3 0x00000000800000e4 (0x0a8faa87) f21 0xfffffffff41ec734
3 0x00000000800000e8 (0x0b0fbb07) f22 0x780ca532f289a911
3 0x00000000800000ec (0x0b8fbb87) f23 0xa438dfc9d5c768a6
3 0x00000000800000f0 (0x0c0fbc07) f24 0xf900e58674f0b7f5
3 0x00000000800000f4 (0x0c8fbc87) f25 0xdd04add3365ccc23
3 0x00000000800000f8 (0x0d0fbd07) f26 0xab20239575980e19
3 0x00000000800000fc (0x0d8fbd87) f27 0xa08dfb46ab0e7422
3 0x0000000080000100 (0x0e0fbe07) f28 0xc7eae4cfac0c1962
3 0x0000000080000104 (0x0e8fae87) f29 0xfffffffff8870d19
3 0x0000000080000108 (0x0f0faf07) f30 0xffffffffe225b531
3 0x000000008000010c (0x0f8faf87) f31 0xffffffff9f7d75a7
3 0x0000000080000110 (0x00008067)
3 0x0000000080000438 (0xb0201073)
3 0x000000008000043c (0xf1402573) x10 0x0000000000000000
3 0x0000000080000440 (0x30406673) x12 0x0000000000000000
3 0x0000000080000444 (0x00d6c6b3) x13 0x0000000000000000
3 0x0000000080000448 (0x00100713) x14 0x0000000000000001
3 0x000000008000044c (0x01871713) x14 0x0000000001000000
3 0x0000000080000450 (0x00e686b3) x13 0x0000000001000000
3 0x0000000080000454 (0x00100513) x10 0x0000000000000001
3 0x0000000080000458 (0x00d51513) x10 0x0000000000002000
3 0x000000008000045c (0x00a686b3) x13 0x0000000001002000
3 0x0000000080000460 (0x1416b673) x12 0x0000000000000000
3 0x0000000080000464 (0x00d6c6b3) x13 0x0000000000000000
3 0x0000000080000468 (0x00100613) x12 0x0000000000000001
3 0x000000008000046c (0x00261613) x12 0x0000000000000004
3 0x0000000080000470 (0x00c686b3) x13 0x0000000000000004
3 0x0000000080000474 (0x00100613) x12 0x0000000000000001
3 0x0000000080000478 (0x00761613) x12 0x0000000000000080
3 0x000000008000047c (0x00c686b3) x13 0x0000000000000084
3 0x0000000080000480 (0x180696f3) x13 0x0000000000000000
3 0x0000000080000484 (0x00000297) x 5 0x0000000080000484
3 0x0000000080000488 (0x03c28293) x 5 0x00000000800004c0
3 0x000000008000048c (0x34129073)
3 0x0000000080000490 (0x00000293) x 5 0x0000000000000000
3 0x0000000080000494 (0x30200073)
1 0x00000000800004c0 (0x02d70bbb) x23 0x0000000000000000
1 0x00000000800004c4 (0x00050417) x 8 0x00000000800504c4
1 0x00000000800004c8 (0xcec40413) x 8 0x00000000800501b0
1 0x00000000800004cc (0xff440413) x 8 0x00000000800501a4
1 0x00000000800004d0 (0xffe00bb7) x23 0xffffffffffe00000
1 0x00000000800004d4 (0x01744433) x 8 0xffffffff7fe501a4
1 0x00000000800004d8 (0x197424af) x 9 0x0000000000000001
1 0x00000000800004dc (0xd0320bd3) f23 0xffffffff5f4751f4
1 0x00000000800004e0 (0x00010c17) x24 0x00000000800104e0
1 0x00000000800004e4 (0xb90c0c13) x24 0x0000000080010070
1 0x00000000800004e8 (0xff8c0c13) x24 0x0000000080010068
1 0x00000000800004ec (0x20ac362f) x12 0x8ea893c44ea5a8e6
1 0x00000000800004f0 (0x00030797) x15 0x00000000800304f0
1 0x00000000800004f4 (0xbc078793) x15 0x00000000800300b0
1 0x00000000800004f8 (0xff478793) x15 0x00000000800300a4
1 0x00000000800004fc (0x21e7a62f) x12 0x00000000172839c7
1 0x0000000080000500 (0x01cf1ebb) x29 0x000000004b9d8188
1 0x0000000080000114 (0x00020c97) x25 0x0000000080020114
1 0x0000000080000118 (0xf0cc8c93) x25 0x0000000080020020
1 0x000000008000011c (0x018c8c93) x25 0x0000000080020038
1 0x0000000080000120 (0x100cad2f) x26 0x0000000019ee4cc6
1 0x0000000080000124 (0x014001ef) x 3 0x0000000080000128
1 0x0000000080000138 (0x4159023b) x 4 0x0000000068cdeed7
3 0x0000000080000140 (0x00002097) x 1 0x0000000080002140
3 0x0000000080000144 (0x0c008093) x 1 0x0000000080002200
3 0x0000000080000148 (0x10002173) x 2 0x8000000200006100
3 0x000000008000014c (0x0420bc23)
3 0x0000000080000150 (0x10402173) x 2 0x0000000000000000
3 0x0000000080000154 (0x0620b823)
3 0x0000000080000158 (0x10502173) x 2 0x0000000080000114
3 0x000000008000015c (0x0620bc23)
3 0x0000000080000160 (0x10602173) x 2 0x0000000000000000
3 0x0000000080000164 (0x0820b023)
3 0x0000000080000168 (0x14002173) x 2 0x0000000000000000
3 0x000000008000016c (0x0820b423)
3 0x0000000080000170 (0x14102173) x 2 0x0000000080000504
3 0x0000000080000174 (0x0820b823)
3 0x0000000080000178 (0x14202173) x 2 0x0000000000000003
3 0x000000008000017c (0x0820bc23)
3 0x0000000080000180 (0x14302173) x 2 0x0000000000100073
3 0x0000000080000184 (0x0a20b023)
3 0x0000000080000188 (0x14402173) x 2 0x0000000000000000
3 0x000000008000018c (0xf7f17113) x 2 0x0000000000000000
3 0x0000000080000190 (0x0a20b423)
3 0x0000000080000194 (0x18002173) x 2 0x0000000000000084
3 0x0000000080000198 (0x0a20b823)
3 0x000000008000019c (0xf1402173) x 2 0x0000000000000000
3 0x00000000800001a0 (0x0a20bc23)
3 0x00000000800001a4 (0x30002173) x 2 0x8000000a00006900
3 0x00000000800001a8 (0x0c20b023)
3 0x00000000800001ac (0x30202173) x 2 0x000000000000b109
3 0x00000000800001b0 (0x0c20b423)
3 0x00000000800001b4 (0x30302173) x 2 0x0000000000000000
3 0x00000000800001b8 (0x0c20b823)
3 0x00000000800001bc (0x30402173) x 2 0x0000000000000000
3 0x00000000800001c0 (0x0c20bc23)
3 0x00000000800001c4 (0x30502173) x 2 0x0000000080000140
3 0x00000000800001c8 (0x0e20b023)
3 0x00000000800001cc (0x30602173) x 2 0x0000000000000000
3 0x00000000800001d0 (0x0e20b423)
3 0x00000000800001d4 (0x34002173) x 2 0x0000000000000000
3 0x00000000800001d8 (0x0e20b823)
3 0x00000000800001dc (0x34102173) x 2 0x000000008000013c
3 0x00000000800001e0 (0x0e20bc23)
3 0x00000000800001e4 (0x34202173) x 2 0x0000000000000009
3 0x00000000800001e8 (0x1020b023)
3 0x00000000800001ec (0x34302173) x 2 0x0000000000000073
3 0x00000000800001f0 (0x1020b423)
3 0x00000000800001f4 (0x34402173) x 2 0x0000000000000000
3 0x00000000800001f8 (0xf7f17113) x 2 0x0000000000000000
3 0x00000000800001fc (0x1020b823)
3 0x0000000080000200 (0x3a002173) x 2 0x000000000000001f
3 0x0000000080000204 (0x1020bc23)
3 0x0000000080000208 (0x3b002173) x 2 0x001fffffffffffff
3 0x000000008000020c (0x1220bc23)
3 0x0000000080000210 (0x3b102173) x 2 0x0000000000000000
3 0x0000000080000214 (0x1420b023)
3 0x0000000080000218 (0x3b202173) x 2 0x0000000000000000
3 0x000000008000021c (0x1420b423)
3 0x0000000080000220 (0x3b302173) x 2 0x0000000000000000
3 0x0000000080000224 (0x1420b823)
3 0x0000000080000228 (0x3b402173) x 2 0x0000000000000000
3 0x000000008000022c (0x1420bc23)
3 0x0000000080000230 (0x3b502173) x 2 0x0000000000000000
3 0x0000000080000234 (0x1620b023)
3 0x0000000080000238 (0x3b602173) x 2 0x0000000000000000
3 0x000000008000023c (0x1620b423)
3 0x0000000080000240 (0x3b702173) x 2 0x0000000000000000
3 0x0000000080000244 (0x1620b823)
3 0x0000000080000248 (0x00006537) x10 0x0000000000006000
3 0x000000008000024c (0x30052073)
3 0x0000000080000250 (0x00102173) x 2 0x0000000000000001
3 0x0000000080000254 (0x0420b023)
3 0x0000000080000258 (0x00202173) x 2 0x0000000000000000
3 0x000000008000025c (0x0420b423)
3 0x0000000080000260 (0x00302173) x 2 0x0000000000000001
3 0x0000000080000264 (0x0420b823)
3 0x0000000080000268 (0x00002097) x 1 0x0000000080002268
3 0x000000008000026c (0xd9808093) x 1 0x0000000080002000
3 0x0000000080000270 (0x0000b023)
3 0x0000000080000274 (0x0020b823)
3 0x0000000080000278 (0x0030bc23)
3 0x000000008000027c (0x0240b023)
3 0x0000000080000280 (0x0250b423)
3 0x0000000080000284 (0x0260b823)
3 0x0000000080000288 (0x0270bc23)
3 0x000000008000028c (0x0480b023)
3 0x0000000080000290 (0x0490b423)
3 0x0000000080000294 (0x04a0b823)
3 0x0000000080000298 (0x04b0bc23)
3 0x000000008000029c (0x06c0b023)
3 0x00000000800002a0 (0x06d0b423)
3 0x00000000800002a4 (0x06e0b823)
3 0x00000000800002a8 (0x06f0bc23)
3 0x00000000800002ac (0x0900b023)
3 0x00000000800002b0 (0x0910b423)
3 0x00000000800002b4 (0x0920b823)
3 0x00000000800002b8 (0x0930bc23)
3 0x00000000800002bc (0x0b40b023)
3 0x00000000800002c0 (0x0b50b423)
3 0x00000000800002c4 (0x0b60b823)
3 0x00000000800002c8 (0x0b70bc23)
3 0x00000000800002cc (0x0d80b023)
3 0x00000000800002d0 (0x0d90b423)
3 0x00000000800002d4 (0x0db0bc23)
3 0x00000000800002d8 (0x0fc0b023)
3 0x00000000800002dc (0x0fd0b423)
3 0x00000000800002e0 (0x0fe0b823)
3 0x00000000800002e4 (0x00002097) x 1 0x00000000800022e4
3 0x00000000800002e8 (0xe1c08093) x 1 0x0000000080002100
3 0x00000000800002ec (0x0010a427)
3 0x00000000800002f0 (0x0020a827)
3 0x00000000800002f4 (0x0270ac27)
3 0x00000000800002f8 (0x0490a427)
3 0x00000000800002fc (0x04a0a827)
3 0x0000000080000300 (0x06c0a027)
3 0x0000000080000304 (0x06d0a427)
3 0x0000000080000308 (0x0b50a427)
3 0x000000008000030c (0x0b60a827)
3 0x0000000080000310 (0x0d90a427)
3 0x0000000080000314 (0x0da0a827)
3 0x0000000080000318 (0x0fc0a027)
3 0x000000008000031c (0x0fd0a427)
3 0x0000000080000320 (0x0fe0a827)
3 0x0000000080000324 (0x0ff0ac27)
3 0x0000000080000328 (0x00002097) x 1 0x0000000080002328
3 0x000000008000032c (0xdd808093) x 1 0x0000000080002100
3 0x0000000080000330 (0x0000b027)
3 0x0000000080000334 (0x0030bc27)
3 0x0000000080000338 (0x0240b027)
3 0x000000008000033c (0x0250b427)
3 0x0000000080000340 (0x0260b827)
3 0x0000000080000344 (0x0480b027)
3 0x0000000080000348 (0x04b0bc27)
3 0x000000008000034c (0x06e0b827)
3 0x0000000080000350 (0x06f0bc27)
3 0x0000000080000354 (0x0900b027)
3 0x0000000080000358 (0x0910b427)
3 0x000000008000035c (0x0920b827)
3 0x0000000080000360 (0x0930bc27)
3 0x0000000080000364 (0x0b40b027)
3 0x0000000080000368 (0x0b70bc27)
3 0x000000008000036c (0x0d80b027)
3 0x0000000080000370 (0x0db0bc27)
3 0x0000000080000374 (0x00100193) x 3 0x0000000000000001
3 0x0000000080000378 (0x00001f17) x30 0x0000000080001378
3 0x000000008000037c (0xc83f2423)
3 0x0000000080000380 (0x0000006f)
3 0x0000000080000380 (0x0000006f)
3 0x0000000080000380 (0x0000006f)
3 0x0000000080000380 (0x0000006f)
3 0x0000000080000380 (0x0000006f)
3 0x0000000080000380 (0x0000006f)
3 0x0000000080000380 (0x0000006f)
3 0x0000000080000380 (0x0000006f)
3 0x0000000080000380 (0x0000006f)
3 0x0000000080000380 (0x0000006f)
3 0x0000000080000380 (0x0000006f)
3 0x0000000080000380 (0x0000006f)
3 0x0000000080000380 (0x0000006f)
3 0x0000000080000380 (0x0000006f)
3 0x0000000080000380 (0x0000006f)
3 0x0000000080000380 (0x0000006f)
3 0x0000000080000380 (0x0000006f)
3 0x0000000080000380 (0x0000006f)
3 0x0000000080000380 (0x0000006f)
3 0x0000000080000380 (0x0000006f)
3 0x0000000080000380 (0x0000006f)
3 0x0000000080000380 (0x0000006f)
3 0x0000000080000380 (0x0000006f)
3 0x0000000080000380 (0x0000006f)
3 0x0000000080000380 (0x0000006f)
3 0x0000000080000380 (0x0000006f)
3 0x0000000080000380 (0x0000006f)
3 0x0000000080000380 (0x0000006f)
3 0x0000000080000380 (0x0000006f)
3 0x0000000080000380 (0x0000006f)
3 0x0000000080000380 (0x0000006f)
3 0x0000000080000380 (0x0000006f)
3 0x0000000080000380 (0x0000006f)
3 0x0000000080000380 (0x0000006f)
3 0x0000000080000380 (0x0000006f)
3 0x0000000080000380 (0x0000006f)
3 0x0000000080000380 (0x0000006f)
3 0x0000000080000380 (0x0000006f)
3 0x0000000080000380 (0x0000006f)
3 0x0000000080000380 (0x0000006f)
3 0x0000000080000380 (0x0000006f)
3 0x0000000080000380 (0x0000006f)
3 0x0000000080000380 (0x0000006f)
3 0x0000000080000380 (0x0000006f)
3 0x0000000080000380 (0x0000006f)
3 0x0000000080000380 (0x0000006f)
3 0x0000000080000380 (0x0000006f)
3 0x0000000080000380 (0x0000006f)
3 0x0000000080000380 (0x0000006f)
3 0x0000000080000380 (0x0000006f)
3 0x0000000080000380 (0x0000006f)
3 0x0000000080000380 (0x0000006f)
3 0x0000000080000380 (0x0000006f)
3 0x0000000080000380 (0x0000006f)
3 0x0000000080000380 (0x0000006f)
3 0x0000000080000380 (0x0000006f)
3 0x0000000080000380 (0x0000006f)
3 0x0000000080000380 (0x0000006f)
3 0x0000000080000380 (0x0000006f)
3 0x0000000080000380 (0x0000006f)
3 0x0000000080000380 (0x0000006f)
3 0x0000000080000380 (0x0000006f)
3 0x0000000080000380 (0x0000006f)
3 0x0000000080000380 (0x0000006f)
3 0x0000000080000380 (0x0000006f)
3 0x0000000080000380 (0x0000006f)
3 0x0000000080000380 (0x0000006f)
3 0x0000000080000380 (0x0000006f)
3 0x0000000080000380 (0x0000006f)
3 0x0000000080000380 (0x0000006f)
3 0x0000000080000380 (0x0000006f)
3 0x0000000080000380 (0x0000006f)
3 0x0000000080000380 (0x0000006f)
3 0x0000000080000380 (0x0000006f)
3 0x0000000080000380 (0x0000006f)
3 0x0000000080000380 (0x0000006f)
3 0x0000000080000380 (0x0000006f)
3 0x0000000080000380 (0x0000006f)
3 0x0000000080000380 (0x0000006f)
3 0x0000000080000380 (0x0000006f)
3 0x0000000080000380 (0x0000006f)
3 0x0000000080000380 (0x0000006f)
3 0x0000000080000380 (0x0000006f)
3 0x0000000080000380 (0x0000006f)
3 0x0000000080000380 (0x0000006f)
3 0x0000000080000380 (0x0000006f)
3 0x0000000080000380 (0x0000006f)
3 0x0000000080000380 (0x0000006f)
3 0x0000000080000380 (0x0000006f)
3 0x0000000080000380 (0x0000006f)
3 0x0000000080000380 (0x0000006f)
3 0x0000000080000380 (0x0000006f)
3 0x0000000080000380 (0x0000006f)
3 0x0000000080000380 (0x0000006f)
3 0x0000000080000380 (0x0000006f)
3 0x0000000080000380 (0x0000006f)
3 0x0000000080000380 (0x0000006f)
3 0x0000000080000380 (0x0000006f)
3 0x0000000080000380 (0x0000006f)
3 0x0000000080000380 (0x0000006f)
3 0x0000000080000380 (0x0000006f)
3 0x0000000080000380 (0x0000006f)
3 0x0000000080000380 (0x0000006f)
3 0x0000000080000380 (0x0000006f)
3 0x0000000080000380 (0x0000006f)
3 0x0000000080000380 (0x0000006f)
3 0x0000000080000380 (0x0000006f)
3 0x0000000080000380 (0x0000006f)
3 0x0000000080000380 (0x0000006f)
3 0x0000000080000380 (0x0000006f)
3 0x0000000080000380 (0x0000006f)
