3 0x0000000000010040 (0x00000517) x10 0x0000000000010040
3 0x0000000000010044 (0xfc050513) x10 0x0000000000010000
3 0x0000000000010048 (0x30551073)
3 0x000000000001004c (0x301022f3) x 5 0x800000000014112d
3 0x0000000000010050 (0x4122d293) x 5 0xffffe00000000005
3 0x0000000000010054 (0x0012f293) x 5 0x0000000000000001
3 0x0000000000010058 (0x00028463)
3 0x000000000001005c (0x30301073)
3 0x0000000000010060 (0x00800513) x10 0x0000000000000008
3 0x0000000000010064 (0x30451073)
3 0x0000000000010068 (0x30052073)
3 0x000000000001006c (0x10500073)
3 0x0000000000010070 (0xffdff06f)
3 0x000000000001006c (0x10500073)
3 0x0000000000010070 (0xffdff06f)
3 0x0000000000010000 (0x020005b7) x11 0x0000000002000000
3 0x0000000000010004 (0xf1402573) x10 0x0000000000000000
3 0x0000000000010008 (0x00050463)
3 0x0000000000010010 (0x00458613) x12 0x0000000002000004
3 0x0000000000010014 (0x00100693) x13 0x0000000000000001
3 0x0000000000010018 (0x00d62023)
3 0x000000000001001c (0x00460613) x12 0x0000000002000008
3 0x0000000000010020 (0xffc62683) x13 0x0000000000000000
3 0x0000000000010024 (0xfe069ae3)
3 0x0000000000010028 (0x06c0006f)
3 0x0000000000010094 (0x0005a023)
3 0x0000000000010098 (0x00004537) x10 0x0000000000004000
3 0x000000000001009c (0x00053503) x10 0x0000000080000000
3 0x00000000000100a0 (0x34151073)
3 0x00000000000100a4 (0xf1402573) x10 0x0000000000000000
3 0x00000000000100a8 (0x00000597) x11 0x00000000000100a8
3 0x00000000000100ac (0x01858593) x11 0x00000000000100c0
3 0x00000000000100b0 (0x08000613) x12 0x0000000000000080
3 0x00000000000100b4 (0x30063073)
3 0x00000000000100b8 (0x30200073)
3 0x0000000080000000 (0x00010f97) x31 0x0000000080010000
3 0x0000000080000004 (0x000f8f93) x31 0x0000000080010000
3 0x0000000080000008 (0x000fb083) x 1 0xb9471449eab2899d
3 0x000000008000000c (0x008fb103) x 2 0xe912a6b03c93e96a
3 0x0000000080000010 (0x010fb183) x 3 0x54f4f442c9643540
3 0x0000000080000014 (0x018fb203) x 4 0xb524db01136fe9cf
3 0x0000000080000018 (0x020fb283) x 5 0xdf1536455fcec1d8
3 0x000000008000001c (0x028fb303) x 6 0xb58af8827c4f540e
3 0x0000000080000020 (0x030fb383) x 7 0xde75512e81c63301
3 0x0000000080000024 (0x038fb403) x 8 0x30368d78d873617f
3 0x0000000080000028 (0x040fb483) x 9 0x126df2060d7dcf49
3 0x000000008000002c (0x048fb503) x10 0x500a4676c927d7ac
3 0x0000000080000030 (0x050fb583) x11 0x04d94a7ec2b972e0
3 0x0000000080000034 (0x058fb603) x12 0xef25dc826371b599
3 0x0000000080000038 (0x060fb683) x13 0x2c7ba3a85fe16285
3 0x000000008000003c (0x068fb703) x14 0x563358220c804423
3 0x0000000080000040 (0x070fb783) x15 0x324988276735c157
3 0x0000000080000044 (0x078fb803) x16 0x857bfecb887a852e
3 0x0000000080000048 (0x080fb883) x17 0x2c16fab30fa05819
3 0x000000008000004c (0x088fb903) x18 0x923a3ccd54787b17
3 0x0000000080000050 (0x090fb983) x19 0x3df804dcf4f95f9c
3 0x0000000080000054 (0x098fba03) x20 0x27f3611e143f4fbc
3 0x0000000080000058 (0x0a0fba83) x21 0x4bdc6d7f9b1940f1
3 0x000000008000005c (0x0a8fbb03) x22 0x16b872d4a78b3672
3 0x0000000080000060 (0x0b0fbb83) x23 0xa1f85f03ae478a4e
3 0x0000000080000064 (0x0b8fbc03) x24 0x7c7bf7e119d9355c
3 0x0000000080000068 (0x0c0fbc83) x25 0x496a13205a70b173
3 0x000000008000006c (0x0c8fbd03) x26 0x6280de320e972966
3 0x0000000080000070 (0x0d0fbd83) x27 0x8dfa7d084fba2a98
3 0x0000000080000074 (0x0d8fbe03) x28 0xd571943ac730fbac
3 0x0000000080000078 (0x0e0fbe83) x29 0xbe1ca7757c4b0e0d
3 0x000000008000007c (0x0e8fbf03) x30 0x9a5b4179bd3ce5d4
3 0x0000000080000080 (0x0f0fbf83) x31 0x74b2f252b76ff1f2
3 0x0000000080000084 (0x2f40006f)
3 0x0000000080000378 (0x30005073)
3 0x000000008000037c (0xf1402573) x10 0x0000000000000000
3 0x0000000080000380 (0x00051063)
3 0x0000000080000384 (0x00000297) x 5 0x0000000080000384
3 0x0000000080000388 (0x01828293) x 5 0x000000008000039c
3 0x000000008000038c (0x30529073)
3 0x0000000080000390 (0x30205073)
3 0x0000000080000394 (0x30305073)
3 0x0000000080000398 (0x30405073)
3 0x000000008000039c (0x00000297) x 5 0x000000008000039c
3 0x00000000800003a0 (0x01028293) x 5 0x00000000800003ac
3 0x00000000800003a4 (0x30529073)
3 0x00000000800003a8 (0x18005073)
3 0x00000000800003ac (0x00000297) x 5 0x00000000800003ac
3 0x00000000800003b0 (0x02428293) x 5 0x00000000800003d0
3 0x00000000800003b4 (0x30529073)
3 0x00000000800003b8 (0x0010029b) x 5 0x0000000000000001
3 0x00000000800003bc (0x03529293) x 5 0x0020000000000000
3 0x00000000800003c0 (0xfff28293) x 5 0x001fffffffffffff
3 0x00000000800003c4 (0x3b029073)
3 0x00000000800003c8 (0x01f00293) x 5 0x000000000000001f
3 0x00000000800003cc (0x3a029073)
3 0x00000000800003d0 (0x00000297) x 5 0x00000000800003d0
3 0x00000000800003d4 (0xd6428293) x 5 0x0000000080000134
3 0x00000000800003d8 (0x30529073)
3 0x00000000800003dc (0x00000193) x 3 0x0000000000000000
3 0x00000000800003e0 (0x00100513) x10 0x0000000000000001
3 0x00000000800003e4 (0x01f51513) x10 0x0000000080000000
3 0x00000000800003e8 (0x00055c63)
3 0x0000000080000400 (0x00000297) x 5 0x0000000080000400
3 0x0000000080000404 (0xd1428293) x 5 0x0000000080000114
3 0x0000000080000408 (0x10529073)
3 0x000000008000040c (0x0000b2b7) x 5 0x000000000000b000
3 0x0000000080000410 (0x1092829b) x 5 0x000000000000b109
3 0x0000000080000414 (0x3022a073)
3 0x0000000080000418 (0x00006537) x10 0x0000000000006000
3 0x000000008000041c (0x30052073)
3 0x0000000080000420 (0x00305073)
3 0x0000000080000424 (0xc65ff0ef) x 1 0x0000000080000428
3 0x0000000080000088 (0x00020f97) x31 0x0000000080020088
3 0x000000008000008c (0xf78f8f93) x31 0x0000000080020000
3 0x0000000080000090 (0x000fa007) f 0 0xffffffffc104b1e2
3 0x0000000080000094 (0x008fa087) f 1 0xffffffff0fd45340
3 0x0000000080000098 (0x010fa107) f 2 0xfffffffffff72742
3 0x000000008000009c (0x018fb187) f 3 0x13933e037970daa5
3 0x00000000800000a0 (0x020fb207) f 4 0xa5ab64655b429541
3 0x00000000800000a4 (0x028fb287) f 5 0xd4eb37d581f85763
3 0x00000000800000a8 (0x030fb307) f 6 0x8c29a2fcbe5934d6
3 0x00000000800000ac (0x038fa387) f 7 0xffffffff665af223
3 0x00000000800000b0 (0x040fb407) f 8 0x5cc8f13149cdc03c
3 0x00000000800000b4 (0x048fb487) f 9 0xc47e6baac066c3dd
3 0x00000000800000b8 (0x050fa507) f10 0xffffffffb1f0d5c5
3 0x00000000800000bc (0x058fb587) f11 0xbccbc35591520904
3 0x00000000800000c0 (0x060fb607) f12 0x27b316eb203468a6
3 0x00000000800000c4 (0x068fb687) f13 0xa1e17ad79f0d5181
3 0x00000000800000c8 (0x070fa707) f14 0xffffffffa11ed7d5
3 0x00000000800000cc (0x078fb787) f15 0xfb10a83c4704bd0b
3 0x00000000800000d0 (0x080fb807) f16 0xfece441b70f6fbb1
3 0x00000000800000d4 (0x088fa887) f17 0xffffffffc8596bf3
3 0x00000000800000d8 (0x090fa907) f18 0xfffffffffd875765
3 0x00000000800000dc (0x098fa987) f19 0xffffffff24ba08fa
3 0x00000000800000e0 (0x0a0fba07) f20 0x4b12dcc0692b7a40
3 0x00000000800000e4 (0x0a8faa87) f21 0xffffffffbbd1cb4f
3 0x00000000800000e8 (0x0b0fbb07) f22 0xf520524bc42f3a2b
3 0x00000000800000ec (0x0b8fbb87) f23 0x8d6d067204cfb627
3 0x00000000800000f0 (0x0c0fbc07) f24 0x9a645786a7ebe4fa
3 0x00000000800000f4 (0x0c8fbc87) f25 0x0b447d1f88a15f6c
3 0x00000000800000f8 (0x0d0fbd07) f26 0x00676b15d46f5adc
3 0x00000000800000fc (0x0d8fbd87) f27 0x9b4f6d2ae2d87eb3
3 0x0000000080000100 (0x0e0fbe07) f28 0xe779404317aaf924
3 0x0000000080000104 (0x0e8fae87) f29 0xffffffff857edf52
3 0x0000000080000108 (0x0f0faf07) f30 0xffffffffab21ad21
3 0x000000008000010c (0x0f8faf87) f31 0xffffffffc86d2cf6
3 0x0000000080000110 (0x00008067)
3 0x0000000080000428 (0xb0201073)
3 0x000000008000042c (0xf1402573) x10 0x0000000000000000
3 0x0000000080000430 (0x00187673) x12 0x0000000000000000
3 0x0000000080000434 (0x00d6c6b3) x13 0x0000000000000000
3 0x0000000080000438 (0x3406b573) x10 0x0000000000000000
3 0x000000008000043c (0x18017573) x10 0x0000000000000000
3 0x0000000080000440 (0x00000297) x 5 0x0000000080000440
3 0x0000000080000444 (0x04028293) x 5 0x0000000080000480
3 0x0000000080000448 (0x34129073)
3 0x000000008000044c (0x00000293) x 5 0x0000000000000000
3 0x0000000080000450 (0x30200073)
0 0x0000000080000480 (0x00020517) x10 0x0000000080020480
0 0x0000000080000484 (0xd0050513) x10 0x0000000080020180
0 0x0000000080000488 (0x00552423)
0 0x000000008000048c (0x03d50533) x10 0x380bafd70caf1380
0 0x0000000080000490 (0x02fb8abb) x21 0x000000002dbace82
0 0x0000000080000494 (0x100e0e53) f28 0xffffffff7fc00000
0 0x0000000080000498 (0xd15987b7) x15 0xffffffffd1598000
0 0x000000008000049c (0x00060817) x16 0x000000008006049c
0 0x00000000800004a0 (0xbf480813) x16 0x0000000080060090
0 0x00000000800004a4 (0x00082e83) x29 0xffffffff8c0266b3
0 0x00000000800004a8 (0x1100096f) x18 0x00000000800004ac
0 0x00000000800005b8 (0x00020497) x 9 0x00000000800205b8
0 0x00000000800005bc (0xae848493) x 9 0x00000000800200a0
0 0x00000000800005c0 (0xfe848493) x 9 0x0000000080020088
0 0x00000000800005c4 (0x1894b1af) x 3 0x0000000000000001
0 0x00000000800005c8 (0xd01311d3) f 3 0xffffffff4ef89ea8
0 0x00000000800005cc (0x00020497) x 9 0x00000000800205cc
0 0x00000000800005d0 (0xbe448493) x 9 0x00000000800201b0
0 0x00000000800005d4 (0xff849e23)
0 0x00000000800005d8 (0x02be6c3b) x24 0xffffffffc730fbac
0 0x00000000800005dc (0x00060117) x 2 0x00000000800605dc
0 0x00000000800005e0 (0xab410113) x 2 0x0000000080060090
0 0x00000000800005e4 (0x00010113) x 2 0x0000000080060090
0 0x00000000800005e8 (0xc051362f) x12 0x55464ab28c0266b3
0 0x00000000800005ec (0x018cdc9b) x25 0x000000000000005a
0 0x00000000800005f0 (0x027e8b33) x22 0xd9ef7fa9a7ea0fb3
0 0x00000000800005f4 (0x03b62633) x12 0x2f4b276f60b44529
0 0x00000000800005f8 (0x03ae2733) x14 0xefa00e98c9f15a44
0 0x00000000800005fc (0x04da1263)
0 0x0000000080000640 (0x00030897) x17 0x0000000080030640
0 0x0000000080000644 (0xb6088893) x17 0x00000000800301a0
0 0x0000000080000648 (0x00888893) x17 0x00000000800301a8
0 0x000000008000064c (0x2108b1af) x 3 0xa78f3e4cc1322019
0 0x0000000080000650 (0x58090253) f 4 0xffffffff7fc00000
0 0x0000000080000654 (0x00050797) x15 0x0000000080050654
0 0x0000000080000658 (0xa4c78793) x15 0x00000000800500a0
0 0x000000008000065c (0xff478793) x15 0x0000000080050094
0 0x0000000080000660 (0xe137a7af) x15 0xffffffff9ca743b1
0 0x0000000080000664 (0x0265c9bb) x19 0x0000000000000000
0 0x0000000080000668 (0x00000397) x 7 0x0000000080000668
0 0x000000008000066c (0x0f438393) x 7 0x000000008000075c
3 0x0000000080000134 (0x00002097) x 1 0x0000000080002134
3 0x0000000080000138 (0x0cc08093) x 1 0x0000000080002200
3 0x000000008000013c (0x10002173) x 2 0x8000000200006000
3 0x0000000080000140 (0x0420bc23)
3 0x0000000080000144 (0x10402173) x 2 0x0000000000000000
3 0x0000000080000148 (0x0620b823)
3 0x000000008000014c (0x10502173) x 2 0x0000000080000114
3 0x0000000080000150 (0x0620bc23)
3 0x0000000080000154 (0x10602173) x 2 0x0000000000000000
3 0x0000000080000158 (0x0820b023)
3 0x000000008000015c (0x14002173) x 2 0x0000000000000000
3 0x0000000080000160 (0x0820b423)
3 0x0000000080000164 (0x14102173) x 2 0x0000000000000000
3 0x0000000080000168 (0x0820b823)
3 0x000000008000016c (0x14202173) x 2 0x0000000000000000
3 0x0000000080000170 (0x0820bc23)
3 0x0000000080000174 (0x14302173) x 2 0x0000000000000000
3 0x0000000080000178 (0x0a20b023)
3 0x000000008000017c (0x14402173) x 2 0x0000000000000000
3 0x0000000080000180 (0xf7f17113) x 2 0x0000000000000000
3 0x0000000080000184 (0x0a20b423)
3 0x0000000080000188 (0x18002173) x 2 0x0000000000000000
3 0x000000008000018c (0x0a20b823)
3 0x0000000080000190 (0xf1402173) x 2 0x0000000000000000
3 0x0000000080000194 (0x0a20bc23)
3 0x0000000080000198 (0x30002173) x 2 0x8000000a00006000
3 0x000000008000019c (0x0c20b023)
3 0x00000000800001a0 (0x30202173) x 2 0x000000000000b109
3 0x00000000800001a4 (0x0c20b423)
3 0x00000000800001a8 (0x30302173) x 2 0x0000000000000000
3 0x00000000800001ac (0x0c20b823)
3 0x00000000800001b0 (0x30402173) x 2 0x0000000000000000
3 0x00000000800001b4 (0x0c20bc23)
3 0x00000000800001b8 (0x30502173) x 2 0x0000000080000134
3 0x00000000800001bc (0x0e20b023)
3 0x00000000800001c0 (0x30602173) x 2 0x0000000000000000
3 0x00000000800001c4 (0x0e20b423)
3 0x00000000800001c8 (0x34002173) x 2 0x0000000000000000
3 0x00000000800001cc (0x0e20b823)
3 0x00000000800001d0 (0x34102173) x 2 0x0000000080000670
3 0x00000000800001d4 (0x0e20bc23)
3 0x00000000800001d8 (0x34202173) x 2 0x0000000000000002
3 0x00000000800001dc (0x1020b023)
3 0x00000000800001e0 (0x34302173) x 2 0x0000000004139073
3 0x00000000800001e4 (0x1020b423)
3 0x00000000800001e8 (0x34402173) x 2 0x0000000000000000
3 0x00000000800001ec (0xf7f17113) x 2 0x0000000000000000
3 0x00000000800001f0 (0x1020b823)
3 0x00000000800001f4 (0x3a002173) x 2 0x000000000000001f
3 0x00000000800001f8 (0x1020bc23)
3 0x00000000800001fc (0x3b002173) x 2 0x001fffffffffffff
3 0x0000000080000200 (0x1220bc23)
3 0x0000000080000204 (0x3b102173) x 2 0x0000000000000000
3 0x0000000080000208 (0x1420b023)
3 0x000000008000020c (0x3b202173) x 2 0x0000000000000000
3 0x0000000080000210 (0x1420b423)
3 0x0000000080000214 (0x3b302173) x 2 0x0000000000000000
3 0x0000000080000218 (0x1420b823)
3 0x000000008000021c (0x3b402173) x 2 0x0000000000000000
3 0x0000000080000220 (0x1420bc23)
3 0x0000000080000224 (0x3b502173) x 2 0x0000000000000000
3 0x0000000080000228 (0x1620b023)
3 0x000000008000022c (0x3b602173) x 2 0x0000000000000000
3 0x0000000080000230 (0x1620b423)
3 0x0000000080000234 (0x3b702173) x 2 0x0000000000000000
3 0x0000000080000238 (0x1620b823)
3 0x000000008000023c (0x00006537) x10 0x0000000000006000
3 0x0000000080000240 (0x30052073)
3 0x0000000080000244 (0x00102173) x 2 0x0000000000000011
3 0x0000000080000248 (0x0420b023)
3 0x000000008000024c (0x00202173) x 2 0x0000000000000000
3 0x0000000080000250 (0x0420b423)
3 0x0000000080000254 (0x00302173) x 2 0x0000000000000011
3 0x0000000080000258 (0x0420b823)
3 0x000000008000025c (0x00002097) x 1 0x000000008000225c
3 0x0000000080000260 (0xda408093) x 1 0x0000000080002000
3 0x0000000080000264 (0x0000b023)
3 0x0000000080000268 (0x0020b823)
3 0x000000008000026c (0x0030bc23)
3 0x0000000080000270 (0x0240b023)
3 0x0000000080000274 (0x0250b423)
3 0x0000000080000278 (0x0260b823)
3 0x000000008000027c (0x0270bc23)
3 0x0000000080000280 (0x0480b023)
3 0x0000000080000284 (0x0490b423)
3 0x0000000080000288 (0x04a0b823)
3 0x000000008000028c (0x04b0bc23)
3 0x0000000080000290 (0x06c0b023)
3 0x0000000080000294 (0x06d0b423)
3 0x0000000080000298 (0x06e0b823)
3 0x000000008000029c (0x06f0bc23)
3 0x00000000800002a0 (0x0900b023)
3 0x00000000800002a4 (0x0910b423)
3 0x00000000800002a8 (0x0920b823)
3 0x00000000800002ac (0x0930bc23)
3 0x00000000800002b0 (0x0b40b023)
3 0x00000000800002b4 (0x0b50b423)
3 0x00000000800002b8 (0x0b60b823)
3 0x00000000800002bc (0x0b70bc23)
3 0x00000000800002c0 (0x0d80b023)
3 0x00000000800002c4 (0x0d90b423)
3 0x00000000800002c8 (0x0db0bc23)
3 0x00000000800002cc (0x0fc0b023)
3 0x00000000800002d0 (0x0fd0b423)
3 0x00000000800002d4 (0x0fe0b823)
3 0x00000000800002d8 (0x00002097) x 1 0x00000000800022d8
3 0x00000000800002dc (0xe2808093) x 1 0x0000000080002100
3 0x00000000800002e0 (0x0010a427)
3 0x00000000800002e4 (0x0020a827)
3 0x00000000800002e8 (0x0270ac27)
3 0x00000000800002ec (0x0490a427)
3 0x00000000800002f0 (0x04a0a827)
3 0x00000000800002f4 (0x06c0a027)
3 0x00000000800002f8 (0x06d0a427)
3 0x00000000800002fc (0x0b50a427)
3 0x0000000080000300 (0x0b60a827)
3 0x0000000080000304 (0x0d90a427)
3 0x0000000080000308 (0x0da0a827)
3 0x000000008000030c (0x0fc0a027)
3 0x0000000080000310 (0x0fd0a427)
3 0x0000000080000314 (0x0fe0a827)
3 0x0000000080000318 (0x0ff0ac27)
3 0x000000008000031c (0x00002097) x 1 0x000000008000231c
3 0x0000000080000320 (0xde408093) x 1 0x0000000080002100
3 0x0000000080000324 (0x0000b027)
3 0x0000000080000328 (0x0030bc27)
3 0x000000008000032c (0x0240b027)
3 0x0000000080000330 (0x0250b427)
3 0x0000000080000334 (0x0260b827)
3 0x0000000080000338 (0x0480b027)
3 0x000000008000033c (0x04b0bc27)
3 0x0000000080000340 (0x06e0b827)
3 0x0000000080000344 (0x06f0bc27)
3 0x0000000080000348 (0x0900b027)
3 0x000000008000034c (0x0910b427)
3 0x0000000080000350 (0x0920b827)
3 0x0000000080000354 (0x0930bc27)
3 0x0000000080000358 (0x0b40b027)
3 0x000000008000035c (0x0b70bc27)
3 0x0000000080000360 (0x0d80b027)
3 0x0000000080000364 (0x0db0bc27)
3 0x0000000080000368 (0x00100193) x 3 0x0000000000000001
3 0x000000008000036c (0x00001f17) x30 0x000000008000136c
3 0x0000000080000370 (0xc83f2a23)
3 0x0000000080000374 (0x0000006f)
3 0x0000000080000374 (0x0000006f)
3 0x0000000080000374 (0x0000006f)
3 0x0000000080000374 (0x0000006f)
3 0x0000000080000374 (0x0000006f)
3 0x0000000080000374 (0x0000006f)
3 0x0000000080000374 (0x0000006f)
3 0x0000000080000374 (0x0000006f)
3 0x0000000080000374 (0x0000006f)
3 0x0000000080000374 (0x0000006f)
3 0x0000000080000374 (0x0000006f)
3 0x0000000080000374 (0x0000006f)
3 0x0000000080000374 (0x0000006f)
3 0x0000000080000374 (0x0000006f)
3 0x0000000080000374 (0x0000006f)
3 0x0000000080000374 (0x0000006f)
3 0x0000000080000374 (0x0000006f)
3 0x0000000080000374 (0x0000006f)
3 0x0000000080000374 (0x0000006f)
3 0x0000000080000374 (0x0000006f)
3 0x0000000080000374 (0x0000006f)
3 0x0000000080000374 (0x0000006f)
3 0x0000000080000374 (0x0000006f)
3 0x0000000080000374 (0x0000006f)
3 0x0000000080000374 (0x0000006f)
3 0x0000000080000374 (0x0000006f)
3 0x0000000080000374 (0x0000006f)
3 0x0000000080000374 (0x0000006f)
3 0x0000000080000374 (0x0000006f)
3 0x0000000080000374 (0x0000006f)
3 0x0000000080000374 (0x0000006f)
3 0x0000000080000374 (0x0000006f)
3 0x0000000080000374 (0x0000006f)
3 0x0000000080000374 (0x0000006f)
3 0x0000000080000374 (0x0000006f)
3 0x0000000080000374 (0x0000006f)
3 0x0000000080000374 (0x0000006f)
3 0x0000000080000374 (0x0000006f)
3 0x0000000080000374 (0x0000006f)
3 0x0000000080000374 (0x0000006f)
3 0x0000000080000374 (0x0000006f)
3 0x0000000080000374 (0x0000006f)
3 0x0000000080000374 (0x0000006f)
3 0x0000000080000374 (0x0000006f)
3 0x0000000080000374 (0x0000006f)
3 0x0000000080000374 (0x0000006f)
3 0x0000000080000374 (0x0000006f)
3 0x0000000080000374 (0x0000006f)
3 0x0000000080000374 (0x0000006f)
3 0x0000000080000374 (0x0000006f)
3 0x0000000080000374 (0x0000006f)
3 0x0000000080000374 (0x0000006f)
3 0x0000000080000374 (0x0000006f)
3 0x0000000080000374 (0x0000006f)
3 0x0000000080000374 (0x0000006f)
3 0x0000000080000374 (0x0000006f)
3 0x0000000080000374 (0x0000006f)
3 0x0000000080000374 (0x0000006f)
3 0x0000000080000374 (0x0000006f)
3 0x0000000080000374 (0x0000006f)
3 0x0000000080000374 (0x0000006f)
3 0x0000000080000374 (0x0000006f)
3 0x0000000080000374 (0x0000006f)
3 0x0000000080000374 (0x0000006f)
3 0x0000000080000374 (0x0000006f)
3 0x0000000080000374 (0x0000006f)
3 0x0000000080000374 (0x0000006f)
3 0x0000000080000374 (0x0000006f)
3 0x0000000080000374 (0x0000006f)
3 0x0000000080000374 (0x0000006f)
3 0x0000000080000374 (0x0000006f)
3 0x0000000080000374 (0x0000006f)
3 0x0000000080000374 (0x0000006f)
3 0x0000000080000374 (0x0000006f)
3 0x0000000080000374 (0x0000006f)
3 0x0000000080000374 (0x0000006f)
3 0x0000000080000374 (0x0000006f)
3 0x0000000080000374 (0x0000006f)
3 0x0000000080000374 (0x0000006f)
3 0x0000000080000374 (0x0000006f)
3 0x0000000080000374 (0x0000006f)
3 0x0000000080000374 (0x0000006f)
3 0x0000000080000374 (0x0000006f)
3 0x0000000080000374 (0x0000006f)
3 0x0000000080000374 (0x0000006f)
3 0x0000000080000374 (0x0000006f)
3 0x0000000080000374 (0x0000006f)
3 0x0000000080000374 (0x0000006f)
3 0x0000000080000374 (0x0000006f)
3 0x0000000080000374 (0x0000006f)
3 0x0000000080000374 (0x0000006f)
3 0x0000000080000374 (0x0000006f)
3 0x0000000080000374 (0x0000006f)
3 0x0000000080000374 (0x0000006f)
3 0x0000000080000374 (0x0000006f)
3 0x0000000080000374 (0x0000006f)
3 0x0000000080000374 (0x0000006f)
3 0x0000000080000374 (0x0000006f)
3 0x0000000080000374 (0x0000006f)
3 0x0000000080000374 (0x0000006f)
3 0x0000000080000374 (0x0000006f)
3 0x0000000080000374 (0x0000006f)
3 0x0000000080000374 (0x0000006f)
3 0x0000000080000374 (0x0000006f)
3 0x0000000080000374 (0x0000006f)
3 0x0000000080000374 (0x0000006f)
3 0x0000000080000374 (0x0000006f)
3 0x0000000080000374 (0x0000006f)
3 0x0000000080000374 (0x0000006f)
3 0x0000000080000374 (0x0000006f)
3 0x0000000080000374 (0x0000006f)
3 0x0000000080000374 (0x0000006f)
3 0x0000000080000374 (0x0000006f)
