3 0x0000000000010040 (0x00000517) x10 0x0000000000010040
3 0x0000000000010044 (0xfc050513) x10 0x0000000000010000
3 0x0000000000010048 (0x30551073)
3 0x000000000001004c (0x301022f3) x 5 0x800000000014112d
3 0x0000000000010050 (0x4122d293) x 5 0xffffe00000000005
3 0x0000000000010054 (0x0012f293) x 5 0x0000000000000001
3 0x0000000000010058 (0x00028463)
3 0x000000000001005c (0x30301073)
3 0x0000000000010060 (0x00800513) x10 0x0000000000000008
3 0x0000000000010064 (0x30451073)
3 0x0000000000010068 (0x30052073)
3 0x000000000001006c (0x10500073)
3 0x0000000000010070 (0xffdff06f)
3 0x000000000001006c (0x10500073)
3 0x0000000000010070 (0xffdff06f)
3 0x0000000000010000 (0x020005b7) x11 0x0000000002000000
3 0x0000000000010004 (0xf1402573) x10 0x0000000000000000
3 0x0000000000010008 (0x00050463)
3 0x0000000000010010 (0x00458613) x12 0x0000000002000004
3 0x0000000000010014 (0x00100693) x13 0x0000000000000001
3 0x0000000000010018 (0x00d62023)
3 0x000000000001001c (0x00460613) x12 0x0000000002000008
3 0x0000000000010020 (0xffc62683) x13 0x0000000000000000
3 0x0000000000010024 (0xfe069ae3)
3 0x0000000000010028 (0x06c0006f)
3 0x0000000000010094 (0x0005a023)
3 0x0000000000010098 (0x00004537) x10 0x0000000000004000
3 0x000000000001009c (0x00053503) x10 0x0000000080000000
3 0x00000000000100a0 (0x34151073)
3 0x00000000000100a4 (0xf1402573) x10 0x0000000000000000
3 0x00000000000100a8 (0x00000597) x11 0x00000000000100a8
3 0x00000000000100ac (0x01858593) x11 0x00000000000100c0
3 0x00000000000100b0 (0x08000613) x12 0x0000000000000080
3 0x00000000000100b4 (0x30063073)
3 0x00000000000100b8 (0x30200073)
3 0x0000000080000000 (0x00010f97) x31 0x0000000080010000
3 0x0000000080000004 (0x000f8f93) x31 0x0000000080010000
3 0x0000000080000008 (0x000fb083) x 1 0xb3b6e845f898b850
3 0x000000008000000c (0x008fb103) x 2 0x19f16593ddaae68d
3 0x0000000080000010 (0x010fb183) x 3 0x538c50b913efba35
3 0x0000000080000014 (0x018fb203) x 4 0x9684d5aef9cc0883
3 0x0000000080000018 (0x020fb283) x 5 0xae7ba11133cb8594
3 0x000000008000001c (0x028fb303) x 6 0x0ca9940fe1fa4aba
3 0x0000000080000020 (0x030fb383) x 7 0xee374f03ffe664fa
3 0x0000000080000024 (0x038fb403) x 8 0x13e292dda3ca6f36
3 0x0000000080000028 (0x040fb483) x 9 0x5d6e1f8e0e9705ab
3 0x000000008000002c (0x048fb503) x10 0x48894db72a0c56d1
3 0x0000000080000030 (0x050fb583) x11 0x521b241109f0eeb7
3 0x0000000080000034 (0x058fb603) x12 0xe1c17bf0a5a2a584
3 0x0000000080000038 (0x060fb683) x13 0x657e7432ac41686c
3 0x000000008000003c (0x068fb703) x14 0xa461ed909577bbfd
3 0x0000000080000040 (0x070fb783) x15 0x19e4a2b02c701811
3 0x0000000080000044 (0x078fb803) x16 0xd1ed623a344a0ac8
3 0x0000000080000048 (0x080fb883) x17 0x3665c8d5f87410ec
3 0x000000008000004c (0x088fb903) x18 0x2e9b28d8b6972160
3 0x0000000080000050 (0x090fb983) x19 0x9df8da040a9987cc
3 0x0000000080000054 (0x098fba03) x20 0x79d3a2a98003d537
3 0x0000000080000058 (0x0a0fba83) x21 0x75bd4d7fd50f0111
3 0x000000008000005c (0x0a8fbb03) x22 0xd0b29907d5a90a19
3 0x0000000080000060 (0x0b0fbb83) x23 0xa69013e77be8a479
3 0x0000000080000064 (0x0b8fbc03) x24 0x1a5b9f979c1374f9
3 0x0000000080000068 (0x0c0fbc83) x25 0xca2769bc2f3818ab
3 0x000000008000006c (0x0c8fbd03) x26 0x695858858dbced8e
3 0x0000000080000070 (0x0d0fbd83) x27 0xa935540ee9ed963b
3 0x0000000080000074 (0x0d8fbe03) x28 0xf49be90f29bcd0d7
3 0x0000000080000078 (0x0e0fbe83) x29 0xfac51ba91c367e46
3 0x000000008000007c (0x0e8fbf03) x30 0xf706becec816727b
3 0x0000000080000080 (0x0f0fbf83) x31 0x2e8ff2446b6670ea
3 0x0000000080000084 (0x2d80006f)
3 0x000000008000035c (0x30005073)
3 0x0000000080000360 (0xf1402573) x10 0x0000000000000000
3 0x0000000080000364 (0x00051063)
3 0x0000000080000368 (0x00000297) x 5 0x0000000080000368
3 0x000000008000036c (0x01828293) x 5 0x0000000080000380
3 0x0000000080000370 (0x30529073)
3 0x0000000080000374 (0x30205073)
3 0x0000000080000378 (0x30305073)
3 0x000000008000037c (0x30405073)
3 0x0000000080000380 (0x00000297) x 5 0x0000000080000380
3 0x0000000080000384 (0x01028293) x 5 0x0000000080000390
3 0x0000000080000388 (0x30529073)
3 0x000000008000038c (0x18005073)
3 0x0000000080000390 (0x00000297) x 5 0x0000000080000390
3 0x0000000080000394 (0x02428293) x 5 0x00000000800003b4
3 0x0000000080000398 (0x30529073)
3 0x000000008000039c (0x0010029b) x 5 0x0000000000000001
3 0x00000000800003a0 (0x03529293) x 5 0x0020000000000000
3 0x00000000800003a4 (0xfff28293) x 5 0x001fffffffffffff
3 0x00000000800003a8 (0x3b029073)
3 0x00000000800003ac (0x01f00293) x 5 0x000000000000001f
3 0x00000000800003b0 (0x3a029073)
3 0x00000000800003b4 (0x00000297) x 5 0x00000000800003b4
3 0x00000000800003b8 (0xd6428293) x 5 0x0000000080000118
3 0x00000000800003bc (0x30529073)
3 0x00000000800003c0 (0x00000193) x 3 0x0000000000000000
3 0x00000000800003c4 (0x00100513) x10 0x0000000000000001
3 0x00000000800003c8 (0x01f51513) x10 0x0000000080000000
3 0x00000000800003cc (0x00055c63)
3 0x00000000800003e4 (0x00000297) x 5 0x00000000800003e4
3 0x00000000800003e8 (0xd3028293) x 5 0x0000000080000114
3 0x00000000800003ec (0x10529073)
3 0x00000000800003f0 (0x0000b2b7) x 5 0x000000000000b000
3 0x00000000800003f4 (0x1092829b) x 5 0x000000000000b109
3 0x00000000800003f8 (0x3022a073)
3 0x00000000800003fc (0x00008537) x10 0x0000000000008000
3 0x0000000080000400 (0x8005051b) x10 0x0000000000007800
3 0x0000000080000404 (0x30052073)
3 0x0000000080000408 (0x00305073)
3 0x000000008000040c (0xc7dff0ef) x 1 0x0000000080000410
3 0x0000000080000088 (0x00020f97) x31 0x0000000080020088
3 0x000000008000008c (0xf78f8f93) x31 0x0000000080020000
3 0x0000000080000090 (0x000fa007) f 0 0xffffffff61623532
3 0x0000000080000094 (0x008fa087) f 1 0xffffffffda142847
3 0x0000000080000098 (0x010fa107) f 2 0xffffffffaa771759
3 0x000000008000009c (0x018fb187) f 3 0xc3692cd88d69b032
3 0x00000000800000a0 (0x020fb207) f 4 0x07bb3d7470538756
3 0x00000000800000a4 (0x028fb287) f 5 0xaba6b7877379de06
3 0x00000000800000a8 (0x030fb307) f 6 0x26997cca99f9e4eb
3 0x00000000800000ac (0x038fa387) f 7 0xffffffff92f9399e
3 0x00000000800000b0 (0x040fb407) f 8 0x5e201ddc79f39b93
3 0x00000000800000b4 (0x048fb487) f 9 0x091d0e533aad9162
3 0x00000000800000b8 (0x050fa507) f10 0xffffffffe3e30fde
3 0x00000000800000bc (0x058fb587) f11 0x31e2217b12b90872
3 0x00000000800000c0 (0x060fb607) f12 0x80798e6923fe3f0e
3 0x00000000800000c4 (0x068fb687) f13 0x1fa7524060fbedb5
3 0x00000000800000c8 (0x070fa707) f14 0xffffffff3aa5e188
3 0x00000000800000cc (0x078fb787) f15 0xa9fc4ddad2b72891
3 0x00000000800000d0 (0x080fb807) f16 0xe0307f5981d5b150
3 0x00000000800000d4 (0x088fa887) f17 0xffffffffdb8bb7a7
3 0x00000000800000d8 (0x090fa907) f18 0xfffffffff1b93cef
3 0x00000000800000dc (0x098fa987) f19 0xffffffff468a01fd
3 0x00000000800000e0 (0x0a0fba07) f20 0x2c203803f3ba9995
3 0x00000000800000e4 (0x0a8faa87) f21 0xffffffff2677ee7a
3 0x00000000800000e8 (0x0b0fbb07) f22 0xe964b17d39070d5a
3 0x00000000800000ec (0x0b8fbb87) f23 0x51b3bd5f16b940c9
3 0x00000000800000f0 (0x0c0fbc07) f24 0x48ec3ba5bdfc5e1d
3 0x00000000800000f4 (0x0c8fbc87) f25 0xaa35984d5746c123
3 0x00000000800000f8 (0x0d0fbd07) f26 0xd8381cd9a1485ceb
3 0x00000000800000fc (0x0d8fbd87) f27 0x86e1ac9efc0c7d8c
3 0x0000000080000100 (0x0e0fbe07) f28 0x6b1449f023dd1afd
3 0x0000000080000104 (0x0e8fae87) f29 0xffffffff2450eb88
3 0x0000000080000108 (0x0f0faf07) f30 0xffffffff082bad7d
3 0x000000008000010c (0x0f8faf87) f31 0xffffffffd900b448
3 0x0000000080000110 (0x00008067)
3 0x0000000080000410 (0xb0201073)
3 0x0000000080000414 (0xf1402573) x10 0x0000000000000000
3 0x0000000080000418 (0x00e74733) x14 0x0000000000000000
3 0x000000008000041c (0x00300513) x10 0x0000000000000003
3 0x0000000080000420 (0x00a51513) x10 0x0000000000000c00
3 0x0000000080000424 (0x00a70733) x14 0x0000000000000c00
3 0x0000000080000428 (0x00100713) x14 0x0000000000000001
3 0x000000008000042c (0x00371713) x14 0x0000000000000008
3 0x0000000080000430 (0x00e70733) x14 0x0000000000000010
3 0x0000000080000434 (0x00300713) x14 0x0000000000000003
3 0x0000000080000438 (0x00471713) x14 0x0000000000000030
3 0x000000008000043c (0x00e70733) x14 0x0000000000000060
3 0x0000000080000440 (0x340716f3) x13 0x0000000000000000
3 0x0000000080000444 (0x00a54533) x10 0x0000000000000000
3 0x0000000080000448 (0x00300613) x12 0x0000000000000003
3 0x000000008000044c (0x01361613) x12 0x0000000000180000
3 0x0000000080000450 (0x00c50533) x10 0x0000000000180000
3 0x0000000080000454 (0x00100593) x11 0x0000000000000001
3 0x0000000080000458 (0x00e59593) x11 0x0000000000004000
3 0x000000008000045c (0x00b50533) x10 0x0000000000184000
3 0x0000000080000460 (0x10451573) x10 0x0000000000000000
3 0x0000000080000464 (0x001fe673) x12 0x0000000000000000
3 0x0000000080000468 (0x00000297) x 5 0x0000000080000468
3 0x000000008000046c (0x01828293) x 5 0x0000000080000480
3 0x0000000080000470 (0x34129073)
3 0x0000000080000474 (0x00000293) x 5 0x0000000000000000
3 0x0000000080000478 (0x30200073)
3 0x0000000080000480 (0xc00cb053)
3 0x0000000080000484 (0x01bdcdb3) x27 0x0000000000000000
3 0x0000000080000488 (0x00100e13) x28 0x0000000000000001
3 0x000000008000048c (0x01be1e13) x28 0x0000000008000000
3 0x0000000080000490 (0x01cd8db3) x27 0x0000000008000000
3 0x0000000080000494 (0x00300093) x 1 0x0000000000000003
3 0x0000000080000498 (0x01709093) x 1 0x0000000001800000
3 0x000000008000049c (0x001d8db3) x27 0x0000000009800000
3 0x00000000800004a0 (0x344d97f3) x15 0x0000000000000000
3 0x00000000800004a4 (0x00040697) x13 0x00000000800404a4
3 0x00000000800004a8 (0xbcc68693) x13 0x0000000080040070
3 0x00000000800004ac (0xfec68693) x13 0x000000008004005c
3 0x00000000800004b0 (0x20e6a8af) x17 0xffffffffc8d9e568
3 0x00000000800004b4 (0x02643433) x 8 0x00fbcaf590baefad
3 0x00000000800004b8 (0x0000100f)
3 0x00000000800004bc (0xd00823d3) f 7 0xffffffff4e51282b
3 0x00000000800004c0 (0x0010c0b3) x 1 0x0000000000000000
3 0x00000000800004c4 (0x1420a8f3) x17 0x0000000000000000
3 0x00000000800004c8 (0x40cb5913) x18 0xfffd0b29907d5a90
3 0x00000000800004cc (0x00060217) x 4 0x00000000800604cc
3 0x00000000800004d0 (0xc1420213) x 4 0x00000000800600e0
3 0x00000000800004d4 (0x00820213) x 4 0x00000000800600e8
3 0x00000000800004d8 (0x21323daf) x27 0x6bce4a8feb92d545
3 0x00000000800004dc (0x01ca5313) x 6 0x000000079d3a2a98
3 0x00000000800004e0 (0x014c5a3b) x20 0x0000000000000138
3 0x00000000800004e4 (0x02635813) x16 0x0000000000000000
3 0x00000000800004e8 (0x00000793) x15 0x0000000000000000
3 0x00000000800004ec (0x00002597) x11 0x00000000800024ec
3 0x00000000800004f0 (0xef458593) x11 0x00000000800023e0
3 0x00000000800004f4 (0x00058593) x11 0x00000000800023e0
3 0x00000000800004f8 (0x12b78073)
3 0x00000000800004fc (0x801c4893) x17 0xe5a4606863ec8cf8
3 0x0000000080000500 (0x102be263)
3 0x0000000080000504 (0x00060197) x 3 0x0000000080060504
3 0x0000000080000508 (0xc2c18193) x 3 0x0000000080060130
3 0x000000008000050c (0x00c18193) x 3 0x000000008006013c
3 0x0000000080000510 (0x4011a12f) x 2 0xffffffffbe45865d
3 0x0000000080000514 (0x00040f17) x30 0x0000000080040514
3 0x0000000080000518 (0xc9cf0f13) x30 0x00000000800401b0
3 0x000000008000051c (0x000f0f13) x30 0x00000000800401b0
3 0x0000000080000520 (0xa16f36af) x13 0xf0de85b9c95ace60
3 0x0000000080000524 (0x00020117) x 2 0x0000000080020524
3 0x0000000080000528 (0xc6c10113) x 2 0x0000000080020190
3 0x000000008000052c (0x00412703) x14 0xffffffff96c47676
3 0x0000000080000530 (0x00060917) x18 0x0000000080060530
3 0x0000000080000534 (0xc1090913) x18 0x0000000080060140
3 0x0000000080000538 (0x01090913) x18 0x0000000080060150
3 0x000000008000053c (0xffe000b7) x 1 0xffffffffffe00000
3 0x0000000080000540 (0x00194933) x18 0xffffffff7fe60150
3 0x0000000080000544 (0x0019322f) x 4 0x0000000000000000
3 0x0000000080000548 (0x00040517) x10 0x0000000080040548
3 0x000000008000054c (0xc6850513) x10 0x00000000800401b0
3 0x0000000080000550 (0x00050513) x10 0x00000000800401b0
3 0x0000000080000554 (0x4175342f) x 8 0xf0de85b9c95ace60
3 0x0000000080000558 (0x00060c97) x25 0x0000000080060558
3 0x000000008000055c (0xc28c8c93) x25 0x0000000080060180
3 0x0000000080000560 (0xff7c8883) x17 0xffffffffffffffc4
3 0x0000000080000564 (0x02407233) x 4 0x0000000000000000
3 0x0000000080000568 (0x00050497) x 9 0x0000000080050568
3 0x000000008000056c (0xab848493) x 9 0x0000000080050020
3 0x0000000080000570 (0x00848493) x 9 0x0000000080050028
3 0x0000000080000574 (0x8034b0af) x 1 0xa458b2f7c50cc88c
3 0x0000000080000578 (0x0368a033)
3 0x000000008000057c (0x40ce5d9b) x27 0x0000000000008000
3 0x0000000080000580 (0x087d4dd3) f27 0xffffffff7fc00000
3 0x0000000080000584 (0x00050297) x 5 0x0000000080050584
3 0x0000000080000588 (0xb6c28293) x 5 0x00000000800500f0
3 0x000000008000058c (0x01028293) x 5 0x0000000080050100
3 0x0000000080000590 (0x1852b12f) x 2 0x0000000000000001
3 0x0000000080000594 (0x3b56d573) x10 0x0000000000000000
3 0x0000000080000598 (0x00020f17) x30 0x0000000080020598
3 0x000000008000059c (0xbd8f0f13) x30 0x0000000080020170
3 0x00000000800005a0 (0xff6f1e03) x28 0xffffffffffffb5db
3 0x00000000800005a4 (0xd03413d3) f 7 0xffffffff5f70de85
3 0x00000000800005a8 (0x00000a13) x20 0x0000000000000000
3 0x00000000800005ac (0x00002117) x 2 0x00000000800025ac
3 0x00000000800005b0 (0xe3410113) x 2 0x00000000800023e0
3 0x00000000800005b4 (0x00010113) x 2 0x00000000800023e0
3 0x00000000800005b8 (0x122a0073)
3 0x00000000800005bc (0x00050397) x 7 0x00000000800505bc
3 0x00000000800005c0 (0xae438393) x 7 0x00000000800500a0
3 0x00000000800005c4 (0xffc3a883) x17 0xfffffffff227075c
3 0x00000000800005c8 (0xe93d3bcb) f23 0xffffffff7fc00000
3 0x00000000800005cc (0x00060d97) x27 0x00000000800605cc
3 0x00000000800005d0 (0xb64d8d93) x27 0x0000000080060130
3 0x00000000800005d4 (0x014d8d93) x27 0x0000000080060144
3 0x00000000800005d8 (0x187da12f) x 2 0x0000000000000001
3 0x00000000800005dc (0x036e6533) x10 0xffffffffffffb5db
3 0x00000000800005e0 (0xf00486d3) f13 0xffffffff80050028
3 0x00000000800005e4 (0x1f244463)
3 0x00000000800007cc (0x02ae06bb) x13 0x0000000015796959
3 0x00000000800007d0 (0xc02898d3) x17 0xfee890b200000000
3 0x00000000800007d4 (0x00050897) x17 0x00000000800507d4
3 0x00000000800007d8 (0x89c88893) x17 0x0000000080050070
3 0x00000000800007dc (0x00088893) x17 0x0000000080050070
3 0x00000000800007e0 (0xffe00137) x 2 0xffffffffffe00000
3 0x00000000800007e4 (0x0028c8b3) x17 0xffffffff7fe50070
3 0x00000000800007e8 (0xe028a4af) x 9 0x0000000000000000
3 0x00000000800007ec (0x01b30e3b) x28 0x000000001d402bdc
3 0x00000000800007f0 (0x00030e97) x29 0x00000000800307f0
3 0x00000000800007f4 (0x980e8e93) x29 0x0000000080030170
3 0x00000000800007f8 (0x000e8e93) x29 0x0000000080030170
3 0x00000000800007fc (0xa0aebc2f) x24 0x98b76da24d480fc8
3 0x0000000080000800 (0x3a096b73) x22 0x000000000000001f
3 0x0000000080000804 (0x11c31bd3) f23 0xffffffff7fc00000
3 0x0000000080000808 (0x00060997) x19 0x0000000080060808
3 0x000000008000080c (0x9a898993) x19 0x00000000800601b0
3 0x0000000080000810 (0xff498993) x19 0x00000000800601a4
3 0x0000000080000814 (0x0819a72f) x14 0xffffffff8265246d
3 0x0000000080000818 (0xc0150f53) x30 0x0000000000000000
3 0x000000008000081c (0x00cdf663)
3 0x0000000080000828 (0x00060997) x19 0x0000000080060828
3 0x000000008000082c (0x8a898993) x19 0x00000000800600d0
3 0x0000000080000830 (0x00098993) x19 0x00000000800600d0
3 0x0000000080000834 (0x01b9bcaf) x25 0xbd50193fe2e2e303
3 0x0000000080000838 (0x00020c97) x25 0x0000000080020838
3 0x000000008000083c (0x898c8c93) x25 0x00000000800200d0
3 0x0000000080000840 (0xff0c8c93) x25 0x00000000800200c0
3 0x0000000080000844 (0x199cb8af) x17 0x0000000000000001
3 0x0000000080000848 (0x3b6dfd73) x26 0x0000000000000000
3 0x000000008000084c (0x00010717) x14 0x000000008001084c
3 0x0000000080000850 (0x94470713) x14 0x0000000080010190
3 0x0000000080000854 (0x00073e03) x28 0xc3834270f46e7c8d
3 0x0000000080000858 (0x039bfc3b) x24 0x000000007be8a479
3 0x0000000080000118 (0x00002097) x 1 0x0000000080002118
3 0x000000008000011c (0x0e808093) x 1 0x0000000080002200
3 0x0000000080000120 (0x10002173) x 2 0x8000000200006000
3 0x0000000080000124 (0x0420bc23)
3 0x0000000080000128 (0x10402173) x 2 0x0000000000000000
3 0x000000008000012c (0x0620b823)
3 0x0000000080000130 (0x10502173) x 2 0x0000000080000114
3 0x0000000080000134 (0x0620bc23)
3 0x0000000080000138 (0x10602173) x 2 0x0000000000000000
3 0x000000008000013c (0x0820b023)
3 0x0000000080000140 (0x14002173) x 2 0x0000000000000000
3 0x0000000080000144 (0x0820b423)
3 0x0000000080000148 (0x14102173) x 2 0x0000000000000000
3 0x000000008000014c (0x0820b823)
3 0x0000000080000150 (0x14202173) x 2 0x0000000000000000
3 0x0000000080000154 (0x0820bc23)
3 0x0000000080000158 (0x14302173) x 2 0x0000000000000000
3 0x000000008000015c (0x0a20b023)
3 0x0000000080000160 (0x14402173) x 2 0x0000000000000000
3 0x0000000080000164 (0xf7f17113) x 2 0x0000000000000000
3 0x0000000080000168 (0x0a20b423)
3 0x000000008000016c (0x18002173) x 2 0x0000000000000000
3 0x0000000080000170 (0x0a20b823)
3 0x0000000080000174 (0xf1402173) x 2 0x0000000000000000
3 0x0000000080000178 (0x0a20bc23)
3 0x000000008000017c (0x30002173) x 2 0x8000000a00007800
3 0x0000000080000180 (0x0c20b023)
3 0x0000000080000184 (0x30202173) x 2 0x000000000000b109
3 0x0000000080000188 (0x0c20b423)
3 0x000000008000018c (0x30302173) x 2 0x0000000000000000
3 0x0000000080000190 (0x0c20b823)
3 0x0000000080000194 (0x30402173) x 2 0x0000000000000000
3 0x0000000080000198 (0x0c20bc23)
3 0x000000008000019c (0x30502173) x 2 0x0000000080000118
3 0x00000000800001a0 (0x0e20b023)
3 0x00000000800001a4 (0x30602173) x 2 0x0000000000000000
3 0x00000000800001a8 (0x0e20b423)
3 0x00000000800001ac (0x34002173) x 2 0x0000000000000060
3 0x00000000800001b0 (0x0e20b823)
3 0x00000000800001b4 (0x34102173) x 2 0x000000008000085c
3 0x00000000800001b8 (0x0e20bc23)
3 0x00000000800001bc (0x34202173) x 2 0x000000000000000b
3 0x00000000800001c0 (0x1020b023)
3 0x00000000800001c4 (0x34302173) x 2 0x0000000000000073
3 0x00000000800001c8 (0x1020b423)
3 0x00000000800001cc (0x34402173) x 2 0x0000000000000000
3 0x00000000800001d0 (0xf7f17113) x 2 0x0000000000000000
3 0x00000000800001d4 (0x1020b823)
3 0x00000000800001d8 (0x3a002173) x 2 0x000000000000001f
3 0x00000000800001dc (0x1020bc23)
3 0x00000000800001e0 (0x3b002173) x 2 0x001fffffffffffff
3 0x00000000800001e4 (0x1220bc23)
3 0x00000000800001e8 (0x3b102173) x 2 0x0000000000000000
3 0x00000000800001ec (0x1420b023)
3 0x00000000800001f0 (0x3b202173) x 2 0x0000000000000000
3 0x00000000800001f4 (0x1420b423)
3 0x00000000800001f8 (0x3b302173) x 2 0x0000000000000000
3 0x00000000800001fc (0x1420b823)
3 0x0000000080000200 (0x3b402173) x 2 0x0000000000000000
3 0x0000000080000204 (0x1420bc23)
3 0x0000000080000208 (0x3b502173) x 2 0x0000000000000000
3 0x000000008000020c (0x1620b023)
3 0x0000000080000210 (0x3b602173) x 2 0x0000000000000000
3 0x0000000080000214 (0x1620b423)
3 0x0000000080000218 (0x3b702173) x 2 0x0000000000000000
3 0x000000008000021c (0x1620b823)
3 0x0000000080000220 (0x00006537) x10 0x0000000000006000
3 0x0000000080000224 (0x30052073)
3 0x0000000080000228 (0x00102173) x 2 0x000000000000001f
3 0x000000008000022c (0x0420b023)
3 0x0000000080000230 (0x00202173) x 2 0x0000000000000000
3 0x0000000080000234 (0x0420b423)
3 0x0000000080000238 (0x00302173) x 2 0x000000000000001f
3 0x000000008000023c (0x0420b823)
3 0x0000000080000240 (0x00002097) x 1 0x0000000080002240
3 0x0000000080000244 (0xdc008093) x 1 0x0000000080002000
3 0x0000000080000248 (0x0000b023)
3 0x000000008000024c (0x0020b823)
3 0x0000000080000250 (0x0030bc23)
3 0x0000000080000254 (0x0240b023)
3 0x0000000080000258 (0x0250b423)
3 0x000000008000025c (0x0260b823)
3 0x0000000080000260 (0x0270bc23)
3 0x0000000080000264 (0x0480b023)
3 0x0000000080000268 (0x0490b423)
3 0x000000008000026c (0x04a0b823)
3 0x0000000080000270 (0x04b0bc23)
3 0x0000000080000274 (0x06c0b023)
3 0x0000000080000278 (0x06d0b423)
3 0x000000008000027c (0x06e0b823)
3 0x0000000080000280 (0x06f0bc23)
3 0x0000000080000284 (0x0900b023)
3 0x0000000080000288 (0x0910b423)
3 0x000000008000028c (0x0920b823)
3 0x0000000080000290 (0x0930bc23)
3 0x0000000080000294 (0x0b40b023)
3 0x0000000080000298 (0x0b50b423)
3 0x000000008000029c (0x0b60b823)
3 0x00000000800002a0 (0x0b70bc23)
3 0x00000000800002a4 (0x0d80b023)
3 0x00000000800002a8 (0x0d90b423)
3 0x00000000800002ac (0x0db0bc23)
3 0x00000000800002b0 (0x0fc0b023)
3 0x00000000800002b4 (0x0fd0b423)
3 0x00000000800002b8 (0x0fe0b823)
3 0x00000000800002bc (0x00002097) x 1 0x00000000800022bc
3 0x00000000800002c0 (0xe4408093) x 1 0x0000000080002100
3 0x00000000800002c4 (0x0010a427)
3 0x00000000800002c8 (0x0020a827)
3 0x00000000800002cc (0x0270ac27)
3 0x00000000800002d0 (0x0490a427)
3 0x00000000800002d4 (0x04a0a827)
3 0x00000000800002d8 (0x06c0a027)
3 0x00000000800002dc (0x06d0a427)
3 0x00000000800002e0 (0x0b50a427)
3 0x00000000800002e4 (0x0b60a827)
3 0x00000000800002e8 (0x0d90a427)
3 0x00000000800002ec (0x0da0a827)
3 0x00000000800002f0 (0x0fc0a027)
3 0x00000000800002f4 (0x0fd0a427)
3 0x00000000800002f8 (0x0fe0a827)
3 0x00000000800002fc (0x0ff0ac27)
3 0x0000000080000300 (0x00002097) x 1 0x0000000080002300
3 0x0000000080000304 (0xe0008093) x 1 0x0000000080002100
3 0x0000000080000308 (0x0000b027)
3 0x000000008000030c (0x0030bc27)
3 0x0000000080000310 (0x0240b027)
3 0x0000000080000314 (0x0250b427)
3 0x0000000080000318 (0x0260b827)
3 0x000000008000031c (0x0480b027)
3 0x0000000080000320 (0x04b0bc27)
3 0x0000000080000324 (0x06e0b827)
3 0x0000000080000328 (0x06f0bc27)
3 0x000000008000032c (0x0900b027)
3 0x0000000080000330 (0x0910b427)
3 0x0000000080000334 (0x0920b827)
3 0x0000000080000338 (0x0930bc27)
3 0x000000008000033c (0x0b40b027)
3 0x0000000080000340 (0x0b70bc27)
3 0x0000000080000344 (0x0d80b027)
3 0x0000000080000348 (0x0db0bc27)
3 0x000000008000034c (0x00100193) x 3 0x0000000000000001
3 0x0000000080000350 (0x00001f17) x30 0x0000000080001350
3 0x0000000080000354 (0xca3f2823)
3 0x0000000080000358 (0x0000006f)
3 0x0000000080000358 (0x0000006f)
3 0x0000000080000358 (0x0000006f)
3 0x0000000080000358 (0x0000006f)
3 0x0000000080000358 (0x0000006f)
3 0x0000000080000358 (0x0000006f)
3 0x0000000080000358 (0x0000006f)
3 0x0000000080000358 (0x0000006f)
3 0x0000000080000358 (0x0000006f)
3 0x0000000080000358 (0x0000006f)
3 0x0000000080000358 (0x0000006f)
3 0x0000000080000358 (0x0000006f)
3 0x0000000080000358 (0x0000006f)
3 0x0000000080000358 (0x0000006f)
3 0x0000000080000358 (0x0000006f)
3 0x0000000080000358 (0x0000006f)
3 0x0000000080000358 (0x0000006f)
3 0x0000000080000358 (0x0000006f)
3 0x0000000080000358 (0x0000006f)
3 0x0000000080000358 (0x0000006f)
3 0x0000000080000358 (0x0000006f)
3 0x0000000080000358 (0x0000006f)
3 0x0000000080000358 (0x0000006f)
3 0x0000000080000358 (0x0000006f)
3 0x0000000080000358 (0x0000006f)
3 0x0000000080000358 (0x0000006f)
3 0x0000000080000358 (0x0000006f)
3 0x0000000080000358 (0x0000006f)
3 0x0000000080000358 (0x0000006f)
3 0x0000000080000358 (0x0000006f)
3 0x0000000080000358 (0x0000006f)
3 0x0000000080000358 (0x0000006f)
3 0x0000000080000358 (0x0000006f)
3 0x0000000080000358 (0x0000006f)
3 0x0000000080000358 (0x0000006f)
3 0x0000000080000358 (0x0000006f)
3 0x0000000080000358 (0x0000006f)
3 0x0000000080000358 (0x0000006f)
3 0x0000000080000358 (0x0000006f)
3 0x0000000080000358 (0x0000006f)
3 0x0000000080000358 (0x0000006f)
3 0x0000000080000358 (0x0000006f)
3 0x0000000080000358 (0x0000006f)
3 0x0000000080000358 (0x0000006f)
3 0x0000000080000358 (0x0000006f)
3 0x0000000080000358 (0x0000006f)
3 0x0000000080000358 (0x0000006f)
3 0x0000000080000358 (0x0000006f)
3 0x0000000080000358 (0x0000006f)
3 0x0000000080000358 (0x0000006f)
3 0x0000000080000358 (0x0000006f)
3 0x0000000080000358 (0x0000006f)
3 0x0000000080000358 (0x0000006f)
3 0x0000000080000358 (0x0000006f)
3 0x0000000080000358 (0x0000006f)
3 0x0000000080000358 (0x0000006f)
3 0x0000000080000358 (0x0000006f)
3 0x0000000080000358 (0x0000006f)
3 0x0000000080000358 (0x0000006f)
3 0x0000000080000358 (0x0000006f)
3 0x0000000080000358 (0x0000006f)
3 0x0000000080000358 (0x0000006f)
3 0x0000000080000358 (0x0000006f)
3 0x0000000080000358 (0x0000006f)
3 0x0000000080000358 (0x0000006f)
3 0x0000000080000358 (0x0000006f)
3 0x0000000080000358 (0x0000006f)
3 0x0000000080000358 (0x0000006f)
3 0x0000000080000358 (0x0000006f)
3 0x0000000080000358 (0x0000006f)
3 0x0000000080000358 (0x0000006f)
3 0x0000000080000358 (0x0000006f)
3 0x0000000080000358 (0x0000006f)
3 0x0000000080000358 (0x0000006f)
3 0x0000000080000358 (0x0000006f)
3 0x0000000080000358 (0x0000006f)
3 0x0000000080000358 (0x0000006f)
3 0x0000000080000358 (0x0000006f)
3 0x0000000080000358 (0x0000006f)
3 0x0000000080000358 (0x0000006f)
3 0x0000000080000358 (0x0000006f)
3 0x0000000080000358 (0x0000006f)
3 0x0000000080000358 (0x0000006f)
3 0x0000000080000358 (0x0000006f)
3 0x0000000080000358 (0x0000006f)
3 0x0000000080000358 (0x0000006f)
3 0x0000000080000358 (0x0000006f)
3 0x0000000080000358 (0x0000006f)
3 0x0000000080000358 (0x0000006f)
3 0x0000000080000358 (0x0000006f)
3 0x0000000080000358 (0x0000006f)
3 0x0000000080000358 (0x0000006f)
3 0x0000000080000358 (0x0000006f)
3 0x0000000080000358 (0x0000006f)
3 0x0000000080000358 (0x0000006f)
3 0x0000000080000358 (0x0000006f)
3 0x0000000080000358 (0x0000006f)
3 0x0000000080000358 (0x0000006f)
3 0x0000000080000358 (0x0000006f)
3 0x0000000080000358 (0x0000006f)
3 0x0000000080000358 (0x0000006f)
3 0x0000000080000358 (0x0000006f)
3 0x0000000080000358 (0x0000006f)
3 0x0000000080000358 (0x0000006f)
3 0x0000000080000358 (0x0000006f)
3 0x0000000080000358 (0x0000006f)
3 0x0000000080000358 (0x0000006f)
3 0x0000000080000358 (0x0000006f)
3 0x0000000080000358 (0x0000006f)
3 0x0000000080000358 (0x0000006f)
3 0x0000000080000358 (0x0000006f)
3 0x0000000080000358 (0x0000006f)
3 0x0000000080000358 (0x0000006f)
3 0x0000000080000358 (0x0000006f)
3 0x0000000080000358 (0x0000006f)
3 0x0000000080000358 (0x0000006f)
3 0x0000000080000358 (0x0000006f)
3 0x0000000080000358 (0x0000006f)
3 0x0000000080000358 (0x0000006f)
3 0x0000000080000358 (0x0000006f)
3 0x0000000080000358 (0x0000006f)
3 0x0000000080000358 (0x0000006f)
3 0x0000000080000358 (0x0000006f)
3 0x0000000080000358 (0x0000006f)
3 0x0000000080000358 (0x0000006f)
3 0x0000000080000358 (0x0000006f)
3 0x0000000080000358 (0x0000006f)
3 0x0000000080000358 (0x0000006f)
3 0x0000000080000358 (0x0000006f)
3 0x0000000080000358 (0x0000006f)
3 0x0000000080000358 (0x0000006f)
3 0x0000000080000358 (0x0000006f)
3 0x0000000080000358 (0x0000006f)
3 0x0000000080000358 (0x0000006f)
3 0x0000000080000358 (0x0000006f)
3 0x0000000080000358 (0x0000006f)
3 0x0000000080000358 (0x0000006f)
3 0x0000000080000358 (0x0000006f)
3 0x0000000080000358 (0x0000006f)
3 0x0000000080000358 (0x0000006f)
3 0x0000000080000358 (0x0000006f)
3 0x0000000080000358 (0x0000006f)
3 0x0000000080000358 (0x0000006f)
3 0x0000000080000358 (0x0000006f)
3 0x0000000080000358 (0x0000006f)
3 0x0000000080000358 (0x0000006f)
3 0x0000000080000358 (0x0000006f)
3 0x0000000080000358 (0x0000006f)
3 0x0000000080000358 (0x0000006f)
3 0x0000000080000358 (0x0000006f)
3 0x0000000080000358 (0x0000006f)
3 0x0000000080000358 (0x0000006f)
3 0x0000000080000358 (0x0000006f)
3 0x0000000080000358 (0x0000006f)
3 0x0000000080000358 (0x0000006f)
3 0x0000000080000358 (0x0000006f)
3 0x0000000080000358 (0x0000006f)
3 0x0000000080000358 (0x0000006f)
3 0x0000000080000358 (0x0000006f)
3 0x0000000080000358 (0x0000006f)
3 0x0000000080000358 (0x0000006f)
3 0x0000000080000358 (0x0000006f)
3 0x0000000080000358 (0x0000006f)
3 0x0000000080000358 (0x0000006f)
3 0x0000000080000358 (0x0000006f)
3 0x0000000080000358 (0x0000006f)
3 0x0000000080000358 (0x0000006f)
3 0x0000000080000358 (0x0000006f)
3 0x0000000080000358 (0x0000006f)
